[2013-06-19 11:05:34] TestActivateTest::testInstantianThroughModel.INFO: PASSED [] []
[2013-06-19 11:05:34] TestActivateTest::testSettingAttributes.INFO: PASSED [] []
[2013-06-19 11:05:34] TestActivateTest::testMagicSetMethod.INFO: PASSED [] []
[2013-06-19 11:05:34] TestActivateTest::testMagicGetMethod.INFO: PASSED [] []
[2013-06-19 11:05:34] TestActivateTest::testSetWhereMethod.INFO: PASSED [] []
[2013-06-19 11:05:34] TestActivateTest::testSetWhereMethodChaining.INFO: PASSED [] []
[2013-06-19 11:05:34] TestActivateTest::testBuildWhereClauseMethod.INFO: PASSED [] []
[2013-06-19 11:05:34] TestActivateTest::testCleanTableMethod.INFO: PASSED [] []
[2013-06-19 11:05:34] TestActivateTest::testFullTableMethod.INFO: PASSED [] []
[2013-06-19 11:05:34] TestActivateTest::testTableMethod.INFO: PASSED [] []
[2013-06-19 11:05:34] TestActivateTest::testSetUpCourseColumns.INFO: PASSED [] []
[2013-06-19 11:05:34] TestActivateTest::testFindMethodSimple.INFO: PASSED [] []
[2013-06-19 11:05:34] TestHasManyRelationshipTest::testInstantianWithOptions.INFO: PASSED [] []
[2013-06-19 11:05:34] TestHasManyRelationshipTest::testGetMethodWithImageAssoc.INFO: PASSED [] []
[2013-06-19 11:05:34] TestHasManyRelationshipTest::testGetMethodYieldsResults.INFO: PASSED [] []
[2013-06-19 11:31:53] TestActivateTest::testInstantianThroughModel.INFO: PASSED [] []
[2013-06-19 11:31:53] TestActivateTest::testSettingAttributes.INFO: PASSED [] []
[2013-06-19 11:31:53] TestActivateTest::testMagicSetMethod.INFO: PASSED [] []
[2013-06-19 11:31:53] TestActivateTest::testMagicGetMethod.INFO: PASSED [] []
[2013-06-19 11:31:53] TestActivateTest::testSetWhereMethod.INFO: PASSED [] []
[2013-06-19 11:31:53] TestActivateTest::testSetWhereMethodChaining.INFO: PASSED [] []
[2013-06-19 11:31:53] TestActivateTest::testBuildWhereClauseMethod.INFO: PASSED [] []
[2013-06-19 11:31:53] TestActivateTest::testCleanTableMethod.INFO: PASSED [] []
[2013-06-19 11:31:53] TestActivateTest::testFullTableMethod.INFO: PASSED [] []
[2013-06-19 11:31:53] TestActivateTest::testTableMethod.INFO: PASSED [] []
[2013-06-19 11:31:53] TestActivateTest::testSetUpCourseColumns.INFO: PASSED [] []
[2013-06-19 11:31:53] TestActivateTest::testFindMethodSimple.INFO: PASSED [] []
[2013-06-19 11:31:53] TestHasManyRelationshipTest::testInstantianWithOptions.INFO: PASSED [] []
[2013-06-19 11:31:53] TestHasManyRelationshipTest::testGetMethodWithImageAssoc.INFO: PASSED [] []
[2013-06-19 11:31:53] TestHasManyRelationshipTest::testGetMethodYieldsResults.INFO: PASSED [] []
[2013-06-19 11:36:17] TestActivateTest::testInstantianThroughModel.INFO: PASSED [] []
[2013-06-19 11:36:17] TestActivateTest::testSettingAttributes.INFO: PASSED [] []
[2013-06-19 11:36:17] TestActivateTest::testMagicSetMethod.INFO: PASSED [] []
[2013-06-19 11:36:17] TestActivateTest::testMagicGetMethod.INFO: PASSED [] []
[2013-06-19 11:36:17] TestActivateTest::testSetWhereMethod.INFO: PASSED [] []
[2013-06-19 11:36:17] TestActivateTest::testSetWhereMethodChaining.INFO: PASSED [] []
[2013-06-19 11:36:17] TestActivateTest::testBuildWhereClauseMethod.INFO: PASSED [] []
[2013-06-19 11:36:17] TestActivateTest::testCleanTableMethod.INFO: PASSED [] []
[2013-06-19 11:36:17] TestActivateTest::testFullTableMethod.INFO: PASSED [] []
[2013-06-19 11:36:17] TestActivateTest::testTableMethod.INFO: PASSED [] []
[2013-06-19 11:36:18] TestActivateTest::testSetUpCourseColumns.INFO: PASSED [] []
[2013-06-19 11:36:18] TestActivateTest::testFindMethodSimple.INFO: PASSED [] []
[2013-06-19 11:36:18] TestHasManyRelationshipTest::testInstantianWithOptions.INFO: PASSED [] []
[2013-06-19 11:36:18] TestHasManyRelationshipTest::testGetMethodWithImageAssoc.INFO: PASSED [] []
[2013-06-19 11:36:18] TestHasManyRelationshipTest::testGetMethodYieldsResults.INFO: PASSED [] []
[2013-06-19 12:03:46] TestActivateTest::testInstantianThroughModel.INFO: PASSED [] []
[2013-06-19 12:03:46] TestActivateTest::testSettingAttributes.INFO: PASSED [] []
[2013-06-19 12:03:46] TestActivateTest::testMagicSetMethod.INFO: PASSED [] []
[2013-06-19 12:03:46] TestActivateTest::testMagicGetMethod.INFO: PASSED [] []
[2013-06-19 12:03:46] TestActivateTest::testSetWhereMethod.INFO: PASSED [] []
[2013-06-19 12:03:46] TestActivateTest::testSetWhereMethodChaining.INFO: PASSED [] []
[2013-06-19 12:03:46] TestActivateTest::testBuildWhereClauseMethod.INFO: PASSED [] []
[2013-06-19 12:03:46] TestActivateTest::testCleanTableMethod.INFO: PASSED [] []
[2013-06-19 12:03:46] TestActivateTest::testFullTableMethod.INFO: PASSED [] []
[2013-06-19 12:03:46] TestActivateTest::testTableMethod.INFO: PASSED [] []
[2013-06-19 12:03:46] TestActivateTest::testSetUpCourseColumns.INFO: PASSED [] []
[2013-06-19 12:03:46] TestActivateTest::testFindMethodSimple.INFO: PASSED [] []
[2013-06-19 12:03:46] TestHasManyRelationshipTest::testInstantianWithOptions.INFO: PASSED [] []
[2013-06-19 12:03:46] TestHasManyRelationshipTest::testGetMethodWithImageAssoc.INFO: PASSED [] []
[2013-06-19 12:03:46] TestHasManyRelationshipTest::testGetMethodYieldsResults.INFO: PASSED [] []
[2013-06-19 12:03:46] TestHasOneRelationshipTest::testBuildUpJoins.INFO: PASSED [] []
[2013-06-19 12:09:38] TestActivateTest::testInstantianThroughModel.INFO: PASSED [] []
[2013-06-19 12:09:38] TestActivateTest::testSettingAttributes.INFO: PASSED [] []
[2013-06-19 12:09:38] TestActivateTest::testMagicSetMethod.INFO: PASSED [] []
[2013-06-19 12:09:38] TestActivateTest::testMagicGetMethod.INFO: PASSED [] []
[2013-06-19 12:09:38] TestActivateTest::testSetWhereMethod.INFO: PASSED [] []
[2013-06-19 12:09:38] TestActivateTest::testSetWhereMethodChaining.INFO: PASSED [] []
[2013-06-19 12:09:38] TestActivateTest::testBuildWhereClauseMethod.INFO: PASSED [] []
[2013-06-19 12:09:38] TestActivateTest::testCleanTableMethod.INFO: PASSED [] []
[2013-06-19 12:09:38] TestActivateTest::testFullTableMethod.INFO: PASSED [] []
[2013-06-19 12:09:38] TestActivateTest::testTableMethod.INFO: PASSED [] []
[2013-06-19 12:09:38] TestActivateTest::testSetUpCourseColumns.INFO: PASSED [] []
[2013-06-19 12:09:38] TestActivateTest::testFindMethodSimple.INFO: PASSED [] []
[2013-06-19 12:09:38] TestHasManyRelationshipTest::testInstantianWithOptions.INFO: PASSED [] []
[2013-06-19 12:09:38] TestHasManyRelationshipTest::testGetMethodWithImageAssoc.INFO: PASSED [] []
[2013-06-19 12:09:38] TestHasManyRelationshipTest::testGetMethodYieldsResults.INFO: PASSED [] []
[2013-06-19 12:09:38] TestHasOneRelationshipTest::testHasOneInstantiates.INFO: PASSED [] []
[2013-06-19 12:09:38] TestHasOneRelationshipTest::testBuildUpJoins.INFO: PASSED [] []
[2013-06-19 12:09:49] TestActivateTest::testInstantianThroughModel.INFO: PASSED [] []
[2013-06-19 12:09:49] TestActivateTest::testSettingAttributes.INFO: PASSED [] []
[2013-06-19 12:09:49] TestActivateTest::testMagicSetMethod.INFO: PASSED [] []
[2013-06-19 12:09:49] TestActivateTest::testMagicGetMethod.INFO: PASSED [] []
[2013-06-19 12:09:49] TestActivateTest::testSetWhereMethod.INFO: PASSED [] []
[2013-06-19 12:09:49] TestActivateTest::testSetWhereMethodChaining.INFO: PASSED [] []
[2013-06-19 12:09:49] TestActivateTest::testBuildWhereClauseMethod.INFO: PASSED [] []
[2013-06-19 12:09:49] TestActivateTest::testCleanTableMethod.INFO: PASSED [] []
[2013-06-19 12:09:49] TestActivateTest::testFullTableMethod.INFO: PASSED [] []
[2013-06-19 12:09:49] TestActivateTest::testTableMethod.INFO: PASSED [] []
[2013-06-19 12:09:49] TestActivateTest::testSetUpCourseColumns.INFO: PASSED [] []
[2013-06-19 12:09:49] TestActivateTest::testFindMethodSimple.INFO: PASSED [] []
[2013-06-19 12:09:49] TestHasManyRelationshipTest::testInstantianWithOptions.INFO: PASSED [] []
[2013-06-19 12:09:49] TestHasManyRelationshipTest::testGetMethodWithImageAssoc.INFO: PASSED [] []
[2013-06-19 12:09:49] TestHasManyRelationshipTest::testGetMethodYieldsResults.INFO: PASSED [] []
[2013-06-19 12:09:49] TestHasOneRelationshipTest::testHasOneInstantiates.INFO: PASSED [] []
[2013-06-19 12:10:04] TestActivateTest::testInstantianThroughModel.INFO: PASSED [] []
[2013-06-19 12:10:04] TestActivateTest::testSettingAttributes.INFO: PASSED [] []
[2013-06-19 12:10:04] TestActivateTest::testMagicSetMethod.INFO: PASSED [] []
[2013-06-19 12:10:04] TestActivateTest::testMagicGetMethod.INFO: PASSED [] []
[2013-06-19 12:10:04] TestActivateTest::testSetWhereMethod.INFO: PASSED [] []
[2013-06-19 12:10:04] TestActivateTest::testSetWhereMethodChaining.INFO: PASSED [] []
[2013-06-19 12:10:04] TestActivateTest::testBuildWhereClauseMethod.INFO: PASSED [] []
[2013-06-19 12:10:04] TestActivateTest::testCleanTableMethod.INFO: PASSED [] []
[2013-06-19 12:10:04] TestActivateTest::testFullTableMethod.INFO: PASSED [] []
[2013-06-19 12:10:04] TestActivateTest::testTableMethod.INFO: PASSED [] []
[2013-06-19 12:10:04] TestActivateTest::testSetUpCourseColumns.INFO: PASSED [] []
[2013-06-19 12:10:04] TestActivateTest::testFindMethodSimple.INFO: PASSED [] []
[2013-06-19 12:10:04] TestHasManyRelationshipTest::testInstantianWithOptions.INFO: PASSED [] []
[2013-06-19 12:10:04] TestHasManyRelationshipTest::testGetMethodWithImageAssoc.INFO: PASSED [] []
[2013-06-19 12:10:04] TestHasManyRelationshipTest::testGetMethodYieldsResults.INFO: PASSED [] []
[2013-06-19 12:10:04] TestHasOneRelationshipTest::testHasOneInstantiates.INFO: PASSED [] []
[2013-06-19 12:20:21] TestActivateTest::testInstantianThroughModel.INFO: PASSED [] []
[2013-06-19 12:20:21] TestActivateTest::testSettingAttributes.INFO: PASSED [] []
[2013-06-19 12:20:21] TestActivateTest::testMagicSetMethod.INFO: PASSED [] []
[2013-06-19 12:20:21] TestActivateTest::testMagicGetMethod.INFO: PASSED [] []
[2013-06-19 12:20:21] TestActivateTest::testSetWhereMethod.INFO: PASSED [] []
[2013-06-19 12:20:21] TestActivateTest::testSetWhereMethodChaining.INFO: PASSED [] []
[2013-06-19 12:20:21] TestActivateTest::testBuildWhereClauseMethod.INFO: PASSED [] []
[2013-06-19 12:20:21] TestActivateTest::testCleanTableMethod.INFO: PASSED [] []
[2013-06-19 12:20:21] TestActivateTest::testFullTableMethod.INFO: PASSED [] []
[2013-06-19 12:20:21] TestActivateTest::testTableMethod.INFO: PASSED [] []
[2013-06-19 12:20:21] TestActivateTest::testSetUpCourseColumns.INFO: PASSED [] []
[2013-06-19 12:20:21] TestActivateTest::testFindMethodSimple.INFO: PASSED [] []
[2013-06-19 12:20:21] TestHasManyRelationshipTest::testInstantianWithOptions.INFO: PASSED [] []
[2013-06-19 12:20:21] TestHasManyRelationshipTest::testGetMethodWithImageAssoc.INFO: PASSED [] []
[2013-06-19 12:20:21] TestHasManyRelationshipTest::testGetMethodYieldsResults.INFO: PASSED [] []
[2013-06-19 12:20:21] TestHasOneRelationshipTest::testHasOneInstantiates.INFO: PASSED [] []
[2013-06-19 12:20:21] TestHasOneRelationshipTest::testBuildUpJoins.INFO: PASSED [] []
[2013-06-19 12:20:21] TestHasOneRelationshipTest::testGetHasOneColumns.ALERT: SQLSTATE[42S02]: Base table or view not found: 1146 Table 'pegisis.has_one' doesn't exist [] []
[2013-06-19 12:20:21] TestHasOneRelationshipTest::testGetHasOneColumns.INFO: # ERROR # [] []
[2013-06-19 12:20:21] TestHasOneRelationshipTest::testGetHasOneColumns.INFO: PASSED [] []
[2013-06-19 12:21:04] TestActivateTest::testInstantianThroughModel.INFO: PASSED [] []
[2013-06-19 12:21:04] TestActivateTest::testSettingAttributes.INFO: PASSED [] []
[2013-06-19 12:21:04] TestActivateTest::testMagicSetMethod.INFO: PASSED [] []
[2013-06-19 12:21:04] TestActivateTest::testMagicGetMethod.INFO: PASSED [] []
[2013-06-19 12:21:04] TestActivateTest::testSetWhereMethod.INFO: PASSED [] []
[2013-06-19 12:21:04] TestActivateTest::testSetWhereMethodChaining.INFO: PASSED [] []
[2013-06-19 12:21:04] TestActivateTest::testBuildWhereClauseMethod.INFO: PASSED [] []
[2013-06-19 12:21:04] TestActivateTest::testCleanTableMethod.INFO: PASSED [] []
[2013-06-19 12:21:04] TestActivateTest::testFullTableMethod.INFO: PASSED [] []
[2013-06-19 12:21:04] TestActivateTest::testTableMethod.INFO: PASSED [] []
[2013-06-19 12:21:04] TestActivateTest::testSetUpCourseColumns.INFO: PASSED [] []
[2013-06-19 12:21:04] TestActivateTest::testFindMethodSimple.INFO: PASSED [] []
[2013-06-19 12:21:04] TestHasManyRelationshipTest::testInstantianWithOptions.INFO: PASSED [] []
[2013-06-19 12:21:04] TestHasManyRelationshipTest::testGetMethodWithImageAssoc.INFO: PASSED [] []
[2013-06-19 12:21:04] TestHasManyRelationshipTest::testGetMethodYieldsResults.INFO: PASSED [] []
[2013-06-19 12:21:04] TestHasOneRelationshipTest::testHasOneInstantiates.INFO: PASSED [] []
[2013-06-19 12:21:04] TestHasOneRelationshipTest::testBuildUpJoins.INFO: PASSED [] []
[2013-06-19 12:21:04] TestHasOneRelationshipTest::testGetHasOneColumns.INFO: PASSED [] []
[2013-06-19 12:21:57] TestActivateTest::testInstantianThroughModel.INFO: PASSED [] []
[2013-06-19 12:21:57] TestActivateTest::testSettingAttributes.INFO: PASSED [] []
[2013-06-19 12:21:57] TestActivateTest::testMagicSetMethod.INFO: PASSED [] []
[2013-06-19 12:21:57] TestActivateTest::testMagicGetMethod.INFO: PASSED [] []
[2013-06-19 12:21:57] TestActivateTest::testSetWhereMethod.INFO: PASSED [] []
[2013-06-19 12:21:57] TestActivateTest::testSetWhereMethodChaining.INFO: PASSED [] []
[2013-06-19 12:21:57] TestActivateTest::testBuildWhereClauseMethod.INFO: PASSED [] []
[2013-06-19 12:21:57] TestActivateTest::testCleanTableMethod.INFO: PASSED [] []
[2013-06-19 12:21:57] TestActivateTest::testFullTableMethod.INFO: PASSED [] []
[2013-06-19 12:21:57] TestActivateTest::testTableMethod.INFO: PASSED [] []
[2013-06-19 12:21:57] TestActivateTest::testSetUpCourseColumns.INFO: PASSED [] []
[2013-06-19 12:21:57] TestActivateTest::testFindMethodSimple.INFO: PASSED [] []
[2013-06-19 12:21:57] TestHasManyRelationshipTest::testInstantianWithOptions.INFO: PASSED [] []
[2013-06-19 12:21:57] TestHasManyRelationshipTest::testGetMethodWithImageAssoc.INFO: PASSED [] []
[2013-06-19 12:21:57] TestHasManyRelationshipTest::testGetMethodYieldsResults.INFO: PASSED [] []
[2013-06-19 12:21:57] TestHasOneRelationshipTest::testHasOneInstantiates.INFO: PASSED [] []
[2013-06-19 12:21:57] TestHasOneRelationshipTest::testBuildUpJoins.INFO: PASSED [] []
[2013-06-19 12:21:57] TestHasOneRelationshipTest::testGetHasOneColumns.INFO: PASSED [] []
[2013-06-19 12:22:59] TestActivateTest::testInstantianThroughModel.INFO: PASSED [] []
[2013-06-19 12:22:59] TestActivateTest::testSettingAttributes.INFO: PASSED [] []
[2013-06-19 12:22:59] TestActivateTest::testMagicSetMethod.INFO: PASSED [] []
[2013-06-19 12:22:59] TestActivateTest::testMagicGetMethod.INFO: PASSED [] []
[2013-06-19 12:22:59] TestActivateTest::testSetWhereMethod.INFO: PASSED [] []
[2013-06-19 12:22:59] TestActivateTest::testSetWhereMethodChaining.INFO: PASSED [] []
[2013-06-19 12:22:59] TestActivateTest::testBuildWhereClauseMethod.INFO: PASSED [] []
[2013-06-19 12:22:59] TestActivateTest::testCleanTableMethod.INFO: PASSED [] []
[2013-06-19 12:22:59] TestActivateTest::testFullTableMethod.INFO: PASSED [] []
[2013-06-19 12:22:59] TestActivateTest::testTableMethod.INFO: PASSED [] []
[2013-06-19 12:22:59] TestActivateTest::testSetUpCourseColumns.INFO: PASSED [] []
[2013-06-19 12:22:59] TestActivateTest::testFindMethodSimple.INFO: PASSED [] []
[2013-06-19 12:22:59] TestHasManyRelationshipTest::testInstantianWithOptions.INFO: PASSED [] []
[2013-06-19 12:22:59] TestHasManyRelationshipTest::testGetMethodWithImageAssoc.INFO: PASSED [] []
[2013-06-19 12:22:59] TestHasManyRelationshipTest::testGetMethodYieldsResults.INFO: PASSED [] []
[2013-06-19 12:22:59] TestHasOneRelationshipTest::testHasOneInstantiates.INFO: PASSED [] []
[2013-06-19 12:22:59] TestHasOneRelationshipTest::testBuildUpJoins.INFO: PASSED [] []
[2013-06-19 12:22:59] TestHasOneRelationshipTest::testGetHasOneColumns.INFO: PASSED [] []
[2013-06-19 12:22:59] TestHasOneRelationshipTest::testGet.INFO: PASSED [] []
[2013-06-19 12:41:48] TestActivateTest::testInstantianThroughModel.INFO: PASSED [] []
[2013-06-19 12:41:48] TestActivateTest::testSettingAttributes.INFO: PASSED [] []
[2013-06-19 12:41:48] TestActivateTest::testMagicSetMethod.INFO: PASSED [] []
[2013-06-19 12:41:48] TestActivateTest::testMagicGetMethod.INFO: PASSED [] []
[2013-06-19 12:41:48] TestActivateTest::testSetWhereMethod.INFO: PASSED [] []
[2013-06-19 12:41:48] TestActivateTest::testSetWhereMethodChaining.INFO: PASSED [] []
[2013-06-19 12:41:48] TestActivateTest::testBuildWhereClauseMethod.INFO: PASSED [] []
[2013-06-19 12:41:48] TestActivateTest::testCleanTableMethod.INFO: PASSED [] []
[2013-06-19 12:41:48] TestActivateTest::testFullTableMethod.INFO: PASSED [] []
[2013-06-19 12:41:48] TestActivateTest::testTableMethod.INFO: PASSED [] []
[2013-06-19 12:41:48] TestActivateTest::testSetUpCourseColumns.INFO: PASSED [] []
[2013-06-19 12:41:48] TestActivateTest::testFindMethodSimple.INFO: PASSED [] []
[2013-06-19 12:41:48] TestHasManyRelationshipTest::testInstantianWithOptions.INFO: PASSED [] []
[2013-06-19 12:41:48] TestHasManyRelationshipTest::testGetMethodWithImageAssoc.INFO: PASSED [] []
[2013-06-19 12:41:48] TestHasManyRelationshipTest::testGetMethodYieldsResults.INFO: PASSED [] []
[2013-06-19 12:41:48] TestHasOneRelationshipTest::testHasOneInstantiates.INFO: PASSED [] []
[2013-06-19 12:42:07] TestActivateTest::testInstantianThroughModel.INFO: PASSED [] []
[2013-06-19 12:42:07] TestActivateTest::testSettingAttributes.INFO: PASSED [] []
[2013-06-19 12:42:07] TestActivateTest::testMagicSetMethod.INFO: PASSED [] []
[2013-06-19 12:42:07] TestActivateTest::testMagicGetMethod.INFO: PASSED [] []
[2013-06-19 12:42:07] TestActivateTest::testSetWhereMethod.INFO: PASSED [] []
[2013-06-19 12:42:07] TestActivateTest::testSetWhereMethodChaining.INFO: PASSED [] []
[2013-06-19 12:42:07] TestActivateTest::testBuildWhereClauseMethod.INFO: PASSED [] []
[2013-06-19 12:42:07] TestActivateTest::testCleanTableMethod.INFO: PASSED [] []
[2013-06-19 12:42:07] TestActivateTest::testFullTableMethod.INFO: PASSED [] []
[2013-06-19 12:42:07] TestActivateTest::testTableMethod.INFO: PASSED [] []
[2013-06-19 12:42:07] TestActivateTest::testSetUpCourseColumns.INFO: PASSED [] []
[2013-06-19 12:42:07] TestActivateTest::testFindMethodSimple.INFO: PASSED [] []
[2013-06-19 12:42:07] TestHasManyRelationshipTest::testInstantianWithOptions.INFO: PASSED [] []
[2013-06-19 12:42:07] TestHasManyRelationshipTest::testGetMethodWithImageAssoc.INFO: PASSED [] []
[2013-06-19 12:42:07] TestHasManyRelationshipTest::testGetMethodYieldsResults.INFO: PASSED [] []
[2013-06-19 12:42:07] TestHasOneRelationshipTest::testHasOneInstantiates.INFO: PASSED [] []
[2013-06-19 12:42:07] TestHasOneRelationshipTest::testBuildUpJoins.INFO: PASSED [] []
[2013-06-19 12:42:07] TestHasOneRelationshipTest::testGetHasOneColumns.INFO: PASSED [] []
[2013-06-19 12:42:07] TestHasOneRelationshipTest::testGet.INFO: PASSED [] []
[2013-06-19 12:42:29] TestActivateTest::testInstantianThroughModel.INFO: PASSED [] []
[2013-06-19 12:42:29] TestActivateTest::testSettingAttributes.INFO: PASSED [] []
[2013-06-19 12:42:29] TestActivateTest::testMagicSetMethod.INFO: PASSED [] []
[2013-06-19 12:42:29] TestActivateTest::testMagicGetMethod.INFO: PASSED [] []
[2013-06-19 12:42:29] TestActivateTest::testSetWhereMethod.INFO: PASSED [] []
[2013-06-19 12:42:29] TestActivateTest::testSetWhereMethodChaining.INFO: PASSED [] []
[2013-06-19 12:42:29] TestActivateTest::testBuildWhereClauseMethod.INFO: PASSED [] []
[2013-06-19 12:42:29] TestActivateTest::testCleanTableMethod.INFO: PASSED [] []
[2013-06-19 12:42:29] TestActivateTest::testFullTableMethod.INFO: PASSED [] []
[2013-06-19 12:42:29] TestActivateTest::testTableMethod.INFO: PASSED [] []
[2013-06-19 12:42:29] TestActivateTest::testSetUpCourseColumns.INFO: PASSED [] []
[2013-06-19 12:42:30] TestActivateTest::testFindMethodSimple.INFO: PASSED [] []
[2013-06-19 12:42:30] TestHasManyRelationshipTest::testInstantianWithOptions.INFO: PASSED [] []
[2013-06-19 12:42:30] TestHasManyRelationshipTest::testGetMethodWithImageAssoc.INFO: PASSED [] []
[2013-06-19 12:42:30] TestHasManyRelationshipTest::testGetMethodYieldsResults.INFO: PASSED [] []
[2013-06-19 12:42:30] TestHasOneRelationshipTest::testHasOneInstantiates.INFO: PASSED [] []
[2013-06-19 12:42:30] TestHasOneRelationshipTest::testBuildUpJoins.INFO: PASSED [] []
[2013-06-19 12:42:30] TestHasOneRelationshipTest::testGetHasOneColumns.INFO: PASSED [] []
[2013-06-19 12:42:30] TestHasOneRelationshipTest::testGet.INFO: PASSED [] []
[2013-06-19 12:42:39] TestActivateTest::testInstantianThroughModel.INFO: PASSED [] []
[2013-06-19 12:42:39] TestActivateTest::testSettingAttributes.INFO: PASSED [] []
[2013-06-19 12:42:39] TestActivateTest::testMagicSetMethod.INFO: PASSED [] []
[2013-06-19 12:42:39] TestActivateTest::testMagicGetMethod.INFO: PASSED [] []
[2013-06-19 12:42:39] TestActivateTest::testSetWhereMethod.INFO: PASSED [] []
[2013-06-19 12:42:39] TestActivateTest::testSetWhereMethodChaining.INFO: PASSED [] []
[2013-06-19 12:42:39] TestActivateTest::testBuildWhereClauseMethod.INFO: PASSED [] []
[2013-06-19 12:42:39] TestActivateTest::testCleanTableMethod.INFO: PASSED [] []
[2013-06-19 12:42:39] TestActivateTest::testFullTableMethod.INFO: PASSED [] []
[2013-06-19 12:42:39] TestActivateTest::testTableMethod.INFO: PASSED [] []
[2013-06-19 12:42:39] TestActivateTest::testSetUpCourseColumns.INFO: PASSED [] []
[2013-06-19 12:42:39] TestActivateTest::testFindMethodSimple.INFO: PASSED [] []
[2013-06-19 12:42:39] TestHasManyRelationshipTest::testInstantianWithOptions.INFO: PASSED [] []
[2013-06-19 12:42:39] TestHasManyRelationshipTest::testGetMethodWithImageAssoc.INFO: PASSED [] []
[2013-06-19 12:42:39] TestHasManyRelationshipTest::testGetMethodYieldsResults.INFO: PASSED [] []
[2013-06-19 12:42:39] TestHasOneRelationshipTest::testHasOneInstantiates.INFO: PASSED [] []
[2013-06-19 12:42:39] TestHasOneRelationshipTest::testBuildUpJoins.INFO: PASSED [] []
[2013-06-19 12:42:39] TestHasOneRelationshipTest::testGetHasOneColumns.INFO: PASSED [] []
[2013-06-19 12:42:39] TestHasOneRelationshipTest::testGet.INFO: PASSED [] []
[2013-06-19 12:45:10] TestActivateTest::testInstantianThroughModel.INFO: PASSED [] []
[2013-06-19 12:45:10] TestActivateTest::testSettingAttributes.INFO: PASSED [] []
[2013-06-19 12:45:10] TestActivateTest::testMagicSetMethod.INFO: PASSED [] []
[2013-06-19 12:45:10] TestActivateTest::testMagicGetMethod.INFO: PASSED [] []
[2013-06-19 12:45:10] TestActivateTest::testSetWhereMethod.INFO: PASSED [] []
[2013-06-19 12:45:10] TestActivateTest::testSetWhereMethodChaining.INFO: PASSED [] []
[2013-06-19 12:45:10] TestActivateTest::testBuildWhereClauseMethod.INFO: PASSED [] []
[2013-06-19 12:45:10] TestActivateTest::testCleanTableMethod.INFO: PASSED [] []
[2013-06-19 12:45:10] TestActivateTest::testFullTableMethod.INFO: PASSED [] []
[2013-06-19 12:45:10] TestActivateTest::testTableMethod.INFO: PASSED [] []
[2013-06-19 12:45:10] TestActivateTest::testSetUpCourseColumns.INFO: PASSED [] []
[2013-06-19 12:45:10] TestActivateTest::testFindMethodSimple.ALERT: SQLSTATE[42S02]: Base table or view not found: 1146 Table 'pegisis.pegisis_' doesn't exist [] []
[2013-06-19 12:45:10] TestActivateTest::testFindMethodSimple.INFO: # ERROR # [] []
[2013-06-19 12:45:10] TestActivateTest::testFindMethodSimple.INFO: PASSED [] []
[2013-06-19 12:45:10] TestHasManyRelationshipTest::testInstantianWithOptions.INFO: PASSED [] []
[2013-06-19 12:45:10] TestHasManyRelationshipTest::testGetMethodWithImageAssoc.INFO: PASSED [] []
[2013-06-19 12:45:10] TestHasManyRelationshipTest::testGetMethodYieldsResults.INFO: PASSED [] []
[2013-06-19 12:45:10] TestHasOneRelationshipTest::testHasOneInstantiates.INFO: PASSED [] []
[2013-06-19 12:45:10] TestHasOneRelationshipTest::testBuildUpJoins.INFO: PASSED [] []
[2013-06-19 12:45:10] TestHasOneRelationshipTest::testGetHasOneColumns.INFO: PASSED [] []
[2013-06-19 12:45:10] TestHasOneRelationshipTest::testGet.INFO: PASSED [] []
[2013-06-19 12:45:36] TestActivateTest::testInstantianThroughModel.INFO: PASSED [] []
[2013-06-19 12:45:36] TestActivateTest::testSettingAttributes.INFO: PASSED [] []
[2013-06-19 12:45:36] TestActivateTest::testMagicSetMethod.INFO: PASSED [] []
[2013-06-19 12:45:36] TestActivateTest::testMagicGetMethod.INFO: PASSED [] []
[2013-06-19 12:45:36] TestActivateTest::testSetWhereMethod.INFO: PASSED [] []
[2013-06-19 12:45:36] TestActivateTest::testSetWhereMethodChaining.INFO: PASSED [] []
[2013-06-19 12:45:36] TestActivateTest::testBuildWhereClauseMethod.INFO: PASSED [] []
[2013-06-19 12:45:36] TestActivateTest::testCleanTableMethod.INFO: PASSED [] []
[2013-06-19 12:45:36] TestActivateTest::testFullTableMethod.INFO: PASSED [] []
[2013-06-19 12:45:36] TestActivateTest::testTableMethod.INFO: PASSED [] []
[2013-06-19 12:45:36] TestActivateTest::testSetUpCourseColumns.INFO: PASSED [] []
[2013-06-19 12:45:36] TestActivateTest::testFindMethodSimple.INFO: PASSED [] []
[2013-06-19 12:45:36] TestHasManyRelationshipTest::testInstantianWithOptions.INFO: PASSED [] []
[2013-06-19 12:45:36] TestHasManyRelationshipTest::testGetMethodWithImageAssoc.INFO: PASSED [] []
[2013-06-19 12:45:36] TestHasManyRelationshipTest::testGetMethodYieldsResults.INFO: PASSED [] []
[2013-06-19 12:45:36] TestHasOneRelationshipTest::testHasOneInstantiates.INFO: PASSED [] []
[2013-06-19 12:45:36] TestHasOneRelationshipTest::testBuildUpJoins.INFO: PASSED [] []
[2013-06-19 12:45:36] TestHasOneRelationshipTest::testGetHasOneColumns.INFO: PASSED [] []
[2013-06-19 12:45:36] TestHasOneRelationshipTest::testGet.INFO: PASSED [] []
[2013-06-19 12:45:49] TestActivateTest::testInstantianThroughModel.INFO: PASSED [] []
[2013-06-19 12:45:49] TestActivateTest::testSettingAttributes.INFO: PASSED [] []
[2013-06-19 12:45:49] TestActivateTest::testMagicSetMethod.INFO: PASSED [] []
[2013-06-19 12:45:49] TestActivateTest::testMagicGetMethod.INFO: PASSED [] []
[2013-06-19 12:45:49] TestActivateTest::testSetWhereMethod.INFO: PASSED [] []
[2013-06-19 12:45:49] TestActivateTest::testSetWhereMethodChaining.INFO: PASSED [] []
[2013-06-19 12:45:49] TestActivateTest::testBuildWhereClauseMethod.INFO: PASSED [] []
[2013-06-19 12:45:49] TestActivateTest::testCleanTableMethod.INFO: PASSED [] []
[2013-06-19 12:45:49] TestActivateTest::testFullTableMethod.INFO: PASSED [] []
[2013-06-19 12:45:49] TestActivateTest::testTableMethod.INFO: PASSED [] []
[2013-06-19 12:45:49] TestActivateTest::testSetUpCourseColumns.INFO: PASSED [] []
[2013-06-19 12:45:49] TestActivateTest::testFindMethodSimple.ALERT: SQLSTATE[42S02]: Base table or view not found: 1146 Table 'pegisis.pegisis_' doesn't exist [] []
[2013-06-19 12:45:49] TestActivateTest::testFindMethodSimple.INFO: # ERROR # [] []
[2013-06-19 12:45:49] TestActivateTest::testFindMethodSimple.INFO: PASSED [] []
[2013-06-19 12:45:49] TestHasManyRelationshipTest::testInstantianWithOptions.INFO: PASSED [] []
[2013-06-19 12:45:49] TestHasManyRelationshipTest::testGetMethodWithImageAssoc.INFO: PASSED [] []
[2013-06-19 12:45:49] TestHasManyRelationshipTest::testGetMethodYieldsResults.INFO: PASSED [] []
[2013-06-19 12:45:49] TestHasOneRelationshipTest::testHasOneInstantiates.INFO: PASSED [] []
[2013-06-19 12:45:49] TestHasOneRelationshipTest::testBuildUpJoins.INFO: PASSED [] []
[2013-06-19 12:45:49] TestHasOneRelationshipTest::testGetHasOneColumns.INFO: PASSED [] []
[2013-06-19 12:45:49] TestHasOneRelationshipTest::testGet.INFO: PASSED [] []
[2013-06-19 12:45:59] TestActivateTest::testInstantianThroughModel.INFO: PASSED [] []
[2013-06-19 12:45:59] TestActivateTest::testSettingAttributes.INFO: PASSED [] []
[2013-06-19 12:45:59] TestActivateTest::testMagicSetMethod.INFO: PASSED [] []
[2013-06-19 12:45:59] TestActivateTest::testMagicGetMethod.INFO: PASSED [] []
[2013-06-19 12:45:59] TestActivateTest::testSetWhereMethod.INFO: PASSED [] []
[2013-06-19 12:45:59] TestActivateTest::testSetWhereMethodChaining.INFO: PASSED [] []
[2013-06-19 12:45:59] TestActivateTest::testBuildWhereClauseMethod.INFO: PASSED [] []
[2013-06-19 12:45:59] TestActivateTest::testCleanTableMethod.INFO: PASSED [] []
[2013-06-19 12:45:59] TestActivateTest::testFullTableMethod.INFO: PASSED [] []
[2013-06-19 12:45:59] TestActivateTest::testTableMethod.INFO: PASSED [] []
[2013-06-19 12:45:59] TestActivateTest::testSetUpCourseColumns.INFO: PASSED [] []
[2013-06-19 12:46:08] TestActivateTest::testInstantianThroughModel.INFO: PASSED [] []
[2013-06-19 12:46:08] TestActivateTest::testSettingAttributes.INFO: PASSED [] []
[2013-06-19 12:46:08] TestActivateTest::testMagicSetMethod.INFO: PASSED [] []
[2013-06-19 12:46:08] TestActivateTest::testMagicGetMethod.INFO: PASSED [] []
[2013-06-19 12:46:08] TestActivateTest::testSetWhereMethod.INFO: PASSED [] []
[2013-06-19 12:46:08] TestActivateTest::testSetWhereMethodChaining.INFO: PASSED [] []
[2013-06-19 12:46:08] TestActivateTest::testBuildWhereClauseMethod.INFO: PASSED [] []
[2013-06-19 12:46:08] TestActivateTest::testCleanTableMethod.INFO: PASSED [] []
[2013-06-19 12:46:08] TestActivateTest::testFullTableMethod.INFO: PASSED [] []
[2013-06-19 12:46:08] TestActivateTest::testTableMethod.INFO: PASSED [] []
[2013-06-19 12:46:08] TestActivateTest::testSetUpCourseColumns.INFO: PASSED [] []
[2013-06-19 12:46:08] TestActivateTest::testFindMethodSimple.ALERT: SQLSTATE[42S02]: Base table or view not found: 1146 Table 'pegisis.pegisis_' doesn't exist [] []
[2013-06-19 12:46:08] TestActivateTest::testFindMethodSimple.INFO: # ERROR # [] []
[2013-06-19 12:46:08] TestActivateTest::testFindMethodSimple.INFO: PASSED [] []
[2013-06-19 12:46:08] TestHasManyRelationshipTest::testInstantianWithOptions.INFO: PASSED [] []
[2013-06-19 12:46:08] TestHasManyRelationshipTest::testGetMethodWithImageAssoc.INFO: PASSED [] []
[2013-06-19 12:46:08] TestHasManyRelationshipTest::testGetMethodYieldsResults.INFO: PASSED [] []
[2013-06-19 12:46:08] TestHasOneRelationshipTest::testHasOneInstantiates.INFO: PASSED [] []
[2013-06-19 12:46:08] TestHasOneRelationshipTest::testBuildUpJoins.INFO: PASSED [] []
[2013-06-19 12:46:08] TestHasOneRelationshipTest::testGetHasOneColumns.INFO: PASSED [] []
[2013-06-19 12:46:08] TestHasOneRelationshipTest::testGet.INFO: PASSED [] []
[2013-06-19 12:47:09] TestActivateTest::testInstantianThroughModel.INFO: PASSED [] []
[2013-06-19 12:47:09] TestActivateTest::testSettingAttributes.INFO: PASSED [] []
[2013-06-19 12:47:09] TestActivateTest::testMagicSetMethod.INFO: PASSED [] []
[2013-06-19 12:47:09] TestActivateTest::testMagicGetMethod.INFO: PASSED [] []
[2013-06-19 12:47:09] TestActivateTest::testSetWhereMethod.INFO: PASSED [] []
[2013-06-19 12:47:09] TestActivateTest::testSetWhereMethodChaining.INFO: PASSED [] []
[2013-06-19 12:47:09] TestActivateTest::testBuildWhereClauseMethod.INFO: PASSED [] []
[2013-06-19 12:47:09] TestActivateTest::testCleanTableMethod.INFO: PASSED [] []
[2013-06-19 12:47:09] TestActivateTest::testFullTableMethod.INFO: PASSED [] []
[2013-06-19 12:47:09] TestActivateTest::testTableMethod.INFO: PASSED [] []
[2013-06-19 12:47:09] TestActivateTest::testSetUpCourseColumns.INFO: PASSED [] []
[2013-06-19 12:47:09] TestActivateTest::testFindMethodSimple.INFO: PASSED [] []
[2013-06-19 12:47:09] TestHasManyRelationshipTest::testInstantianWithOptions.INFO: PASSED [] []
[2013-06-19 12:47:09] TestHasManyRelationshipTest::testGetMethodWithImageAssoc.INFO: PASSED [] []
[2013-06-19 12:47:09] TestHasManyRelationshipTest::testGetMethodYieldsResults.INFO: PASSED [] []
[2013-06-19 12:47:09] TestHasOneRelationshipTest::testHasOneInstantiates.INFO: PASSED [] []
[2013-06-19 12:47:09] TestHasOneRelationshipTest::testBuildUpJoins.INFO: PASSED [] []
[2013-06-19 12:47:09] TestHasOneRelationshipTest::testGetHasOneColumns.INFO: PASSED [] []
[2013-06-19 12:47:09] TestHasOneRelationshipTest::testGet.INFO: PASSED [] []
[2013-06-19 12:48:02] TestActivateTest::testInstantianThroughModel.INFO: PASSED [] []
[2013-06-19 12:48:02] TestActivateTest::testSettingAttributes.INFO: PASSED [] []
[2013-06-19 12:48:02] TestActivateTest::testMagicSetMethod.INFO: PASSED [] []
[2013-06-19 12:48:02] TestActivateTest::testMagicGetMethod.INFO: PASSED [] []
[2013-06-19 12:48:02] TestActivateTest::testSetWhereMethod.INFO: PASSED [] []
[2013-06-19 12:48:02] TestActivateTest::testSetWhereMethodChaining.INFO: PASSED [] []
[2013-06-19 12:48:02] TestActivateTest::testBuildWhereClauseMethod.INFO: PASSED [] []
[2013-06-19 12:48:02] TestActivateTest::testCleanTableMethod.INFO: PASSED [] []
[2013-06-19 12:48:02] TestActivateTest::testFullTableMethod.INFO: PASSED [] []
[2013-06-19 12:48:02] TestActivateTest::testTableMethod.INFO: PASSED [] []
[2013-06-19 12:48:02] TestActivateTest::testSetUpCourseColumns.INFO: PASSED [] []
[2013-06-19 12:48:02] TestActivateTest::testFindMethodSimple.INFO: PASSED [] []
[2013-06-19 12:48:02] TestHasManyRelationshipTest::testInstantianWithOptions.INFO: PASSED [] []
[2013-06-19 12:48:02] TestHasManyRelationshipTest::testGetMethodWithImageAssoc.INFO: PASSED [] []
[2013-06-19 12:48:02] TestHasManyRelationshipTest::testGetMethodYieldsResults.INFO: PASSED [] []
[2013-06-19 12:48:02] TestHasOneRelationshipTest::testHasOneInstantiates.INFO: PASSED [] []
[2013-06-19 12:48:02] TestHasOneRelationshipTest::testBuildUpJoins.INFO: PASSED [] []
[2013-06-19 12:48:02] TestHasOneRelationshipTest::testGetHasOneColumns.INFO: PASSED [] []
[2013-06-19 12:48:02] TestHasOneRelationshipTest::testGet.INFO: PASSED [] []
[2013-06-19 12:55:48] TestActivateTest::testInstantianThroughModel.INFO: PASSED [] []
[2013-06-19 12:55:48] TestActivateTest::testSettingAttributes.ALERT: Failed asserting that false is true. [] []
[2013-06-19 12:55:48] TestActivateTest::testSettingAttributes.INFO: # FAILED # [] []
[2013-06-19 12:55:48] TestActivateTest::testSettingAttributes.INFO: PASSED [] []
[2013-06-19 12:55:48] TestActivateTest::testMagicSetMethod.INFO: PASSED [] []
[2013-06-19 12:55:48] TestActivateTest::testMagicGetMethod.INFO: PASSED [] []
[2013-06-19 12:55:48] TestActivateTest::testSetWhereMethod.INFO: PASSED [] []
[2013-06-19 12:55:48] TestActivateTest::testSetWhereMethodChaining.INFO: PASSED [] []
[2013-06-19 12:55:48] TestActivateTest::testBuildWhereClauseMethod.INFO: PASSED [] []
[2013-06-19 12:55:48] TestActivateTest::testCleanTableMethod.INFO: PASSED [] []
[2013-06-19 12:55:48] TestActivateTest::testFullTableMethod.INFO: PASSED [] []
[2013-06-19 12:55:48] TestActivateTest::testTableMethod.INFO: PASSED [] []
[2013-06-19 12:55:48] TestActivateTest::testSetUpCourseColumns.INFO: PASSED [] []
[2013-06-19 12:55:48] TestActivateTest::testFindMethodSimple.INFO: PASSED [] []
[2013-06-19 12:55:48] TestHasManyRelationshipTest::testInstantianWithOptions.INFO: PASSED [] []
[2013-06-19 12:55:48] TestHasManyRelationshipTest::testGetMethodWithImageAssoc.INFO: PASSED [] []
[2013-06-19 12:55:48] TestHasManyRelationshipTest::testGetMethodYieldsResults.INFO: PASSED [] []
[2013-06-19 12:55:48] TestHasOneRelationshipTest::testHasOneInstantiates.INFO: PASSED [] []
[2013-06-19 12:55:48] TestHasOneRelationshipTest::testBuildUpJoins.INFO: PASSED [] []
[2013-06-19 12:55:48] TestHasOneRelationshipTest::testGetHasOneColumns.INFO: PASSED [] []
[2013-06-19 12:55:48] TestHasOneRelationshipTest::testGet.INFO: PASSED [] []
[2013-06-19 12:57:37] TestActivateTest::testInstantianThroughModel.INFO: PASSED [] []
[2013-06-19 12:57:37] TestActivateTest::testSettingAttributes.INFO: PASSED [] []
[2013-06-19 12:57:37] TestActivateTest::testMagicSetMethod.INFO: PASSED [] []
[2013-06-19 12:57:37] TestActivateTest::testMagicGetMethod.INFO: PASSED [] []
[2013-06-19 12:57:37] TestActivateTest::testSetWhereMethod.INFO: PASSED [] []
[2013-06-19 12:57:37] TestActivateTest::testSetWhereMethodChaining.INFO: PASSED [] []
[2013-06-19 12:57:37] TestActivateTest::testBuildWhereClauseMethod.INFO: PASSED [] []
[2013-06-19 12:57:37] TestActivateTest::testCleanTableMethod.INFO: PASSED [] []
[2013-06-19 12:57:37] TestActivateTest::testFullTableMethod.INFO: PASSED [] []
[2013-06-19 12:57:37] TestActivateTest::testTableMethod.INFO: PASSED [] []
[2013-06-19 12:57:37] TestActivateTest::testSetUpCourseColumns.INFO: PASSED [] []
[2013-06-19 12:57:37] TestActivateTest::testFindMethodSimple.INFO: PASSED [] []
[2013-06-19 12:57:37] TestHasManyRelationshipTest::testInstantianWithOptions.INFO: PASSED [] []
[2013-06-19 12:57:37] TestHasManyRelationshipTest::testGetMethodWithImageAssoc.INFO: PASSED [] []
[2013-06-19 12:57:37] TestHasManyRelationshipTest::testGetMethodYieldsResults.INFO: PASSED [] []
[2013-06-19 12:57:37] TestHasOneRelationshipTest::testHasOneInstantiates.INFO: PASSED [] []
[2013-06-19 12:57:37] TestHasOneRelationshipTest::testBuildUpJoins.INFO: PASSED [] []
[2013-06-19 12:57:37] TestHasOneRelationshipTest::testGetHasOneColumns.INFO: PASSED [] []
[2013-06-19 12:57:37] TestHasOneRelationshipTest::testGet.INFO: PASSED [] []
[2013-06-19 12:57:47] TestActivateTest::testInstantianThroughModel.INFO: PASSED [] []
[2013-06-19 13:00:22] TestActivateTest::testInstantianThroughModel.INFO: PASSED [] []
[2013-06-19 13:00:32] TestActivateTest::testInstantianThroughModel.INFO: PASSED [] []
[2013-06-19 13:00:32] TestActivateTest::testSettingAttributes.INFO: PASSED [] []
[2013-06-19 13:00:32] TestActivateTest::testMagicSetMethod.INFO: PASSED [] []
[2013-06-19 13:00:32] TestActivateTest::testMagicGetMethod.INFO: PASSED [] []
[2013-06-19 13:00:32] TestActivateTest::testSetWhereMethod.INFO: PASSED [] []
[2013-06-19 13:00:32] TestActivateTest::testSetWhereMethodChaining.INFO: PASSED [] []
[2013-06-19 13:00:32] TestActivateTest::testBuildWhereClauseMethod.INFO: PASSED [] []
[2013-06-19 13:00:32] TestActivateTest::testCleanTableMethod.INFO: PASSED [] []
[2013-06-19 13:00:32] TestActivateTest::testFullTableMethod.INFO: PASSED [] []
[2013-06-19 13:00:32] TestActivateTest::testTableMethod.INFO: PASSED [] []
[2013-06-19 13:00:32] TestActivateTest::testSetUpCourseColumns.INFO: PASSED [] []
[2013-06-19 13:00:32] TestActivateTest::testFindMethodSimple.ALERT: Failed asserting that null is not null. [] []
[2013-06-19 13:00:32] TestActivateTest::testFindMethodSimple.INFO: # FAILED # [] []
[2013-06-19 13:00:32] TestActivateTest::testFindMethodSimple.INFO: PASSED [] []
[2013-06-19 13:00:32] TestHasManyRelationshipTest::testInstantianWithOptions.INFO: PASSED [] []
[2013-06-19 13:00:32] TestHasManyRelationshipTest::testGetMethodWithImageAssoc.INFO: PASSED [] []
[2013-06-19 13:00:32] TestHasManyRelationshipTest::testGetMethodYieldsResults.INFO: PASSED [] []
[2013-06-19 13:00:32] TestHasOneRelationshipTest::testHasOneInstantiates.INFO: PASSED [] []
[2013-06-19 13:00:32] TestHasOneRelationshipTest::testBuildUpJoins.INFO: PASSED [] []
[2013-06-19 13:00:32] TestHasOneRelationshipTest::testGetHasOneColumns.INFO: PASSED [] []
[2013-06-19 13:00:32] TestHasOneRelationshipTest::testGet.INFO: PASSED [] []
[2013-06-19 13:01:16] TestActivateTest::testInstantianThroughModel.INFO: PASSED [] []
[2013-06-19 13:01:16] TestActivateTest::testSettingAttributes.INFO: PASSED [] []
[2013-06-19 13:01:16] TestActivateTest::testMagicSetMethod.INFO: PASSED [] []
[2013-06-19 13:01:16] TestActivateTest::testMagicGetMethod.INFO: PASSED [] []
[2013-06-19 13:01:16] TestActivateTest::testSetWhereMethod.INFO: PASSED [] []
[2013-06-19 13:01:16] TestActivateTest::testSetWhereMethodChaining.INFO: PASSED [] []
[2013-06-19 13:01:16] TestActivateTest::testBuildWhereClauseMethod.INFO: PASSED [] []
[2013-06-19 13:01:16] TestActivateTest::testCleanTableMethod.INFO: PASSED [] []
[2013-06-19 13:01:16] TestActivateTest::testFullTableMethod.INFO: PASSED [] []
[2013-06-19 13:01:16] TestActivateTest::testTableMethod.INFO: PASSED [] []
[2013-06-19 13:01:16] TestActivateTest::testSetUpCourseColumns.INFO: PASSED [] []
[2013-06-19 13:04:12] TestActivateTest::testFindMethodSimple.INFO: PASSED [] []
[2013-06-19 13:04:12] TestActivateTest::testInstantianThroughModel.INFO: PASSED [] []
[2013-06-19 13:04:12] TestActivateTest::testSettingAttributes.INFO: PASSED [] []
[2013-06-19 13:04:12] TestActivateTest::testMagicSetMethod.INFO: PASSED [] []
[2013-06-19 13:04:12] TestActivateTest::testMagicGetMethod.INFO: PASSED [] []
[2013-06-19 13:04:12] TestActivateTest::testSetWhereMethod.INFO: PASSED [] []
[2013-06-19 13:04:12] TestActivateTest::testSetWhereMethodChaining.INFO: PASSED [] []
[2013-06-19 13:04:12] TestActivateTest::testBuildWhereClauseMethod.INFO: PASSED [] []
[2013-06-19 13:04:12] TestActivateTest::testCleanTableMethod.INFO: PASSED [] []
[2013-06-19 13:04:12] TestActivateTest::testFullTableMethod.INFO: PASSED [] []
[2013-06-19 13:04:12] TestActivateTest::testTableMethod.INFO: PASSED [] []
[2013-06-19 13:04:12] TestActivateTest::testSetUpCourseColumns.INFO: PASSED [] []
[2013-06-19 13:04:12] TestHasManyRelationshipTest::testInstantianWithOptions.INFO: PASSED [] []
[2013-06-19 13:04:12] TestHasManyRelationshipTest::testGetMethodWithImageAssoc.INFO: PASSED [] []
[2013-06-19 13:04:12] TestHasManyRelationshipTest::testGetMethodYieldsResults.INFO: PASSED [] []
[2013-06-19 13:04:12] TestHasOneRelationshipTest::testHasOneInstantiates.INFO: PASSED [] []
[2013-06-19 13:04:12] TestHasOneRelationshipTest::testBuildUpJoins.INFO: PASSED [] []
[2013-06-19 13:04:12] TestHasOneRelationshipTest::testGetHasOneColumns.INFO: PASSED [] []
[2013-06-19 13:04:12] TestHasOneRelationshipTest::testGet.ALERT: Failed asserting that false is true. [] []
[2013-06-19 13:04:12] TestHasOneRelationshipTest::testGet.INFO: # FAILED # [] []
[2013-06-19 13:04:12] TestHasOneRelationshipTest::testGet.INFO: PASSED [] []
[2013-06-19 13:04:57] TestActivateTest::testFindMethodSimple.INFO: PASSED [] []
[2013-06-19 13:04:57] TestActivateTest::testInstantianThroughModel.INFO: PASSED [] []
[2013-06-19 13:04:57] TestActivateTest::testSettingAttributes.INFO: PASSED [] []
[2013-06-19 13:04:57] TestActivateTest::testMagicSetMethod.INFO: PASSED [] []
[2013-06-19 13:04:57] TestActivateTest::testMagicGetMethod.INFO: PASSED [] []
[2013-06-19 13:04:57] TestActivateTest::testSetWhereMethod.INFO: PASSED [] []
[2013-06-19 13:04:57] TestActivateTest::testSetWhereMethodChaining.INFO: PASSED [] []
[2013-06-19 13:04:57] TestActivateTest::testBuildWhereClauseMethod.INFO: PASSED [] []
[2013-06-19 13:04:57] TestActivateTest::testCleanTableMethod.INFO: PASSED [] []
[2013-06-19 13:04:57] TestActivateTest::testFullTableMethod.INFO: PASSED [] []
[2013-06-19 13:04:57] TestActivateTest::testTableMethod.INFO: PASSED [] []
[2013-06-19 13:04:57] TestActivateTest::testSetUpCourseColumns.INFO: PASSED [] []
[2013-06-19 13:04:57] TestHasManyRelationshipTest::testInstantianWithOptions.INFO: PASSED [] []
[2013-06-19 13:04:57] TestHasManyRelationshipTest::testGetMethodWithImageAssoc.INFO: PASSED [] []
[2013-06-19 13:04:57] TestHasManyRelationshipTest::testGetMethodYieldsResults.INFO: PASSED [] []
[2013-06-19 13:04:57] TestHasOneRelationshipTest::testHasOneInstantiates.INFO: PASSED [] []
[2013-06-19 13:04:57] TestHasOneRelationshipTest::testBuildUpJoins.INFO: PASSED [] []
[2013-06-19 13:04:57] TestHasOneRelationshipTest::testGetHasOneColumns.INFO: PASSED [] []
[2013-06-19 13:04:57] TestHasOneRelationshipTest::testGet.ALERT: Failed asserting that false is true. [] []
[2013-06-19 13:04:57] TestHasOneRelationshipTest::testGet.INFO: # FAILED # [] []
[2013-06-19 13:04:57] TestHasOneRelationshipTest::testGet.INFO: PASSED [] []
[2013-06-19 13:05:25] TestActivateTest::testFindMethodSimple.INFO: PASSED [] []
[2013-06-19 13:05:25] TestActivateTest::testInstantianThroughModel.INFO: PASSED [] []
[2013-06-19 13:05:25] TestActivateTest::testSettingAttributes.INFO: PASSED [] []
[2013-06-19 13:05:25] TestActivateTest::testMagicSetMethod.INFO: PASSED [] []
[2013-06-19 13:05:25] TestActivateTest::testMagicGetMethod.INFO: PASSED [] []
[2013-06-19 13:05:25] TestActivateTest::testSetWhereMethod.INFO: PASSED [] []
[2013-06-19 13:05:25] TestActivateTest::testSetWhereMethodChaining.INFO: PASSED [] []
[2013-06-19 13:05:25] TestActivateTest::testBuildWhereClauseMethod.INFO: PASSED [] []
[2013-06-19 13:05:25] TestActivateTest::testCleanTableMethod.INFO: PASSED [] []
[2013-06-19 13:05:25] TestActivateTest::testFullTableMethod.INFO: PASSED [] []
[2013-06-19 13:05:25] TestActivateTest::testTableMethod.INFO: PASSED [] []
[2013-06-19 13:05:25] TestActivateTest::testSetUpCourseColumns.INFO: PASSED [] []
[2013-06-19 13:05:25] TestHasManyRelationshipTest::testInstantianWithOptions.INFO: PASSED [] []
[2013-06-19 13:05:25] TestHasManyRelationshipTest::testGetMethodWithImageAssoc.INFO: PASSED [] []
[2013-06-19 13:05:25] TestHasManyRelationshipTest::testGetMethodYieldsResults.INFO: PASSED [] []
[2013-06-19 13:05:25] TestHasOneRelationshipTest::testHasOneInstantiates.INFO: PASSED [] []
[2013-06-19 13:05:25] TestHasOneRelationshipTest::testBuildUpJoins.INFO: PASSED [] []
[2013-06-19 13:05:25] TestHasOneRelationshipTest::testGetHasOneColumns.INFO: PASSED [] []
[2013-06-19 13:05:25] TestHasOneRelationshipTest::testGet.INFO: PASSED [] []
[2013-06-19 13:07:20] TestActivateTest::testInstantianThroughModel.INFO: PASSED [] []
[2013-06-19 13:07:20] TestActivateTest::testSettingAttributes.INFO: PASSED [] []
[2013-06-19 13:07:20] TestActivateTest::testMagicSetMethod.INFO: PASSED [] []
[2013-06-19 13:07:20] TestActivateTest::testMagicGetMethod.INFO: PASSED [] []
[2013-06-19 13:07:20] TestActivateTest::testSetWhereMethod.INFO: PASSED [] []
[2013-06-19 13:07:20] TestActivateTest::testSetWhereMethodChaining.INFO: PASSED [] []
[2013-06-19 13:07:20] TestActivateTest::testBuildWhereClauseMethod.INFO: PASSED [] []
[2013-06-19 13:07:20] TestActivateTest::testCleanTableMethod.INFO: PASSED [] []
[2013-06-19 13:07:20] TestActivateTest::testFullTableMethod.INFO: PASSED [] []
[2013-06-19 13:07:20] TestActivateTest::testTableMethod.INFO: PASSED [] []
[2013-06-19 13:07:20] TestActivateTest::testSetUpCourseColumns.INFO: PASSED [] []
[2013-06-19 13:07:20] TestActivateTest::testFindMethodSimple.INFO: PASSED [] []
[2013-06-19 13:07:38] TestActivateTest::testInstantianThroughModel.INFO: PASSED [] []
[2013-06-19 13:07:38] TestActivateTest::testSettingAttributes.INFO: PASSED [] []
[2013-06-19 13:07:38] TestActivateTest::testMagicSetMethod.INFO: PASSED [] []
[2013-06-19 13:07:38] TestActivateTest::testMagicGetMethod.INFO: PASSED [] []
[2013-06-19 13:07:38] TestActivateTest::testSetWhereMethod.INFO: PASSED [] []
[2013-06-19 13:07:38] TestActivateTest::testSetWhereMethodChaining.INFO: PASSED [] []
[2013-06-19 13:07:38] TestActivateTest::testBuildWhereClauseMethod.INFO: PASSED [] []
[2013-06-19 13:07:38] TestActivateTest::testCleanTableMethod.INFO: PASSED [] []
[2013-06-19 13:07:38] TestActivateTest::testFullTableMethod.INFO: PASSED [] []
[2013-06-19 13:07:38] TestActivateTest::testTableMethod.INFO: PASSED [] []
[2013-06-19 13:07:38] TestActivateTest::testSetUpCourseColumns.INFO: PASSED [] []
[2013-06-19 13:07:38] TestActivateTest::testFindMethodSimple.INFO: PASSED [] []
[2013-06-19 13:07:57] TestActivateTest::testInstantianThroughModel.INFO: PASSED [] []
[2013-06-19 13:07:57] TestActivateTest::testSettingAttributes.INFO: PASSED [] []
[2013-06-19 13:07:57] TestActivateTest::testMagicSetMethod.INFO: PASSED [] []
[2013-06-19 13:07:57] TestActivateTest::testMagicGetMethod.INFO: PASSED [] []
[2013-06-19 13:07:57] TestActivateTest::testSetWhereMethod.INFO: PASSED [] []
[2013-06-19 13:07:57] TestActivateTest::testSetWhereMethodChaining.INFO: PASSED [] []
[2013-06-19 13:07:57] TestActivateTest::testBuildWhereClauseMethod.INFO: PASSED [] []
[2013-06-19 13:07:57] TestActivateTest::testCleanTableMethod.INFO: PASSED [] []
[2013-06-19 13:07:57] TestActivateTest::testFullTableMethod.INFO: PASSED [] []
[2013-06-19 13:07:57] TestActivateTest::testTableMethod.INFO: PASSED [] []
[2013-06-19 13:07:57] TestActivateTest::testSetUpCourseColumns.INFO: PASSED [] []
[2013-06-19 13:07:57] TestActivateTest::testFindMethodSimple.INFO: PASSED [] []
[2013-06-19 13:07:57] TestActivateTest::testHasManyAssociation.ALERT: Failed asserting that false is true. [] []
[2013-06-19 13:07:57] TestActivateTest::testHasManyAssociation.INFO: # FAILED # [] []
[2013-06-19 13:07:57] TestActivateTest::testHasManyAssociation.INFO: PASSED [] []
[2013-06-19 13:07:57] TestHasManyRelationshipTest::testInstantianWithOptions.INFO: PASSED [] []
[2013-06-19 13:07:57] TestHasManyRelationshipTest::testGetMethodWithImageAssoc.INFO: PASSED [] []
[2013-06-19 13:07:57] TestHasManyRelationshipTest::testGetMethodYieldsResults.INFO: PASSED [] []
[2013-06-19 13:07:57] TestHasOneRelationshipTest::testHasOneInstantiates.INFO: PASSED [] []
[2013-06-19 13:07:57] TestHasOneRelationshipTest::testBuildUpJoins.INFO: PASSED [] []
[2013-06-19 13:07:57] TestHasOneRelationshipTest::testGetHasOneColumns.INFO: PASSED [] []
[2013-06-19 13:07:57] TestHasOneRelationshipTest::testGet.INFO: PASSED [] []
[2013-06-19 13:08:17] TestActivateTest::testInstantianThroughModel.INFO: PASSED [] []
[2013-06-19 13:08:17] TestActivateTest::testSettingAttributes.INFO: PASSED [] []
[2013-06-19 13:08:17] TestActivateTest::testMagicSetMethod.INFO: PASSED [] []
[2013-06-19 13:08:17] TestActivateTest::testMagicGetMethod.INFO: PASSED [] []
[2013-06-19 13:08:17] TestActivateTest::testSetWhereMethod.INFO: PASSED [] []
[2013-06-19 13:08:17] TestActivateTest::testSetWhereMethodChaining.INFO: PASSED [] []
[2013-06-19 13:08:17] TestActivateTest::testBuildWhereClauseMethod.INFO: PASSED [] []
[2013-06-19 13:08:17] TestActivateTest::testCleanTableMethod.INFO: PASSED [] []
[2013-06-19 13:08:17] TestActivateTest::testFullTableMethod.INFO: PASSED [] []
[2013-06-19 13:08:17] TestActivateTest::testTableMethod.INFO: PASSED [] []
[2013-06-19 13:08:17] TestActivateTest::testSetUpCourseColumns.INFO: PASSED [] []
[2013-06-19 13:08:17] TestActivateTest::testFindMethodSimple.INFO: PASSED [] []
[2013-06-19 13:08:17] TestActivateTest::testHasManyAssociation.ALERT: Failed asserting that null is not null. [] []
[2013-06-19 13:08:17] TestActivateTest::testHasManyAssociation.INFO: # FAILED # [] []
[2013-06-19 13:08:17] TestActivateTest::testHasManyAssociation.INFO: PASSED [] []
[2013-06-19 13:08:17] TestHasManyRelationshipTest::testInstantianWithOptions.INFO: PASSED [] []
[2013-06-19 13:08:17] TestHasManyRelationshipTest::testGetMethodWithImageAssoc.INFO: PASSED [] []
[2013-06-19 13:08:17] TestHasManyRelationshipTest::testGetMethodYieldsResults.INFO: PASSED [] []
[2013-06-19 13:08:17] TestHasOneRelationshipTest::testHasOneInstantiates.INFO: PASSED [] []
[2013-06-19 13:08:17] TestHasOneRelationshipTest::testBuildUpJoins.INFO: PASSED [] []
[2013-06-19 13:08:17] TestHasOneRelationshipTest::testGetHasOneColumns.INFO: PASSED [] []
[2013-06-19 13:08:17] TestHasOneRelationshipTest::testGet.INFO: PASSED [] []
[2013-06-19 13:08:34] TestActivateTest::testInstantianThroughModel.INFO: PASSED [] []
[2013-06-19 13:08:34] TestActivateTest::testSettingAttributes.INFO: PASSED [] []
[2013-06-19 13:08:34] TestActivateTest::testMagicSetMethod.INFO: PASSED [] []
[2013-06-19 13:08:34] TestActivateTest::testMagicGetMethod.INFO: PASSED [] []
[2013-06-19 13:08:34] TestActivateTest::testSetWhereMethod.INFO: PASSED [] []
[2013-06-19 13:08:34] TestActivateTest::testSetWhereMethodChaining.INFO: PASSED [] []
[2013-06-19 13:08:34] TestActivateTest::testBuildWhereClauseMethod.INFO: PASSED [] []
[2013-06-19 13:08:34] TestActivateTest::testCleanTableMethod.INFO: PASSED [] []
[2013-06-19 13:08:34] TestActivateTest::testFullTableMethod.INFO: PASSED [] []
[2013-06-19 13:08:34] TestActivateTest::testTableMethod.INFO: PASSED [] []
[2013-06-19 13:08:34] TestActivateTest::testSetUpCourseColumns.INFO: PASSED [] []
[2013-06-19 13:08:34] TestActivateTest::testFindMethodSimple.INFO: PASSED [] []
[2013-06-19 13:09:42] TestActivateTest::testInstantianThroughModel.INFO: PASSED [] []
[2013-06-19 13:09:42] TestActivateTest::testSettingAttributes.INFO: PASSED [] []
[2013-06-19 13:09:42] TestActivateTest::testMagicSetMethod.INFO: PASSED [] []
[2013-06-19 13:09:42] TestActivateTest::testMagicGetMethod.INFO: PASSED [] []
[2013-06-19 13:09:42] TestActivateTest::testSetWhereMethod.INFO: PASSED [] []
[2013-06-19 13:09:42] TestActivateTest::testSetWhereMethodChaining.INFO: PASSED [] []
[2013-06-19 13:09:42] TestActivateTest::testBuildWhereClauseMethod.INFO: PASSED [] []
[2013-06-19 13:09:42] TestActivateTest::testCleanTableMethod.INFO: PASSED [] []
[2013-06-19 13:09:42] TestActivateTest::testFullTableMethod.INFO: PASSED [] []
[2013-06-19 13:09:42] TestActivateTest::testTableMethod.INFO: PASSED [] []
[2013-06-19 13:09:42] TestActivateTest::testSetUpCourseColumns.INFO: PASSED [] []
[2013-06-19 13:09:42] TestActivateTest::testFindMethodSimple.INFO: PASSED [] []
[2013-06-19 13:09:42] TestActivateTest::testHasManyAssociation.ALERT: Failed asserting that null is not null. [] []
[2013-06-19 13:09:42] TestActivateTest::testHasManyAssociation.INFO: # FAILED # [] []
[2013-06-19 13:09:42] TestActivateTest::testHasManyAssociation.INFO: PASSED [] []
[2013-06-19 13:09:42] TestHasManyRelationshipTest::testInstantianWithOptions.INFO: PASSED [] []
[2013-06-19 13:09:42] TestHasManyRelationshipTest::testGetMethodWithImageAssoc.INFO: PASSED [] []
[2013-06-19 13:09:42] TestHasManyRelationshipTest::testGetMethodYieldsResults.INFO: PASSED [] []
[2013-06-19 13:09:42] TestHasOneRelationshipTest::testHasOneInstantiates.INFO: PASSED [] []
[2013-06-19 13:09:42] TestHasOneRelationshipTest::testBuildUpJoins.INFO: PASSED [] []
[2013-06-19 13:09:42] TestHasOneRelationshipTest::testGetHasOneColumns.INFO: PASSED [] []
[2013-06-19 13:09:42] TestHasOneRelationshipTest::testGet.INFO: PASSED [] []
[2013-06-19 13:30:20] TestActivateTest::testHasManyAssociation.ALERT: Failed asserting that null is not null. [] []
[2013-06-19 13:30:20] TestActivateTest::testHasManyAssociation.INFO: # FAILED # [] []
[2013-06-19 13:30:20] TestActivateTest::testHasManyAssociation.INFO: PASSED [] []
[2013-06-19 13:30:20] TestActivateTest::testInstantianThroughModel.INFO: PASSED [] []
[2013-06-19 13:30:20] TestActivateTest::testSettingAttributes.INFO: PASSED [] []
[2013-06-19 13:30:20] TestActivateTest::testMagicSetMethod.INFO: PASSED [] []
[2013-06-19 13:30:20] TestActivateTest::testMagicGetMethod.INFO: PASSED [] []
[2013-06-19 13:30:20] TestActivateTest::testSetWhereMethod.INFO: PASSED [] []
[2013-06-19 13:30:20] TestActivateTest::testSetWhereMethodChaining.INFO: PASSED [] []
[2013-06-19 13:30:20] TestActivateTest::testBuildWhereClauseMethod.INFO: PASSED [] []
[2013-06-19 13:30:20] TestActivateTest::testCleanTableMethod.INFO: PASSED [] []
[2013-06-19 13:30:20] TestActivateTest::testFullTableMethod.INFO: PASSED [] []
[2013-06-19 13:30:20] TestActivateTest::testTableMethod.INFO: PASSED [] []
[2013-06-19 13:30:20] TestActivateTest::testSetUpCourseColumns.INFO: PASSED [] []
[2013-06-19 13:30:20] TestActivateTest::testFindMethodSimple.INFO: PASSED [] []
[2013-06-19 13:30:20] TestHasManyRelationshipTest::testInstantianWithOptions.INFO: PASSED [] []
[2013-06-19 13:30:20] TestHasManyRelationshipTest::testGetMethodWithImageAssoc.ALERT: Failed asserting that null is not null. [] []
[2013-06-19 13:30:20] TestHasManyRelationshipTest::testGetMethodWithImageAssoc.INFO: # FAILED # [] []
[2013-06-19 13:30:20] TestHasManyRelationshipTest::testGetMethodWithImageAssoc.INFO: PASSED [] []
[2013-06-19 13:30:20] TestHasManyRelationshipTest::testGetMethodYieldsResults.INFO: PASSED [] []
[2013-06-19 13:30:20] TestHasOneRelationshipTest::testHasOneInstantiates.INFO: PASSED [] []
[2013-06-19 13:30:20] TestHasOneRelationshipTest::testBuildUpJoins.INFO: PASSED [] []
[2013-06-19 13:30:20] TestHasOneRelationshipTest::testGetHasOneColumns.INFO: PASSED [] []
[2013-06-19 13:30:20] TestHasOneRelationshipTest::testGet.INFO: PASSED [] []
[2013-06-19 13:31:02] TestActivateTest::testHasManyAssociation.ALERT: Failed asserting that null is not null. [] []
[2013-06-19 13:31:02] TestActivateTest::testHasManyAssociation.INFO: # FAILED # [] []
[2013-06-19 13:31:02] TestActivateTest::testHasManyAssociation.INFO: PASSED [] []
[2013-06-19 13:31:02] TestActivateTest::testInstantianThroughModel.INFO: PASSED [] []
[2013-06-19 13:31:02] TestActivateTest::testSettingAttributes.INFO: PASSED [] []
[2013-06-19 13:31:02] TestActivateTest::testMagicSetMethod.INFO: PASSED [] []
[2013-06-19 13:31:02] TestActivateTest::testMagicGetMethod.INFO: PASSED [] []
[2013-06-19 13:31:02] TestActivateTest::testSetWhereMethod.INFO: PASSED [] []
[2013-06-19 13:31:02] TestActivateTest::testSetWhereMethodChaining.INFO: PASSED [] []
[2013-06-19 13:31:02] TestActivateTest::testBuildWhereClauseMethod.INFO: PASSED [] []
[2013-06-19 13:31:02] TestActivateTest::testCleanTableMethod.INFO: PASSED [] []
[2013-06-19 13:31:02] TestActivateTest::testFullTableMethod.INFO: PASSED [] []
[2013-06-19 13:31:02] TestActivateTest::testTableMethod.INFO: PASSED [] []
[2013-06-19 13:31:02] TestActivateTest::testSetUpCourseColumns.INFO: PASSED [] []
[2013-06-19 13:31:02] TestActivateTest::testFindMethodSimple.INFO: PASSED [] []
[2013-06-19 13:31:02] TestHasManyRelationshipTest::testInstantianWithOptions.INFO: PASSED [] []
[2013-06-19 13:31:02] TestHasManyRelationshipTest::testGetMethodWithImageAssoc.ALERT: Failed asserting that null is not null. [] []
[2013-06-19 13:31:02] TestHasManyRelationshipTest::testGetMethodWithImageAssoc.INFO: # FAILED # [] []
[2013-06-19 13:31:02] TestHasManyRelationshipTest::testGetMethodWithImageAssoc.INFO: PASSED [] []
[2013-06-19 13:31:02] TestHasManyRelationshipTest::testGetMethodYieldsResults.INFO: PASSED [] []
[2013-06-19 13:31:02] TestHasOneRelationshipTest::testHasOneInstantiates.INFO: PASSED [] []
[2013-06-19 13:31:02] TestHasOneRelationshipTest::testBuildUpJoins.INFO: PASSED [] []
[2013-06-19 13:31:02] TestHasOneRelationshipTest::testGetHasOneColumns.INFO: PASSED [] []
[2013-06-19 13:31:02] TestHasOneRelationshipTest::testGet.INFO: PASSED [] []
[2013-06-19 13:31:06] TestActivateTest::testHasManyAssociation.ALERT: Failed asserting that null is not null. [] []
[2013-06-19 13:31:06] TestActivateTest::testHasManyAssociation.INFO: # FAILED # [] []
[2013-06-19 13:31:06] TestActivateTest::testHasManyAssociation.INFO: PASSED [] []
[2013-06-19 13:31:06] TestActivateTest::testInstantianThroughModel.INFO: PASSED [] []
[2013-06-19 13:31:06] TestActivateTest::testSettingAttributes.INFO: PASSED [] []
[2013-06-19 13:31:06] TestActivateTest::testMagicSetMethod.INFO: PASSED [] []
[2013-06-19 13:31:06] TestActivateTest::testMagicGetMethod.INFO: PASSED [] []
[2013-06-19 13:31:06] TestActivateTest::testSetWhereMethod.INFO: PASSED [] []
[2013-06-19 13:31:06] TestActivateTest::testSetWhereMethodChaining.INFO: PASSED [] []
[2013-06-19 13:31:06] TestActivateTest::testBuildWhereClauseMethod.INFO: PASSED [] []
[2013-06-19 13:31:06] TestActivateTest::testCleanTableMethod.INFO: PASSED [] []
[2013-06-19 13:31:06] TestActivateTest::testFullTableMethod.INFO: PASSED [] []
[2013-06-19 13:31:06] TestActivateTest::testTableMethod.INFO: PASSED [] []
[2013-06-19 13:31:06] TestActivateTest::testSetUpCourseColumns.INFO: PASSED [] []
[2013-06-19 13:31:06] TestActivateTest::testFindMethodSimple.INFO: PASSED [] []
[2013-06-19 13:31:06] TestHasManyRelationshipTest::testInstantianWithOptions.INFO: PASSED [] []
[2013-06-19 13:31:06] TestHasManyRelationshipTest::testGetMethodWithImageAssoc.ALERT: Failed asserting that null is not null. [] []
[2013-06-19 13:31:06] TestHasManyRelationshipTest::testGetMethodWithImageAssoc.INFO: # FAILED # [] []
[2013-06-19 13:31:06] TestHasManyRelationshipTest::testGetMethodWithImageAssoc.INFO: PASSED [] []
[2013-06-19 13:31:06] TestHasManyRelationshipTest::testGetMethodYieldsResults.INFO: PASSED [] []
[2013-06-19 13:31:06] TestHasOneRelationshipTest::testHasOneInstantiates.INFO: PASSED [] []
[2013-06-19 13:31:06] TestHasOneRelationshipTest::testBuildUpJoins.INFO: PASSED [] []
[2013-06-19 13:31:06] TestHasOneRelationshipTest::testGetHasOneColumns.INFO: PASSED [] []
[2013-06-19 13:31:06] TestHasOneRelationshipTest::testGet.INFO: PASSED [] []
[2013-06-19 13:32:09] TestActivateTest::testHasManyAssociation.INFO: PASSED [] []
[2013-06-19 13:32:09] TestActivateTest::testInstantianThroughModel.INFO: PASSED [] []
[2013-06-19 13:32:09] TestActivateTest::testSettingAttributes.INFO: PASSED [] []
[2013-06-19 13:32:09] TestActivateTest::testMagicSetMethod.INFO: PASSED [] []
[2013-06-19 13:32:09] TestActivateTest::testMagicGetMethod.INFO: PASSED [] []
[2013-06-19 13:32:09] TestActivateTest::testSetWhereMethod.INFO: PASSED [] []
[2013-06-19 13:32:09] TestActivateTest::testSetWhereMethodChaining.INFO: PASSED [] []
[2013-06-19 13:32:09] TestActivateTest::testBuildWhereClauseMethod.INFO: PASSED [] []
[2013-06-19 13:32:09] TestActivateTest::testCleanTableMethod.INFO: PASSED [] []
[2013-06-19 13:32:09] TestActivateTest::testFullTableMethod.INFO: PASSED [] []
[2013-06-19 13:32:09] TestActivateTest::testTableMethod.INFO: PASSED [] []
[2013-06-19 13:32:09] TestActivateTest::testSetUpCourseColumns.INFO: PASSED [] []
[2013-06-19 13:32:09] TestActivateTest::testFindMethodSimple.INFO: PASSED [] []
[2013-06-19 13:32:09] TestHasManyRelationshipTest::testInstantianWithOptions.INFO: PASSED [] []
[2013-06-19 13:32:09] TestHasManyRelationshipTest::testGetMethodWithImageAssoc.ALERT: Failed asserting that null is not null. [] []
[2013-06-19 13:32:09] TestHasManyRelationshipTest::testGetMethodWithImageAssoc.INFO: # FAILED # [] []
[2013-06-19 13:32:09] TestHasManyRelationshipTest::testGetMethodWithImageAssoc.INFO: PASSED [] []
[2013-06-19 13:32:09] TestHasManyRelationshipTest::testGetMethodYieldsResults.INFO: PASSED [] []
[2013-06-19 13:32:09] TestHasOneRelationshipTest::testHasOneInstantiates.INFO: PASSED [] []
[2013-06-19 13:32:09] TestHasOneRelationshipTest::testBuildUpJoins.INFO: PASSED [] []
[2013-06-19 13:32:09] TestHasOneRelationshipTest::testGetHasOneColumns.INFO: PASSED [] []
[2013-06-19 13:32:09] TestHasOneRelationshipTest::testGet.INFO: PASSED [] []
[2013-06-19 13:32:36] TestActivateTest::testHasManyAssociation.INFO: PASSED [] []
[2013-06-19 13:32:36] TestActivateTest::testInstantianThroughModel.INFO: PASSED [] []
[2013-06-19 13:32:36] TestActivateTest::testSettingAttributes.INFO: PASSED [] []
[2013-06-19 13:32:36] TestActivateTest::testMagicSetMethod.INFO: PASSED [] []
[2013-06-19 13:32:36] TestActivateTest::testMagicGetMethod.INFO: PASSED [] []
[2013-06-19 13:32:36] TestActivateTest::testSetWhereMethod.INFO: PASSED [] []
[2013-06-19 13:32:36] TestActivateTest::testSetWhereMethodChaining.INFO: PASSED [] []
[2013-06-19 13:32:36] TestActivateTest::testBuildWhereClauseMethod.INFO: PASSED [] []
[2013-06-19 13:32:36] TestActivateTest::testCleanTableMethod.INFO: PASSED [] []
[2013-06-19 13:32:36] TestActivateTest::testFullTableMethod.INFO: PASSED [] []
[2013-06-19 13:32:36] TestActivateTest::testTableMethod.INFO: PASSED [] []
[2013-06-19 13:32:36] TestActivateTest::testSetUpCourseColumns.INFO: PASSED [] []
[2013-06-19 13:32:36] TestActivateTest::testFindMethodSimple.INFO: PASSED [] []
[2013-06-19 13:32:36] TestHasManyRelationshipTest::testInstantianWithOptions.INFO: PASSED [] []
[2013-06-19 13:33:39] TestActivateTest::testHasManyAssociation.INFO: PASSED [] []
[2013-06-19 13:33:39] TestActivateTest::testInstantianThroughModel.INFO: PASSED [] []
[2013-06-19 13:33:39] TestActivateTest::testSettingAttributes.INFO: PASSED [] []
[2013-06-19 13:33:39] TestActivateTest::testMagicSetMethod.INFO: PASSED [] []
[2013-06-19 13:33:39] TestActivateTest::testMagicGetMethod.INFO: PASSED [] []
[2013-06-19 13:33:39] TestActivateTest::testSetWhereMethod.INFO: PASSED [] []
[2013-06-19 13:33:39] TestActivateTest::testSetWhereMethodChaining.INFO: PASSED [] []
[2013-06-19 13:33:39] TestActivateTest::testBuildWhereClauseMethod.INFO: PASSED [] []
[2013-06-19 13:33:39] TestActivateTest::testCleanTableMethod.INFO: PASSED [] []
[2013-06-19 13:33:39] TestActivateTest::testFullTableMethod.INFO: PASSED [] []
[2013-06-19 13:33:39] TestActivateTest::testTableMethod.INFO: PASSED [] []
[2013-06-19 13:33:39] TestActivateTest::testSetUpCourseColumns.INFO: PASSED [] []
[2013-06-19 13:33:39] TestActivateTest::testFindMethodSimple.INFO: PASSED [] []
[2013-06-19 13:33:39] TestHasManyRelationshipTest::testInstantianWithOptions.INFO: PASSED [] []
[2013-06-19 13:34:06] TestActivateTest::testHasManyAssociation.INFO: PASSED [] []
[2013-06-19 13:34:06] TestActivateTest::testInstantianThroughModel.INFO: PASSED [] []
[2013-06-19 13:34:06] TestActivateTest::testSettingAttributes.INFO: PASSED [] []
[2013-06-19 13:34:06] TestActivateTest::testMagicSetMethod.INFO: PASSED [] []
[2013-06-19 13:34:06] TestActivateTest::testMagicGetMethod.INFO: PASSED [] []
[2013-06-19 13:34:06] TestActivateTest::testSetWhereMethod.INFO: PASSED [] []
[2013-06-19 13:34:06] TestActivateTest::testSetWhereMethodChaining.INFO: PASSED [] []
[2013-06-19 13:34:06] TestActivateTest::testBuildWhereClauseMethod.INFO: PASSED [] []
[2013-06-19 13:34:06] TestActivateTest::testCleanTableMethod.INFO: PASSED [] []
[2013-06-19 13:34:06] TestActivateTest::testFullTableMethod.INFO: PASSED [] []
[2013-06-19 13:34:06] TestActivateTest::testTableMethod.INFO: PASSED [] []
[2013-06-19 13:34:06] TestActivateTest::testSetUpCourseColumns.INFO: PASSED [] []
[2013-06-19 13:34:06] TestActivateTest::testFindMethodSimple.INFO: PASSED [] []
[2013-06-19 13:34:06] TestHasManyRelationshipTest::testInstantianWithOptions.INFO: PASSED [] []
[2013-06-19 13:34:06] TestHasManyRelationshipTest::testGetMethodWithImageAssoc.ALERT: Failed asserting that null is not null. [] []
[2013-06-19 13:34:06] TestHasManyRelationshipTest::testGetMethodWithImageAssoc.INFO: # FAILED # [] []
[2013-06-19 13:34:06] TestHasManyRelationshipTest::testGetMethodWithImageAssoc.INFO: PASSED [] []
[2013-06-19 13:34:06] TestHasManyRelationshipTest::testGetMethodYieldsResults.INFO: PASSED [] []
[2013-06-19 13:34:06] TestHasOneRelationshipTest::testHasOneInstantiates.INFO: PASSED [] []
[2013-06-19 13:34:06] TestHasOneRelationshipTest::testBuildUpJoins.INFO: PASSED [] []
[2013-06-19 13:34:06] TestHasOneRelationshipTest::testGetHasOneColumns.INFO: PASSED [] []
[2013-06-19 13:34:06] TestHasOneRelationshipTest::testGet.INFO: PASSED [] []
[2013-06-19 13:34:17] TestActivateTest::testHasManyAssociation.INFO: PASSED [] []
[2013-06-19 13:34:17] TestActivateTest::testInstantianThroughModel.INFO: PASSED [] []
[2013-06-19 13:34:17] TestActivateTest::testSettingAttributes.INFO: PASSED [] []
[2013-06-19 13:34:17] TestActivateTest::testMagicSetMethod.INFO: PASSED [] []
[2013-06-19 13:34:17] TestActivateTest::testMagicGetMethod.INFO: PASSED [] []
[2013-06-19 13:34:17] TestActivateTest::testSetWhereMethod.INFO: PASSED [] []
[2013-06-19 13:34:17] TestActivateTest::testSetWhereMethodChaining.INFO: PASSED [] []
[2013-06-19 13:34:17] TestActivateTest::testBuildWhereClauseMethod.INFO: PASSED [] []
[2013-06-19 13:34:17] TestActivateTest::testCleanTableMethod.INFO: PASSED [] []
[2013-06-19 13:34:17] TestActivateTest::testFullTableMethod.INFO: PASSED [] []
[2013-06-19 13:34:17] TestActivateTest::testTableMethod.INFO: PASSED [] []
[2013-06-19 13:34:17] TestActivateTest::testSetUpCourseColumns.INFO: PASSED [] []
[2013-06-19 13:34:17] TestActivateTest::testFindMethodSimple.INFO: PASSED [] []
[2013-06-19 13:34:17] TestHasManyRelationshipTest::testInstantianWithOptions.INFO: PASSED [] []
[2013-06-19 15:04:30] TestActivateTest::testHasManyAssociation.INFO: PASSED [] []
[2013-06-19 15:04:30] TestActivateTest::testInstantianThroughModel.INFO: PASSED [] []
[2013-06-19 15:04:30] TestActivateTest::testSettingAttributes.INFO: PASSED [] []
[2013-06-19 15:04:30] TestActivateTest::testMagicSetMethod.INFO: PASSED [] []
[2013-06-19 15:04:30] TestActivateTest::testMagicGetMethod.INFO: PASSED [] []
[2013-06-19 15:04:30] TestActivateTest::testSetWhereMethod.INFO: PASSED [] []
[2013-06-19 15:04:30] TestActivateTest::testSetWhereMethodChaining.INFO: PASSED [] []
[2013-06-19 15:04:30] TestActivateTest::testBuildWhereClauseMethod.INFO: PASSED [] []
[2013-06-19 15:04:30] TestActivateTest::testCleanTableMethod.INFO: PASSED [] []
[2013-06-19 15:04:30] TestActivateTest::testFullTableMethod.INFO: PASSED [] []
[2013-06-19 15:04:30] TestActivateTest::testTableMethod.INFO: PASSED [] []
[2013-06-19 15:04:30] TestActivateTest::testSetUpCourseColumns.INFO: PASSED [] []
[2013-06-19 15:04:30] TestActivateTest::testFindMethodSimple.INFO: PASSED [] []
[2013-06-19 15:04:30] TestHasManyRelationshipTest::testInstantianWithOptions.INFO: PASSED [] []
[2013-06-19 15:04:34] TestActivateTest::testHasManyAssociation.INFO: PASSED [] []
[2013-06-19 15:04:34] TestActivateTest::testInstantianThroughModel.INFO: PASSED [] []
[2013-06-19 15:04:34] TestActivateTest::testSettingAttributes.INFO: PASSED [] []
[2013-06-19 15:04:34] TestActivateTest::testMagicSetMethod.INFO: PASSED [] []
[2013-06-19 15:04:34] TestActivateTest::testMagicGetMethod.INFO: PASSED [] []
[2013-06-19 15:04:34] TestActivateTest::testSetWhereMethod.INFO: PASSED [] []
[2013-06-19 15:04:34] TestActivateTest::testSetWhereMethodChaining.INFO: PASSED [] []
[2013-06-19 15:04:34] TestActivateTest::testBuildWhereClauseMethod.INFO: PASSED [] []
[2013-06-19 15:04:34] TestActivateTest::testCleanTableMethod.INFO: PASSED [] []
[2013-06-19 15:04:34] TestActivateTest::testFullTableMethod.INFO: PASSED [] []
[2013-06-19 15:04:34] TestActivateTest::testTableMethod.INFO: PASSED [] []
[2013-06-19 15:04:34] TestActivateTest::testSetUpCourseColumns.INFO: PASSED [] []
[2013-06-19 15:04:34] TestActivateTest::testFindMethodSimple.INFO: PASSED [] []
[2013-06-19 15:04:34] TestHasManyRelationshipTest::testInstantianWithOptions.INFO: PASSED [] []
[2013-06-19 15:04:34] TestHasManyRelationshipTest::testGetMethodWithImageAssoc.ALERT: Failed asserting that null is not null. [] []
[2013-06-19 15:04:34] TestHasManyRelationshipTest::testGetMethodWithImageAssoc.INFO: # FAILED # [] []
[2013-06-19 15:04:34] TestHasManyRelationshipTest::testGetMethodWithImageAssoc.INFO: PASSED [] []
[2013-06-19 15:04:34] TestHasManyRelationshipTest::testGetMethodYieldsResults.INFO: PASSED [] []
[2013-06-19 15:04:34] TestHasOneRelationshipTest::testHasOneInstantiates.INFO: PASSED [] []
[2013-06-19 15:04:34] TestHasOneRelationshipTest::testBuildUpJoins.INFO: PASSED [] []
[2013-06-19 15:04:34] TestHasOneRelationshipTest::testGetHasOneColumns.INFO: PASSED [] []
[2013-06-19 15:04:34] TestHasOneRelationshipTest::testGet.INFO: PASSED [] []
[2013-06-19 15:04:36] TestActivateTest::testHasManyAssociation.INFO: PASSED [] []
[2013-06-19 15:04:36] TestActivateTest::testInstantianThroughModel.INFO: PASSED [] []
[2013-06-19 15:04:36] TestActivateTest::testSettingAttributes.INFO: PASSED [] []
[2013-06-19 15:04:36] TestActivateTest::testMagicSetMethod.INFO: PASSED [] []
[2013-06-19 15:04:36] TestActivateTest::testMagicGetMethod.INFO: PASSED [] []
[2013-06-19 15:04:36] TestActivateTest::testSetWhereMethod.INFO: PASSED [] []
[2013-06-19 15:04:36] TestActivateTest::testSetWhereMethodChaining.INFO: PASSED [] []
[2013-06-19 15:04:36] TestActivateTest::testBuildWhereClauseMethod.INFO: PASSED [] []
[2013-06-19 15:04:36] TestActivateTest::testCleanTableMethod.INFO: PASSED [] []
[2013-06-19 15:04:36] TestActivateTest::testFullTableMethod.INFO: PASSED [] []
[2013-06-19 15:04:36] TestActivateTest::testTableMethod.INFO: PASSED [] []
[2013-06-19 15:04:36] TestActivateTest::testSetUpCourseColumns.INFO: PASSED [] []
[2013-06-19 15:04:36] TestActivateTest::testFindMethodSimple.INFO: PASSED [] []
[2013-06-19 15:04:36] TestHasManyRelationshipTest::testInstantianWithOptions.INFO: PASSED [] []
[2013-06-19 15:05:13] TestActivateTest::testHasManyAssociation.INFO: PASSED [] []
[2013-06-19 15:05:13] TestActivateTest::testInstantianThroughModel.INFO: PASSED [] []
[2013-06-19 15:05:13] TestActivateTest::testSettingAttributes.INFO: PASSED [] []
[2013-06-19 15:05:13] TestActivateTest::testMagicSetMethod.INFO: PASSED [] []
[2013-06-19 15:05:13] TestActivateTest::testMagicGetMethod.INFO: PASSED [] []
[2013-06-19 15:05:13] TestActivateTest::testSetWhereMethod.INFO: PASSED [] []
[2013-06-19 15:05:13] TestActivateTest::testSetWhereMethodChaining.INFO: PASSED [] []
[2013-06-19 15:05:13] TestActivateTest::testBuildWhereClauseMethod.INFO: PASSED [] []
[2013-06-19 15:05:13] TestActivateTest::testCleanTableMethod.INFO: PASSED [] []
[2013-06-19 15:05:13] TestActivateTest::testFullTableMethod.INFO: PASSED [] []
[2013-06-19 15:05:13] TestActivateTest::testTableMethod.INFO: PASSED [] []
[2013-06-19 15:05:13] TestActivateTest::testSetUpCourseColumns.INFO: PASSED [] []
[2013-06-19 15:05:13] TestActivateTest::testFindMethodSimple.INFO: PASSED [] []
[2013-06-19 15:05:13] TestHasManyRelationshipTest::testInstantianWithOptions.INFO: PASSED [] []
[2013-06-19 15:05:13] TestHasManyRelationshipTest::testGetMethodWithImageAssoc.ALERT: Failed asserting that null is not null. [] []
[2013-06-19 15:05:13] TestHasManyRelationshipTest::testGetMethodWithImageAssoc.INFO: # FAILED # [] []
[2013-06-19 15:05:13] TestHasManyRelationshipTest::testGetMethodWithImageAssoc.INFO: PASSED [] []
[2013-06-19 15:05:13] TestHasManyRelationshipTest::testGetMethodYieldsResults.INFO: PASSED [] []
[2013-06-19 15:05:13] TestHasOneRelationshipTest::testHasOneInstantiates.INFO: PASSED [] []
[2013-06-19 15:05:13] TestHasOneRelationshipTest::testBuildUpJoins.INFO: PASSED [] []
[2013-06-19 15:05:13] TestHasOneRelationshipTest::testGetHasOneColumns.INFO: PASSED [] []
[2013-06-19 15:05:13] TestHasOneRelationshipTest::testGet.INFO: PASSED [] []
[2013-06-19 15:08:46] TestActivateTest::testHasManyAssociation.INFO: PASSED [] []
[2013-06-19 15:08:46] TestActivateTest::testInstantianThroughModel.INFO: PASSED [] []
[2013-06-19 15:08:46] TestActivateTest::testSettingAttributes.INFO: PASSED [] []
[2013-06-19 15:08:46] TestActivateTest::testMagicSetMethod.INFO: PASSED [] []
[2013-06-19 15:08:46] TestActivateTest::testMagicGetMethod.INFO: PASSED [] []
[2013-06-19 15:08:46] TestActivateTest::testSetWhereMethod.INFO: PASSED [] []
[2013-06-19 15:08:46] TestActivateTest::testSetWhereMethodChaining.INFO: PASSED [] []
[2013-06-19 15:08:46] TestActivateTest::testBuildWhereClauseMethod.INFO: PASSED [] []
[2013-06-19 15:08:46] TestActivateTest::testCleanTableMethod.INFO: PASSED [] []
[2013-06-19 15:08:46] TestActivateTest::testFullTableMethod.INFO: PASSED [] []
[2013-06-19 15:08:46] TestActivateTest::testTableMethod.INFO: PASSED [] []
[2013-06-19 15:08:46] TestActivateTest::testSetUpCourseColumns.INFO: PASSED [] []
[2013-06-19 15:08:46] TestActivateTest::testFindMethodSimple.INFO: PASSED [] []
[2013-06-19 15:08:46] TestHasManyRelationshipTest::testInstantianWithOptions.INFO: PASSED [] []
[2013-06-19 15:08:46] TestHasManyRelationshipTest::testGetMethodWithImageAssoc.ALERT: Failed asserting that null is not null. [] []
[2013-06-19 15:08:46] TestHasManyRelationshipTest::testGetMethodWithImageAssoc.INFO: # FAILED # [] []
[2013-06-19 15:08:46] TestHasManyRelationshipTest::testGetMethodWithImageAssoc.INFO: PASSED [] []
[2013-06-19 15:08:46] TestHasManyRelationshipTest::testGetMethodYieldsResults.INFO: PASSED [] []
[2013-06-19 15:08:46] TestHasOneRelationshipTest::testHasOneInstantiates.INFO: PASSED [] []
[2013-06-19 15:08:46] TestHasOneRelationshipTest::testBuildUpJoins.INFO: PASSED [] []
[2013-06-19 15:08:46] TestHasOneRelationshipTest::testGetHasOneColumns.INFO: PASSED [] []
[2013-06-19 15:08:46] TestHasOneRelationshipTest::testGet.INFO: PASSED [] []
[2013-06-19 15:09:46] TestActivateTest::testHasManyAssociation.INFO: PASSED [] []
[2013-06-19 15:09:46] TestActivateTest::testInstantianThroughModel.INFO: PASSED [] []
[2013-06-19 15:09:46] TestActivateTest::testSettingAttributes.INFO: PASSED [] []
[2013-06-19 15:09:46] TestActivateTest::testMagicSetMethod.INFO: PASSED [] []
[2013-06-19 15:09:46] TestActivateTest::testMagicGetMethod.INFO: PASSED [] []
[2013-06-19 15:09:46] TestActivateTest::testSetWhereMethod.INFO: PASSED [] []
[2013-06-19 15:09:46] TestActivateTest::testSetWhereMethodChaining.INFO: PASSED [] []
[2013-06-19 15:09:46] TestActivateTest::testBuildWhereClauseMethod.INFO: PASSED [] []
[2013-06-19 15:09:46] TestActivateTest::testCleanTableMethod.INFO: PASSED [] []
[2013-06-19 15:09:46] TestActivateTest::testFullTableMethod.INFO: PASSED [] []
[2013-06-19 15:09:46] TestActivateTest::testTableMethod.INFO: PASSED [] []
[2013-06-19 15:09:46] TestActivateTest::testSetUpCourseColumns.INFO: PASSED [] []
[2013-06-19 15:09:46] TestActivateTest::testFindMethodSimple.INFO: PASSED [] []
[2013-06-19 15:09:46] TestHasManyRelationshipTest::testInstantianWithOptions.INFO: PASSED [] []
[2013-06-19 15:09:46] TestHasManyRelationshipTest::testGetMethodWithImageAssoc.ALERT: Failed asserting that null is not null. [] []
[2013-06-19 15:09:46] TestHasManyRelationshipTest::testGetMethodWithImageAssoc.INFO: # FAILED # [] []
[2013-06-19 15:09:46] TestHasManyRelationshipTest::testGetMethodWithImageAssoc.INFO: PASSED [] []
[2013-06-19 15:09:46] TestHasManyRelationshipTest::testGetMethodYieldsResults.INFO: PASSED [] []
[2013-06-19 15:09:46] TestHasOneRelationshipTest::testHasOneInstantiates.INFO: PASSED [] []
[2013-06-19 15:09:46] TestHasOneRelationshipTest::testBuildUpJoins.INFO: PASSED [] []
[2013-06-19 15:09:46] TestHasOneRelationshipTest::testGetHasOneColumns.INFO: PASSED [] []
[2013-06-19 15:09:46] TestHasOneRelationshipTest::testGet.INFO: PASSED [] []
[2013-06-19 15:09:48] TestActivateTest::testHasManyAssociation.INFO: PASSED [] []
[2013-06-19 15:09:48] TestActivateTest::testInstantianThroughModel.INFO: PASSED [] []
[2013-06-19 15:09:48] TestActivateTest::testSettingAttributes.INFO: PASSED [] []
[2013-06-19 15:09:48] TestActivateTest::testMagicSetMethod.INFO: PASSED [] []
[2013-06-19 15:09:48] TestActivateTest::testMagicGetMethod.INFO: PASSED [] []
[2013-06-19 15:09:48] TestActivateTest::testSetWhereMethod.INFO: PASSED [] []
[2013-06-19 15:09:48] TestActivateTest::testSetWhereMethodChaining.INFO: PASSED [] []
[2013-06-19 15:09:48] TestActivateTest::testBuildWhereClauseMethod.INFO: PASSED [] []
[2013-06-19 15:09:48] TestActivateTest::testCleanTableMethod.INFO: PASSED [] []
[2013-06-19 15:09:48] TestActivateTest::testFullTableMethod.INFO: PASSED [] []
[2013-06-19 15:09:48] TestActivateTest::testTableMethod.INFO: PASSED [] []
[2013-06-19 15:09:48] TestActivateTest::testSetUpCourseColumns.INFO: PASSED [] []
[2013-06-19 15:09:49] TestActivateTest::testFindMethodSimple.INFO: PASSED [] []
[2013-06-19 15:09:49] TestHasManyRelationshipTest::testInstantianWithOptions.INFO: PASSED [] []
[2013-06-19 15:09:49] TestHasManyRelationshipTest::testGetMethodWithImageAssoc.ALERT: Failed asserting that null is not null. [] []
[2013-06-19 15:09:49] TestHasManyRelationshipTest::testGetMethodWithImageAssoc.INFO: # FAILED # [] []
[2013-06-19 15:09:49] TestHasManyRelationshipTest::testGetMethodWithImageAssoc.INFO: PASSED [] []
[2013-06-19 15:09:49] TestHasManyRelationshipTest::testGetMethodYieldsResults.INFO: PASSED [] []
[2013-06-19 15:09:49] TestHasOneRelationshipTest::testHasOneInstantiates.INFO: PASSED [] []
[2013-06-19 15:09:49] TestHasOneRelationshipTest::testBuildUpJoins.INFO: PASSED [] []
[2013-06-19 15:09:49] TestHasOneRelationshipTest::testGetHasOneColumns.INFO: PASSED [] []
[2013-06-19 15:09:49] TestHasOneRelationshipTest::testGet.INFO: PASSED [] []
[2013-06-19 15:09:59] TestActivateTest::testHasManyAssociation.INFO: PASSED [] []
[2013-06-19 15:09:59] TestActivateTest::testInstantianThroughModel.INFO: PASSED [] []
[2013-06-19 15:09:59] TestActivateTest::testSettingAttributes.INFO: PASSED [] []
[2013-06-19 15:09:59] TestActivateTest::testMagicSetMethod.INFO: PASSED [] []
[2013-06-19 15:09:59] TestActivateTest::testMagicGetMethod.INFO: PASSED [] []
[2013-06-19 15:09:59] TestActivateTest::testSetWhereMethod.INFO: PASSED [] []
[2013-06-19 15:09:59] TestActivateTest::testSetWhereMethodChaining.INFO: PASSED [] []
[2013-06-19 15:09:59] TestActivateTest::testBuildWhereClauseMethod.INFO: PASSED [] []
[2013-06-19 15:09:59] TestActivateTest::testCleanTableMethod.INFO: PASSED [] []
[2013-06-19 15:09:59] TestActivateTest::testFullTableMethod.INFO: PASSED [] []
[2013-06-19 15:09:59] TestActivateTest::testTableMethod.INFO: PASSED [] []
[2013-06-19 15:09:59] TestActivateTest::testSetUpCourseColumns.INFO: PASSED [] []
[2013-06-19 15:09:59] TestActivateTest::testFindMethodSimple.INFO: PASSED [] []
[2013-06-19 15:09:59] TestHasManyRelationshipTest::testInstantianWithOptions.INFO: PASSED [] []
[2013-06-19 15:10:24] TestActivateTest::testHasManyAssociation.INFO: PASSED [] []
[2013-06-19 15:10:24] TestActivateTest::testInstantianThroughModel.INFO: PASSED [] []
[2013-06-19 15:10:24] TestActivateTest::testSettingAttributes.INFO: PASSED [] []
[2013-06-19 15:10:24] TestActivateTest::testMagicSetMethod.INFO: PASSED [] []
[2013-06-19 15:10:24] TestActivateTest::testMagicGetMethod.INFO: PASSED [] []
[2013-06-19 15:10:24] TestActivateTest::testSetWhereMethod.INFO: PASSED [] []
[2013-06-19 15:10:24] TestActivateTest::testSetWhereMethodChaining.INFO: PASSED [] []
[2013-06-19 15:10:24] TestActivateTest::testBuildWhereClauseMethod.INFO: PASSED [] []
[2013-06-19 15:10:24] TestActivateTest::testCleanTableMethod.INFO: PASSED [] []
[2013-06-19 15:10:24] TestActivateTest::testFullTableMethod.INFO: PASSED [] []
[2013-06-19 15:10:24] TestActivateTest::testTableMethod.INFO: PASSED [] []
[2013-06-19 15:10:24] TestActivateTest::testSetUpCourseColumns.INFO: PASSED [] []
[2013-06-19 15:10:24] TestActivateTest::testFindMethodSimple.INFO: PASSED [] []
[2013-06-19 15:10:24] TestHasManyRelationshipTest::testInstantianWithOptions.INFO: PASSED [] []
[2013-06-19 15:10:24] TestHasManyRelationshipTest::testGetMethodWithImageAssoc.INFO: PASSED [] []
[2013-06-19 15:10:24] TestHasManyRelationshipTest::testGetMethodYieldsResults.INFO: PASSED [] []
[2013-06-19 15:10:24] TestHasOneRelationshipTest::testHasOneInstantiates.INFO: PASSED [] []
[2013-06-19 15:10:24] TestHasOneRelationshipTest::testBuildUpJoins.INFO: PASSED [] []
[2013-06-19 15:10:24] TestHasOneRelationshipTest::testGetHasOneColumns.INFO: PASSED [] []
[2013-06-19 15:10:24] TestHasOneRelationshipTest::testGet.INFO: PASSED [] []
[2013-06-19 15:12:27] TestActivateTest::testHasManyAssociation.INFO: PASSED [] []
[2013-06-19 15:12:27] TestActivateTest::testInstantianThroughModel.INFO: PASSED [] []
[2013-06-19 15:12:27] TestActivateTest::testSettingAttributes.INFO: PASSED [] []
[2013-06-19 15:12:27] TestActivateTest::testMagicSetMethod.INFO: PASSED [] []
[2013-06-19 15:12:27] TestActivateTest::testMagicGetMethod.INFO: PASSED [] []
[2013-06-19 15:12:27] TestActivateTest::testSetWhereMethod.INFO: PASSED [] []
[2013-06-19 15:12:27] TestActivateTest::testSetWhereMethodChaining.INFO: PASSED [] []
[2013-06-19 15:12:27] TestActivateTest::testBuildWhereClauseMethod.INFO: PASSED [] []
[2013-06-19 15:12:27] TestActivateTest::testCleanTableMethod.INFO: PASSED [] []
[2013-06-19 15:12:27] TestActivateTest::testFullTableMethod.INFO: PASSED [] []
[2013-06-19 15:12:27] TestActivateTest::testTableMethod.INFO: PASSED [] []
[2013-06-19 15:12:27] TestActivateTest::testSetUpCourseColumns.INFO: PASSED [] []
[2013-06-19 15:12:27] TestActivateTest::testFindMethodSimple.INFO: PASSED [] []
[2013-06-19 15:12:27] TestHasManyRelationshipTest::testInstantianWithOptions.INFO: PASSED [] []
[2013-06-19 15:12:27] TestHasManyRelationshipTest::testGetMethodWithImageAssoc.INFO: PASSED [] []
[2013-06-19 15:12:27] TestHasManyRelationshipTest::testGetMethodYieldsResults.INFO: PASSED [] []
[2013-06-19 15:12:27] TestHasOneRelationshipTest::testHasOneInstantiates.INFO: PASSED [] []
[2013-06-19 15:12:27] TestHasOneRelationshipTest::testBuildUpJoins.INFO: PASSED [] []
[2013-06-19 15:12:27] TestHasOneRelationshipTest::testGetHasOneColumns.INFO: PASSED [] []
[2013-06-19 15:12:27] TestHasOneRelationshipTest::testGet.INFO: PASSED [] []
[2013-06-19 15:12:29] TestActivateTest::testHasManyAssociation.INFO: PASSED [] []
[2013-06-19 15:12:29] TestActivateTest::testInstantianThroughModel.INFO: PASSED [] []
[2013-06-19 15:12:29] TestActivateTest::testSettingAttributes.INFO: PASSED [] []
[2013-06-19 15:12:29] TestActivateTest::testMagicSetMethod.INFO: PASSED [] []
[2013-06-19 15:12:29] TestActivateTest::testMagicGetMethod.INFO: PASSED [] []
[2013-06-19 15:12:29] TestActivateTest::testSetWhereMethod.INFO: PASSED [] []
[2013-06-19 15:12:29] TestActivateTest::testSetWhereMethodChaining.INFO: PASSED [] []
[2013-06-19 15:12:29] TestActivateTest::testBuildWhereClauseMethod.INFO: PASSED [] []
[2013-06-19 15:12:29] TestActivateTest::testCleanTableMethod.INFO: PASSED [] []
[2013-06-19 15:12:29] TestActivateTest::testFullTableMethod.INFO: PASSED [] []
[2013-06-19 15:12:29] TestActivateTest::testTableMethod.INFO: PASSED [] []
[2013-06-19 15:12:29] TestActivateTest::testSetUpCourseColumns.INFO: PASSED [] []
[2013-06-19 15:12:29] TestActivateTest::testFindMethodSimple.INFO: PASSED [] []
[2013-06-19 15:12:29] TestHasManyRelationshipTest::testInstantianWithOptions.INFO: PASSED [] []
[2013-06-19 15:12:29] TestHasManyRelationshipTest::testGetMethodWithImageAssoc.INFO: PASSED [] []
[2013-06-19 15:12:29] TestHasManyRelationshipTest::testGetMethodYieldsResults.INFO: PASSED [] []
[2013-06-19 15:12:29] TestHasOneRelationshipTest::testHasOneInstantiates.INFO: PASSED [] []
[2013-06-19 15:12:29] TestHasOneRelationshipTest::testBuildUpJoins.INFO: PASSED [] []
[2013-06-19 15:12:29] TestHasOneRelationshipTest::testGetHasOneColumns.INFO: PASSED [] []
[2013-06-19 15:12:29] TestHasOneRelationshipTest::testGet.INFO: PASSED [] []
[2013-06-19 15:13:53] TestActivateTest::testInstantianThroughModel.INFO: PASSED [] []
[2013-06-19 15:13:53] TestActivateTest::testSettingAttributes.INFO: PASSED [] []
[2013-06-19 15:13:53] TestActivateTest::testMagicSetMethod.INFO: PASSED [] []
[2013-06-19 15:13:53] TestActivateTest::testMagicGetMethod.INFO: PASSED [] []
[2013-06-19 15:13:53] TestActivateTest::testSetWhereMethod.INFO: PASSED [] []
[2013-06-19 15:13:53] TestActivateTest::testSetWhereMethodChaining.INFO: PASSED [] []
[2013-06-19 15:13:53] TestActivateTest::testBuildWhereClauseMethod.INFO: PASSED [] []
[2013-06-19 15:13:53] TestActivateTest::testCleanTableMethod.INFO: PASSED [] []
[2013-06-19 15:13:53] TestActivateTest::testFullTableMethod.INFO: PASSED [] []
[2013-06-19 15:13:53] TestActivateTest::testTableMethod.INFO: PASSED [] []
[2013-06-19 15:13:53] TestActivateTest::testSetUpCourseColumns.INFO: PASSED [] []
[2013-06-19 15:13:53] TestActivateTest::testFindMethodSimple.INFO: PASSED [] []
[2013-06-19 15:13:53] TestActivateTest::testHasManyAssociation.INFO: PASSED [] []
[2013-06-19 15:13:53] TestHasManyRelationshipTest::testInstantianWithOptions.INFO: PASSED [] []
[2013-06-19 15:13:53] TestHasManyRelationshipTest::testGetMethodWithImageAssoc.INFO: PASSED [] []
[2013-06-19 15:13:53] TestHasManyRelationshipTest::testGetMethodYieldsResults.INFO: PASSED [] []
[2013-06-19 15:13:53] TestHasOneRelationshipTest::testHasOneInstantiates.INFO: PASSED [] []
[2013-06-19 15:13:53] TestHasOneRelationshipTest::testBuildUpJoins.INFO: PASSED [] []
[2013-06-19 15:13:53] TestHasOneRelationshipTest::testGetHasOneColumns.INFO: PASSED [] []
[2013-06-19 15:13:53] TestHasOneRelationshipTest::testGet.INFO: PASSED [] []
[2013-06-19 15:14:08] TestActivateTest::testInstantianThroughModel.INFO: PASSED [] []
[2013-06-19 15:14:08] TestActivateTest::testSettingAttributes.INFO: PASSED [] []
[2013-06-19 15:14:08] TestActivateTest::testMagicSetMethod.INFO: PASSED [] []
[2013-06-19 15:14:08] TestActivateTest::testMagicGetMethod.INFO: PASSED [] []
[2013-06-19 15:14:08] TestActivateTest::testSetWhereMethod.INFO: PASSED [] []
[2013-06-19 15:14:08] TestActivateTest::testSetWhereMethodChaining.INFO: PASSED [] []
[2013-06-19 15:14:08] TestActivateTest::testBuildWhereClauseMethod.INFO: PASSED [] []
[2013-06-19 15:14:08] TestActivateTest::testCleanTableMethod.INFO: PASSED [] []
[2013-06-19 15:14:08] TestActivateTest::testFullTableMethod.INFO: PASSED [] []
[2013-06-19 15:14:08] TestActivateTest::testTableMethod.INFO: PASSED [] []
[2013-06-19 15:14:08] TestActivateTest::testSetUpCourseColumns.INFO: PASSED [] []
[2013-06-19 15:14:08] TestActivateTest::testFindMethodSimple.INFO: PASSED [] []
[2013-06-19 15:14:08] TestActivateTest::testHasManyAssociation.INFO: PASSED [] []
[2013-06-19 15:14:08] TestHasManyRelationshipTest::testInstantianWithOptions.INFO: PASSED [] []
[2013-06-19 15:14:08] TestHasManyRelationshipTest::testGetMethodWithImageAssoc.INFO: PASSED [] []
[2013-06-19 15:14:08] TestHasManyRelationshipTest::testGetMethodYieldsResults.INFO: PASSED [] []
[2013-06-19 15:14:08] TestHasOneRelationshipTest::testHasOneInstantiates.INFO: PASSED [] []
[2013-06-19 15:14:08] TestHasOneRelationshipTest::testBuildUpJoins.INFO: PASSED [] []
[2013-06-19 15:14:08] TestHasOneRelationshipTest::testGetHasOneColumns.INFO: PASSED [] []
[2013-06-19 15:14:08] TestHasOneRelationshipTest::testGet.INFO: PASSED [] []
[2013-06-19 15:14:36] TestActivateTest::testInstantianThroughModel.INFO: PASSED [] []
[2013-06-19 15:14:36] TestActivateTest::testSettingAttributes.INFO: PASSED [] []
[2013-06-19 15:14:36] TestActivateTest::testMagicSetMethod.INFO: PASSED [] []
[2013-06-19 15:14:36] TestActivateTest::testMagicGetMethod.INFO: PASSED [] []
[2013-06-19 15:14:36] TestActivateTest::testSetWhereMethod.INFO: PASSED [] []
[2013-06-19 15:14:36] TestActivateTest::testSetWhereMethodChaining.INFO: PASSED [] []
[2013-06-19 15:14:36] TestActivateTest::testBuildWhereClauseMethod.INFO: PASSED [] []
[2013-06-19 15:14:36] TestActivateTest::testCleanTableMethod.INFO: PASSED [] []
[2013-06-19 15:14:36] TestActivateTest::testFullTableMethod.INFO: PASSED [] []
[2013-06-19 15:14:36] TestActivateTest::testTableMethod.INFO: PASSED [] []
[2013-06-19 15:14:36] TestActivateTest::testSetUpCourseColumns.INFO: PASSED [] []
[2013-06-19 15:14:40] TestActivateTest::testInstantianThroughModel.INFO: PASSED [] []
[2013-06-19 15:14:40] TestActivateTest::testSettingAttributes.INFO: PASSED [] []
[2013-06-19 15:14:40] TestActivateTest::testMagicSetMethod.INFO: PASSED [] []
[2013-06-19 15:14:40] TestActivateTest::testMagicGetMethod.INFO: PASSED [] []
[2013-06-19 15:14:40] TestActivateTest::testSetWhereMethod.INFO: PASSED [] []
[2013-06-19 15:14:40] TestActivateTest::testSetWhereMethodChaining.INFO: PASSED [] []
[2013-06-19 15:14:40] TestActivateTest::testBuildWhereClauseMethod.INFO: PASSED [] []
[2013-06-19 15:14:40] TestActivateTest::testCleanTableMethod.INFO: PASSED [] []
[2013-06-19 15:14:40] TestActivateTest::testFullTableMethod.INFO: PASSED [] []
[2013-06-19 15:14:40] TestActivateTest::testTableMethod.INFO: PASSED [] []
[2013-06-19 15:14:40] TestActivateTest::testSetUpCourseColumns.INFO: PASSED [] []
[2013-06-19 15:14:40] TestActivateTest::testFindMethodSimple.INFO: PASSED [] []
[2013-06-19 15:14:40] TestActivateTest::testHasManyAssociation.INFO: PASSED [] []
[2013-06-19 15:14:40] TestHasManyRelationshipTest::testInstantianWithOptions.INFO: PASSED [] []
[2013-06-19 15:14:40] TestHasManyRelationshipTest::testGetMethodWithImageAssoc.INFO: PASSED [] []
[2013-06-19 15:14:40] TestHasManyRelationshipTest::testGetMethodYieldsResults.INFO: PASSED [] []
[2013-06-19 15:14:40] TestHasOneRelationshipTest::testHasOneInstantiates.INFO: PASSED [] []
[2013-06-19 15:14:40] TestHasOneRelationshipTest::testBuildUpJoins.INFO: PASSED [] []
[2013-06-19 15:14:40] TestHasOneRelationshipTest::testGetHasOneColumns.INFO: PASSED [] []
[2013-06-19 15:14:40] TestHasOneRelationshipTest::testGet.INFO: PASSED [] []
[2013-06-19 15:14:57] TestActivateTest::testInstantianThroughModel.INFO: PASSED [] []
[2013-06-19 15:14:57] TestActivateTest::testSettingAttributes.INFO: PASSED [] []
[2013-06-19 15:14:57] TestActivateTest::testMagicSetMethod.INFO: PASSED [] []
[2013-06-19 15:14:57] TestActivateTest::testMagicGetMethod.INFO: PASSED [] []
[2013-06-19 15:14:57] TestActivateTest::testSetWhereMethod.INFO: PASSED [] []
[2013-06-19 15:14:57] TestActivateTest::testSetWhereMethodChaining.INFO: PASSED [] []
[2013-06-19 15:14:57] TestActivateTest::testBuildWhereClauseMethod.INFO: PASSED [] []
[2013-06-19 15:14:57] TestActivateTest::testCleanTableMethod.INFO: PASSED [] []
[2013-06-19 15:14:57] TestActivateTest::testFullTableMethod.INFO: PASSED [] []
[2013-06-19 15:14:57] TestActivateTest::testTableMethod.INFO: PASSED [] []
[2013-06-19 15:14:57] TestActivateTest::testSetUpCourseColumns.INFO: PASSED [] []
[2013-06-19 15:14:57] TestActivateTest::testFindMethodSimple.INFO: PASSED [] []
[2013-06-19 15:15:46] TestActivateTest::testInstantianThroughModel.INFO: PASSED [] []
[2013-06-19 15:15:46] TestActivateTest::testSettingAttributes.INFO: PASSED [] []
[2013-06-19 15:15:46] TestActivateTest::testMagicSetMethod.INFO: PASSED [] []
[2013-06-19 15:15:46] TestActivateTest::testMagicGetMethod.INFO: PASSED [] []
[2013-06-19 15:15:46] TestActivateTest::testSetWhereMethod.INFO: PASSED [] []
[2013-06-19 15:15:46] TestActivateTest::testSetWhereMethodChaining.INFO: PASSED [] []
[2013-06-19 15:15:46] TestActivateTest::testBuildWhereClauseMethod.INFO: PASSED [] []
[2013-06-19 15:15:46] TestActivateTest::testCleanTableMethod.INFO: PASSED [] []
[2013-06-19 15:15:46] TestActivateTest::testFullTableMethod.INFO: PASSED [] []
[2013-06-19 15:15:46] TestActivateTest::testTableMethod.INFO: PASSED [] []
[2013-06-19 15:15:46] TestActivateTest::testSetUpCourseColumns.INFO: PASSED [] []
[2013-06-19 15:20:24] TestActivateTest::testInstantianThroughModel.INFO: PASSED [] []
[2013-06-19 15:20:24] TestActivateTest::testSettingAttributes.INFO: PASSED [] []
[2013-06-19 15:20:24] TestActivateTest::testMagicSetMethod.INFO: PASSED [] []
[2013-06-19 15:20:24] TestActivateTest::testMagicGetMethod.INFO: PASSED [] []
[2013-06-19 15:20:24] TestActivateTest::testSetWhereMethod.INFO: PASSED [] []
[2013-06-19 15:20:24] TestActivateTest::testSetWhereMethodChaining.INFO: PASSED [] []
[2013-06-19 15:20:24] TestActivateTest::testBuildWhereClauseMethod.INFO: PASSED [] []
[2013-06-19 15:20:24] TestActivateTest::testCleanTableMethod.INFO: PASSED [] []
[2013-06-19 15:20:24] TestActivateTest::testFullTableMethod.INFO: PASSED [] []
[2013-06-19 15:20:24] TestActivateTest::testTableMethod.INFO: PASSED [] []
[2013-06-19 15:20:24] TestActivateTest::testSetUpCourseColumns.INFO: PASSED [] []
[2013-06-19 15:20:24] TestActivateTest::testFindMethodSimple.INFO: PASSED [] []
[2013-06-19 15:20:24] TestActivateTest::testHasManyAssociation.INFO: PASSED [] []
[2013-06-19 15:20:24] TestHasManyRelationshipTest::testInstantianWithOptions.INFO: PASSED [] []
[2013-06-19 15:20:24] TestHasManyRelationshipTest::testGetMethodWithImageAssoc.INFO: PASSED [] []
[2013-06-19 15:20:24] TestHasManyRelationshipTest::testGetMethodYieldsResults.INFO: PASSED [] []
[2013-06-19 15:20:24] TestHasOneRelationshipTest::testHasOneInstantiates.INFO: PASSED [] []
[2013-06-19 15:20:24] TestHasOneRelationshipTest::testBuildUpJoins.INFO: PASSED [] []
[2013-06-19 15:20:24] TestHasOneRelationshipTest::testGetHasOneColumns.INFO: PASSED [] []
[2013-06-19 15:20:24] TestHasOneRelationshipTest::testGet.INFO: PASSED [] []
[2013-06-19 15:20:33] TestActivateTest::testInstantianThroughModel.INFO: PASSED [] []
[2013-06-19 15:20:33] TestActivateTest::testSettingAttributes.INFO: PASSED [] []
[2013-06-19 15:20:33] TestActivateTest::testMagicSetMethod.INFO: PASSED [] []
[2013-06-19 15:20:33] TestActivateTest::testMagicGetMethod.INFO: PASSED [] []
[2013-06-19 15:20:33] TestActivateTest::testSetWhereMethod.INFO: PASSED [] []
[2013-06-19 15:20:33] TestActivateTest::testSetWhereMethodChaining.INFO: PASSED [] []
[2013-06-19 15:20:33] TestActivateTest::testBuildWhereClauseMethod.INFO: PASSED [] []
[2013-06-19 15:20:33] TestActivateTest::testCleanTableMethod.INFO: PASSED [] []
[2013-06-19 15:20:33] TestActivateTest::testFullTableMethod.INFO: PASSED [] []
[2013-06-19 15:20:33] TestActivateTest::testTableMethod.INFO: PASSED [] []
[2013-06-19 15:20:33] TestActivateTest::testSetUpCourseColumns.INFO: PASSED [] []
[2013-06-19 15:20:33] TestActivateTest::testFindMethodSimple.INFO: PASSED [] []
[2013-06-19 15:20:43] TestActivateTest::testInstantianThroughModel.INFO: PASSED [] []
[2013-06-19 15:20:43] TestActivateTest::testSettingAttributes.INFO: PASSED [] []
[2013-06-19 15:20:43] TestActivateTest::testMagicSetMethod.INFO: PASSED [] []
[2013-06-19 15:20:43] TestActivateTest::testMagicGetMethod.INFO: PASSED [] []
[2013-06-19 15:20:43] TestActivateTest::testSetWhereMethod.INFO: PASSED [] []
[2013-06-19 15:20:43] TestActivateTest::testSetWhereMethodChaining.INFO: PASSED [] []
[2013-06-19 15:20:43] TestActivateTest::testBuildWhereClauseMethod.INFO: PASSED [] []
[2013-06-19 15:20:43] TestActivateTest::testCleanTableMethod.INFO: PASSED [] []
[2013-06-19 15:20:43] TestActivateTest::testFullTableMethod.INFO: PASSED [] []
[2013-06-19 15:20:43] TestActivateTest::testTableMethod.INFO: PASSED [] []
[2013-06-19 15:20:43] TestActivateTest::testSetUpCourseColumns.INFO: PASSED [] []
[2013-06-19 15:20:43] TestActivateTest::testFindMethodSimple.INFO: PASSED [] []
[2013-06-19 15:20:43] TestActivateTest::testHasManyAssociation.INFO: PASSED [] []
[2013-06-19 15:20:43] TestHasManyRelationshipTest::testInstantianWithOptions.INFO: PASSED [] []
[2013-06-19 15:20:43] TestHasManyRelationshipTest::testGetMethodWithImageAssoc.INFO: PASSED [] []
[2013-06-19 15:20:43] TestHasManyRelationshipTest::testGetMethodYieldsResults.INFO: PASSED [] []
[2013-06-19 15:20:43] TestHasOneRelationshipTest::testHasOneInstantiates.INFO: PASSED [] []
[2013-06-19 15:20:43] TestHasOneRelationshipTest::testBuildUpJoins.INFO: PASSED [] []
[2013-06-19 15:20:43] TestHasOneRelationshipTest::testGetHasOneColumns.INFO: PASSED [] []
[2013-06-19 15:20:43] TestHasOneRelationshipTest::testGet.INFO: PASSED [] []
[2013-06-19 15:20:59] TestActivateTest::testInstantianThroughModel.INFO: PASSED [] []
[2013-06-19 15:20:59] TestActivateTest::testSettingAttributes.INFO: PASSED [] []
[2013-06-19 15:20:59] TestActivateTest::testMagicSetMethod.INFO: PASSED [] []
[2013-06-19 15:20:59] TestActivateTest::testMagicGetMethod.INFO: PASSED [] []
[2013-06-19 15:20:59] TestActivateTest::testSetWhereMethod.INFO: PASSED [] []
[2013-06-19 15:20:59] TestActivateTest::testSetWhereMethodChaining.INFO: PASSED [] []
[2013-06-19 15:20:59] TestActivateTest::testBuildWhereClauseMethod.INFO: PASSED [] []
[2013-06-19 15:20:59] TestActivateTest::testCleanTableMethod.INFO: PASSED [] []
[2013-06-19 15:20:59] TestActivateTest::testFullTableMethod.INFO: PASSED [] []
[2013-06-19 15:20:59] TestActivateTest::testTableMethod.INFO: PASSED [] []
[2013-06-19 15:20:59] TestActivateTest::testSetUpCourseColumns.INFO: PASSED [] []
[2013-06-19 15:20:59] TestActivateTest::testFindMethodSimple.INFO: PASSED [] []
[2013-06-19 15:20:59] TestActivateTest::testHasManyAssociation.INFO: PASSED [] []
[2013-06-19 15:20:59] TestHasManyRelationshipTest::testInstantianWithOptions.INFO: PASSED [] []
[2013-06-19 15:20:59] TestHasManyRelationshipTest::testGetMethodWithImageAssoc.INFO: PASSED [] []
[2013-06-19 15:20:59] TestHasManyRelationshipTest::testGetMethodYieldsResults.INFO: PASSED [] []
[2013-06-19 15:20:59] TestHasOneRelationshipTest::testHasOneInstantiates.INFO: PASSED [] []
[2013-06-19 15:20:59] TestHasOneRelationshipTest::testBuildUpJoins.INFO: PASSED [] []
[2013-06-19 15:20:59] TestHasOneRelationshipTest::testGetHasOneColumns.INFO: PASSED [] []
[2013-06-19 15:20:59] TestHasOneRelationshipTest::testGet.INFO: PASSED [] []
[2013-06-19 15:24:47] TestActivateTest::testInstantianThroughModel.INFO: PASSED [] []
[2013-06-19 15:24:47] TestActivateTest::testSettingAttributes.INFO: PASSED [] []
[2013-06-19 15:24:47] TestActivateTest::testMagicSetMethod.INFO: PASSED [] []
[2013-06-19 15:24:47] TestActivateTest::testMagicGetMethod.INFO: PASSED [] []
[2013-06-19 15:24:47] TestActivateTest::testSetWhereMethod.INFO: PASSED [] []
[2013-06-19 15:24:47] TestActivateTest::testSetWhereMethodChaining.INFO: PASSED [] []
[2013-06-19 15:24:47] TestActivateTest::testBuildWhereClauseMethod.INFO: PASSED [] []
[2013-06-19 15:24:47] TestActivateTest::testCleanTableMethod.INFO: PASSED [] []
[2013-06-19 15:24:47] TestActivateTest::testFullTableMethod.INFO: PASSED [] []
[2013-06-19 15:24:47] TestActivateTest::testTableMethod.INFO: PASSED [] []
[2013-06-19 15:24:47] TestActivateTest::testSetUpCourseColumns.INFO: PASSED [] []
[2013-06-19 15:24:47] TestActivateTest::testFindMethodSimple.INFO: PASSED [] []
[2013-06-19 15:24:47] TestActivateTest::testHasManyAssociation.INFO: PASSED [] []
[2013-06-19 15:24:47] TestHasManyRelationshipTest::testInstantianWithOptions.INFO: PASSED [] []
[2013-06-19 15:24:47] TestHasManyRelationshipTest::testGetMethodWithImageAssoc.INFO: PASSED [] []
[2013-06-19 15:24:47] TestHasManyRelationshipTest::testGetMethodYieldsResults.INFO: PASSED [] []
[2013-06-19 15:24:47] TestHasOneRelationshipTest::testHasOneInstantiates.INFO: PASSED [] []
[2013-06-19 15:24:47] TestHasOneRelationshipTest::testBuildUpJoins.INFO: PASSED [] []
[2013-06-19 15:24:47] TestHasOneRelationshipTest::testGetHasOneColumns.INFO: PASSED [] []
[2013-06-19 15:24:47] TestHasOneRelationshipTest::testGet.INFO: PASSED [] []
[2013-06-19 15:25:16] TestActivateTest::testInstantianThroughModel.INFO: PASSED [] []
[2013-06-19 15:25:16] TestActivateTest::testSettingAttributes.INFO: PASSED [] []
[2013-06-19 15:25:16] TestActivateTest::testMagicSetMethod.INFO: PASSED [] []
[2013-06-19 15:25:16] TestActivateTest::testMagicGetMethod.INFO: PASSED [] []
[2013-06-19 15:25:16] TestActivateTest::testSetWhereMethod.INFO: PASSED [] []
[2013-06-19 15:25:16] TestActivateTest::testSetWhereMethodChaining.INFO: PASSED [] []
[2013-06-19 15:25:16] TestActivateTest::testBuildWhereClauseMethod.INFO: PASSED [] []
[2013-06-19 15:25:16] TestActivateTest::testCleanTableMethod.INFO: PASSED [] []
[2013-06-19 15:25:16] TestActivateTest::testFullTableMethod.INFO: PASSED [] []
[2013-06-19 15:25:16] TestActivateTest::testTableMethod.INFO: PASSED [] []
[2013-06-19 15:25:16] TestActivateTest::testSetUpCourseColumns.INFO: PASSED [] []
[2013-06-19 15:25:16] TestActivateTest::testFindMethodSimple.INFO: PASSED [] []
[2013-06-19 15:25:16] TestActivateTest::testHasManyAssociation.INFO: PASSED [] []
[2013-06-19 15:25:16] TestHasManyRelationshipTest::testInstantianWithOptions.INFO: PASSED [] []
[2013-06-19 15:25:17] TestHasManyRelationshipTest::testGetMethodWithImageAssoc.INFO: PASSED [] []
[2013-06-19 15:25:17] TestHasManyRelationshipTest::testGetMethodYieldsResults.INFO: PASSED [] []
[2013-06-19 15:25:17] TestHasOneRelationshipTest::testHasOneInstantiates.INFO: PASSED [] []
[2013-06-19 15:25:17] TestHasOneRelationshipTest::testBuildUpJoins.INFO: PASSED [] []
[2013-06-19 15:25:17] TestHasOneRelationshipTest::testGetHasOneColumns.INFO: PASSED [] []
[2013-06-19 15:25:17] TestHasOneRelationshipTest::testGet.INFO: PASSED [] []
[2013-06-19 15:25:50] TestActivateTest::testInstantianThroughModel.INFO: PASSED [] []
[2013-06-19 15:25:50] TestActivateTest::testSettingAttributes.INFO: PASSED [] []
[2013-06-19 15:25:50] TestActivateTest::testMagicSetMethod.INFO: PASSED [] []
[2013-06-19 15:25:50] TestActivateTest::testMagicGetMethod.INFO: PASSED [] []
[2013-06-19 15:25:50] TestActivateTest::testSetWhereMethod.INFO: PASSED [] []
[2013-06-19 15:25:50] TestActivateTest::testSetWhereMethodChaining.INFO: PASSED [] []
[2013-06-19 15:25:50] TestActivateTest::testBuildWhereClauseMethod.INFO: PASSED [] []
[2013-06-19 15:25:50] TestActivateTest::testCleanTableMethod.INFO: PASSED [] []
[2013-06-19 15:25:50] TestActivateTest::testFullTableMethod.INFO: PASSED [] []
[2013-06-19 15:25:50] TestActivateTest::testTableMethod.INFO: PASSED [] []
[2013-06-19 15:25:50] TestActivateTest::testSetUpCourseColumns.INFO: PASSED [] []
[2013-06-19 15:26:23] TestActivateTest::testInstantianThroughModel.INFO: PASSED [] []
[2013-06-19 15:26:23] TestActivateTest::testSettingAttributes.INFO: PASSED [] []
[2013-06-19 15:26:23] TestActivateTest::testMagicSetMethod.INFO: PASSED [] []
[2013-06-19 15:26:23] TestActivateTest::testMagicGetMethod.INFO: PASSED [] []
[2013-06-19 15:26:23] TestActivateTest::testSetWhereMethod.INFO: PASSED [] []
[2013-06-19 15:26:23] TestActivateTest::testSetWhereMethodChaining.INFO: PASSED [] []
[2013-06-19 15:26:23] TestActivateTest::testBuildWhereClauseMethod.INFO: PASSED [] []
[2013-06-19 15:26:23] TestActivateTest::testCleanTableMethod.INFO: PASSED [] []
[2013-06-19 15:26:23] TestActivateTest::testFullTableMethod.INFO: PASSED [] []
[2013-06-19 15:26:23] TestActivateTest::testTableMethod.INFO: PASSED [] []
[2013-06-19 15:26:23] TestActivateTest::testSetUpCourseColumns.INFO: PASSED [] []
[2013-06-19 15:26:28] TestActivateTest::testInstantianThroughModel.INFO: PASSED [] []
[2013-06-19 15:26:28] TestActivateTest::testSettingAttributes.INFO: PASSED [] []
[2013-06-19 15:26:28] TestActivateTest::testMagicSetMethod.INFO: PASSED [] []
[2013-06-19 15:26:28] TestActivateTest::testMagicGetMethod.INFO: PASSED [] []
[2013-06-19 15:26:28] TestActivateTest::testSetWhereMethod.INFO: PASSED [] []
[2013-06-19 15:26:28] TestActivateTest::testSetWhereMethodChaining.INFO: PASSED [] []
[2013-06-19 15:26:28] TestActivateTest::testBuildWhereClauseMethod.INFO: PASSED [] []
[2013-06-19 15:26:28] TestActivateTest::testCleanTableMethod.INFO: PASSED [] []
[2013-06-19 15:26:28] TestActivateTest::testFullTableMethod.INFO: PASSED [] []
[2013-06-19 15:26:28] TestActivateTest::testTableMethod.INFO: PASSED [] []
[2013-06-19 15:26:28] TestActivateTest::testSetUpCourseColumns.INFO: PASSED [] []
[2013-06-19 15:27:05] TestActivateTest::testInstantianThroughModel.INFO: PASSED [] []
[2013-06-19 15:27:05] TestActivateTest::testSettingAttributes.INFO: PASSED [] []
[2013-06-19 15:27:05] TestActivateTest::testMagicSetMethod.INFO: PASSED [] []
[2013-06-19 15:27:05] TestActivateTest::testMagicGetMethod.INFO: PASSED [] []
[2013-06-19 15:27:05] TestActivateTest::testSetWhereMethod.INFO: PASSED [] []
[2013-06-19 15:27:05] TestActivateTest::testSetWhereMethodChaining.INFO: PASSED [] []
[2013-06-19 15:27:05] TestActivateTest::testBuildWhereClauseMethod.INFO: PASSED [] []
[2013-06-19 15:27:05] TestActivateTest::testCleanTableMethod.INFO: PASSED [] []
[2013-06-19 15:27:05] TestActivateTest::testFullTableMethod.INFO: PASSED [] []
[2013-06-19 15:27:05] TestActivateTest::testTableMethod.INFO: PASSED [] []
[2013-06-19 15:27:05] TestActivateTest::testSetUpCourseColumns.INFO: PASSED [] []
[2013-06-19 15:27:15] TestActivateTest::testInstantianThroughModel.INFO: PASSED [] []
[2013-06-19 15:27:15] TestActivateTest::testSettingAttributes.INFO: PASSED [] []
[2013-06-19 15:27:15] TestActivateTest::testMagicSetMethod.INFO: PASSED [] []
[2013-06-19 15:27:15] TestActivateTest::testMagicGetMethod.INFO: PASSED [] []
[2013-06-19 15:27:15] TestActivateTest::testSetWhereMethod.INFO: PASSED [] []
[2013-06-19 15:27:15] TestActivateTest::testSetWhereMethodChaining.INFO: PASSED [] []
[2013-06-19 15:27:15] TestActivateTest::testBuildWhereClauseMethod.INFO: PASSED [] []
[2013-06-19 15:27:15] TestActivateTest::testCleanTableMethod.INFO: PASSED [] []
[2013-06-19 15:27:15] TestActivateTest::testFullTableMethod.INFO: PASSED [] []
[2013-06-19 15:27:15] TestActivateTest::testTableMethod.INFO: PASSED [] []
[2013-06-19 15:27:15] TestActivateTest::testSetUpCourseColumns.INFO: PASSED [] []
[2013-06-19 15:28:57] TestActivateTest::testInstantianThroughModel.INFO: PASSED [] []
[2013-06-19 15:28:57] TestActivateTest::testSettingAttributes.INFO: PASSED [] []
[2013-06-19 15:28:57] TestActivateTest::testMagicSetMethod.INFO: PASSED [] []
[2013-06-19 15:28:57] TestActivateTest::testMagicGetMethod.INFO: PASSED [] []
[2013-06-19 15:28:57] TestActivateTest::testSetWhereMethod.INFO: PASSED [] []
[2013-06-19 15:28:57] TestActivateTest::testSetWhereMethodChaining.INFO: PASSED [] []
[2013-06-19 15:28:57] TestActivateTest::testBuildWhereClauseMethod.INFO: PASSED [] []
[2013-06-19 15:28:57] TestActivateTest::testCleanTableMethod.INFO: PASSED [] []
[2013-06-19 15:28:57] TestActivateTest::testFullTableMethod.INFO: PASSED [] []
[2013-06-19 15:28:57] TestActivateTest::testTableMethod.INFO: PASSED [] []
[2013-06-19 15:28:57] TestActivateTest::testSetUpCourseColumns.INFO: PASSED [] []
[2013-06-19 15:28:57] TestActivateTest::testFindMethodSimple.INFO: PASSED [] []
[2013-06-19 15:28:57] TestActivateTest::testHasManyAssociation.INFO: PASSED [] []
[2013-06-19 15:28:58] TestHasManyRelationshipTest::testInstantianWithOptions.INFO: PASSED [] []
[2013-06-19 15:28:58] TestHasManyRelationshipTest::testGetMethodWithImageAssoc.INFO: PASSED [] []
[2013-06-19 15:28:58] TestHasManyRelationshipTest::testGetMethodYieldsResults.INFO: PASSED [] []
[2013-06-19 15:28:58] TestHasOneRelationshipTest::testHasOneInstantiates.INFO: PASSED [] []
[2013-06-19 15:28:58] TestHasOneRelationshipTest::testBuildUpJoins.INFO: PASSED [] []
[2013-06-19 15:28:58] TestHasOneRelationshipTest::testGetHasOneColumns.INFO: PASSED [] []
[2013-06-19 15:28:58] TestHasOneRelationshipTest::testGet.INFO: PASSED [] []
[2013-06-19 15:29:03] TestActivateTest::testInstantianThroughModel.INFO: PASSED [] []
[2013-06-19 15:29:03] TestActivateTest::testSettingAttributes.INFO: PASSED [] []
[2013-06-19 15:29:03] TestActivateTest::testMagicSetMethod.INFO: PASSED [] []
[2013-06-19 15:29:03] TestActivateTest::testMagicGetMethod.INFO: PASSED [] []
[2013-06-19 15:29:03] TestActivateTest::testSetWhereMethod.INFO: PASSED [] []
[2013-06-19 15:29:03] TestActivateTest::testSetWhereMethodChaining.INFO: PASSED [] []
[2013-06-19 15:29:03] TestActivateTest::testBuildWhereClauseMethod.INFO: PASSED [] []
[2013-06-19 15:29:03] TestActivateTest::testCleanTableMethod.INFO: PASSED [] []
[2013-06-19 15:29:03] TestActivateTest::testFullTableMethod.INFO: PASSED [] []
[2013-06-19 15:29:03] TestActivateTest::testTableMethod.INFO: PASSED [] []
[2013-06-19 15:29:03] TestActivateTest::testSetUpCourseColumns.INFO: PASSED [] []
[2013-06-19 15:29:03] TestActivateTest::testFindMethodSimple.INFO: PASSED [] []
[2013-06-19 15:29:31] TestActivateTest::testInstantianThroughModel.INFO: PASSED [] []
[2013-06-19 15:29:31] TestActivateTest::testSettingAttributes.INFO: PASSED [] []
[2013-06-19 15:29:31] TestActivateTest::testMagicSetMethod.INFO: PASSED [] []
[2013-06-19 15:29:31] TestActivateTest::testMagicGetMethod.INFO: PASSED [] []
[2013-06-19 15:29:31] TestActivateTest::testSetWhereMethod.INFO: PASSED [] []
[2013-06-19 15:29:31] TestActivateTest::testSetWhereMethodChaining.INFO: PASSED [] []
[2013-06-19 15:29:31] TestActivateTest::testBuildWhereClauseMethod.INFO: PASSED [] []
[2013-06-19 15:29:31] TestActivateTest::testCleanTableMethod.INFO: PASSED [] []
[2013-06-19 15:29:31] TestActivateTest::testFullTableMethod.INFO: PASSED [] []
[2013-06-19 15:29:31] TestActivateTest::testTableMethod.INFO: PASSED [] []
[2013-06-19 15:29:31] TestActivateTest::testSetUpCourseColumns.INFO: PASSED [] []
[2013-06-19 15:29:31] TestActivateTest::testFindMethodSimple.INFO: PASSED [] []
[2013-06-19 15:30:08] TestActivateTest::testInstantianThroughModel.INFO: PASSED [] []
[2013-06-19 15:30:08] TestActivateTest::testSettingAttributes.INFO: PASSED [] []
[2013-06-19 15:30:08] TestActivateTest::testMagicSetMethod.INFO: PASSED [] []
[2013-06-19 15:30:08] TestActivateTest::testMagicGetMethod.INFO: PASSED [] []
[2013-06-19 15:30:08] TestActivateTest::testSetWhereMethod.INFO: PASSED [] []
[2013-06-19 15:30:08] TestActivateTest::testSetWhereMethodChaining.INFO: PASSED [] []
[2013-06-19 15:30:08] TestActivateTest::testBuildWhereClauseMethod.INFO: PASSED [] []
[2013-06-19 15:30:08] TestActivateTest::testCleanTableMethod.INFO: PASSED [] []
[2013-06-19 15:30:08] TestActivateTest::testFullTableMethod.INFO: PASSED [] []
[2013-06-19 15:30:08] TestActivateTest::testTableMethod.INFO: PASSED [] []
[2013-06-19 15:30:08] TestActivateTest::testSetUpCourseColumns.INFO: PASSED [] []
[2013-06-19 15:30:08] TestActivateTest::testFindMethodSimple.ALERT: Failed asserting that null is not null. [] []
[2013-06-19 15:30:08] TestActivateTest::testFindMethodSimple.INFO: # FAILED # [] []
[2013-06-19 15:30:08] TestActivateTest::testFindMethodSimple.INFO: PASSED [] []
[2013-06-19 15:30:31] TestActivateTest::testInstantianThroughModel.INFO: PASSED [] []
[2013-06-19 15:30:31] TestActivateTest::testSettingAttributes.INFO: PASSED [] []
[2013-06-19 15:30:31] TestActivateTest::testMagicSetMethod.INFO: PASSED [] []
[2013-06-19 15:30:31] TestActivateTest::testMagicGetMethod.INFO: PASSED [] []
[2013-06-19 15:30:31] TestActivateTest::testSetWhereMethod.INFO: PASSED [] []
[2013-06-19 15:30:31] TestActivateTest::testSetWhereMethodChaining.INFO: PASSED [] []
[2013-06-19 15:30:31] TestActivateTest::testBuildWhereClauseMethod.INFO: PASSED [] []
[2013-06-19 15:30:31] TestActivateTest::testCleanTableMethod.INFO: PASSED [] []
[2013-06-19 15:30:31] TestActivateTest::testFullTableMethod.INFO: PASSED [] []
[2013-06-19 15:30:31] TestActivateTest::testTableMethod.INFO: PASSED [] []
[2013-06-19 15:30:31] TestActivateTest::testSetUpCourseColumns.INFO: PASSED [] []
[2013-06-19 15:30:31] TestActivateTest::testFindMethodSimple.ALERT: Failed asserting that null is not null. [] []
[2013-06-19 15:30:31] TestActivateTest::testFindMethodSimple.INFO: # FAILED # [] []
[2013-06-19 15:30:31] TestActivateTest::testFindMethodSimple.INFO: PASSED [] []
[2013-06-19 15:30:42] TestActivateTest::testInstantianThroughModel.INFO: PASSED [] []
[2013-06-19 15:30:42] TestActivateTest::testSettingAttributes.INFO: PASSED [] []
[2013-06-19 15:30:42] TestActivateTest::testMagicSetMethod.INFO: PASSED [] []
[2013-06-19 15:30:42] TestActivateTest::testMagicGetMethod.INFO: PASSED [] []
[2013-06-19 15:30:42] TestActivateTest::testSetWhereMethod.INFO: PASSED [] []
[2013-06-19 15:30:42] TestActivateTest::testSetWhereMethodChaining.INFO: PASSED [] []
[2013-06-19 15:30:42] TestActivateTest::testBuildWhereClauseMethod.INFO: PASSED [] []
[2013-06-19 15:30:42] TestActivateTest::testCleanTableMethod.INFO: PASSED [] []
[2013-06-19 15:30:42] TestActivateTest::testFullTableMethod.INFO: PASSED [] []
[2013-06-19 15:30:42] TestActivateTest::testTableMethod.INFO: PASSED [] []
[2013-06-19 15:30:42] TestActivateTest::testSetUpCourseColumns.INFO: PASSED [] []
[2013-06-19 15:30:42] TestActivateTest::testFindMethodSimple.ALERT: SQLSTATE[42S02]: Base table or view not found: 1146 Table 'pegisis.has_one' doesn't exist [] []
[2013-06-19 15:30:42] TestActivateTest::testFindMethodSimple.INFO: # ERROR # [] []
[2013-06-19 15:30:42] TestActivateTest::testFindMethodSimple.INFO: PASSED [] []
[2013-06-19 15:30:42] TestActivateTest::testHasManyAssociation.ALERT: SQLSTATE[42S02]: Base table or view not found: 1146 Table 'pegisis.has_one' doesn't exist [] []
[2013-06-19 15:30:42] TestActivateTest::testHasManyAssociation.INFO: # ERROR # [] []
[2013-06-19 15:30:42] TestActivateTest::testHasManyAssociation.INFO: PASSED [] []
[2013-06-19 15:30:42] TestHasManyRelationshipTest::testInstantianWithOptions.INFO: PASSED [] []
[2013-06-19 15:30:42] TestHasManyRelationshipTest::testGetMethodWithImageAssoc.INFO: PASSED [] []
[2013-06-19 15:30:42] TestHasManyRelationshipTest::testGetMethodYieldsResults.INFO: PASSED [] []
[2013-06-19 15:30:42] TestHasOneRelationshipTest::testHasOneInstantiates.INFO: PASSED [] []
[2013-06-19 15:30:42] TestHasOneRelationshipTest::testBuildUpJoins.ALERT: SQLSTATE[42S02]: Base table or view not found: 1146 Table 'pegisis.has_one' doesn't exist [] []
[2013-06-19 15:30:42] TestHasOneRelationshipTest::testBuildUpJoins.INFO: # ERROR # [] []
[2013-06-19 15:30:42] TestHasOneRelationshipTest::testBuildUpJoins.INFO: PASSED [] []
[2013-06-19 15:30:42] TestHasOneRelationshipTest::testGetHasOneColumns.INFO: PASSED [] []
[2013-06-19 15:30:42] TestHasOneRelationshipTest::testGet.ALERT: SQLSTATE[42S02]: Base table or view not found: 1146 Table 'pegisis.has_one' doesn't exist [] []
[2013-06-19 15:30:42] TestHasOneRelationshipTest::testGet.INFO: # ERROR # [] []
[2013-06-19 15:30:42] TestHasOneRelationshipTest::testGet.INFO: PASSED [] []
[2013-06-19 15:30:56] TestActivateTest::testInstantianThroughModel.INFO: PASSED [] []
[2013-06-19 15:30:56] TestActivateTest::testSettingAttributes.INFO: PASSED [] []
[2013-06-19 15:30:56] TestActivateTest::testMagicSetMethod.INFO: PASSED [] []
[2013-06-19 15:30:56] TestActivateTest::testMagicGetMethod.INFO: PASSED [] []
[2013-06-19 15:30:56] TestActivateTest::testSetWhereMethod.INFO: PASSED [] []
[2013-06-19 15:30:56] TestActivateTest::testSetWhereMethodChaining.INFO: PASSED [] []
[2013-06-19 15:30:56] TestActivateTest::testBuildWhereClauseMethod.INFO: PASSED [] []
[2013-06-19 15:30:56] TestActivateTest::testCleanTableMethod.INFO: PASSED [] []
[2013-06-19 15:30:56] TestActivateTest::testFullTableMethod.INFO: PASSED [] []
[2013-06-19 15:30:56] TestActivateTest::testTableMethod.INFO: PASSED [] []
[2013-06-19 15:30:56] TestActivateTest::testSetUpCourseColumns.INFO: PASSED [] []
[2013-06-19 15:30:56] TestActivateTest::testFindMethodSimple.INFO: PASSED [] []
[2013-06-19 15:31:14] TestActivateTest::testInstantianThroughModel.INFO: PASSED [] []
[2013-06-19 15:31:14] TestActivateTest::testSettingAttributes.INFO: PASSED [] []
[2013-06-19 15:31:14] TestActivateTest::testMagicSetMethod.INFO: PASSED [] []
[2013-06-19 15:31:14] TestActivateTest::testMagicGetMethod.INFO: PASSED [] []
[2013-06-19 15:31:14] TestActivateTest::testSetWhereMethod.INFO: PASSED [] []
[2013-06-19 15:31:14] TestActivateTest::testSetWhereMethodChaining.INFO: PASSED [] []
[2013-06-19 15:31:14] TestActivateTest::testBuildWhereClauseMethod.INFO: PASSED [] []
[2013-06-19 15:31:14] TestActivateTest::testCleanTableMethod.INFO: PASSED [] []
[2013-06-19 15:31:14] TestActivateTest::testFullTableMethod.INFO: PASSED [] []
[2013-06-19 15:31:14] TestActivateTest::testTableMethod.INFO: PASSED [] []
[2013-06-19 15:31:14] TestActivateTest::testSetUpCourseColumns.INFO: PASSED [] []
[2013-06-19 15:31:14] TestActivateTest::testFindMethodSimple.INFO: PASSED [] []
[2013-06-19 15:31:25] TestActivateTest::testInstantianThroughModel.INFO: PASSED [] []
[2013-06-19 15:31:25] TestActivateTest::testSettingAttributes.INFO: PASSED [] []
[2013-06-19 15:31:25] TestActivateTest::testMagicSetMethod.INFO: PASSED [] []
[2013-06-19 15:31:25] TestActivateTest::testMagicGetMethod.INFO: PASSED [] []
[2013-06-19 15:31:25] TestActivateTest::testSetWhereMethod.INFO: PASSED [] []
[2013-06-19 15:31:25] TestActivateTest::testSetWhereMethodChaining.INFO: PASSED [] []
[2013-06-19 15:31:25] TestActivateTest::testBuildWhereClauseMethod.INFO: PASSED [] []
[2013-06-19 15:31:25] TestActivateTest::testCleanTableMethod.INFO: PASSED [] []
[2013-06-19 15:31:25] TestActivateTest::testFullTableMethod.INFO: PASSED [] []
[2013-06-19 15:31:25] TestActivateTest::testTableMethod.INFO: PASSED [] []
[2013-06-19 15:31:25] TestActivateTest::testSetUpCourseColumns.INFO: PASSED [] []
[2013-06-19 15:31:25] TestActivateTest::testFindMethodSimple.INFO: PASSED [] []
[2013-06-19 15:32:35] TestActivateTest::testInstantianThroughModel.INFO: PASSED [] []
[2013-06-19 15:32:35] TestActivateTest::testSettingAttributes.INFO: PASSED [] []
[2013-06-19 15:32:35] TestActivateTest::testMagicSetMethod.INFO: PASSED [] []
[2013-06-19 15:32:35] TestActivateTest::testMagicGetMethod.INFO: PASSED [] []
[2013-06-19 15:32:35] TestActivateTest::testSetWhereMethod.INFO: PASSED [] []
[2013-06-19 15:32:35] TestActivateTest::testSetWhereMethodChaining.INFO: PASSED [] []
[2013-06-19 15:32:35] TestActivateTest::testBuildWhereClauseMethod.INFO: PASSED [] []
[2013-06-19 15:32:35] TestActivateTest::testCleanTableMethod.INFO: PASSED [] []
[2013-06-19 15:32:35] TestActivateTest::testFullTableMethod.INFO: PASSED [] []
[2013-06-19 15:32:35] TestActivateTest::testTableMethod.INFO: PASSED [] []
[2013-06-19 15:32:35] TestActivateTest::testSetUpCourseColumns.INFO: PASSED [] []
[2013-06-19 15:32:35] TestActivateTest::testFindMethodSimple.INFO: PASSED [] []
[2013-06-19 15:32:35] TestActivateTest::testHasManyAssociation.INFO: PASSED [] []
[2013-06-19 15:32:35] TestActivateTest::testHasOneAssociation.INFO: PASSED [] []
[2013-06-19 15:32:35] TestHasManyRelationshipTest::testInstantianWithOptions.INFO: PASSED [] []
[2013-06-19 15:32:35] TestHasManyRelationshipTest::testGetMethodWithImageAssoc.INFO: PASSED [] []
[2013-06-19 15:32:35] TestHasManyRelationshipTest::testGetMethodYieldsResults.INFO: PASSED [] []
[2013-06-19 15:32:35] TestHasOneRelationshipTest::testHasOneInstantiates.INFO: PASSED [] []
[2013-06-19 15:32:35] TestHasOneRelationshipTest::testBuildUpJoins.INFO: PASSED [] []
[2013-06-19 15:32:35] TestHasOneRelationshipTest::testGetHasOneColumns.INFO: PASSED [] []
[2013-06-19 15:32:35] TestHasOneRelationshipTest::testGet.INFO: PASSED [] []
[2013-06-19 15:32:44] TestActivateTest::testInstantianThroughModel.INFO: PASSED [] []
[2013-06-19 15:32:44] TestActivateTest::testSettingAttributes.INFO: PASSED [] []
[2013-06-19 15:32:44] TestActivateTest::testMagicSetMethod.INFO: PASSED [] []
[2013-06-19 15:32:44] TestActivateTest::testMagicGetMethod.INFO: PASSED [] []
[2013-06-19 15:32:44] TestActivateTest::testSetWhereMethod.INFO: PASSED [] []
[2013-06-19 15:32:44] TestActivateTest::testSetWhereMethodChaining.INFO: PASSED [] []
[2013-06-19 15:32:44] TestActivateTest::testBuildWhereClauseMethod.INFO: PASSED [] []
[2013-06-19 15:32:44] TestActivateTest::testCleanTableMethod.INFO: PASSED [] []
[2013-06-19 15:32:44] TestActivateTest::testFullTableMethod.INFO: PASSED [] []
[2013-06-19 15:32:44] TestActivateTest::testTableMethod.INFO: PASSED [] []
[2013-06-19 15:32:44] TestActivateTest::testSetUpCourseColumns.INFO: PASSED [] []
[2013-06-19 15:32:45] TestActivateTest::testFindMethodSimple.INFO: PASSED [] []
[2013-06-19 15:32:45] TestActivateTest::testHasManyAssociation.INFO: PASSED [] []
[2013-06-19 15:32:45] TestActivateTest::testHasOneAssociation.INFO: PASSED [] []
[2013-06-19 15:32:45] TestHasManyRelationshipTest::testInstantianWithOptions.INFO: PASSED [] []
[2013-06-19 15:32:45] TestHasManyRelationshipTest::testGetMethodWithImageAssoc.INFO: PASSED [] []
[2013-06-19 15:32:45] TestHasManyRelationshipTest::testGetMethodYieldsResults.INFO: PASSED [] []
[2013-06-19 15:32:45] TestHasOneRelationshipTest::testHasOneInstantiates.INFO: PASSED [] []
[2013-06-19 15:32:45] TestHasOneRelationshipTest::testBuildUpJoins.INFO: PASSED [] []
[2013-06-19 15:32:45] TestHasOneRelationshipTest::testGetHasOneColumns.INFO: PASSED [] []
[2013-06-19 15:32:45] TestHasOneRelationshipTest::testGet.INFO: PASSED [] []
[2013-06-19 15:56:38] TestActivateTest::testInstantianThroughModel.INFO: PASSED [] []
[2013-06-19 15:56:38] TestActivateTest::testSettingAttributes.INFO: PASSED [] []
[2013-06-19 15:56:38] TestActivateTest::testMagicSetMethod.INFO: PASSED [] []
[2013-06-19 15:56:38] TestActivateTest::testMagicGetMethod.INFO: PASSED [] []
[2013-06-19 15:56:38] TestActivateTest::testSetWhereMethod.INFO: PASSED [] []
[2013-06-19 15:56:38] TestActivateTest::testSetWhereMethodChaining.INFO: PASSED [] []
[2013-06-19 15:56:38] TestActivateTest::testBuildWhereClauseMethod.INFO: PASSED [] []
[2013-06-19 15:56:38] TestActivateTest::testCleanTableMethod.INFO: PASSED [] []
[2013-06-19 15:56:38] TestActivateTest::testFullTableMethod.INFO: PASSED [] []
[2013-06-19 15:56:38] TestActivateTest::testTableMethod.INFO: PASSED [] []
[2013-06-19 15:56:38] TestActivateTest::testSetUpCourseColumns.INFO: PASSED [] []
[2013-06-19 15:56:38] TestActivateTest::testFindMethodSimple.INFO: PASSED [] []
[2013-06-19 15:56:38] TestActivateTest::testHasManyAssociation.INFO: PASSED [] []
[2013-06-19 15:56:38] TestActivateTest::testHasOneAssociation.INFO: PASSED [] []
[2013-06-19 15:56:38] TestHasManyRelationshipTest::testInstantianWithOptions.INFO: PASSED [] []
[2013-06-19 15:56:38] TestHasManyRelationshipTest::testGetMethodWithImageAssoc.INFO: PASSED [] []
[2013-06-19 15:56:38] TestHasManyRelationshipTest::testGetMethodYieldsResults.INFO: PASSED [] []
[2013-06-19 15:56:38] TestHasOneRelationshipTest::testHasOneInstantiates.INFO: PASSED [] []
[2013-06-19 15:56:38] TestHasOneRelationshipTest::testBuildUpJoins.INFO: PASSED [] []
[2013-06-19 15:56:38] TestHasOneRelationshipTest::testGetHasOneColumns.INFO: PASSED [] []
[2013-06-19 15:56:38] TestHasOneRelationshipTest::testGet.INFO: PASSED [] []
[2013-06-19 15:58:50] TestActivateTest::testInstantianThroughModel.INFO: PASSED [] []
[2013-06-19 15:58:50] TestActivateTest::testSettingAttributes.INFO: PASSED [] []
[2013-06-19 15:58:51] TestActivateTest::testMagicSetMethod.INFO: PASSED [] []
[2013-06-19 15:58:51] TestActivateTest::testMagicGetMethod.INFO: PASSED [] []
[2013-06-19 15:58:51] TestActivateTest::testSetWhereMethod.INFO: PASSED [] []
[2013-06-19 15:58:51] TestActivateTest::testSetWhereMethodChaining.INFO: PASSED [] []
[2013-06-19 15:58:51] TestActivateTest::testBuildWhereClauseMethod.INFO: PASSED [] []
[2013-06-19 15:58:51] TestActivateTest::testCleanTableMethod.INFO: PASSED [] []
[2013-06-19 15:58:51] TestActivateTest::testFullTableMethod.INFO: PASSED [] []
[2013-06-19 15:58:51] TestActivateTest::testTableMethod.INFO: PASSED [] []
[2013-06-19 15:58:51] TestActivateTest::testSetUpCourseColumns.INFO: PASSED [] []
[2013-06-19 15:58:51] TestActivateTest::testFindMethodSimple.INFO: PASSED [] []
[2013-06-19 15:58:51] TestActivateTest::testHasManyAssociation.INFO: PASSED [] []
[2013-06-19 15:58:51] TestActivateTest::testHasOneAssociation.INFO: PASSED [] []
[2013-06-19 15:58:51] TestHasManyRelationshipTest::testInstantianWithOptions.INFO: PASSED [] []
[2013-06-19 15:58:51] TestHasManyRelationshipTest::testGetMethodWithImageAssoc.INFO: PASSED [] []
[2013-06-19 15:58:51] TestHasManyRelationshipTest::testGetMethodYieldsResults.INFO: PASSED [] []
[2013-06-19 15:58:51] TestHasOneRelationshipTest::testHasOneInstantiates.INFO: PASSED [] []
[2013-06-19 15:58:51] TestHasOneRelationshipTest::testBuildUpJoins.INFO: PASSED [] []
[2013-06-19 15:58:51] TestHasOneRelationshipTest::testGetHasOneColumns.INFO: PASSED [] []
[2013-06-19 15:58:51] TestHasOneRelationshipTest::testGet.INFO: PASSED [] []
[2013-06-19 16:18:50] TestActivateTest::testInstantianThroughModel.INFO: PASSED [] []
[2013-06-19 16:18:50] TestActivateTest::testSettingAttributes.INFO: PASSED [] []
[2013-06-19 16:18:50] TestActivateTest::testMagicSetMethod.INFO: PASSED [] []
[2013-06-19 16:18:50] TestActivateTest::testMagicGetMethod.INFO: PASSED [] []
[2013-06-19 16:18:50] TestActivateTest::testSetWhereMethod.INFO: PASSED [] []
[2013-06-19 16:18:50] TestActivateTest::testSetWhereMethodChaining.INFO: PASSED [] []
[2013-06-19 16:18:50] TestActivateTest::testBuildWhereClauseMethod.INFO: PASSED [] []
[2013-06-19 16:18:50] TestActivateTest::testCleanTableMethod.INFO: PASSED [] []
[2013-06-19 16:18:50] TestActivateTest::testFullTableMethod.INFO: PASSED [] []
[2013-06-19 16:18:50] TestActivateTest::testTableMethod.INFO: PASSED [] []
[2013-06-19 16:18:50] TestActivateTest::testSetUpCourseColumns.INFO: PASSED [] []
[2013-06-19 16:18:50] TestActivateTest::testFindMethodSimple.INFO: PASSED [] []
[2013-06-19 16:18:50] TestActivateTest::testHasManyAssociation.INFO: PASSED [] []
[2013-06-19 16:18:50] TestActivateTest::testHasOneAssociation.INFO: PASSED [] []
[2013-06-19 16:18:50] TestActivateTest::testAllMethod.ALERT: Failed asserting that false is true. [] []
[2013-06-19 16:18:50] TestActivateTest::testAllMethod.INFO: # FAILED # [] []
[2013-06-19 16:18:50] TestActivateTest::testAllMethod.INFO: PASSED [] []
[2013-06-19 16:18:50] TestHasManyRelationshipTest::testInstantianWithOptions.INFO: PASSED [] []
[2013-06-19 16:18:50] TestHasManyRelationshipTest::testGetMethodWithImageAssoc.INFO: PASSED [] []
[2013-06-19 16:18:50] TestHasManyRelationshipTest::testGetMethodYieldsResults.INFO: PASSED [] []
[2013-06-19 16:18:50] TestHasOneRelationshipTest::testHasOneInstantiates.INFO: PASSED [] []
[2013-06-19 16:18:50] TestHasOneRelationshipTest::testBuildUpJoins.INFO: PASSED [] []
[2013-06-19 16:18:50] TestHasOneRelationshipTest::testGetHasOneColumns.INFO: PASSED [] []
[2013-06-19 16:18:50] TestHasOneRelationshipTest::testGet.INFO: PASSED [] []
[2013-06-19 16:19:15] TestActivateTest::testInstantianThroughModel.INFO: PASSED [] []
[2013-06-19 16:19:15] TestActivateTest::testSettingAttributes.INFO: PASSED [] []
[2013-06-19 16:19:15] TestActivateTest::testMagicSetMethod.INFO: PASSED [] []
[2013-06-19 16:19:15] TestActivateTest::testMagicGetMethod.INFO: PASSED [] []
[2013-06-19 16:19:15] TestActivateTest::testSetWhereMethod.INFO: PASSED [] []
[2013-06-19 16:19:15] TestActivateTest::testSetWhereMethodChaining.INFO: PASSED [] []
[2013-06-19 16:19:15] TestActivateTest::testBuildWhereClauseMethod.INFO: PASSED [] []
[2013-06-19 16:19:15] TestActivateTest::testCleanTableMethod.INFO: PASSED [] []
[2013-06-19 16:19:15] TestActivateTest::testFullTableMethod.INFO: PASSED [] []
[2013-06-19 16:19:15] TestActivateTest::testTableMethod.INFO: PASSED [] []
[2013-06-19 16:19:15] TestActivateTest::testSetUpCourseColumns.INFO: PASSED [] []
[2013-06-19 16:19:15] TestActivateTest::testFindMethodSimple.INFO: PASSED [] []
[2013-06-19 16:19:15] TestActivateTest::testHasManyAssociation.INFO: PASSED [] []
[2013-06-19 16:19:15] TestActivateTest::testHasOneAssociation.INFO: PASSED [] []
[2013-06-19 16:19:15] TestActivateTest::testAllMethod.ALERT: Failed asserting that false is true. [] []
[2013-06-19 16:19:15] TestActivateTest::testAllMethod.INFO: # FAILED # [] []
[2013-06-19 16:19:15] TestActivateTest::testAllMethod.INFO: PASSED [] []
[2013-06-19 16:19:15] TestHasManyRelationshipTest::testInstantianWithOptions.INFO: PASSED [] []
[2013-06-19 16:19:15] TestHasManyRelationshipTest::testGetMethodWithImageAssoc.INFO: PASSED [] []
[2013-06-19 16:19:15] TestHasManyRelationshipTest::testGetMethodYieldsResults.INFO: PASSED [] []
[2013-06-19 16:19:15] TestHasOneRelationshipTest::testHasOneInstantiates.INFO: PASSED [] []
[2013-06-19 16:19:15] TestHasOneRelationshipTest::testBuildUpJoins.INFO: PASSED [] []
[2013-06-19 16:19:15] TestHasOneRelationshipTest::testGetHasOneColumns.INFO: PASSED [] []
[2013-06-19 16:19:15] TestHasOneRelationshipTest::testGet.INFO: PASSED [] []
[2013-06-19 16:19:23] TestActivateTest::testInstantianThroughModel.INFO: PASSED [] []
[2013-06-19 16:19:23] TestActivateTest::testSettingAttributes.INFO: PASSED [] []
[2013-06-19 16:19:23] TestActivateTest::testMagicSetMethod.INFO: PASSED [] []
[2013-06-19 16:19:23] TestActivateTest::testMagicGetMethod.INFO: PASSED [] []
[2013-06-19 16:19:23] TestActivateTest::testSetWhereMethod.INFO: PASSED [] []
[2013-06-19 16:19:23] TestActivateTest::testSetWhereMethodChaining.INFO: PASSED [] []
[2013-06-19 16:19:23] TestActivateTest::testBuildWhereClauseMethod.INFO: PASSED [] []
[2013-06-19 16:19:23] TestActivateTest::testCleanTableMethod.INFO: PASSED [] []
[2013-06-19 16:19:23] TestActivateTest::testFullTableMethod.INFO: PASSED [] []
[2013-06-19 16:19:23] TestActivateTest::testTableMethod.INFO: PASSED [] []
[2013-06-19 16:19:23] TestActivateTest::testSetUpCourseColumns.INFO: PASSED [] []
[2013-06-19 16:19:23] TestActivateTest::testFindMethodSimple.INFO: PASSED [] []
[2013-06-19 16:19:23] TestActivateTest::testHasManyAssociation.INFO: PASSED [] []
[2013-06-19 16:19:23] TestActivateTest::testHasOneAssociation.INFO: PASSED [] []
[2013-06-19 16:19:36] TestActivateTest::testInstantianThroughModel.INFO: PASSED [] []
[2013-06-19 16:19:36] TestActivateTest::testSettingAttributes.INFO: PASSED [] []
[2013-06-19 16:19:36] TestActivateTest::testMagicSetMethod.INFO: PASSED [] []
[2013-06-19 16:19:36] TestActivateTest::testMagicGetMethod.INFO: PASSED [] []
[2013-06-19 16:19:36] TestActivateTest::testSetWhereMethod.INFO: PASSED [] []
[2013-06-19 16:19:36] TestActivateTest::testSetWhereMethodChaining.INFO: PASSED [] []
[2013-06-19 16:19:36] TestActivateTest::testBuildWhereClauseMethod.INFO: PASSED [] []
[2013-06-19 16:19:36] TestActivateTest::testCleanTableMethod.INFO: PASSED [] []
[2013-06-19 16:19:36] TestActivateTest::testFullTableMethod.INFO: PASSED [] []
[2013-06-19 16:19:36] TestActivateTest::testTableMethod.INFO: PASSED [] []
[2013-06-19 16:19:36] TestActivateTest::testSetUpCourseColumns.INFO: PASSED [] []
[2013-06-19 16:19:36] TestActivateTest::testFindMethodSimple.INFO: PASSED [] []
[2013-06-19 16:19:36] TestActivateTest::testHasManyAssociation.INFO: PASSED [] []
[2013-06-19 16:19:36] TestActivateTest::testHasOneAssociation.INFO: PASSED [] []
[2013-06-19 16:20:10] TestActivateTest::testInstantianThroughModel.INFO: PASSED [] []
[2013-06-19 16:20:34] TestActivateTest::testInstantianThroughModel.INFO: PASSED [] []
[2013-06-19 16:20:50] TestActivateTest::testInstantianThroughModel.INFO: PASSED [] []
[2013-06-19 16:21:07] TestActivateTest::testInstantianThroughModel.INFO: PASSED [] []
[2013-06-19 16:21:07] TestActivateTest::testAllMethod.ALERT: Failed asserting that false is true. [] []
[2013-06-19 16:21:07] TestActivateTest::testAllMethod.INFO: # FAILED # [] []
[2013-06-19 16:21:07] TestActivateTest::testAllMethod.INFO: PASSED [] []
[2013-06-19 16:21:07] TestActivateTest::testSettingAttributes.INFO: PASSED [] []
[2013-06-19 16:21:07] TestActivateTest::testMagicSetMethod.INFO: PASSED [] []
[2013-06-19 16:21:07] TestActivateTest::testMagicGetMethod.INFO: PASSED [] []
[2013-06-19 16:21:07] TestActivateTest::testSetWhereMethod.INFO: PASSED [] []
[2013-06-19 16:21:07] TestActivateTest::testSetWhereMethodChaining.INFO: PASSED [] []
[2013-06-19 16:21:07] TestActivateTest::testBuildWhereClauseMethod.INFO: PASSED [] []
[2013-06-19 16:21:07] TestActivateTest::testCleanTableMethod.INFO: PASSED [] []
[2013-06-19 16:21:07] TestActivateTest::testFullTableMethod.INFO: PASSED [] []
[2013-06-19 16:21:07] TestActivateTest::testTableMethod.INFO: PASSED [] []
[2013-06-19 16:21:07] TestActivateTest::testSetUpCourseColumns.INFO: PASSED [] []
[2013-06-19 16:21:07] TestActivateTest::testFindMethodSimple.INFO: PASSED [] []
[2013-06-19 16:21:07] TestActivateTest::testHasManyAssociation.INFO: PASSED [] []
[2013-06-19 16:21:07] TestActivateTest::testHasOneAssociation.INFO: PASSED [] []
[2013-06-19 16:21:07] TestHasManyRelationshipTest::testInstantianWithOptions.INFO: PASSED [] []
[2013-06-19 16:21:07] TestHasManyRelationshipTest::testGetMethodWithImageAssoc.INFO: PASSED [] []
[2013-06-19 16:21:07] TestHasManyRelationshipTest::testGetMethodYieldsResults.INFO: PASSED [] []
[2013-06-19 16:21:07] TestHasOneRelationshipTest::testHasOneInstantiates.INFO: PASSED [] []
[2013-06-19 16:21:07] TestHasOneRelationshipTest::testBuildUpJoins.INFO: PASSED [] []
[2013-06-19 16:21:07] TestHasOneRelationshipTest::testGetHasOneColumns.INFO: PASSED [] []
[2013-06-19 16:21:07] TestHasOneRelationshipTest::testGet.INFO: PASSED [] []
[2013-06-19 16:21:14] TestActivateTest::testInstantianThroughModel.INFO: PASSED [] []
[2013-06-19 16:21:14] TestActivateTest::testAllMethod.ALERT: Failed asserting that false is true. [] []
[2013-06-19 16:21:14] TestActivateTest::testAllMethod.INFO: # FAILED # [] []
[2013-06-19 16:21:14] TestActivateTest::testAllMethod.INFO: PASSED [] []
[2013-06-19 16:21:14] TestActivateTest::testSettingAttributes.INFO: PASSED [] []
[2013-06-19 16:21:14] TestActivateTest::testMagicSetMethod.INFO: PASSED [] []
[2013-06-19 16:21:14] TestActivateTest::testMagicGetMethod.INFO: PASSED [] []
[2013-06-19 16:21:14] TestActivateTest::testSetWhereMethod.INFO: PASSED [] []
[2013-06-19 16:21:14] TestActivateTest::testSetWhereMethodChaining.INFO: PASSED [] []
[2013-06-19 16:21:14] TestActivateTest::testBuildWhereClauseMethod.INFO: PASSED [] []
[2013-06-19 16:21:14] TestActivateTest::testCleanTableMethod.INFO: PASSED [] []
[2013-06-19 16:21:14] TestActivateTest::testFullTableMethod.INFO: PASSED [] []
[2013-06-19 16:21:14] TestActivateTest::testTableMethod.INFO: PASSED [] []
[2013-06-19 16:21:14] TestActivateTest::testSetUpCourseColumns.INFO: PASSED [] []
[2013-06-19 16:21:25] TestActivateTest::testInstantianThroughModel.INFO: PASSED [] []
[2013-06-19 16:42:30] TestActivateTest::testInstantianThroughModel.INFO: PASSED [] []
[2013-06-19 16:42:42] TestActivateTest::testInstantianThroughModel.INFO: PASSED [] []
[2013-06-19 16:42:42] TestActivateTest::testAllMethod.ALERT: Failed asserting that false is true. [] []
[2013-06-19 16:42:42] TestActivateTest::testAllMethod.INFO: # FAILED # [] []
[2013-06-19 16:42:42] TestActivateTest::testAllMethod.INFO: PASSED [] []
[2013-06-19 16:42:42] TestActivateTest::testSettingAttributes.INFO: PASSED [] []
[2013-06-19 16:42:42] TestActivateTest::testMagicSetMethod.INFO: PASSED [] []
[2013-06-19 16:42:42] TestActivateTest::testMagicGetMethod.INFO: PASSED [] []
[2013-06-19 16:42:42] TestActivateTest::testSetWhereMethod.INFO: PASSED [] []
[2013-06-19 16:42:42] TestActivateTest::testSetWhereMethodChaining.INFO: PASSED [] []
[2013-06-19 16:42:42] TestActivateTest::testBuildWhereClauseMethod.INFO: PASSED [] []
[2013-06-19 16:42:42] TestActivateTest::testCleanTableMethod.INFO: PASSED [] []
[2013-06-19 16:42:42] TestActivateTest::testFullTableMethod.INFO: PASSED [] []
[2013-06-19 16:42:42] TestActivateTest::testTableMethod.INFO: PASSED [] []
[2013-06-19 16:42:42] TestActivateTest::testSetUpCourseColumns.INFO: PASSED [] []
[2013-06-19 16:42:42] TestActivateTest::testFindMethodSimple.INFO: PASSED [] []
[2013-06-19 16:42:42] TestActivateTest::testHasManyAssociation.INFO: PASSED [] []
[2013-06-19 16:42:42] TestActivateTest::testHasOneAssociation.INFO: PASSED [] []
[2013-06-19 16:42:42] TestHasManyRelationshipTest::testInstantianWithOptions.INFO: PASSED [] []
[2013-06-19 16:42:42] TestHasManyRelationshipTest::testGetMethodWithImageAssoc.INFO: PASSED [] []
[2013-06-19 16:42:42] TestHasManyRelationshipTest::testGetMethodYieldsResults.INFO: PASSED [] []
[2013-06-19 16:42:42] TestHasOneRelationshipTest::testHasOneInstantiates.INFO: PASSED [] []
[2013-06-19 16:42:42] TestHasOneRelationshipTest::testBuildUpJoins.INFO: PASSED [] []
[2013-06-19 16:42:42] TestHasOneRelationshipTest::testGetHasOneColumns.INFO: PASSED [] []
[2013-06-19 16:42:42] TestHasOneRelationshipTest::testGet.INFO: PASSED [] []
[2013-06-19 16:43:00] TestActivateTest::testInstantianThroughModel.INFO: PASSED [] []
[2013-06-19 16:43:13] TestActivateTest::testInstantianThroughModel.INFO: PASSED [] []
[2013-06-19 16:43:35] TestActivateTest::testInstantianThroughModel.INFO: PASSED [] []
[2013-06-19 16:43:35] TestActivateTest::testAllMethod.ALERT: Failed asserting that false is true. [] []
[2013-06-19 16:43:35] TestActivateTest::testAllMethod.INFO: # FAILED # [] []
[2013-06-19 16:43:35] TestActivateTest::testAllMethod.INFO: PASSED [] []
[2013-06-19 16:43:35] TestActivateTest::testSettingAttributes.INFO: PASSED [] []
[2013-06-19 16:43:35] TestActivateTest::testMagicSetMethod.INFO: PASSED [] []
[2013-06-19 16:43:35] TestActivateTest::testMagicGetMethod.INFO: PASSED [] []
[2013-06-19 16:43:35] TestActivateTest::testSetWhereMethod.INFO: PASSED [] []
[2013-06-19 16:43:35] TestActivateTest::testSetWhereMethodChaining.INFO: PASSED [] []
[2013-06-19 16:43:35] TestActivateTest::testBuildWhereClauseMethod.INFO: PASSED [] []
[2013-06-19 16:43:35] TestActivateTest::testCleanTableMethod.INFO: PASSED [] []
[2013-06-19 16:43:35] TestActivateTest::testFullTableMethod.INFO: PASSED [] []
[2013-06-19 16:43:35] TestActivateTest::testTableMethod.INFO: PASSED [] []
[2013-06-19 16:43:35] TestActivateTest::testSetUpCourseColumns.INFO: PASSED [] []
[2013-06-19 16:43:35] TestActivateTest::testFindMethodSimple.INFO: PASSED [] []
[2013-06-19 16:43:35] TestActivateTest::testHasManyAssociation.INFO: PASSED [] []
[2013-06-19 16:43:35] TestActivateTest::testHasOneAssociation.INFO: PASSED [] []
[2013-06-19 16:43:35] TestHasManyRelationshipTest::testInstantianWithOptions.INFO: PASSED [] []
[2013-06-19 16:43:35] TestHasManyRelationshipTest::testGetMethodWithImageAssoc.INFO: PASSED [] []
[2013-06-19 16:43:35] TestHasManyRelationshipTest::testGetMethodYieldsResults.INFO: PASSED [] []
[2013-06-19 16:43:35] TestHasOneRelationshipTest::testHasOneInstantiates.INFO: PASSED [] []
[2013-06-19 16:43:35] TestHasOneRelationshipTest::testBuildUpJoins.INFO: PASSED [] []
[2013-06-19 16:43:35] TestHasOneRelationshipTest::testGetHasOneColumns.INFO: PASSED [] []
[2013-06-19 16:43:35] TestHasOneRelationshipTest::testGet.INFO: PASSED [] []
[2013-06-19 16:43:44] TestActivateTest::testInstantianThroughModel.INFO: PASSED [] []
[2013-06-19 16:44:25] TestActivateTest::testInstantianThroughModel.INFO: PASSED [] []
[2013-06-19 16:44:25] TestActivateTest::testAllMethod.INFO: PASSED [] []
[2013-06-19 16:44:25] TestActivateTest::testSettingAttributes.INFO: PASSED [] []
[2013-06-19 16:44:25] TestActivateTest::testMagicSetMethod.INFO: PASSED [] []
[2013-06-19 16:44:25] TestActivateTest::testMagicGetMethod.INFO: PASSED [] []
[2013-06-19 16:44:25] TestActivateTest::testSetWhereMethod.INFO: PASSED [] []
[2013-06-19 16:44:25] TestActivateTest::testSetWhereMethodChaining.INFO: PASSED [] []
[2013-06-19 16:44:25] TestActivateTest::testBuildWhereClauseMethod.INFO: PASSED [] []
[2013-06-19 16:44:25] TestActivateTest::testCleanTableMethod.INFO: PASSED [] []
[2013-06-19 16:44:25] TestActivateTest::testFullTableMethod.INFO: PASSED [] []
[2013-06-19 16:44:25] TestActivateTest::testTableMethod.INFO: PASSED [] []
[2013-06-19 16:44:25] TestActivateTest::testSetUpCourseColumns.INFO: PASSED [] []
[2013-06-19 16:44:25] TestActivateTest::testFindMethodSimple.INFO: PASSED [] []
[2013-06-19 16:44:25] TestActivateTest::testHasManyAssociation.INFO: PASSED [] []
[2013-06-19 16:44:25] TestActivateTest::testHasOneAssociation.INFO: PASSED [] []
[2013-06-19 16:44:25] TestHasManyRelationshipTest::testInstantianWithOptions.INFO: PASSED [] []
[2013-06-19 16:44:25] TestHasManyRelationshipTest::testGetMethodWithImageAssoc.INFO: PASSED [] []
[2013-06-19 16:44:25] TestHasManyRelationshipTest::testGetMethodYieldsResults.INFO: PASSED [] []
[2013-06-19 16:44:25] TestHasOneRelationshipTest::testHasOneInstantiates.INFO: PASSED [] []
[2013-06-19 16:44:25] TestHasOneRelationshipTest::testBuildUpJoins.INFO: PASSED [] []
[2013-06-19 16:44:25] TestHasOneRelationshipTest::testGetHasOneColumns.INFO: PASSED [] []
[2013-06-19 16:44:25] TestHasOneRelationshipTest::testGet.INFO: PASSED [] []
[2013-06-19 16:45:51] TestActivateTest::testSettingAttributes.INFO: PASSED [] []
[2013-06-19 16:45:51] TestActivateTest::testMagicSetMethod.INFO: PASSED [] []
[2013-06-19 16:45:51] TestActivateTest::testMagicGetMethod.INFO: PASSED [] []
[2013-06-19 16:45:51] TestActivateTest::testSetWhereMethod.INFO: PASSED [] []
[2013-06-19 16:45:51] TestActivateTest::testSetWhereMethodChaining.INFO: PASSED [] []
[2013-06-19 16:45:51] TestActivateTest::testBuildWhereClauseMethod.INFO: PASSED [] []
[2013-06-19 16:45:51] TestActivateTest::testCleanTableMethod.INFO: PASSED [] []
[2013-06-19 16:45:51] TestActivateTest::testFullTableMethod.INFO: PASSED [] []
[2013-06-19 16:45:51] TestActivateTest::testTableMethod.INFO: PASSED [] []
[2013-06-19 16:45:51] TestActivateTest::testSetUpCourseColumns.INFO: PASSED [] []
[2013-06-19 16:45:51] TestActivateTest::testFindMethodSimple.INFO: PASSED [] []
[2013-06-19 16:45:51] TestActivateTest::testHasManyAssociation.INFO: PASSED [] []
[2013-06-19 16:45:51] TestActivateTest::testHasOneAssociation.INFO: PASSED [] []
[2013-06-19 16:45:51] TestActivateTest::testAllMethod.INFO: PASSED [] []
[2013-06-19 16:45:51] TestHasManyRelationshipTest::testInstantianWithOptions.INFO: PASSED [] []
[2013-06-19 16:45:51] TestHasManyRelationshipTest::testGetMethodWithImageAssoc.INFO: PASSED [] []
[2013-06-19 16:45:51] TestHasManyRelationshipTest::testGetMethodYieldsResults.INFO: PASSED [] []
[2013-06-19 16:45:51] TestHasOneRelationshipTest::testHasOneInstantiates.INFO: PASSED [] []
[2013-06-19 16:45:51] TestHasOneRelationshipTest::testBuildUpJoins.INFO: PASSED [] []
[2013-06-19 16:45:51] TestHasOneRelationshipTest::testGetHasOneColumns.INFO: PASSED [] []
[2013-06-19 16:45:51] TestHasOneRelationshipTest::testGet.INFO: PASSED [] []
[2013-06-19 16:46:10] TestActivateTest::testSettingAttributes.INFO: PASSED [] []
[2013-06-19 16:46:10] TestActivateTest::testMagicSetMethod.INFO: PASSED [] []
[2013-06-19 16:46:10] TestActivateTest::testMagicGetMethod.INFO: PASSED [] []
[2013-06-19 16:46:10] TestActivateTest::testSetWhereMethod.INFO: PASSED [] []
[2013-06-19 16:46:10] TestActivateTest::testSetWhereMethodChaining.INFO: PASSED [] []
[2013-06-19 16:46:10] TestActivateTest::testBuildWhereClauseMethod.INFO: PASSED [] []
[2013-06-19 16:46:10] TestActivateTest::testCleanTableMethod.INFO: PASSED [] []
[2013-06-19 16:46:10] TestActivateTest::testFullTableMethod.INFO: PASSED [] []
[2013-06-19 16:46:10] TestActivateTest::testTableMethod.INFO: PASSED [] []
[2013-06-19 16:46:10] TestActivateTest::testSetUpCourseColumns.INFO: PASSED [] []
[2013-06-19 16:46:10] TestActivateTest::testFindMethodSimple.INFO: PASSED [] []
[2013-06-19 16:46:10] TestActivateTest::testHasManyAssociation.INFO: PASSED [] []
[2013-06-19 16:46:10] TestActivateTest::testHasOneAssociation.INFO: PASSED [] []
[2013-06-19 16:46:10] TestActivateTest::testAllMethod.INFO: PASSED [] []
[2013-06-19 16:46:10] TestHasManyRelationshipTest::testInstantianWithOptions.INFO: PASSED [] []
[2013-06-19 16:46:10] TestHasManyRelationshipTest::testGetMethodWithImageAssoc.INFO: PASSED [] []
[2013-06-19 16:46:10] TestHasManyRelationshipTest::testGetMethodYieldsResults.INFO: PASSED [] []
[2013-06-19 16:46:10] TestHasOneRelationshipTest::testHasOneInstantiates.INFO: PASSED [] []
[2013-06-19 16:46:10] TestHasOneRelationshipTest::testBuildUpJoins.INFO: PASSED [] []
[2013-06-19 16:46:10] TestHasOneRelationshipTest::testGetHasOneColumns.INFO: PASSED [] []
[2013-06-19 16:46:10] TestHasOneRelationshipTest::testGet.INFO: PASSED [] []
[2013-06-19 16:50:14] TestActivateTest::testSettingAttributes.INFO: PASSED [] []
[2013-06-19 16:50:14] TestActivateTest::testMagicSetMethod.INFO: PASSED [] []
[2013-06-19 16:50:14] TestActivateTest::testMagicGetMethod.INFO: PASSED [] []
[2013-06-19 16:50:14] TestActivateTest::testSetWhereMethod.INFO: PASSED [] []
[2013-06-19 16:50:14] TestActivateTest::testSetWhereMethodChaining.INFO: PASSED [] []
[2013-06-19 16:50:14] TestActivateTest::testBuildWhereClauseMethod.INFO: PASSED [] []
[2013-06-19 16:50:14] TestActivateTest::testCleanTableMethod.INFO: PASSED [] []
[2013-06-19 16:50:14] TestActivateTest::testFullTableMethod.INFO: PASSED [] []
[2013-06-19 16:50:14] TestActivateTest::testTableMethod.INFO: PASSED [] []
[2013-06-19 16:50:14] TestActivateTest::testSetUpCourseColumns.INFO: PASSED [] []
[2013-06-19 16:50:14] TestActivateTest::testFindMethodSimple.INFO: PASSED [] []
[2013-06-19 16:50:14] TestActivateTest::testHasManyAssociation.INFO: PASSED [] []
[2013-06-19 16:50:14] TestActivateTest::testHasOneAssociation.INFO: PASSED [] []
[2013-06-19 16:50:14] TestActivateTest::testAllMethod.INFO: PASSED [] []
[2013-06-19 16:50:24] TestActivateTest::testSettingAttributes.INFO: PASSED [] []
[2013-06-19 16:50:24] TestActivateTest::testMagicSetMethod.INFO: PASSED [] []
[2013-06-19 16:50:24] TestActivateTest::testMagicGetMethod.INFO: PASSED [] []
[2013-06-19 16:50:24] TestActivateTest::testSetWhereMethod.INFO: PASSED [] []
[2013-06-19 16:50:24] TestActivateTest::testSetWhereMethodChaining.INFO: PASSED [] []
[2013-06-19 16:50:24] TestActivateTest::testBuildWhereClauseMethod.INFO: PASSED [] []
[2013-06-19 16:50:24] TestActivateTest::testCleanTableMethod.INFO: PASSED [] []
[2013-06-19 16:50:24] TestActivateTest::testFullTableMethod.INFO: PASSED [] []
[2013-06-19 16:50:24] TestActivateTest::testTableMethod.INFO: PASSED [] []
[2013-06-19 16:50:24] TestActivateTest::testSetUpCourseColumns.INFO: PASSED [] []
[2013-06-19 16:50:24] TestActivateTest::testFindMethodSimple.INFO: PASSED [] []
[2013-06-19 16:50:24] TestActivateTest::testHasManyAssociation.INFO: PASSED [] []
[2013-06-19 16:50:24] TestActivateTest::testHasOneAssociation.INFO: PASSED [] []
[2013-06-19 16:50:24] TestActivateTest::testAllMethod.INFO: PASSED [] []
[2013-06-19 16:50:24] TestActivateTest::testAllMethodWithWhere.ALERT: Failed asserting that false is true. [] []
[2013-06-19 16:50:24] TestActivateTest::testAllMethodWithWhere.INFO: # FAILED # [] []
[2013-06-19 16:50:24] TestActivateTest::testAllMethodWithWhere.INFO: PASSED [] []
[2013-06-19 16:50:24] TestHasManyRelationshipTest::testInstantianWithOptions.INFO: PASSED [] []
[2013-06-19 16:50:24] TestHasManyRelationshipTest::testGetMethodWithImageAssoc.INFO: PASSED [] []
[2013-06-19 16:50:24] TestHasManyRelationshipTest::testGetMethodYieldsResults.INFO: PASSED [] []
[2013-06-19 16:50:24] TestHasOneRelationshipTest::testHasOneInstantiates.INFO: PASSED [] []
[2013-06-19 16:50:24] TestHasOneRelationshipTest::testBuildUpJoins.INFO: PASSED [] []
[2013-06-19 16:50:24] TestHasOneRelationshipTest::testGetHasOneColumns.INFO: PASSED [] []
[2013-06-19 16:50:24] TestHasOneRelationshipTest::testGet.INFO: PASSED [] []
[2013-06-19 16:53:13] TestActivateTest::testAllMethodWithWhere.INFO: PASSED [] []
[2013-06-19 16:53:13] TestActivateTest::testSettingAttributes.INFO: PASSED [] []
[2013-06-19 16:53:13] TestActivateTest::testMagicSetMethod.INFO: PASSED [] []
[2013-06-19 16:53:13] TestActivateTest::testMagicGetMethod.INFO: PASSED [] []
[2013-06-19 16:53:13] TestActivateTest::testSetWhereMethod.ALERT: Failed asserting that false is true. [] []
[2013-06-19 16:53:13] TestActivateTest::testSetWhereMethod.INFO: # FAILED # [] []
[2013-06-19 16:53:13] TestActivateTest::testSetWhereMethod.INFO: PASSED [] []
[2013-06-19 16:53:13] TestActivateTest::testSetWhereMethodChaining.ALERT: Failed asserting that false is true. [] []
[2013-06-19 16:53:13] TestActivateTest::testSetWhereMethodChaining.INFO: # FAILED # [] []
[2013-06-19 16:53:13] TestActivateTest::testSetWhereMethodChaining.INFO: PASSED [] []
[2013-06-19 16:53:13] TestActivateTest::testBuildWhereClauseMethod.ALERT: Failed asserting that false is true. [] []
[2013-06-19 16:53:13] TestActivateTest::testBuildWhereClauseMethod.INFO: # FAILED # [] []
[2013-06-19 16:53:13] TestActivateTest::testBuildWhereClauseMethod.INFO: PASSED [] []
[2013-06-19 16:53:13] TestActivateTest::testCleanTableMethod.INFO: PASSED [] []
[2013-06-19 16:53:13] TestActivateTest::testFullTableMethod.INFO: PASSED [] []
[2013-06-19 16:53:13] TestActivateTest::testTableMethod.INFO: PASSED [] []
[2013-06-19 16:53:13] TestActivateTest::testSetUpCourseColumns.INFO: PASSED [] []
[2013-06-19 16:53:13] TestActivateTest::testFindMethodSimple.INFO: PASSED [] []
[2013-06-19 16:53:13] TestActivateTest::testHasManyAssociation.INFO: PASSED [] []
[2013-06-19 16:53:13] TestActivateTest::testHasOneAssociation.INFO: PASSED [] []
[2013-06-19 16:53:13] TestActivateTest::testAllMethod.INFO: PASSED [] []
[2013-06-19 16:53:13] TestHasManyRelationshipTest::testInstantianWithOptions.INFO: PASSED [] []
[2013-06-19 16:53:13] TestHasManyRelationshipTest::testGetMethodWithImageAssoc.INFO: PASSED [] []
[2013-06-19 16:53:13] TestHasManyRelationshipTest::testGetMethodYieldsResults.INFO: PASSED [] []
[2013-06-19 16:53:13] TestHasOneRelationshipTest::testHasOneInstantiates.INFO: PASSED [] []
[2013-06-19 16:53:13] TestHasOneRelationshipTest::testBuildUpJoins.INFO: PASSED [] []
[2013-06-19 16:53:13] TestHasOneRelationshipTest::testGetHasOneColumns.INFO: PASSED [] []
[2013-06-19 16:53:13] TestHasOneRelationshipTest::testGet.INFO: PASSED [] []
[2013-06-19 16:53:59] TestActivateTest::testAllMethodWithWhere.INFO: PASSED [] []
[2013-06-19 16:53:59] TestActivateTest::testSettingAttributes.INFO: PASSED [] []
[2013-06-19 16:53:59] TestActivateTest::testMagicSetMethod.INFO: PASSED [] []
[2013-06-19 16:53:59] TestActivateTest::testMagicGetMethod.INFO: PASSED [] []
[2013-06-19 16:53:59] TestActivateTest::testSetWhereMethod.ALERT: Failed asserting that false is true. [] []
[2013-06-19 16:53:59] TestActivateTest::testSetWhereMethod.INFO: # FAILED # [] []
[2013-06-19 16:53:59] TestActivateTest::testSetWhereMethod.INFO: PASSED [] []
[2013-06-19 16:53:59] TestActivateTest::testSetWhereMethodChaining.ALERT: Failed asserting that false is true. [] []
[2013-06-19 16:53:59] TestActivateTest::testSetWhereMethodChaining.INFO: # FAILED # [] []
[2013-06-19 16:53:59] TestActivateTest::testSetWhereMethodChaining.INFO: PASSED [] []
[2013-06-19 16:53:59] TestActivateTest::testBuildWhereClauseMethod.ALERT: Failed asserting that false is true. [] []
[2013-06-19 16:53:59] TestActivateTest::testBuildWhereClauseMethod.INFO: # FAILED # [] []
[2013-06-19 16:53:59] TestActivateTest::testBuildWhereClauseMethod.INFO: PASSED [] []
[2013-06-19 16:53:59] TestActivateTest::testCleanTableMethod.INFO: PASSED [] []
[2013-06-19 16:53:59] TestActivateTest::testFullTableMethod.INFO: PASSED [] []
[2013-06-19 16:53:59] TestActivateTest::testTableMethod.INFO: PASSED [] []
[2013-06-19 16:53:59] TestActivateTest::testSetUpCourseColumns.INFO: PASSED [] []
[2013-06-19 16:53:59] TestActivateTest::testFindMethodSimple.INFO: PASSED [] []
[2013-06-19 16:53:59] TestActivateTest::testHasManyAssociation.INFO: PASSED [] []
[2013-06-19 16:53:59] TestActivateTest::testHasOneAssociation.INFO: PASSED [] []
[2013-06-19 16:53:59] TestActivateTest::testAllMethod.INFO: PASSED [] []
[2013-06-19 16:53:59] TestHasManyRelationshipTest::testInstantianWithOptions.INFO: PASSED [] []
[2013-06-19 16:53:59] TestHasManyRelationshipTest::testGetMethodWithImageAssoc.INFO: PASSED [] []
[2013-06-19 16:53:59] TestHasManyRelationshipTest::testGetMethodYieldsResults.INFO: PASSED [] []
[2013-06-19 16:53:59] TestHasOneRelationshipTest::testHasOneInstantiates.INFO: PASSED [] []
[2013-06-19 16:53:59] TestHasOneRelationshipTest::testBuildUpJoins.INFO: PASSED [] []
[2013-06-19 16:53:59] TestHasOneRelationshipTest::testGetHasOneColumns.INFO: PASSED [] []
[2013-06-19 16:53:59] TestHasOneRelationshipTest::testGet.INFO: PASSED [] []
[2013-06-19 16:54:16] TestActivateTest::testAllMethodWithWhere.INFO: PASSED [] []
[2013-06-19 16:54:16] TestActivateTest::testSettingAttributes.INFO: PASSED [] []
[2013-06-19 16:54:16] TestActivateTest::testMagicSetMethod.INFO: PASSED [] []
[2013-06-19 16:54:16] TestActivateTest::testMagicGetMethod.INFO: PASSED [] []
[2013-06-19 16:54:16] TestActivateTest::testSetWhereMethod.INFO: PASSED [] []
[2013-06-19 16:54:16] TestActivateTest::testSetWhereMethodChaining.ALERT: Failed asserting that false is true. [] []
[2013-06-19 16:54:16] TestActivateTest::testSetWhereMethodChaining.INFO: # FAILED # [] []
[2013-06-19 16:54:16] TestActivateTest::testSetWhereMethodChaining.INFO: PASSED [] []
[2013-06-19 16:54:16] TestActivateTest::testBuildWhereClauseMethod.ALERT: Failed asserting that false is true. [] []
[2013-06-19 16:54:16] TestActivateTest::testBuildWhereClauseMethod.INFO: # FAILED # [] []
[2013-06-19 16:54:16] TestActivateTest::testBuildWhereClauseMethod.INFO: PASSED [] []
[2013-06-19 16:54:16] TestActivateTest::testCleanTableMethod.INFO: PASSED [] []
[2013-06-19 16:54:16] TestActivateTest::testFullTableMethod.INFO: PASSED [] []
[2013-06-19 16:54:16] TestActivateTest::testTableMethod.INFO: PASSED [] []
[2013-06-19 16:54:16] TestActivateTest::testSetUpCourseColumns.INFO: PASSED [] []
[2013-06-19 16:54:16] TestActivateTest::testFindMethodSimple.INFO: PASSED [] []
[2013-06-19 16:54:16] TestActivateTest::testHasManyAssociation.INFO: PASSED [] []
[2013-06-19 16:54:16] TestActivateTest::testHasOneAssociation.INFO: PASSED [] []
[2013-06-19 16:54:16] TestActivateTest::testAllMethod.INFO: PASSED [] []
[2013-06-19 16:54:16] TestHasManyRelationshipTest::testInstantianWithOptions.INFO: PASSED [] []
[2013-06-19 16:54:16] TestHasManyRelationshipTest::testGetMethodWithImageAssoc.INFO: PASSED [] []
[2013-06-19 16:54:16] TestHasManyRelationshipTest::testGetMethodYieldsResults.INFO: PASSED [] []
[2013-06-19 16:54:16] TestHasOneRelationshipTest::testHasOneInstantiates.INFO: PASSED [] []
[2013-06-19 16:54:16] TestHasOneRelationshipTest::testBuildUpJoins.INFO: PASSED [] []
[2013-06-19 16:54:16] TestHasOneRelationshipTest::testGetHasOneColumns.INFO: PASSED [] []
[2013-06-19 16:54:16] TestHasOneRelationshipTest::testGet.INFO: PASSED [] []
[2013-06-19 16:54:49] TestActivateTest::testAllMethodWithWhere.INFO: PASSED [] []
[2013-06-19 16:54:49] TestActivateTest::testSettingAttributes.INFO: PASSED [] []
[2013-06-19 16:54:49] TestActivateTest::testMagicSetMethod.INFO: PASSED [] []
[2013-06-19 16:54:49] TestActivateTest::testMagicGetMethod.INFO: PASSED [] []
[2013-06-19 16:54:49] TestActivateTest::testSetWhereMethod.INFO: PASSED [] []
[2013-06-19 16:54:49] TestActivateTest::testSetWhereMethodChaining.ALERT: Failed asserting that false is true. [] []
[2013-06-19 16:54:49] TestActivateTest::testSetWhereMethodChaining.INFO: # FAILED # [] []
[2013-06-19 16:54:49] TestActivateTest::testSetWhereMethodChaining.INFO: PASSED [] []
[2013-06-19 16:54:49] TestActivateTest::testBuildWhereClauseMethod.ALERT: Failed asserting that false is true. [] []
[2013-06-19 16:54:49] TestActivateTest::testBuildWhereClauseMethod.INFO: # FAILED # [] []
[2013-06-19 16:54:49] TestActivateTest::testBuildWhereClauseMethod.INFO: PASSED [] []
[2013-06-19 16:54:49] TestActivateTest::testCleanTableMethod.INFO: PASSED [] []
[2013-06-19 16:54:49] TestActivateTest::testFullTableMethod.INFO: PASSED [] []
[2013-06-19 16:54:49] TestActivateTest::testTableMethod.INFO: PASSED [] []
[2013-06-19 16:54:49] TestActivateTest::testSetUpCourseColumns.INFO: PASSED [] []
[2013-06-19 16:54:49] TestActivateTest::testFindMethodSimple.INFO: PASSED [] []
[2013-06-19 16:54:49] TestActivateTest::testHasManyAssociation.INFO: PASSED [] []
[2013-06-19 16:54:49] TestActivateTest::testHasOneAssociation.INFO: PASSED [] []
[2013-06-19 16:54:49] TestActivateTest::testAllMethod.INFO: PASSED [] []
[2013-06-19 16:54:49] TestHasManyRelationshipTest::testInstantianWithOptions.INFO: PASSED [] []
[2013-06-19 16:54:49] TestHasManyRelationshipTest::testGetMethodWithImageAssoc.INFO: PASSED [] []
[2013-06-19 16:54:49] TestHasManyRelationshipTest::testGetMethodYieldsResults.INFO: PASSED [] []
[2013-06-19 16:54:49] TestHasOneRelationshipTest::testHasOneInstantiates.INFO: PASSED [] []
[2013-06-19 16:54:49] TestHasOneRelationshipTest::testBuildUpJoins.INFO: PASSED [] []
[2013-06-19 16:54:49] TestHasOneRelationshipTest::testGetHasOneColumns.INFO: PASSED [] []
[2013-06-19 16:54:49] TestHasOneRelationshipTest::testGet.INFO: PASSED [] []
[2013-06-19 16:54:58] TestActivateTest::testAllMethodWithWhere.INFO: PASSED [] []
[2013-06-19 16:54:58] TestActivateTest::testSettingAttributes.INFO: PASSED [] []
[2013-06-19 16:54:58] TestActivateTest::testMagicSetMethod.INFO: PASSED [] []
[2013-06-19 16:54:58] TestActivateTest::testMagicGetMethod.INFO: PASSED [] []
[2013-06-19 16:54:58] TestActivateTest::testSetWhereMethod.INFO: PASSED [] []
[2013-06-19 16:54:58] TestActivateTest::testSetWhereMethodChaining.INFO: PASSED [] []
[2013-06-19 16:54:58] TestActivateTest::testBuildWhereClauseMethod.ALERT: Failed asserting that false is true. [] []
[2013-06-19 16:54:58] TestActivateTest::testBuildWhereClauseMethod.INFO: # FAILED # [] []
[2013-06-19 16:54:58] TestActivateTest::testBuildWhereClauseMethod.INFO: PASSED [] []
[2013-06-19 16:54:58] TestActivateTest::testCleanTableMethod.INFO: PASSED [] []
[2013-06-19 16:54:58] TestActivateTest::testFullTableMethod.INFO: PASSED [] []
[2013-06-19 16:54:58] TestActivateTest::testTableMethod.INFO: PASSED [] []
[2013-06-19 16:54:58] TestActivateTest::testSetUpCourseColumns.INFO: PASSED [] []
[2013-06-19 16:54:58] TestActivateTest::testFindMethodSimple.INFO: PASSED [] []
[2013-06-19 16:54:58] TestActivateTest::testHasManyAssociation.INFO: PASSED [] []
[2013-06-19 16:54:58] TestActivateTest::testHasOneAssociation.INFO: PASSED [] []
[2013-06-19 16:54:58] TestActivateTest::testAllMethod.INFO: PASSED [] []
[2013-06-19 16:54:58] TestHasManyRelationshipTest::testInstantianWithOptions.INFO: PASSED [] []
[2013-06-19 16:54:58] TestHasManyRelationshipTest::testGetMethodWithImageAssoc.INFO: PASSED [] []
[2013-06-19 16:54:58] TestHasManyRelationshipTest::testGetMethodYieldsResults.INFO: PASSED [] []
[2013-06-19 16:54:58] TestHasOneRelationshipTest::testHasOneInstantiates.INFO: PASSED [] []
[2013-06-19 16:54:58] TestHasOneRelationshipTest::testBuildUpJoins.INFO: PASSED [] []
[2013-06-19 16:54:58] TestHasOneRelationshipTest::testGetHasOneColumns.INFO: PASSED [] []
[2013-06-19 16:54:58] TestHasOneRelationshipTest::testGet.INFO: PASSED [] []
[2013-06-19 16:55:35] TestActivateTest::testAllMethodWithWhere.INFO: PASSED [] []
[2013-06-19 16:55:35] TestActivateTest::testSettingAttributes.INFO: PASSED [] []
[2013-06-19 16:55:35] TestActivateTest::testMagicSetMethod.INFO: PASSED [] []
[2013-06-19 16:55:35] TestActivateTest::testMagicGetMethod.INFO: PASSED [] []
[2013-06-19 16:55:35] TestActivateTest::testSetWhereMethod.INFO: PASSED [] []
[2013-06-19 16:55:35] TestActivateTest::testSetWhereMethodChaining.INFO: PASSED [] []
[2013-06-19 16:55:35] TestActivateTest::testBuildWhereClauseMethod.INFO: PASSED [] []
[2013-06-19 16:55:35] TestActivateTest::testCleanTableMethod.INFO: PASSED [] []
[2013-06-19 16:55:35] TestActivateTest::testFullTableMethod.INFO: PASSED [] []
[2013-06-19 16:55:35] TestActivateTest::testTableMethod.INFO: PASSED [] []
[2013-06-19 16:55:35] TestActivateTest::testSetUpCourseColumns.INFO: PASSED [] []
[2013-06-19 16:55:35] TestActivateTest::testFindMethodSimple.INFO: PASSED [] []
[2013-06-19 16:55:35] TestActivateTest::testHasManyAssociation.INFO: PASSED [] []
[2013-06-19 16:55:35] TestActivateTest::testHasOneAssociation.INFO: PASSED [] []
[2013-06-19 16:55:35] TestActivateTest::testAllMethod.INFO: PASSED [] []
[2013-06-19 16:55:35] TestHasManyRelationshipTest::testInstantianWithOptions.INFO: PASSED [] []
[2013-06-19 16:55:35] TestHasManyRelationshipTest::testGetMethodWithImageAssoc.INFO: PASSED [] []
[2013-06-19 16:55:35] TestHasManyRelationshipTest::testGetMethodYieldsResults.INFO: PASSED [] []
[2013-06-19 16:55:35] TestHasOneRelationshipTest::testHasOneInstantiates.INFO: PASSED [] []
[2013-06-19 16:55:35] TestHasOneRelationshipTest::testBuildUpJoins.INFO: PASSED [] []
[2013-06-19 16:55:35] TestHasOneRelationshipTest::testGetHasOneColumns.INFO: PASSED [] []
[2013-06-19 16:55:35] TestHasOneRelationshipTest::testGet.INFO: PASSED [] []
[2013-06-19 16:56:02] TestActivateTest::testAllMethodWithWhere.INFO: PASSED [] []
[2013-06-19 16:56:02] TestActivateTest::testSettingAttributes.INFO: PASSED [] []
[2013-06-19 16:56:02] TestActivateTest::testMagicSetMethod.INFO: PASSED [] []
[2013-06-19 16:56:02] TestActivateTest::testMagicGetMethod.INFO: PASSED [] []
[2013-06-19 16:56:02] TestActivateTest::testSetWhereMethod.INFO: PASSED [] []
[2013-06-19 16:56:02] TestActivateTest::testSetWhereMethodChaining.INFO: PASSED [] []
[2013-06-19 16:56:02] TestActivateTest::testBuildWhereClauseMethod.INFO: PASSED [] []
[2013-06-19 16:56:02] TestActivateTest::testCleanTableMethod.INFO: PASSED [] []
[2013-06-19 16:56:02] TestActivateTest::testFullTableMethod.INFO: PASSED [] []
[2013-06-19 16:56:02] TestActivateTest::testTableMethod.INFO: PASSED [] []
[2013-06-19 16:56:02] TestActivateTest::testSetUpCourseColumns.INFO: PASSED [] []
[2013-06-19 16:56:02] TestActivateTest::testFindMethodSimple.INFO: PASSED [] []
[2013-06-19 16:56:02] TestActivateTest::testHasManyAssociation.INFO: PASSED [] []
[2013-06-19 16:56:02] TestActivateTest::testHasOneAssociation.INFO: PASSED [] []
[2013-06-19 16:56:02] TestActivateTest::testAllMethod.INFO: PASSED [] []
[2013-06-19 16:56:02] TestHasManyRelationshipTest::testInstantianWithOptions.INFO: PASSED [] []
[2013-06-19 16:56:02] TestHasManyRelationshipTest::testGetMethodWithImageAssoc.INFO: PASSED [] []
[2013-06-19 16:56:02] TestHasManyRelationshipTest::testGetMethodYieldsResults.INFO: PASSED [] []
[2013-06-19 16:56:02] TestHasOneRelationshipTest::testHasOneInstantiates.INFO: PASSED [] []
[2013-06-19 16:56:02] TestHasOneRelationshipTest::testBuildUpJoins.INFO: PASSED [] []
[2013-06-19 16:56:02] TestHasOneRelationshipTest::testGetHasOneColumns.INFO: PASSED [] []
[2013-06-19 16:56:02] TestHasOneRelationshipTest::testGet.INFO: PASSED [] []
[2013-06-19 16:56:26] TestActivateTest::testAllMethodWithWhere.INFO: PASSED [] []
[2013-06-19 16:56:26] TestActivateTest::testSettingAttributes.INFO: PASSED [] []
[2013-06-19 16:56:26] TestActivateTest::testMagicSetMethod.INFO: PASSED [] []
[2013-06-19 16:56:26] TestActivateTest::testMagicGetMethod.INFO: PASSED [] []
[2013-06-19 16:56:26] TestActivateTest::testSetWhereMethod.INFO: PASSED [] []
[2013-06-19 16:56:26] TestActivateTest::testSetWhereMethodChaining.INFO: PASSED [] []
[2013-06-19 16:56:26] TestActivateTest::testBuildWhereClauseMethod.INFO: PASSED [] []
[2013-06-19 16:56:26] TestActivateTest::testCleanTableMethod.INFO: PASSED [] []
[2013-06-19 16:56:26] TestActivateTest::testFullTableMethod.INFO: PASSED [] []
[2013-06-19 16:56:26] TestActivateTest::testTableMethod.INFO: PASSED [] []
[2013-06-19 16:56:26] TestActivateTest::testSetUpCourseColumns.INFO: PASSED [] []
[2013-06-19 16:56:26] TestActivateTest::testFindMethodSimple.INFO: PASSED [] []
[2013-06-19 16:56:26] TestActivateTest::testHasManyAssociation.INFO: PASSED [] []
[2013-06-19 16:56:26] TestActivateTest::testHasOneAssociation.INFO: PASSED [] []
[2013-06-19 16:56:26] TestActivateTest::testAllMethod.INFO: PASSED [] []
[2013-06-19 16:56:26] TestHasManyRelationshipTest::testInstantianWithOptions.INFO: PASSED [] []
[2013-06-19 16:56:26] TestHasManyRelationshipTest::testGetMethodWithImageAssoc.INFO: PASSED [] []
[2013-06-19 16:56:26] TestHasManyRelationshipTest::testGetMethodYieldsResults.INFO: PASSED [] []
[2013-06-19 16:56:26] TestHasOneRelationshipTest::testHasOneInstantiates.INFO: PASSED [] []
[2013-06-19 16:56:26] TestHasOneRelationshipTest::testBuildUpJoins.INFO: PASSED [] []
[2013-06-19 16:56:26] TestHasOneRelationshipTest::testGetHasOneColumns.INFO: PASSED [] []
[2013-06-19 16:56:26] TestHasOneRelationshipTest::testGet.INFO: PASSED [] []
[2013-06-19 16:56:35] TestActivateTest::testSettingAttributes.INFO: PASSED [] []
[2013-06-19 16:56:35] TestActivateTest::testMagicSetMethod.INFO: PASSED [] []
[2013-06-19 16:56:35] TestActivateTest::testMagicGetMethod.INFO: PASSED [] []
[2013-06-19 16:56:35] TestActivateTest::testSetWhereMethod.INFO: PASSED [] []
[2013-06-19 16:56:35] TestActivateTest::testSetWhereMethodChaining.INFO: PASSED [] []
[2013-06-19 16:56:35] TestActivateTest::testBuildWhereClauseMethod.INFO: PASSED [] []
[2013-06-19 16:56:35] TestActivateTest::testCleanTableMethod.INFO: PASSED [] []
[2013-06-19 16:56:35] TestActivateTest::testFullTableMethod.INFO: PASSED [] []
[2013-06-19 16:56:35] TestActivateTest::testTableMethod.INFO: PASSED [] []
[2013-06-19 16:56:35] TestActivateTest::testSetUpCourseColumns.INFO: PASSED [] []
[2013-06-19 16:56:35] TestActivateTest::testFindMethodSimple.INFO: PASSED [] []
[2013-06-19 16:56:35] TestActivateTest::testHasManyAssociation.INFO: PASSED [] []
[2013-06-19 16:56:35] TestActivateTest::testHasOneAssociation.INFO: PASSED [] []
[2013-06-19 16:56:35] TestActivateTest::testAllMethod.INFO: PASSED [] []
[2013-06-19 16:56:35] TestActivateTest::testAllMethodWithWhere.INFO: PASSED [] []
[2013-06-19 16:56:35] TestHasManyRelationshipTest::testInstantianWithOptions.INFO: PASSED [] []
[2013-06-19 16:56:35] TestHasManyRelationshipTest::testGetMethodWithImageAssoc.INFO: PASSED [] []
[2013-06-19 16:56:35] TestHasManyRelationshipTest::testGetMethodYieldsResults.INFO: PASSED [] []
[2013-06-19 16:56:35] TestHasOneRelationshipTest::testHasOneInstantiates.INFO: PASSED [] []
[2013-06-19 16:56:35] TestHasOneRelationshipTest::testBuildUpJoins.INFO: PASSED [] []
[2013-06-19 16:56:35] TestHasOneRelationshipTest::testGetHasOneColumns.INFO: PASSED [] []
[2013-06-19 16:56:35] TestHasOneRelationshipTest::testGet.INFO: PASSED [] []
[2013-06-19 16:57:26] TestActivateTest::testSettingAttributes.INFO: PASSED [] []
[2013-06-19 16:57:26] TestActivateTest::testMagicSetMethod.INFO: PASSED [] []
[2013-06-19 16:57:26] TestActivateTest::testMagicGetMethod.INFO: PASSED [] []
[2013-06-19 16:57:26] TestActivateTest::testSetWhereMethod.INFO: PASSED [] []
[2013-06-19 16:57:26] TestActivateTest::testSetWhereMethodChaining.INFO: PASSED [] []
[2013-06-19 16:57:26] TestActivateTest::testBuildWhereClauseMethod.INFO: PASSED [] []
[2013-06-19 16:57:26] TestActivateTest::testCleanTableMethod.INFO: PASSED [] []
[2013-06-19 16:57:26] TestActivateTest::testFullTableMethod.INFO: PASSED [] []
[2013-06-19 16:57:26] TestActivateTest::testTableMethod.INFO: PASSED [] []
[2013-06-19 16:57:26] TestActivateTest::testSetUpCourseColumns.INFO: PASSED [] []
[2013-06-19 16:57:26] TestActivateTest::testFindMethodSimple.INFO: PASSED [] []
[2013-06-19 16:57:26] TestActivateTest::testHasManyAssociation.INFO: PASSED [] []
[2013-06-19 16:57:26] TestActivateTest::testHasOneAssociation.INFO: PASSED [] []
[2013-06-19 16:57:26] TestActivateTest::testAllMethod.INFO: PASSED [] []
[2013-06-19 16:57:26] TestActivateTest::testAllMethodWithWhere.INFO: PASSED [] []
[2013-06-19 16:57:26] TestActivateTest::testAllMethodWithFalseWhere.INFO: PASSED [] []
[2013-06-19 16:57:26] TestHasManyRelationshipTest::testInstantianWithOptions.INFO: PASSED [] []
[2013-06-19 16:57:26] TestHasManyRelationshipTest::testGetMethodWithImageAssoc.INFO: PASSED [] []
[2013-06-19 16:57:26] TestHasManyRelationshipTest::testGetMethodYieldsResults.INFO: PASSED [] []
[2013-06-19 16:57:26] TestHasOneRelationshipTest::testHasOneInstantiates.INFO: PASSED [] []
[2013-06-19 16:57:26] TestHasOneRelationshipTest::testBuildUpJoins.INFO: PASSED [] []
[2013-06-19 16:57:26] TestHasOneRelationshipTest::testGetHasOneColumns.INFO: PASSED [] []
[2013-06-19 16:57:26] TestHasOneRelationshipTest::testGet.INFO: PASSED [] []
[2013-06-19 17:03:47] TestActivateTest::testSettingAttributes.INFO: PASSED [] []
[2013-06-19 17:03:47] TestActivateTest::testMagicSetMethod.INFO: PASSED [] []
[2013-06-19 17:03:47] TestActivateTest::testMagicGetMethod.INFO: PASSED [] []
[2013-06-19 17:03:47] TestActivateTest::testSetWhereMethod.INFO: PASSED [] []
[2013-06-19 17:03:47] TestActivateTest::testSetWhereMethodChaining.INFO: PASSED [] []
[2013-06-19 17:03:47] TestActivateTest::testBuildWhereClauseMethod.INFO: PASSED [] []
[2013-06-19 17:03:47] TestActivateTest::testCleanTableMethod.INFO: PASSED [] []
[2013-06-19 17:03:47] TestActivateTest::testFullTableMethod.INFO: PASSED [] []
[2013-06-19 17:03:47] TestActivateTest::testTableMethod.INFO: PASSED [] []
[2013-06-19 17:03:47] TestActivateTest::testSetUpCourseColumns.INFO: PASSED [] []
[2013-06-19 17:03:47] TestActivateTest::testFindMethodSimple.INFO: PASSED [] []
[2013-06-19 17:03:47] TestActivateTest::testHasManyAssociation.INFO: PASSED [] []
[2013-06-19 17:03:47] TestActivateTest::testHasOneAssociation.INFO: PASSED [] []
[2013-06-19 17:03:47] TestActivateTest::testAllMethod.INFO: PASSED [] []
[2013-06-19 17:03:47] TestActivateTest::testAllMethodWithWhere.INFO: PASSED [] []
[2013-06-19 17:03:47] TestActivateTest::testAllMethodWithFalseWhere.INFO: PASSED [] []
[2013-06-19 17:03:47] TestHasManyRelationshipTest::testInstantianWithOptions.INFO: PASSED [] []
[2013-06-19 17:03:47] TestHasManyRelationshipTest::testGetMethodWithImageAssoc.INFO: PASSED [] []
[2013-06-19 17:03:47] TestHasManyRelationshipTest::testGetMethodYieldsResults.INFO: PASSED [] []
[2013-06-19 17:03:47] TestHasOneRelationshipTest::testHasOneInstantiates.INFO: PASSED [] []
[2013-06-19 17:03:47] TestHasOneRelationshipTest::testBuildUpJoins.INFO: PASSED [] []
[2013-06-19 17:03:47] TestHasOneRelationshipTest::testGetHasOneColumns.INFO: PASSED [] []
[2013-06-19 17:03:47] TestHasOneRelationshipTest::testGet.INFO: PASSED [] []
[2013-06-19 17:20:51] TestActivateTest::testSettingAttributes.INFO: PASSED [] []
[2013-06-19 17:20:51] TestActivateTest::testMagicSetMethod.INFO: PASSED [] []
[2013-06-19 17:20:51] TestActivateTest::testMagicGetMethod.INFO: PASSED [] []
[2013-06-19 17:20:51] TestActivateTest::testSetWhereMethod.INFO: PASSED [] []
[2013-06-19 17:20:51] TestActivateTest::testSetWhereMethodChaining.INFO: PASSED [] []
[2013-06-19 17:20:51] TestActivateTest::testBuildWhereClauseMethod.INFO: PASSED [] []
[2013-06-19 17:20:51] TestActivateTest::testCleanTableMethod.INFO: PASSED [] []
[2013-06-19 17:20:51] TestActivateTest::testFullTableMethod.INFO: PASSED [] []
[2013-06-19 17:20:51] TestActivateTest::testTableMethod.INFO: PASSED [] []
[2013-06-19 17:20:51] TestActivateTest::testSetUpCourseColumns.INFO: PASSED [] []
[2013-06-19 17:20:51] TestActivateTest::testFindMethodSimple.INFO: PASSED [] []
[2013-06-19 17:20:51] TestActivateTest::testHasManyAssociation.INFO: PASSED [] []
[2013-06-19 17:20:51] TestActivateTest::testHasOneAssociation.INFO: PASSED [] []
[2013-06-19 17:20:51] TestActivateTest::testAllMethod.INFO: PASSED [] []
[2013-06-19 17:20:51] TestActivateTest::testAllMethodWithWhere.INFO: PASSED [] []
[2013-06-19 17:20:51] TestActivateTest::testAllMethodWithFalseWhere.INFO: PASSED [] []
[2013-06-19 17:20:51] TestHasManyRelationshipTest::testInstantianWithOptions.INFO: PASSED [] []
[2013-06-19 17:20:51] TestHasManyRelationshipTest::testGetMethodWithImageAssoc.INFO: PASSED [] []
[2013-06-19 17:20:52] TestHasManyRelationshipTest::testGetMethodYieldsResults.INFO: PASSED [] []
[2013-06-19 17:20:52] TestHasOneRelationshipTest::testHasOneInstantiates.INFO: PASSED [] []
[2013-06-19 17:20:52] TestHasOneRelationshipTest::testBuildUpJoins.INFO: PASSED [] []
[2013-06-19 17:20:52] TestHasOneRelationshipTest::testGetHasOneColumns.INFO: PASSED [] []
[2013-06-19 17:20:52] TestHasOneRelationshipTest::testGet.INFO: PASSED [] []
[2013-06-19 17:21:59] TestActivateTest::testSettingAttributes.INFO: PASSED [] []
[2013-06-19 17:21:59] TestActivateTest::testMagicSetMethod.INFO: PASSED [] []
[2013-06-19 17:21:59] TestActivateTest::testMagicGetMethod.INFO: PASSED [] []
[2013-06-19 17:21:59] TestActivateTest::testSetWhereMethod.INFO: PASSED [] []
[2013-06-19 17:21:59] TestActivateTest::testSetWhereMethodChaining.INFO: PASSED [] []
[2013-06-19 17:21:59] TestActivateTest::testBuildWhereClauseMethod.INFO: PASSED [] []
[2013-06-19 17:21:59] TestActivateTest::testCleanTableMethod.INFO: PASSED [] []
[2013-06-19 17:21:59] TestActivateTest::testFullTableMethod.INFO: PASSED [] []
[2013-06-19 17:21:59] TestActivateTest::testTableMethod.INFO: PASSED [] []
[2013-06-19 17:21:59] TestActivateTest::testSetUpCourseColumns.INFO: PASSED [] []
[2013-06-19 17:21:59] TestActivateTest::testFindMethodSimple.INFO: PASSED [] []
[2013-06-19 17:21:59] TestActivateTest::testHasManyAssociation.INFO: PASSED [] []
[2013-06-19 17:21:59] TestActivateTest::testHasOneAssociation.INFO: PASSED [] []
[2013-06-19 17:21:59] TestActivateTest::testAllMethod.INFO: PASSED [] []
[2013-06-19 17:21:59] TestActivateTest::testAllMethodWithWhere.INFO: PASSED [] []
[2013-06-19 17:21:59] TestActivateTest::testAllMethodWithFalseWhere.INFO: PASSED [] []
[2013-06-19 17:21:59] TestActivateTest::testSaveMethodWithAttributesPassedtoMethod.INFO: PASSED [] []
[2013-06-19 17:21:59] TestHasManyRelationshipTest::testInstantianWithOptions.INFO: PASSED [] []
[2013-06-19 17:21:59] TestHasManyRelationshipTest::testGetMethodWithImageAssoc.INFO: PASSED [] []
[2013-06-19 17:21:59] TestHasManyRelationshipTest::testGetMethodYieldsResults.INFO: PASSED [] []
[2013-06-19 17:21:59] TestHasOneRelationshipTest::testHasOneInstantiates.INFO: PASSED [] []
[2013-06-19 17:21:59] TestHasOneRelationshipTest::testBuildUpJoins.INFO: PASSED [] []
[2013-06-19 17:21:59] TestHasOneRelationshipTest::testGetHasOneColumns.INFO: PASSED [] []
[2013-06-19 17:21:59] TestHasOneRelationshipTest::testGet.INFO: PASSED [] []
[2013-06-19 17:22:08] TestActivateTest::testSettingAttributes.INFO: PASSED [] []
[2013-06-19 17:22:08] TestActivateTest::testMagicSetMethod.INFO: PASSED [] []
[2013-06-19 17:22:08] TestActivateTest::testMagicGetMethod.INFO: PASSED [] []
[2013-06-19 17:22:08] TestActivateTest::testSetWhereMethod.INFO: PASSED [] []
[2013-06-19 17:22:08] TestActivateTest::testSetWhereMethodChaining.INFO: PASSED [] []
[2013-06-19 17:22:08] TestActivateTest::testBuildWhereClauseMethod.INFO: PASSED [] []
[2013-06-19 17:22:08] TestActivateTest::testCleanTableMethod.INFO: PASSED [] []
[2013-06-19 17:22:08] TestActivateTest::testFullTableMethod.INFO: PASSED [] []
[2013-06-19 17:22:08] TestActivateTest::testTableMethod.INFO: PASSED [] []
[2013-06-19 17:22:08] TestActivateTest::testSetUpCourseColumns.INFO: PASSED [] []
[2013-06-19 17:22:08] TestActivateTest::testFindMethodSimple.INFO: PASSED [] []
[2013-06-19 17:22:08] TestActivateTest::testHasManyAssociation.INFO: PASSED [] []
[2013-06-19 17:22:08] TestActivateTest::testHasOneAssociation.INFO: PASSED [] []
[2013-06-19 17:22:08] TestActivateTest::testAllMethod.INFO: PASSED [] []
[2013-06-19 17:22:08] TestActivateTest::testAllMethodWithWhere.INFO: PASSED [] []
[2013-06-19 17:22:08] TestActivateTest::testAllMethodWithFalseWhere.INFO: PASSED [] []
[2013-06-19 17:22:08] TestActivateTest::testSaveMethodWithAttributesPassedtoMethod.ALERT: Failed asserting that null is true. [] []
[2013-06-19 17:22:08] TestActivateTest::testSaveMethodWithAttributesPassedtoMethod.INFO: # FAILED # [] []
[2013-06-19 17:22:08] TestActivateTest::testSaveMethodWithAttributesPassedtoMethod.INFO: PASSED [] []
[2013-06-19 17:22:08] TestHasManyRelationshipTest::testInstantianWithOptions.INFO: PASSED [] []
[2013-06-19 17:22:08] TestHasManyRelationshipTest::testGetMethodWithImageAssoc.INFO: PASSED [] []
[2013-06-19 17:22:08] TestHasManyRelationshipTest::testGetMethodYieldsResults.INFO: PASSED [] []
[2013-06-19 17:22:08] TestHasOneRelationshipTest::testHasOneInstantiates.INFO: PASSED [] []
[2013-06-19 17:22:08] TestHasOneRelationshipTest::testBuildUpJoins.INFO: PASSED [] []
[2013-06-19 17:22:08] TestHasOneRelationshipTest::testGetHasOneColumns.INFO: PASSED [] []
[2013-06-19 17:22:08] TestHasOneRelationshipTest::testGet.INFO: PASSED [] []
[2013-06-19 17:23:00] TestActivateTest::testSettingAttributes.INFO: PASSED [] []
[2013-06-19 17:23:00] TestActivateTest::testMagicSetMethod.INFO: PASSED [] []
[2013-06-19 17:23:00] TestActivateTest::testMagicGetMethod.INFO: PASSED [] []
[2013-06-19 17:23:00] TestActivateTest::testSetWhereMethod.INFO: PASSED [] []
[2013-06-19 17:23:00] TestActivateTest::testSetWhereMethodChaining.INFO: PASSED [] []
[2013-06-19 17:23:00] TestActivateTest::testBuildWhereClauseMethod.INFO: PASSED [] []
[2013-06-19 17:23:00] TestActivateTest::testCleanTableMethod.INFO: PASSED [] []
[2013-06-19 17:23:00] TestActivateTest::testFullTableMethod.INFO: PASSED [] []
[2013-06-19 17:23:00] TestActivateTest::testTableMethod.INFO: PASSED [] []
[2013-06-19 17:23:00] TestActivateTest::testSetUpCourseColumns.INFO: PASSED [] []
[2013-06-19 17:23:00] TestActivateTest::testFindMethodSimple.INFO: PASSED [] []
[2013-06-19 17:23:00] TestActivateTest::testHasManyAssociation.INFO: PASSED [] []
[2013-06-19 17:23:00] TestActivateTest::testHasOneAssociation.INFO: PASSED [] []
[2013-06-19 17:23:00] TestActivateTest::testAllMethod.INFO: PASSED [] []
[2013-06-19 17:23:00] TestActivateTest::testAllMethodWithWhere.INFO: PASSED [] []
[2013-06-19 17:23:00] TestActivateTest::testAllMethodWithFalseWhere.INFO: PASSED [] []
[2013-06-19 17:23:00] TestActivateTest::testSaveMethodWithAttributesPassedtoMethod.ALERT: Failed asserting that null is true. [] []
[2013-06-19 17:23:00] TestActivateTest::testSaveMethodWithAttributesPassedtoMethod.INFO: # FAILED # [] []
[2013-06-19 17:23:00] TestActivateTest::testSaveMethodWithAttributesPassedtoMethod.INFO: PASSED [] []
[2013-06-19 17:23:00] TestHasManyRelationshipTest::testInstantianWithOptions.INFO: PASSED [] []
[2013-06-19 17:23:00] TestHasManyRelationshipTest::testGetMethodWithImageAssoc.INFO: PASSED [] []
[2013-06-19 17:23:00] TestHasManyRelationshipTest::testGetMethodYieldsResults.INFO: PASSED [] []
[2013-06-19 17:23:00] TestHasOneRelationshipTest::testHasOneInstantiates.INFO: PASSED [] []
[2013-06-19 17:23:00] TestHasOneRelationshipTest::testBuildUpJoins.INFO: PASSED [] []
[2013-06-19 17:23:00] TestHasOneRelationshipTest::testGetHasOneColumns.INFO: PASSED [] []
[2013-06-19 17:23:00] TestHasOneRelationshipTest::testGet.INFO: PASSED [] []
[2013-06-19 17:23:09] TestActivateTest::testSettingAttributes.INFO: PASSED [] []
[2013-06-19 17:23:09] TestActivateTest::testMagicSetMethod.INFO: PASSED [] []
[2013-06-19 17:23:09] TestActivateTest::testMagicGetMethod.INFO: PASSED [] []
[2013-06-19 17:23:09] TestActivateTest::testSetWhereMethod.INFO: PASSED [] []
[2013-06-19 17:23:09] TestActivateTest::testSetWhereMethodChaining.INFO: PASSED [] []
[2013-06-19 17:23:09] TestActivateTest::testBuildWhereClauseMethod.INFO: PASSED [] []
[2013-06-19 17:23:09] TestActivateTest::testCleanTableMethod.INFO: PASSED [] []
[2013-06-19 17:23:09] TestActivateTest::testFullTableMethod.INFO: PASSED [] []
[2013-06-19 17:23:09] TestActivateTest::testTableMethod.INFO: PASSED [] []
[2013-06-19 17:23:09] TestActivateTest::testSetUpCourseColumns.INFO: PASSED [] []
[2013-06-19 17:23:09] TestActivateTest::testFindMethodSimple.INFO: PASSED [] []
[2013-06-19 17:23:09] TestActivateTest::testHasManyAssociation.INFO: PASSED [] []
[2013-06-19 17:23:09] TestActivateTest::testHasOneAssociation.INFO: PASSED [] []
[2013-06-19 17:23:09] TestActivateTest::testAllMethod.INFO: PASSED [] []
[2013-06-19 17:23:09] TestActivateTest::testAllMethodWithWhere.INFO: PASSED [] []
[2013-06-19 17:23:09] TestActivateTest::testAllMethodWithFalseWhere.INFO: PASSED [] []
[2013-06-19 17:23:09] TestActivateTest::testSaveMethodWithAttributesPassedtoMethod.ALERT: Failed asserting that null is true. [] []
[2013-06-19 17:23:09] TestActivateTest::testSaveMethodWithAttributesPassedtoMethod.INFO: # FAILED # [] []
[2013-06-19 17:23:09] TestActivateTest::testSaveMethodWithAttributesPassedtoMethod.INFO: PASSED [] []
[2013-06-19 17:23:09] TestHasManyRelationshipTest::testInstantianWithOptions.INFO: PASSED [] []
[2013-06-19 17:23:09] TestHasManyRelationshipTest::testGetMethodWithImageAssoc.INFO: PASSED [] []
[2013-06-19 17:23:09] TestHasManyRelationshipTest::testGetMethodYieldsResults.INFO: PASSED [] []
[2013-06-19 17:23:09] TestHasOneRelationshipTest::testHasOneInstantiates.INFO: PASSED [] []
[2013-06-19 17:23:09] TestHasOneRelationshipTest::testBuildUpJoins.INFO: PASSED [] []
[2013-06-19 17:23:09] TestHasOneRelationshipTest::testGetHasOneColumns.INFO: PASSED [] []
[2013-06-19 17:23:09] TestHasOneRelationshipTest::testGet.INFO: PASSED [] []
[2013-06-19 17:27:24] TestActivateTest::testSettingAttributes.INFO: PASSED [] []
[2013-06-19 17:27:24] TestActivateTest::testMagicSetMethod.INFO: PASSED [] []
[2013-06-19 17:27:24] TestActivateTest::testMagicGetMethod.INFO: PASSED [] []
[2013-06-19 17:27:24] TestActivateTest::testSetWhereMethod.INFO: PASSED [] []
[2013-06-19 17:27:24] TestActivateTest::testSetWhereMethodChaining.INFO: PASSED [] []
[2013-06-19 17:27:24] TestActivateTest::testBuildWhereClauseMethod.INFO: PASSED [] []
[2013-06-19 17:27:24] TestActivateTest::testCleanTableMethod.INFO: PASSED [] []
[2013-06-19 17:27:24] TestActivateTest::testFullTableMethod.INFO: PASSED [] []
[2013-06-19 17:27:24] TestActivateTest::testTableMethod.INFO: PASSED [] []
[2013-06-19 17:27:24] TestActivateTest::testSetUpCourseColumns.INFO: PASSED [] []
[2013-06-19 17:27:24] TestActivateTest::testFindMethodSimple.INFO: PASSED [] []
[2013-06-19 17:27:24] TestActivateTest::testHasManyAssociation.INFO: PASSED [] []
[2013-06-19 17:27:24] TestActivateTest::testHasOneAssociation.INFO: PASSED [] []
[2013-06-19 17:27:24] TestActivateTest::testAllMethod.INFO: PASSED [] []
[2013-06-19 17:27:24] TestActivateTest::testAllMethodWithWhere.INFO: PASSED [] []
[2013-06-19 17:27:24] TestActivateTest::testAllMethodWithFalseWhere.INFO: PASSED [] []
[2013-06-19 17:28:26] TestActivateTest::testSettingAttributes.INFO: PASSED [] []
[2013-06-19 17:28:26] TestActivateTest::testMagicSetMethod.INFO: PASSED [] []
[2013-06-19 17:28:26] TestActivateTest::testMagicGetMethod.INFO: PASSED [] []
[2013-06-19 17:28:26] TestActivateTest::testSetWhereMethod.INFO: PASSED [] []
[2013-06-19 17:28:26] TestActivateTest::testSetWhereMethodChaining.INFO: PASSED [] []
[2013-06-19 17:28:26] TestActivateTest::testBuildWhereClauseMethod.INFO: PASSED [] []
[2013-06-19 17:28:26] TestActivateTest::testCleanTableMethod.INFO: PASSED [] []
[2013-06-19 17:28:26] TestActivateTest::testFullTableMethod.INFO: PASSED [] []
[2013-06-19 17:28:26] TestActivateTest::testTableMethod.INFO: PASSED [] []
[2013-06-19 17:28:26] TestActivateTest::testSetUpCourseColumns.INFO: PASSED [] []
[2013-06-19 17:28:26] TestActivateTest::testFindMethodSimple.INFO: PASSED [] []
[2013-06-19 17:28:26] TestActivateTest::testHasManyAssociation.INFO: PASSED [] []
[2013-06-19 17:28:26] TestActivateTest::testHasOneAssociation.INFO: PASSED [] []
[2013-06-19 17:28:26] TestActivateTest::testAllMethod.INFO: PASSED [] []
[2013-06-19 17:28:26] TestActivateTest::testAllMethodWithWhere.INFO: PASSED [] []
[2013-06-19 17:28:26] TestActivateTest::testAllMethodWithFalseWhere.INFO: PASSED [] []
[2013-06-19 17:28:29] TestActivateTest::testSettingAttributes.INFO: PASSED [] []
[2013-06-19 17:28:29] TestActivateTest::testMagicSetMethod.INFO: PASSED [] []
[2013-06-19 17:28:29] TestActivateTest::testMagicGetMethod.INFO: PASSED [] []
[2013-06-19 17:28:29] TestActivateTest::testSetWhereMethod.INFO: PASSED [] []
[2013-06-19 17:28:29] TestActivateTest::testSetWhereMethodChaining.INFO: PASSED [] []
[2013-06-19 17:28:29] TestActivateTest::testBuildWhereClauseMethod.INFO: PASSED [] []
[2013-06-19 17:28:29] TestActivateTest::testCleanTableMethod.INFO: PASSED [] []
[2013-06-19 17:28:29] TestActivateTest::testFullTableMethod.INFO: PASSED [] []
[2013-06-19 17:28:29] TestActivateTest::testTableMethod.INFO: PASSED [] []
[2013-06-19 17:28:29] TestActivateTest::testSetUpCourseColumns.INFO: PASSED [] []
[2013-06-19 17:28:29] TestActivateTest::testFindMethodSimple.INFO: PASSED [] []
[2013-06-19 17:28:29] TestActivateTest::testHasManyAssociation.INFO: PASSED [] []
[2013-06-19 17:28:29] TestActivateTest::testHasOneAssociation.INFO: PASSED [] []
[2013-06-19 17:28:30] TestActivateTest::testAllMethod.INFO: PASSED [] []
[2013-06-19 17:28:30] TestActivateTest::testAllMethodWithWhere.INFO: PASSED [] []
[2013-06-19 17:28:30] TestActivateTest::testAllMethodWithFalseWhere.INFO: PASSED [] []
[2013-06-19 17:29:53] TestActivateTest::testSettingAttributes.INFO: PASSED [] []
[2013-06-19 17:29:53] TestActivateTest::testMagicSetMethod.INFO: PASSED [] []
[2013-06-19 17:29:53] TestActivateTest::testMagicGetMethod.INFO: PASSED [] []
[2013-06-19 17:29:53] TestActivateTest::testSetWhereMethod.INFO: PASSED [] []
[2013-06-19 17:29:53] TestActivateTest::testSetWhereMethodChaining.INFO: PASSED [] []
[2013-06-19 17:29:53] TestActivateTest::testBuildWhereClauseMethod.INFO: PASSED [] []
[2013-06-19 17:29:53] TestActivateTest::testCleanTableMethod.INFO: PASSED [] []
[2013-06-19 17:29:53] TestActivateTest::testFullTableMethod.INFO: PASSED [] []
[2013-06-19 17:29:53] TestActivateTest::testTableMethod.INFO: PASSED [] []
[2013-06-19 17:29:53] TestActivateTest::testSetUpCourseColumns.INFO: PASSED [] []
[2013-06-19 17:29:53] TestActivateTest::testFindMethodSimple.INFO: PASSED [] []
[2013-06-19 17:29:53] TestActivateTest::testHasManyAssociation.INFO: PASSED [] []
[2013-06-19 17:29:53] TestActivateTest::testHasOneAssociation.INFO: PASSED [] []
[2013-06-19 17:29:53] TestActivateTest::testAllMethod.INFO: PASSED [] []
[2013-06-19 17:29:53] TestActivateTest::testAllMethodWithWhere.INFO: PASSED [] []
[2013-06-19 17:29:53] TestActivateTest::testAllMethodWithFalseWhere.INFO: PASSED [] []
[2013-06-19 17:31:19] TestActivateTest::testSettingAttributes.INFO: PASSED [] []
[2013-06-19 17:31:19] TestActivateTest::testMagicSetMethod.INFO: PASSED [] []
[2013-06-19 17:31:19] TestActivateTest::testMagicGetMethod.INFO: PASSED [] []
[2013-06-19 17:31:19] TestActivateTest::testSetWhereMethod.INFO: PASSED [] []
[2013-06-19 17:31:19] TestActivateTest::testSetWhereMethodChaining.INFO: PASSED [] []
[2013-06-19 17:31:19] TestActivateTest::testBuildWhereClauseMethod.INFO: PASSED [] []
[2013-06-19 17:31:19] TestActivateTest::testCleanTableMethod.INFO: PASSED [] []
[2013-06-19 17:31:19] TestActivateTest::testFullTableMethod.INFO: PASSED [] []
[2013-06-19 17:31:19] TestActivateTest::testTableMethod.INFO: PASSED [] []
[2013-06-19 17:31:19] TestActivateTest::testSetUpCourseColumns.INFO: PASSED [] []
[2013-06-19 17:31:19] TestActivateTest::testFindMethodSimple.INFO: PASSED [] []
[2013-06-19 17:31:19] TestActivateTest::testHasManyAssociation.INFO: PASSED [] []
[2013-06-19 17:31:19] TestActivateTest::testHasOneAssociation.INFO: PASSED [] []
[2013-06-19 17:31:19] TestActivateTest::testAllMethod.INFO: PASSED [] []
[2013-06-19 17:31:19] TestActivateTest::testAllMethodWithWhere.INFO: PASSED [] []
[2013-06-19 17:31:19] TestActivateTest::testAllMethodWithFalseWhere.INFO: PASSED [] []
[2013-06-19 17:31:19] TestActivateTest::testSaveMethodWithAttributesPassedtoMethod.INFO: PASSED [] []
[2013-06-19 17:31:19] TestHasManyRelationshipTest::testInstantianWithOptions.INFO: PASSED [] []
[2013-06-19 17:31:19] TestHasManyRelationshipTest::testGetMethodWithImageAssoc.INFO: PASSED [] []
[2013-06-19 17:31:19] TestHasManyRelationshipTest::testGetMethodYieldsResults.INFO: PASSED [] []
[2013-06-19 17:31:19] TestHasOneRelationshipTest::testHasOneInstantiates.INFO: PASSED [] []
[2013-06-19 17:31:19] TestHasOneRelationshipTest::testBuildUpJoins.INFO: PASSED [] []
[2013-06-19 17:31:19] TestHasOneRelationshipTest::testGetHasOneColumns.INFO: PASSED [] []
[2013-06-19 17:31:19] TestHasOneRelationshipTest::testGet.INFO: PASSED [] []
[2013-06-19 17:42:05] TestActivateTest::testSettingAttributes.INFO: PASSED [] []
[2013-06-19 17:42:05] TestActivateTest::testMagicSetMethod.INFO: PASSED [] []
[2013-06-19 17:42:05] TestActivateTest::testMagicGetMethod.INFO: PASSED [] []
[2013-06-19 17:42:05] TestActivateTest::testSetWhereMethod.INFO: PASSED [] []
[2013-06-19 17:42:05] TestActivateTest::testSetWhereMethodChaining.INFO: PASSED [] []
[2013-06-19 17:42:05] TestActivateTest::testBuildWhereClauseMethod.INFO: PASSED [] []
[2013-06-19 17:42:05] TestActivateTest::testCleanTableMethod.INFO: PASSED [] []
[2013-06-19 17:42:05] TestActivateTest::testFullTableMethod.INFO: PASSED [] []
[2013-06-19 17:42:05] TestActivateTest::testTableMethod.INFO: PASSED [] []
[2013-06-19 17:42:05] TestActivateTest::testSetUpCourseColumns.INFO: PASSED [] []
[2013-06-19 17:42:05] TestActivateTest::testFindMethodSimple.INFO: PASSED [] []
[2013-06-19 17:42:05] TestActivateTest::testHasManyAssociation.INFO: PASSED [] []
[2013-06-19 17:42:05] TestActivateTest::testHasOneAssociation.INFO: PASSED [] []
[2013-06-19 17:42:05] TestActivateTest::testAllMethod.INFO: PASSED [] []
[2013-06-19 17:42:05] TestActivateTest::testAllMethodWithWhere.INFO: PASSED [] []
[2013-06-19 17:42:05] TestActivateTest::testAllMethodWithFalseWhere.INFO: PASSED [] []
[2013-06-19 17:42:05] TestActivateTest::testSaveMethodWithAttributesPassedtoMethod.INFO: PASSED [] []
[2013-06-19 17:42:05] TestHasManyRelationshipTest::testInstantianWithOptions.INFO: PASSED [] []
[2013-06-19 17:42:05] TestHasManyRelationshipTest::testGetMethodWithImageAssoc.INFO: PASSED [] []
[2013-06-19 17:42:05] TestHasManyRelationshipTest::testGetMethodYieldsResults.INFO: PASSED [] []
[2013-06-19 17:42:05] TestHasOneRelationshipTest::testHasOneInstantiates.INFO: PASSED [] []
[2013-06-19 17:42:05] TestHasOneRelationshipTest::testBuildUpJoins.INFO: PASSED [] []
[2013-06-19 17:42:05] TestHasOneRelationshipTest::testGetHasOneColumns.INFO: PASSED [] []
[2013-06-19 17:42:05] TestHasOneRelationshipTest::testGet.INFO: PASSED [] []
[2013-06-19 17:42:34] TestActivateTest::testSettingAttributes.INFO: PASSED [] []
[2013-06-19 17:42:34] TestActivateTest::testMagicSetMethod.INFO: PASSED [] []
[2013-06-19 17:42:34] TestActivateTest::testMagicGetMethod.INFO: PASSED [] []
[2013-06-19 17:42:34] TestActivateTest::testSetWhereMethod.INFO: PASSED [] []
[2013-06-19 17:42:34] TestActivateTest::testSetWhereMethodChaining.INFO: PASSED [] []
[2013-06-19 17:42:34] TestActivateTest::testBuildWhereClauseMethod.INFO: PASSED [] []
[2013-06-19 17:42:34] TestActivateTest::testCleanTableMethod.INFO: PASSED [] []
[2013-06-19 17:42:34] TestActivateTest::testFullTableMethod.INFO: PASSED [] []
[2013-06-19 17:42:34] TestActivateTest::testTableMethod.INFO: PASSED [] []
[2013-06-19 17:42:34] TestActivateTest::testSetUpCourseColumns.INFO: PASSED [] []
[2013-06-19 17:42:34] TestActivateTest::testFindMethodSimple.INFO: PASSED [] []
[2013-06-19 17:42:34] TestActivateTest::testHasManyAssociation.INFO: PASSED [] []
[2013-06-19 17:42:34] TestActivateTest::testHasOneAssociation.INFO: PASSED [] []
[2013-06-19 17:42:34] TestActivateTest::testAllMethod.INFO: PASSED [] []
[2013-06-19 17:42:34] TestActivateTest::testAllMethodWithWhere.INFO: PASSED [] []
[2013-06-19 17:42:34] TestActivateTest::testAllMethodWithFalseWhere.INFO: PASSED [] []
[2013-06-19 17:42:34] TestActivateTest::testSaveMethodWithAttributesPassedtoMethod.INFO: PASSED [] []
[2013-06-19 17:42:34] TestHasManyRelationshipTest::testInstantianWithOptions.INFO: PASSED [] []
[2013-06-19 17:42:34] TestHasManyRelationshipTest::testGetMethodWithImageAssoc.INFO: PASSED [] []
[2013-06-19 17:42:34] TestHasManyRelationshipTest::testGetMethodYieldsResults.INFO: PASSED [] []
[2013-06-19 17:42:34] TestHasOneRelationshipTest::testHasOneInstantiates.INFO: PASSED [] []
[2013-06-19 17:42:34] TestHasOneRelationshipTest::testBuildUpJoins.INFO: PASSED [] []
[2013-06-19 17:42:34] TestHasOneRelationshipTest::testGetHasOneColumns.INFO: PASSED [] []
[2013-06-19 17:42:34] TestHasOneRelationshipTest::testGet.INFO: PASSED [] []
[2013-06-19 17:51:42] TestActivateTest::testSettingAttributes.INFO: PASSED [] []
[2013-06-19 17:51:42] TestActivateTest::testMagicSetMethod.INFO: PASSED [] []
[2013-06-19 17:51:42] TestActivateTest::testMagicGetMethod.INFO: PASSED [] []
[2013-06-19 17:51:42] TestActivateTest::testSetWhereMethod.INFO: PASSED [] []
[2013-06-19 17:51:42] TestActivateTest::testSetWhereMethodChaining.INFO: PASSED [] []
[2013-06-19 17:51:42] TestActivateTest::testBuildWhereClauseMethod.INFO: PASSED [] []
[2013-06-19 17:51:42] TestActivateTest::testCleanTableMethod.INFO: PASSED [] []
[2013-06-19 17:51:42] TestActivateTest::testFullTableMethod.INFO: PASSED [] []
[2013-06-19 17:51:42] TestActivateTest::testTableMethod.INFO: PASSED [] []
[2013-06-19 17:51:42] TestActivateTest::testSetUpCourseColumns.INFO: PASSED [] []
[2013-06-19 17:51:42] TestActivateTest::testFindMethodSimple.INFO: PASSED [] []
[2013-06-19 17:51:42] TestActivateTest::testHasManyAssociation.INFO: PASSED [] []
[2013-06-19 17:51:42] TestActivateTest::testHasOneAssociation.INFO: PASSED [] []
[2013-06-19 17:51:42] TestActivateTest::testAllMethod.INFO: PASSED [] []
[2013-06-19 17:51:42] TestActivateTest::testAllMethodWithWhere.INFO: PASSED [] []
[2013-06-19 17:51:42] TestActivateTest::testAllMethodWithFalseWhere.INFO: PASSED [] []
[2013-06-19 17:51:42] TestActivateTest::testSaveMethodWithAttributesPassedtoMethod.INFO: PASSED [] []
[2013-06-19 17:51:42] TestHasManyRelationshipTest::testInstantianWithOptions.INFO: PASSED [] []
[2013-06-19 17:51:42] TestHasManyRelationshipTest::testGetMethodWithImageAssoc.INFO: PASSED [] []
[2013-06-19 17:51:42] TestHasManyRelationshipTest::testGetMethodYieldsResults.INFO: PASSED [] []
[2013-06-19 17:51:42] TestHasOneRelationshipTest::testHasOneInstantiates.INFO: PASSED [] []
[2013-06-19 17:51:42] TestHasOneRelationshipTest::testBuildUpJoins.INFO: PASSED [] []
[2013-06-19 17:51:42] TestHasOneRelationshipTest::testGetHasOneColumns.INFO: PASSED [] []
[2013-06-19 17:51:42] TestHasOneRelationshipTest::testGet.INFO: PASSED [] []
[2013-06-19 17:51:51] TestActivateTest::testSettingAttributes.INFO: PASSED [] []
[2013-06-19 17:51:51] TestActivateTest::testMagicSetMethod.INFO: PASSED [] []
[2013-06-19 17:51:51] TestActivateTest::testMagicGetMethod.INFO: PASSED [] []
[2013-06-19 17:51:51] TestActivateTest::testSetWhereMethod.INFO: PASSED [] []
[2013-06-19 17:51:51] TestActivateTest::testSetWhereMethodChaining.INFO: PASSED [] []
[2013-06-19 17:51:51] TestActivateTest::testBuildWhereClauseMethod.INFO: PASSED [] []
[2013-06-19 17:51:51] TestActivateTest::testCleanTableMethod.INFO: PASSED [] []
[2013-06-19 17:51:51] TestActivateTest::testFullTableMethod.INFO: PASSED [] []
[2013-06-19 17:51:51] TestActivateTest::testTableMethod.INFO: PASSED [] []
[2013-06-19 17:51:51] TestActivateTest::testSetUpCourseColumns.INFO: PASSED [] []
[2013-06-19 17:51:51] TestActivateTest::testFindMethodSimple.INFO: PASSED [] []
[2013-06-19 17:51:51] TestActivateTest::testHasManyAssociation.INFO: PASSED [] []
[2013-06-19 17:51:51] TestActivateTest::testHasOneAssociation.INFO: PASSED [] []
[2013-06-19 17:51:51] TestActivateTest::testAllMethod.INFO: PASSED [] []
[2013-06-19 17:51:51] TestActivateTest::testAllMethodWithWhere.INFO: PASSED [] []
[2013-06-19 17:51:51] TestActivateTest::testAllMethodWithFalseWhere.INFO: PASSED [] []
[2013-06-19 17:52:08] TestActivateTest::testSettingAttributes.INFO: PASSED [] []
[2013-06-19 17:52:08] TestActivateTest::testMagicSetMethod.INFO: PASSED [] []
[2013-06-19 17:52:08] TestActivateTest::testMagicGetMethod.INFO: PASSED [] []
[2013-06-19 17:52:08] TestActivateTest::testSetWhereMethod.INFO: PASSED [] []
[2013-06-19 17:52:08] TestActivateTest::testSetWhereMethodChaining.INFO: PASSED [] []
[2013-06-19 17:52:08] TestActivateTest::testBuildWhereClauseMethod.INFO: PASSED [] []
[2013-06-19 17:52:08] TestActivateTest::testCleanTableMethod.INFO: PASSED [] []
[2013-06-19 17:52:08] TestActivateTest::testFullTableMethod.INFO: PASSED [] []
[2013-06-19 17:52:08] TestActivateTest::testTableMethod.INFO: PASSED [] []
[2013-06-19 17:52:08] TestActivateTest::testSetUpCourseColumns.INFO: PASSED [] []
[2013-06-19 17:52:08] TestActivateTest::testFindMethodSimple.INFO: PASSED [] []
[2013-06-19 17:52:08] TestActivateTest::testHasManyAssociation.INFO: PASSED [] []
[2013-06-19 17:52:08] TestActivateTest::testHasOneAssociation.INFO: PASSED [] []
[2013-06-19 17:52:08] TestActivateTest::testAllMethod.INFO: PASSED [] []
[2013-06-19 17:52:08] TestActivateTest::testAllMethodWithWhere.INFO: PASSED [] []
[2013-06-19 17:52:09] TestActivateTest::testAllMethodWithFalseWhere.INFO: PASSED [] []
[2013-06-19 17:52:09] TestActivateTest::testSaveMethodWithAttributesPassedtoMethod.ALERT: Failed asserting that '203' is true. [] []
[2013-06-19 17:52:09] TestActivateTest::testSaveMethodWithAttributesPassedtoMethod.INFO: # FAILED # [] []
[2013-06-19 17:52:09] TestActivateTest::testSaveMethodWithAttributesPassedtoMethod.INFO: PASSED [] []
[2013-06-19 17:52:09] TestHasManyRelationshipTest::testInstantianWithOptions.INFO: PASSED [] []
[2013-06-19 17:52:09] TestHasManyRelationshipTest::testGetMethodWithImageAssoc.INFO: PASSED [] []
[2013-06-19 17:52:09] TestHasManyRelationshipTest::testGetMethodYieldsResults.INFO: PASSED [] []
[2013-06-19 17:52:09] TestHasOneRelationshipTest::testHasOneInstantiates.INFO: PASSED [] []
[2013-06-19 17:52:09] TestHasOneRelationshipTest::testBuildUpJoins.INFO: PASSED [] []
[2013-06-19 17:52:09] TestHasOneRelationshipTest::testGetHasOneColumns.INFO: PASSED [] []
[2013-06-19 17:52:09] TestHasOneRelationshipTest::testGet.INFO: PASSED [] []
[2013-06-19 17:52:21] TestActivateTest::testSettingAttributes.INFO: PASSED [] []
[2013-06-19 17:52:21] TestActivateTest::testMagicSetMethod.INFO: PASSED [] []
[2013-06-19 17:52:21] TestActivateTest::testMagicGetMethod.INFO: PASSED [] []
[2013-06-19 17:52:21] TestActivateTest::testSetWhereMethod.INFO: PASSED [] []
[2013-06-19 17:52:21] TestActivateTest::testSetWhereMethodChaining.INFO: PASSED [] []
[2013-06-19 17:52:21] TestActivateTest::testBuildWhereClauseMethod.INFO: PASSED [] []
[2013-06-19 17:52:21] TestActivateTest::testCleanTableMethod.INFO: PASSED [] []
[2013-06-19 17:52:21] TestActivateTest::testFullTableMethod.INFO: PASSED [] []
[2013-06-19 17:52:21] TestActivateTest::testTableMethod.INFO: PASSED [] []
[2013-06-19 17:52:21] TestActivateTest::testSetUpCourseColumns.INFO: PASSED [] []
[2013-06-19 17:52:21] TestActivateTest::testFindMethodSimple.INFO: PASSED [] []
[2013-06-19 17:52:21] TestActivateTest::testHasManyAssociation.INFO: PASSED [] []
[2013-06-19 17:52:21] TestActivateTest::testHasOneAssociation.INFO: PASSED [] []
[2013-06-19 17:52:21] TestActivateTest::testAllMethod.INFO: PASSED [] []
[2013-06-19 17:52:21] TestActivateTest::testAllMethodWithWhere.INFO: PASSED [] []
[2013-06-19 17:52:21] TestActivateTest::testAllMethodWithFalseWhere.INFO: PASSED [] []
[2013-06-19 17:52:21] TestActivateTest::testSaveMethodWithAttributesPassedtoMethod.INFO: PASSED [] []
[2013-06-19 17:52:21] TestHasManyRelationshipTest::testInstantianWithOptions.INFO: PASSED [] []
[2013-06-19 17:52:21] TestHasManyRelationshipTest::testGetMethodWithImageAssoc.INFO: PASSED [] []
[2013-06-19 17:52:21] TestHasManyRelationshipTest::testGetMethodYieldsResults.INFO: PASSED [] []
[2013-06-19 17:52:21] TestHasOneRelationshipTest::testHasOneInstantiates.INFO: PASSED [] []
[2013-06-19 17:52:21] TestHasOneRelationshipTest::testBuildUpJoins.INFO: PASSED [] []
[2013-06-19 17:52:21] TestHasOneRelationshipTest::testGetHasOneColumns.INFO: PASSED [] []
[2013-06-19 17:52:21] TestHasOneRelationshipTest::testGet.INFO: PASSED [] []
[2013-06-19 17:54:33] TestActivateTest::testSettingAttributes.INFO: PASSED [] []
[2013-06-19 17:54:33] TestActivateTest::testMagicSetMethod.INFO: PASSED [] []
[2013-06-19 17:54:33] TestActivateTest::testMagicGetMethod.INFO: PASSED [] []
[2013-06-19 17:54:33] TestActivateTest::testSetWhereMethod.INFO: PASSED [] []
[2013-06-19 17:54:33] TestActivateTest::testSetWhereMethodChaining.INFO: PASSED [] []
[2013-06-19 17:54:33] TestActivateTest::testBuildWhereClauseMethod.INFO: PASSED [] []
[2013-06-19 17:54:33] TestActivateTest::testCleanTableMethod.INFO: PASSED [] []
[2013-06-19 17:54:33] TestActivateTest::testFullTableMethod.INFO: PASSED [] []
[2013-06-19 17:54:33] TestActivateTest::testTableMethod.INFO: PASSED [] []
[2013-06-19 17:54:33] TestActivateTest::testSetUpCourseColumns.INFO: PASSED [] []
[2013-06-19 17:54:33] TestActivateTest::testFindMethodSimple.INFO: PASSED [] []
[2013-06-19 17:54:33] TestActivateTest::testHasManyAssociation.INFO: PASSED [] []
[2013-06-19 17:54:33] TestActivateTest::testHasOneAssociation.INFO: PASSED [] []
[2013-06-19 17:54:33] TestActivateTest::testAllMethod.INFO: PASSED [] []
[2013-06-19 17:54:33] TestActivateTest::testAllMethodWithWhere.INFO: PASSED [] []
[2013-06-19 17:54:33] TestActivateTest::testAllMethodWithFalseWhere.INFO: PASSED [] []
[2013-06-19 17:54:33] TestActivateTest::testSaveMethodWithAttributesPassedtoMethod.INFO: PASSED [] []
[2013-06-19 17:54:33] TestHasManyRelationshipTest::testInstantianWithOptions.INFO: PASSED [] []
[2013-06-19 17:54:33] TestHasManyRelationshipTest::testGetMethodWithImageAssoc.INFO: PASSED [] []
[2013-06-19 17:54:33] TestHasManyRelationshipTest::testGetMethodYieldsResults.INFO: PASSED [] []
[2013-06-19 17:54:33] TestHasOneRelationshipTest::testHasOneInstantiates.INFO: PASSED [] []
[2013-06-19 17:54:33] TestHasOneRelationshipTest::testBuildUpJoins.INFO: PASSED [] []
[2013-06-19 17:54:33] TestHasOneRelationshipTest::testGetHasOneColumns.INFO: PASSED [] []
[2013-06-19 17:54:33] TestHasOneRelationshipTest::testGet.INFO: PASSED [] []
[2013-06-19 17:55:20] TestActivateTest::testSettingAttributes.INFO: PASSED [] []
[2013-06-19 17:55:20] TestActivateTest::testMagicSetMethod.INFO: PASSED [] []
[2013-06-19 17:55:20] TestActivateTest::testMagicGetMethod.INFO: PASSED [] []
[2013-06-19 17:55:20] TestActivateTest::testSetWhereMethod.INFO: PASSED [] []
[2013-06-19 17:55:20] TestActivateTest::testSetWhereMethodChaining.INFO: PASSED [] []
[2013-06-19 17:55:20] TestActivateTest::testBuildWhereClauseMethod.INFO: PASSED [] []
[2013-06-19 17:55:20] TestActivateTest::testCleanTableMethod.INFO: PASSED [] []
[2013-06-19 17:55:20] TestActivateTest::testFullTableMethod.INFO: PASSED [] []
[2013-06-19 17:55:20] TestActivateTest::testTableMethod.INFO: PASSED [] []
[2013-06-19 17:55:20] TestActivateTest::testSetUpCourseColumns.INFO: PASSED [] []
[2013-06-19 17:55:20] TestActivateTest::testFindMethodSimple.INFO: PASSED [] []
[2013-06-19 17:55:20] TestActivateTest::testHasManyAssociation.INFO: PASSED [] []
[2013-06-19 17:55:20] TestActivateTest::testHasOneAssociation.INFO: PASSED [] []
[2013-06-19 17:55:20] TestActivateTest::testAllMethod.INFO: PASSED [] []
[2013-06-19 17:55:20] TestActivateTest::testAllMethodWithWhere.INFO: PASSED [] []
[2013-06-19 17:55:20] TestActivateTest::testAllMethodWithFalseWhere.INFO: PASSED [] []
[2013-06-19 17:55:20] TestActivateTest::testSaveMethodWithAttributesPassedtoMethod.INFO: PASSED [] []
[2013-06-19 17:56:54] TestActivateTest::testSettingAttributes.INFO: PASSED [] []
[2013-06-19 17:57:04] TestActivateTest::testSettingAttributes.INFO: PASSED [] []
[2013-06-19 17:57:04] TestActivateTest::testMagicSetMethod.INFO: PASSED [] []
[2013-06-19 17:57:04] TestActivateTest::testMagicGetMethod.INFO: PASSED [] []
[2013-06-19 17:57:04] TestActivateTest::testSetWhereMethod.INFO: PASSED [] []
[2013-06-19 17:57:04] TestActivateTest::testSetWhereMethodChaining.INFO: PASSED [] []
[2013-06-19 17:57:04] TestActivateTest::testBuildWhereClauseMethod.INFO: PASSED [] []
[2013-06-19 17:57:04] TestActivateTest::testCleanTableMethod.INFO: PASSED [] []
[2013-06-19 17:57:04] TestActivateTest::testFullTableMethod.INFO: PASSED [] []
[2013-06-19 17:57:04] TestActivateTest::testTableMethod.INFO: PASSED [] []
[2013-06-19 17:57:04] TestActivateTest::testSetUpCourseColumns.INFO: PASSED [] []
[2013-06-19 17:57:04] TestActivateTest::testFindMethodSimple.INFO: PASSED [] []
[2013-06-19 17:57:04] TestActivateTest::testHasManyAssociation.INFO: PASSED [] []
[2013-06-19 17:57:04] TestActivateTest::testHasOneAssociation.INFO: PASSED [] []
[2013-06-19 17:57:04] TestActivateTest::testAllMethod.INFO: PASSED [] []
[2013-06-19 17:57:04] TestActivateTest::testAllMethodWithWhere.INFO: PASSED [] []
[2013-06-19 17:57:04] TestActivateTest::testAllMethodWithFalseWhere.INFO: PASSED [] []
[2013-06-19 17:57:04] TestActivateTest::testSaveMethodWithAttributesPassedtoMethod.INFO: PASSED [] []
[2013-06-19 17:57:04] TestActivateTest::testDynamicFind.INFO: PASSED [] []
[2013-06-19 17:57:04] TestHasManyRelationshipTest::testInstantianWithOptions.INFO: PASSED [] []
[2013-06-19 17:57:04] TestHasManyRelationshipTest::testGetMethodWithImageAssoc.INFO: PASSED [] []
[2013-06-19 17:57:04] TestHasManyRelationshipTest::testGetMethodYieldsResults.INFO: PASSED [] []
[2013-06-19 17:57:04] TestHasOneRelationshipTest::testHasOneInstantiates.INFO: PASSED [] []
[2013-06-19 17:57:04] TestHasOneRelationshipTest::testBuildUpJoins.INFO: PASSED [] []
[2013-06-19 17:57:04] TestHasOneRelationshipTest::testGetHasOneColumns.INFO: PASSED [] []
[2013-06-19 17:57:04] TestHasOneRelationshipTest::testGet.INFO: PASSED [] []
[2013-06-19 17:57:17] TestActivateTest::testSettingAttributes.INFO: PASSED [] []
[2013-06-19 17:57:17] TestActivateTest::testMagicSetMethod.INFO: PASSED [] []
[2013-06-19 17:57:17] TestActivateTest::testMagicGetMethod.INFO: PASSED [] []
[2013-06-19 17:57:17] TestActivateTest::testSetWhereMethod.INFO: PASSED [] []
[2013-06-19 17:57:17] TestActivateTest::testSetWhereMethodChaining.INFO: PASSED [] []
[2013-06-19 17:57:17] TestActivateTest::testBuildWhereClauseMethod.INFO: PASSED [] []
[2013-06-19 17:57:17] TestActivateTest::testCleanTableMethod.INFO: PASSED [] []
[2013-06-19 17:57:17] TestActivateTest::testFullTableMethod.INFO: PASSED [] []
[2013-06-19 17:57:17] TestActivateTest::testTableMethod.INFO: PASSED [] []
[2013-06-19 17:57:17] TestActivateTest::testSetUpCourseColumns.INFO: PASSED [] []
[2013-06-19 17:57:17] TestActivateTest::testFindMethodSimple.INFO: PASSED [] []
[2013-06-19 17:57:17] TestActivateTest::testHasManyAssociation.INFO: PASSED [] []
[2013-06-19 17:57:17] TestActivateTest::testHasOneAssociation.INFO: PASSED [] []
[2013-06-19 17:57:17] TestActivateTest::testAllMethod.INFO: PASSED [] []
[2013-06-19 17:57:17] TestActivateTest::testAllMethodWithWhere.INFO: PASSED [] []
[2013-06-19 17:57:17] TestActivateTest::testAllMethodWithFalseWhere.INFO: PASSED [] []
[2013-06-19 17:57:17] TestActivateTest::testSaveMethodWithAttributesPassedtoMethod.INFO: PASSED [] []
[2013-06-19 17:57:51] TestActivateTest::testSettingAttributes.INFO: PASSED [] []
[2013-06-19 17:57:51] TestActivateTest::testMagicSetMethod.INFO: PASSED [] []
[2013-06-19 17:57:51] TestActivateTest::testMagicGetMethod.INFO: PASSED [] []
[2013-06-19 17:57:51] TestActivateTest::testSetWhereMethod.INFO: PASSED [] []
[2013-06-19 17:57:51] TestActivateTest::testSetWhereMethodChaining.INFO: PASSED [] []
[2013-06-19 17:57:51] TestActivateTest::testBuildWhereClauseMethod.INFO: PASSED [] []
[2013-06-19 17:57:51] TestActivateTest::testCleanTableMethod.INFO: PASSED [] []
[2013-06-19 17:57:51] TestActivateTest::testFullTableMethod.INFO: PASSED [] []
[2013-06-19 17:57:51] TestActivateTest::testTableMethod.INFO: PASSED [] []
[2013-06-19 17:57:51] TestActivateTest::testSetUpCourseColumns.INFO: PASSED [] []
[2013-06-19 17:57:51] TestActivateTest::testFindMethodSimple.INFO: PASSED [] []
[2013-06-19 17:57:51] TestActivateTest::testHasManyAssociation.INFO: PASSED [] []
[2013-06-19 17:57:51] TestActivateTest::testHasOneAssociation.INFO: PASSED [] []
[2013-06-19 17:57:51] TestActivateTest::testAllMethod.INFO: PASSED [] []
[2013-06-19 17:57:51] TestActivateTest::testAllMethodWithWhere.INFO: PASSED [] []
[2013-06-19 17:57:51] TestActivateTest::testAllMethodWithFalseWhere.INFO: PASSED [] []
[2013-06-19 17:57:51] TestActivateTest::testSaveMethodWithAttributesPassedtoMethod.INFO: PASSED [] []
[2013-06-19 17:58:21] TestActivateTest::testSettingAttributes.INFO: PASSED [] []
[2013-06-19 17:58:21] TestActivateTest::testMagicSetMethod.INFO: PASSED [] []
[2013-06-19 17:58:21] TestActivateTest::testMagicGetMethod.INFO: PASSED [] []
[2013-06-19 17:58:21] TestActivateTest::testSetWhereMethod.INFO: PASSED [] []
[2013-06-19 17:58:21] TestActivateTest::testSetWhereMethodChaining.INFO: PASSED [] []
[2013-06-19 17:58:21] TestActivateTest::testBuildWhereClauseMethod.INFO: PASSED [] []
[2013-06-19 17:58:21] TestActivateTest::testCleanTableMethod.INFO: PASSED [] []
[2013-06-19 17:58:21] TestActivateTest::testFullTableMethod.INFO: PASSED [] []
[2013-06-19 17:58:21] TestActivateTest::testTableMethod.INFO: PASSED [] []
[2013-06-19 17:58:21] TestActivateTest::testSetUpCourseColumns.INFO: PASSED [] []
[2013-06-19 17:58:21] TestActivateTest::testFindMethodSimple.INFO: PASSED [] []
[2013-06-19 17:58:21] TestActivateTest::testHasManyAssociation.INFO: PASSED [] []
[2013-06-19 17:58:21] TestActivateTest::testHasOneAssociation.INFO: PASSED [] []
[2013-06-19 17:58:21] TestActivateTest::testAllMethod.INFO: PASSED [] []
[2013-06-19 17:58:21] TestActivateTest::testAllMethodWithWhere.INFO: PASSED [] []
[2013-06-19 17:58:21] TestActivateTest::testAllMethodWithFalseWhere.INFO: PASSED [] []
[2013-06-19 17:58:21] TestActivateTest::testSaveMethodWithAttributesPassedtoMethod.INFO: PASSED [] []
[2013-06-19 17:58:21] TestActivateTest::testDynamicFind.INFO: PASSED [] []
[2013-06-19 17:58:21] TestHasManyRelationshipTest::testInstantianWithOptions.INFO: PASSED [] []
[2013-06-19 17:58:21] TestHasManyRelationshipTest::testGetMethodWithImageAssoc.INFO: PASSED [] []
[2013-06-19 17:58:21] TestHasManyRelationshipTest::testGetMethodYieldsResults.INFO: PASSED [] []
[2013-06-19 17:58:21] TestHasOneRelationshipTest::testHasOneInstantiates.INFO: PASSED [] []
[2013-06-19 17:58:21] TestHasOneRelationshipTest::testBuildUpJoins.INFO: PASSED [] []
[2013-06-19 17:58:21] TestHasOneRelationshipTest::testGetHasOneColumns.INFO: PASSED [] []
[2013-06-19 17:58:21] TestHasOneRelationshipTest::testGet.INFO: PASSED [] []
[2013-06-19 17:59:12] TestActivateTest::testSettingAttributes.INFO: PASSED [] []
[2013-06-19 17:59:12] TestActivateTest::testMagicSetMethod.INFO: PASSED [] []
[2013-06-19 17:59:12] TestActivateTest::testMagicGetMethod.INFO: PASSED [] []
[2013-06-19 17:59:12] TestActivateTest::testSetWhereMethod.INFO: PASSED [] []
[2013-06-19 17:59:12] TestActivateTest::testSetWhereMethodChaining.INFO: PASSED [] []
[2013-06-19 17:59:12] TestActivateTest::testBuildWhereClauseMethod.INFO: PASSED [] []
[2013-06-19 17:59:12] TestActivateTest::testCleanTableMethod.INFO: PASSED [] []
[2013-06-19 17:59:12] TestActivateTest::testFullTableMethod.INFO: PASSED [] []
[2013-06-19 17:59:12] TestActivateTest::testTableMethod.INFO: PASSED [] []
[2013-06-19 17:59:12] TestActivateTest::testSetUpCourseColumns.INFO: PASSED [] []
[2013-06-19 17:59:12] TestActivateTest::testFindMethodSimple.INFO: PASSED [] []
[2013-06-19 17:59:12] TestActivateTest::testHasManyAssociation.INFO: PASSED [] []
[2013-06-19 17:59:12] TestActivateTest::testHasOneAssociation.INFO: PASSED [] []
[2013-06-19 17:59:12] TestActivateTest::testAllMethod.INFO: PASSED [] []
[2013-06-19 17:59:12] TestActivateTest::testAllMethodWithWhere.INFO: PASSED [] []
[2013-06-19 17:59:12] TestActivateTest::testAllMethodWithFalseWhere.INFO: PASSED [] []
[2013-06-19 17:59:12] TestActivateTest::testSaveMethodWithAttributesPassedtoMethod.INFO: PASSED [] []
[2013-06-19 17:59:12] TestActivateTest::testDynamicFind.INFO: PASSED [] []
[2013-06-19 17:59:12] TestHasManyRelationshipTest::testInstantianWithOptions.INFO: PASSED [] []
[2013-06-19 17:59:12] TestHasManyRelationshipTest::testGetMethodWithImageAssoc.INFO: PASSED [] []
[2013-06-19 17:59:12] TestHasManyRelationshipTest::testGetMethodYieldsResults.INFO: PASSED [] []
[2013-06-19 17:59:12] TestHasOneRelationshipTest::testHasOneInstantiates.INFO: PASSED [] []
[2013-06-19 17:59:12] TestHasOneRelationshipTest::testBuildUpJoins.INFO: PASSED [] []
[2013-06-19 17:59:12] TestHasOneRelationshipTest::testGetHasOneColumns.INFO: PASSED [] []
[2013-06-19 17:59:12] TestHasOneRelationshipTest::testGet.INFO: PASSED [] []
[2013-06-19 18:01:54] TestActivateTest::testSettingAttributes.INFO: PASSED [] []
[2013-06-19 18:01:54] TestActivateTest::testMagicSetMethod.INFO: PASSED [] []
[2013-06-19 18:01:55] TestActivateTest::testMagicGetMethod.INFO: PASSED [] []
[2013-06-19 18:01:55] TestActivateTest::testSetWhereMethod.INFO: PASSED [] []
[2013-06-19 18:01:55] TestActivateTest::testSetWhereMethodChaining.INFO: PASSED [] []
[2013-06-19 18:01:55] TestActivateTest::testBuildWhereClauseMethod.INFO: PASSED [] []
[2013-06-19 18:01:55] TestActivateTest::testCleanTableMethod.INFO: PASSED [] []
[2013-06-19 18:01:55] TestActivateTest::testFullTableMethod.INFO: PASSED [] []
[2013-06-19 18:01:55] TestActivateTest::testTableMethod.INFO: PASSED [] []
[2013-06-19 18:01:55] TestActivateTest::testSetUpCourseColumns.INFO: PASSED [] []
[2013-06-19 18:01:55] TestActivateTest::testFindMethodSimple.INFO: PASSED [] []
[2013-06-19 18:01:55] TestActivateTest::testHasManyAssociation.INFO: PASSED [] []
[2013-06-19 18:01:55] TestActivateTest::testHasOneAssociation.INFO: PASSED [] []
[2013-06-19 18:01:55] TestActivateTest::testAllMethod.INFO: PASSED [] []
[2013-06-19 18:01:55] TestActivateTest::testAllMethodWithWhere.INFO: PASSED [] []
[2013-06-19 18:01:55] TestActivateTest::testAllMethodWithFalseWhere.INFO: PASSED [] []
[2013-06-19 18:01:55] TestActivateTest::testSaveMethodWithAttributesPassedtoMethod.INFO: PASSED [] []
[2013-06-19 18:01:55] TestActivateTest::testDynamicFind.INFO: PASSED [] []
[2013-06-19 18:01:55] TestHasManyRelationshipTest::testInstantianWithOptions.INFO: PASSED [] []
[2013-06-19 18:01:55] TestHasManyRelationshipTest::testGetMethodWithImageAssoc.INFO: PASSED [] []
[2013-06-19 18:01:55] TestHasManyRelationshipTest::testGetMethodYieldsResults.INFO: PASSED [] []
[2013-06-19 18:01:55] TestHasOneRelationshipTest::testHasOneInstantiates.INFO: PASSED [] []
[2013-06-19 18:01:55] TestHasOneRelationshipTest::testBuildUpJoins.INFO: PASSED [] []
[2013-06-19 18:01:55] TestHasOneRelationshipTest::testGetHasOneColumns.INFO: PASSED [] []
[2013-06-19 18:01:55] TestHasOneRelationshipTest::testGet.INFO: PASSED [] []
[2013-06-19 18:03:16] TestActivateTest::testSettingAttributes.INFO: PASSED [] []
[2013-06-19 18:03:16] TestActivateTest::testMagicSetMethod.INFO: PASSED [] []
[2013-06-19 18:03:16] TestActivateTest::testMagicGetMethod.INFO: PASSED [] []
[2013-06-19 18:03:16] TestActivateTest::testSetWhereMethod.INFO: PASSED [] []
[2013-06-19 18:03:16] TestActivateTest::testSetWhereMethodChaining.INFO: PASSED [] []
[2013-06-19 18:03:16] TestActivateTest::testBuildWhereClauseMethod.INFO: PASSED [] []
[2013-06-19 18:03:16] TestActivateTest::testCleanTableMethod.INFO: PASSED [] []
[2013-06-19 18:03:16] TestActivateTest::testFullTableMethod.INFO: PASSED [] []
[2013-06-19 18:03:16] TestActivateTest::testTableMethod.INFO: PASSED [] []
[2013-06-19 18:03:16] TestActivateTest::testSetUpCourseColumns.INFO: PASSED [] []
[2013-06-19 18:03:16] TestActivateTest::testFindMethodSimple.INFO: PASSED [] []
[2013-06-19 18:03:16] TestActivateTest::testHasManyAssociation.INFO: PASSED [] []
[2013-06-19 18:03:16] TestActivateTest::testHasOneAssociation.INFO: PASSED [] []
[2013-06-19 18:03:16] TestActivateTest::testAllMethod.INFO: PASSED [] []
[2013-06-19 18:03:16] TestActivateTest::testAllMethodWithWhere.INFO: PASSED [] []
[2013-06-19 18:03:16] TestActivateTest::testAllMethodWithFalseWhere.INFO: PASSED [] []
[2013-06-19 18:03:16] TestActivateTest::testSaveMethodWithAttributesPassedtoMethod.INFO: PASSED [] []
[2013-06-19 18:03:16] TestActivateTest::testDynamicFind.INFO: PASSED [] []
[2013-06-19 18:03:16] TestActivateTest::testDynamicFindLike.INFO: PASSED [] []
[2013-06-19 18:03:16] TestHasManyRelationshipTest::testInstantianWithOptions.INFO: PASSED [] []
[2013-06-19 18:03:16] TestHasManyRelationshipTest::testGetMethodWithImageAssoc.INFO: PASSED [] []
[2013-06-19 18:03:16] TestHasManyRelationshipTest::testGetMethodYieldsResults.INFO: PASSED [] []
[2013-06-19 18:03:16] TestHasOneRelationshipTest::testHasOneInstantiates.INFO: PASSED [] []
[2013-06-19 18:03:16] TestHasOneRelationshipTest::testBuildUpJoins.INFO: PASSED [] []
[2013-06-19 18:03:16] TestHasOneRelationshipTest::testGetHasOneColumns.INFO: PASSED [] []
[2013-06-19 18:03:16] TestHasOneRelationshipTest::testGet.INFO: PASSED [] []
[2013-06-19 18:04:11] TestActivateTest::testSettingAttributes.INFO: PASSED [] []
[2013-06-19 18:04:11] TestActivateTest::testMagicSetMethod.INFO: PASSED [] []
[2013-06-19 18:04:11] TestActivateTest::testMagicGetMethod.INFO: PASSED [] []
[2013-06-19 18:04:11] TestActivateTest::testSetWhereMethod.INFO: PASSED [] []
[2013-06-19 18:04:11] TestActivateTest::testSetWhereMethodChaining.INFO: PASSED [] []
[2013-06-19 18:04:11] TestActivateTest::testBuildWhereClauseMethod.INFO: PASSED [] []
[2013-06-19 18:04:11] TestActivateTest::testCleanTableMethod.INFO: PASSED [] []
[2013-06-19 18:04:11] TestActivateTest::testFullTableMethod.INFO: PASSED [] []
[2013-06-19 18:04:11] TestActivateTest::testTableMethod.INFO: PASSED [] []
[2013-06-19 18:04:11] TestActivateTest::testSetUpCourseColumns.INFO: PASSED [] []
[2013-06-19 18:04:11] TestActivateTest::testFindMethodSimple.INFO: PASSED [] []
[2013-06-19 18:04:11] TestActivateTest::testHasManyAssociation.INFO: PASSED [] []
[2013-06-19 18:04:11] TestActivateTest::testHasOneAssociation.INFO: PASSED [] []
[2013-06-19 18:04:11] TestActivateTest::testAllMethod.INFO: PASSED [] []
[2013-06-19 18:04:12] TestActivateTest::testAllMethodWithWhere.INFO: PASSED [] []
[2013-06-19 18:04:12] TestActivateTest::testAllMethodWithFalseWhere.INFO: PASSED [] []
[2013-06-19 18:04:12] TestActivateTest::testSaveMethodWithAttributesPassedtoMethod.INFO: PASSED [] []
[2013-06-19 18:04:12] TestActivateTest::testDynamicFind.INFO: PASSED [] []
[2013-06-19 18:04:12] TestActivateTest::testDynamicFindLike.INFO: PASSED [] []
[2013-06-19 18:04:12] TestActivateTest::testDynamicFindById.INFO: PASSED [] []
[2013-06-19 18:04:12] TestHasManyRelationshipTest::testInstantianWithOptions.INFO: PASSED [] []
[2013-06-19 18:04:12] TestHasManyRelationshipTest::testGetMethodWithImageAssoc.INFO: PASSED [] []
[2013-06-19 18:04:12] TestHasManyRelationshipTest::testGetMethodYieldsResults.INFO: PASSED [] []
[2013-06-19 18:04:12] TestHasOneRelationshipTest::testHasOneInstantiates.INFO: PASSED [] []
[2013-06-19 18:04:12] TestHasOneRelationshipTest::testBuildUpJoins.INFO: PASSED [] []
[2013-06-19 18:04:12] TestHasOneRelationshipTest::testGetHasOneColumns.INFO: PASSED [] []
[2013-06-19 18:04:12] TestHasOneRelationshipTest::testGet.INFO: PASSED [] []
[2013-06-19 18:07:16] TestActivateTest::testSettingAttributes.INFO: PASSED [] []
[2013-06-19 18:07:17] TestActivateTest::testMagicSetMethod.INFO: PASSED [] []
[2013-06-19 18:07:17] TestActivateTest::testMagicGetMethod.INFO: PASSED [] []
[2013-06-19 18:07:17] TestActivateTest::testSetWhereMethod.INFO: PASSED [] []
[2013-06-19 18:07:17] TestActivateTest::testSetWhereMethodChaining.INFO: PASSED [] []
[2013-06-19 18:07:17] TestActivateTest::testBuildWhereClauseMethod.INFO: PASSED [] []
[2013-06-19 18:07:17] TestActivateTest::testCleanTableMethod.INFO: PASSED [] []
[2013-06-19 18:07:17] TestActivateTest::testFullTableMethod.INFO: PASSED [] []
[2013-06-19 18:07:17] TestActivateTest::testTableMethod.INFO: PASSED [] []
[2013-06-19 18:07:17] TestActivateTest::testSetUpCourseColumns.INFO: PASSED [] []
[2013-06-19 18:07:17] TestActivateTest::testFindMethodSimple.INFO: PASSED [] []
[2013-06-19 18:07:17] TestActivateTest::testHasManyAssociation.INFO: PASSED [] []
[2013-06-19 18:07:17] TestActivateTest::testHasOneAssociation.INFO: PASSED [] []
[2013-06-19 18:07:17] TestActivateTest::testAllMethod.INFO: PASSED [] []
[2013-06-19 18:07:17] TestActivateTest::testAllMethodWithWhere.INFO: PASSED [] []
[2013-06-19 18:07:17] TestActivateTest::testAllMethodWithFalseWhere.INFO: PASSED [] []
[2013-06-19 18:07:17] TestActivateTest::testSaveMethodWithAttributesPassedtoMethod.INFO: PASSED [] []
[2013-06-19 18:07:17] TestActivateTest::testSaveMethodWithAttributesPassedToConstructor.INFO: PASSED [] []
[2013-06-19 18:07:17] TestActivateTest::testDynamicFind.INFO: PASSED [] []
[2013-06-19 18:07:17] TestActivateTest::testDynamicFindLike.INFO: PASSED [] []
[2013-06-19 18:07:17] TestActivateTest::testDynamicFindById.INFO: PASSED [] []
[2013-06-19 18:07:17] TestHasManyRelationshipTest::testInstantianWithOptions.INFO: PASSED [] []
[2013-06-19 18:07:17] TestHasManyRelationshipTest::testGetMethodWithImageAssoc.INFO: PASSED [] []
[2013-06-19 18:07:17] TestHasManyRelationshipTest::testGetMethodYieldsResults.INFO: PASSED [] []
[2013-06-19 18:07:17] TestHasOneRelationshipTest::testHasOneInstantiates.INFO: PASSED [] []
[2013-06-19 18:07:17] TestHasOneRelationshipTest::testBuildUpJoins.INFO: PASSED [] []
[2013-06-19 18:07:17] TestHasOneRelationshipTest::testGetHasOneColumns.INFO: PASSED [] []
[2013-06-19 18:07:17] TestHasOneRelationshipTest::testGet.INFO: PASSED [] []
[2013-06-19 18:12:53] TestActivateTest::testSettingAttributes.INFO: PASSED [] []
[2013-06-19 18:12:53] TestActivateTest::testMagicSetMethod.INFO: PASSED [] []
[2013-06-19 18:12:53] TestActivateTest::testMagicGetMethod.INFO: PASSED [] []
[2013-06-19 18:12:53] TestActivateTest::testSetWhereMethod.INFO: PASSED [] []
[2013-06-19 18:12:53] TestActivateTest::testSetWhereMethodChaining.INFO: PASSED [] []
[2013-06-19 18:12:53] TestActivateTest::testBuildWhereClauseMethod.INFO: PASSED [] []
[2013-06-19 18:12:53] TestActivateTest::testCleanTableMethod.INFO: PASSED [] []
[2013-06-19 18:12:53] TestActivateTest::testFullTableMethod.INFO: PASSED [] []
[2013-06-19 18:12:53] TestActivateTest::testTableMethod.INFO: PASSED [] []
[2013-06-19 18:12:53] TestActivateTest::testSetUpCourseColumns.INFO: PASSED [] []
[2013-06-19 18:12:53] TestActivateTest::testFindMethodSimple.INFO: PASSED [] []
[2013-06-19 18:12:53] TestActivateTest::testHasManyAssociation.INFO: PASSED [] []
[2013-06-19 18:12:53] TestActivateTest::testHasOneAssociation.INFO: PASSED [] []
[2013-06-19 18:12:53] TestActivateTest::testAllMethod.INFO: PASSED [] []
[2013-06-19 18:12:53] TestActivateTest::testAllMethodWithWhere.INFO: PASSED [] []
[2013-06-19 18:12:53] TestActivateTest::testAllMethodWithFalseWhere.INFO: PASSED [] []
[2013-06-19 18:12:53] TestActivateTest::testSaveMethodWithAttributesPassedtoMethod.INFO: PASSED [] []
[2013-06-19 18:12:53] TestActivateTest::testSaveMethodWithAttributesPassedToConstructor.INFO: PASSED [] []
[2013-06-19 18:12:53] TestActivateTest::testDynamicFind.INFO: PASSED [] []
[2013-06-19 18:12:53] TestActivateTest::testDynamicFindLike.INFO: PASSED [] []
[2013-06-19 18:12:53] TestActivateTest::testDynamicFindById.INFO: PASSED [] []
[2013-06-19 18:12:53] TestHasManyRelationshipTest::testInstantianWithOptions.INFO: PASSED [] []
[2013-06-19 18:12:53] TestHasManyRelationshipTest::testGetMethodWithImageAssoc.INFO: PASSED [] []
[2013-06-19 18:12:53] TestHasManyRelationshipTest::testGetMethodYieldsResults.INFO: PASSED [] []
[2013-06-19 18:12:53] TestHasOneRelationshipTest::testHasOneInstantiates.INFO: PASSED [] []
[2013-06-19 18:12:53] TestHasOneRelationshipTest::testBuildUpJoins.INFO: PASSED [] []
[2013-06-19 18:12:53] TestHasOneRelationshipTest::testGetHasOneColumns.INFO: PASSED [] []
[2013-06-19 18:12:53] TestHasOneRelationshipTest::testGet.INFO: PASSED [] []
[2013-06-19 18:18:34] TestActivateTest::testSettingAttributes.INFO: PASSED [] []
[2013-06-19 18:18:34] TestActivateTest::testMagicSetMethod.INFO: PASSED [] []
[2013-06-19 18:18:34] TestActivateTest::testMagicGetMethod.INFO: PASSED [] []
[2013-06-19 18:18:34] TestActivateTest::testSetWhereMethod.INFO: PASSED [] []
[2013-06-19 18:18:34] TestActivateTest::testSetWhereMethodChaining.INFO: PASSED [] []
[2013-06-19 18:18:34] TestActivateTest::testBuildWhereClauseMethod.INFO: PASSED [] []
[2013-06-19 18:18:34] TestActivateTest::testCleanTableMethod.INFO: PASSED [] []
[2013-06-19 18:18:34] TestActivateTest::testFullTableMethod.INFO: PASSED [] []
[2013-06-19 18:18:34] TestActivateTest::testTableMethod.INFO: PASSED [] []
[2013-06-19 18:18:34] TestActivateTest::testSetUpCourseColumns.INFO: PASSED [] []
[2013-06-19 18:18:34] TestActivateTest::testFindMethodSimple.INFO: PASSED [] []
[2013-06-19 18:18:34] TestActivateTest::testHasManyAssociation.INFO: PASSED [] []
[2013-06-19 18:18:34] TestActivateTest::testHasOneAssociation.INFO: PASSED [] []
[2013-06-19 18:18:34] TestActivateTest::testAllMethod.INFO: PASSED [] []
[2013-06-19 18:18:34] TestActivateTest::testAllMethodWithWhere.INFO: PASSED [] []
[2013-06-19 18:18:34] TestActivateTest::testAllMethodWithFalseWhere.INFO: PASSED [] []
[2013-06-19 18:18:34] TestActivateTest::testSaveMethodWithAttributesPassedtoMethod.INFO: PASSED [] []
[2013-06-19 18:18:34] TestActivateTest::testSaveMethodWithAttributesPassedToConstructor.INFO: PASSED [] []
[2013-06-19 18:18:34] TestActivateTest::testDynamicFind.INFO: PASSED [] []
[2013-06-19 18:18:34] TestActivateTest::testDynamicFindLike.INFO: PASSED [] []
[2013-06-19 18:18:34] TestActivateTest::testDynamicFindById.INFO: PASSED [] []
[2013-06-19 18:18:34] TestActivateTest::testDeleteMethod.ALERT: Failed asserting that null is true. [] []
[2013-06-19 18:18:34] TestActivateTest::testDeleteMethod.INFO: # FAILED # [] []
[2013-06-19 18:18:34] TestActivateTest::testDeleteMethod.INFO: PASSED [] []
[2013-06-19 18:18:34] TestHasManyRelationshipTest::testInstantianWithOptions.INFO: PASSED [] []
[2013-06-19 18:18:34] TestHasManyRelationshipTest::testGetMethodWithImageAssoc.INFO: PASSED [] []
[2013-06-19 18:18:34] TestHasManyRelationshipTest::testGetMethodYieldsResults.INFO: PASSED [] []
[2013-06-19 18:18:34] TestHasOneRelationshipTest::testHasOneInstantiates.INFO: PASSED [] []
[2013-06-19 18:18:34] TestHasOneRelationshipTest::testBuildUpJoins.INFO: PASSED [] []
[2013-06-19 18:18:34] TestHasOneRelationshipTest::testGetHasOneColumns.INFO: PASSED [] []
[2013-06-19 18:18:34] TestHasOneRelationshipTest::testGet.INFO: PASSED [] []
[2013-06-19 18:18:44] TestActivateTest::testSettingAttributes.INFO: PASSED [] []
[2013-06-19 18:18:44] TestActivateTest::testMagicSetMethod.INFO: PASSED [] []
[2013-06-19 18:18:44] TestActivateTest::testMagicGetMethod.INFO: PASSED [] []
[2013-06-19 18:18:44] TestActivateTest::testSetWhereMethod.INFO: PASSED [] []
[2013-06-19 18:18:44] TestActivateTest::testSetWhereMethodChaining.INFO: PASSED [] []
[2013-06-19 18:18:44] TestActivateTest::testBuildWhereClauseMethod.INFO: PASSED [] []
[2013-06-19 18:18:44] TestActivateTest::testCleanTableMethod.INFO: PASSED [] []
[2013-06-19 18:18:44] TestActivateTest::testFullTableMethod.INFO: PASSED [] []
[2013-06-19 18:18:44] TestActivateTest::testTableMethod.INFO: PASSED [] []
[2013-06-19 18:18:44] TestActivateTest::testSetUpCourseColumns.INFO: PASSED [] []
[2013-06-19 18:18:44] TestActivateTest::testFindMethodSimple.INFO: PASSED [] []
[2013-06-19 18:18:44] TestActivateTest::testHasManyAssociation.INFO: PASSED [] []
[2013-06-19 18:18:44] TestActivateTest::testHasOneAssociation.INFO: PASSED [] []
[2013-06-19 18:18:44] TestActivateTest::testAllMethod.INFO: PASSED [] []
[2013-06-19 18:18:44] TestActivateTest::testAllMethodWithWhere.INFO: PASSED [] []
[2013-06-19 18:18:44] TestActivateTest::testAllMethodWithFalseWhere.INFO: PASSED [] []
[2013-06-19 18:18:44] TestActivateTest::testSaveMethodWithAttributesPassedtoMethod.INFO: PASSED [] []
[2013-06-19 18:18:44] TestActivateTest::testSaveMethodWithAttributesPassedToConstructor.INFO: PASSED [] []
[2013-06-19 18:18:44] TestActivateTest::testDynamicFind.INFO: PASSED [] []
[2013-06-19 18:18:44] TestActivateTest::testDynamicFindLike.INFO: PASSED [] []
[2013-06-19 18:18:44] TestActivateTest::testDynamicFindById.INFO: PASSED [] []
[2013-06-19 18:29:10] TestActivateTest::testSettingAttributes.INFO: PASSED [] []
[2013-06-19 18:29:10] TestActivateTest::testMagicSetMethod.INFO: PASSED [] []
[2013-06-19 18:29:10] TestActivateTest::testMagicGetMethod.INFO: PASSED [] []
[2013-06-19 18:29:10] TestActivateTest::testSetWhereMethod.INFO: PASSED [] []
[2013-06-19 18:29:10] TestActivateTest::testSetWhereMethodChaining.INFO: PASSED [] []
[2013-06-19 18:29:10] TestActivateTest::testBuildWhereClauseMethod.INFO: PASSED [] []
[2013-06-19 18:29:10] TestActivateTest::testCleanTableMethod.INFO: PASSED [] []
[2013-06-19 18:29:10] TestActivateTest::testFullTableMethod.INFO: PASSED [] []
[2013-06-19 18:29:10] TestActivateTest::testTableMethod.INFO: PASSED [] []
[2013-06-19 18:29:10] TestActivateTest::testSetUpCourseColumns.INFO: PASSED [] []
[2013-06-19 18:29:10] TestActivateTest::testFindMethodSimple.INFO: PASSED [] []
[2013-06-19 18:29:10] TestActivateTest::testHasManyAssociation.INFO: PASSED [] []
[2013-06-19 18:29:10] TestActivateTest::testHasOneAssociation.INFO: PASSED [] []
[2013-06-19 18:29:10] TestActivateTest::testAllMethod.INFO: PASSED [] []
[2013-06-19 18:29:10] TestActivateTest::testAllMethodWithWhere.INFO: PASSED [] []
[2013-06-19 18:29:10] TestActivateTest::testAllMethodWithFalseWhere.INFO: PASSED [] []
[2013-06-19 18:29:10] TestActivateTest::testSaveMethodWithAttributesPassedtoMethod.INFO: PASSED [] []
[2013-06-19 18:29:10] TestActivateTest::testSaveMethodWithAttributesPassedToConstructor.INFO: PASSED [] []
[2013-06-19 18:29:10] TestActivateTest::testDynamicFind.INFO: PASSED [] []
[2013-06-19 18:29:10] TestActivateTest::testDynamicFindLike.INFO: PASSED [] []
[2013-06-19 18:29:10] TestActivateTest::testDynamicFindById.INFO: PASSED [] []
[2013-06-19 18:29:45] TestActivateTest::testSettingAttributes.INFO: PASSED [] []
[2013-06-19 18:29:45] TestActivateTest::testMagicSetMethod.INFO: PASSED [] []
[2013-06-19 18:29:45] TestActivateTest::testMagicGetMethod.INFO: PASSED [] []
[2013-06-19 18:29:45] TestActivateTest::testSetWhereMethod.INFO: PASSED [] []
[2013-06-19 18:29:45] TestActivateTest::testSetWhereMethodChaining.INFO: PASSED [] []
[2013-06-19 18:29:45] TestActivateTest::testBuildWhereClauseMethod.INFO: PASSED [] []
[2013-06-19 18:29:45] TestActivateTest::testCleanTableMethod.INFO: PASSED [] []
[2013-06-19 18:29:45] TestActivateTest::testFullTableMethod.INFO: PASSED [] []
[2013-06-19 18:29:45] TestActivateTest::testTableMethod.INFO: PASSED [] []
[2013-06-19 18:29:45] TestActivateTest::testSetUpCourseColumns.INFO: PASSED [] []
[2013-06-19 18:29:45] TestActivateTest::testFindMethodSimple.INFO: PASSED [] []
[2013-06-19 18:29:45] TestActivateTest::testHasManyAssociation.INFO: PASSED [] []
[2013-06-19 18:29:45] TestActivateTest::testHasOneAssociation.INFO: PASSED [] []
[2013-06-19 18:29:45] TestActivateTest::testAllMethod.INFO: PASSED [] []
[2013-06-19 18:29:45] TestActivateTest::testAllMethodWithWhere.INFO: PASSED [] []
[2013-06-19 18:29:45] TestActivateTest::testAllMethodWithFalseWhere.INFO: PASSED [] []
[2013-06-19 18:29:45] TestActivateTest::testSaveMethodWithAttributesPassedtoMethod.INFO: PASSED [] []
[2013-06-19 18:29:45] TestActivateTest::testSaveMethodWithAttributesPassedToConstructor.INFO: PASSED [] []
[2013-06-19 18:29:45] TestActivateTest::testDynamicFind.INFO: PASSED [] []
[2013-06-19 18:29:45] TestActivateTest::testDynamicFindLike.INFO: PASSED [] []
[2013-06-19 18:29:45] TestActivateTest::testDynamicFindById.INFO: PASSED [] []
[2013-06-19 18:29:58] TestActivateTest::testSettingAttributes.INFO: PASSED [] []
[2013-06-19 18:29:58] TestActivateTest::testMagicSetMethod.INFO: PASSED [] []
[2013-06-19 18:29:58] TestActivateTest::testMagicGetMethod.INFO: PASSED [] []
[2013-06-19 18:29:58] TestActivateTest::testSetWhereMethod.INFO: PASSED [] []
[2013-06-19 18:29:58] TestActivateTest::testSetWhereMethodChaining.INFO: PASSED [] []
[2013-06-19 18:29:58] TestActivateTest::testBuildWhereClauseMethod.INFO: PASSED [] []
[2013-06-19 18:29:58] TestActivateTest::testCleanTableMethod.INFO: PASSED [] []
[2013-06-19 18:29:58] TestActivateTest::testFullTableMethod.INFO: PASSED [] []
[2013-06-19 18:29:58] TestActivateTest::testTableMethod.INFO: PASSED [] []
[2013-06-19 18:29:58] TestActivateTest::testSetUpCourseColumns.INFO: PASSED [] []
[2013-06-19 18:29:58] TestActivateTest::testFindMethodSimple.INFO: PASSED [] []
[2013-06-19 18:29:58] TestActivateTest::testHasManyAssociation.INFO: PASSED [] []
[2013-06-19 18:29:58] TestActivateTest::testHasOneAssociation.INFO: PASSED [] []
[2013-06-19 18:29:58] TestActivateTest::testAllMethod.INFO: PASSED [] []
[2013-06-19 18:29:58] TestActivateTest::testAllMethodWithWhere.INFO: PASSED [] []
[2013-06-19 18:29:58] TestActivateTest::testAllMethodWithFalseWhere.INFO: PASSED [] []
[2013-06-19 18:29:58] TestActivateTest::testSaveMethodWithAttributesPassedtoMethod.INFO: PASSED [] []
[2013-06-19 18:29:58] TestActivateTest::testSaveMethodWithAttributesPassedToConstructor.INFO: PASSED [] []
[2013-06-19 18:29:58] TestActivateTest::testDynamicFind.INFO: PASSED [] []
[2013-06-19 18:29:58] TestActivateTest::testDynamicFindLike.INFO: PASSED [] []
[2013-06-19 18:29:58] TestActivateTest::testDynamicFindById.INFO: PASSED [] []
[2013-06-19 18:29:58] TestActivateTest::testDeleteMethod.ALERT: Failed asserting that null is true. [] []
[2013-06-19 18:29:58] TestActivateTest::testDeleteMethod.INFO: # FAILED # [] []
[2013-06-19 18:29:58] TestActivateTest::testDeleteMethod.INFO: PASSED [] []
[2013-06-19 18:29:58] TestHasManyRelationshipTest::testInstantianWithOptions.INFO: PASSED [] []
[2013-06-19 18:29:58] TestHasManyRelationshipTest::testGetMethodWithImageAssoc.INFO: PASSED [] []
[2013-06-19 18:29:58] TestHasManyRelationshipTest::testGetMethodYieldsResults.INFO: PASSED [] []
[2013-06-19 18:29:58] TestHasOneRelationshipTest::testHasOneInstantiates.INFO: PASSED [] []
[2013-06-19 18:29:58] TestHasOneRelationshipTest::testBuildUpJoins.INFO: PASSED [] []
[2013-06-19 18:29:58] TestHasOneRelationshipTest::testGetHasOneColumns.INFO: PASSED [] []
[2013-06-19 18:29:58] TestHasOneRelationshipTest::testGet.INFO: PASSED [] []
[2013-06-19 18:30:47] TestActivateTest::testSettingAttributes.INFO: PASSED [] []
[2013-06-19 18:30:47] TestActivateTest::testMagicSetMethod.INFO: PASSED [] []
[2013-06-19 18:30:47] TestActivateTest::testMagicGetMethod.INFO: PASSED [] []
[2013-06-19 18:30:47] TestActivateTest::testSetWhereMethod.INFO: PASSED [] []
[2013-06-19 18:30:47] TestActivateTest::testSetWhereMethodChaining.INFO: PASSED [] []
[2013-06-19 18:30:47] TestActivateTest::testBuildWhereClauseMethod.INFO: PASSED [] []
[2013-06-19 18:30:47] TestActivateTest::testCleanTableMethod.INFO: PASSED [] []
[2013-06-19 18:30:47] TestActivateTest::testFullTableMethod.INFO: PASSED [] []
[2013-06-19 18:30:47] TestActivateTest::testTableMethod.INFO: PASSED [] []
[2013-06-19 18:30:47] TestActivateTest::testSetUpCourseColumns.INFO: PASSED [] []
[2013-06-19 18:30:47] TestActivateTest::testFindMethodSimple.INFO: PASSED [] []
[2013-06-19 18:30:47] TestActivateTest::testHasManyAssociation.INFO: PASSED [] []
[2013-06-19 18:30:47] TestActivateTest::testHasOneAssociation.INFO: PASSED [] []
[2013-06-19 18:30:47] TestActivateTest::testAllMethod.INFO: PASSED [] []
[2013-06-19 18:30:47] TestActivateTest::testAllMethodWithWhere.INFO: PASSED [] []
[2013-06-19 18:30:47] TestActivateTest::testAllMethodWithFalseWhere.INFO: PASSED [] []
[2013-06-19 18:30:48] TestActivateTest::testSaveMethodWithAttributesPassedtoMethod.INFO: PASSED [] []
[2013-06-19 18:30:48] TestActivateTest::testSaveMethodWithAttributesPassedToConstructor.INFO: PASSED [] []
[2013-06-19 18:30:48] TestActivateTest::testDynamicFind.INFO: PASSED [] []
[2013-06-19 18:30:48] TestActivateTest::testDynamicFindLike.INFO: PASSED [] []
[2013-06-19 18:30:48] TestActivateTest::testDynamicFindById.INFO: PASSED [] []
[2013-06-19 18:30:48] TestActivateTest::testDeleteMethod.INFO: PASSED [] []
[2013-06-19 18:30:48] TestHasManyRelationshipTest::testInstantianWithOptions.INFO: PASSED [] []
[2013-06-19 18:30:48] TestHasManyRelationshipTest::testGetMethodWithImageAssoc.INFO: PASSED [] []
[2013-06-19 18:30:48] TestHasManyRelationshipTest::testGetMethodYieldsResults.INFO: PASSED [] []
[2013-06-19 18:30:48] TestHasOneRelationshipTest::testHasOneInstantiates.INFO: PASSED [] []
[2013-06-19 18:30:48] TestHasOneRelationshipTest::testBuildUpJoins.INFO: PASSED [] []
[2013-06-19 18:30:48] TestHasOneRelationshipTest::testGetHasOneColumns.INFO: PASSED [] []
[2013-06-19 18:30:48] TestHasOneRelationshipTest::testGet.INFO: PASSED [] []
[2013-06-19 18:31:12] TestActivateTest::testSettingAttributes.INFO: PASSED [] []
[2013-06-19 18:31:12] TestActivateTest::testMagicSetMethod.INFO: PASSED [] []
[2013-06-19 18:31:12] TestActivateTest::testMagicGetMethod.INFO: PASSED [] []
[2013-06-19 18:31:12] TestActivateTest::testSetWhereMethod.INFO: PASSED [] []
[2013-06-19 18:31:12] TestActivateTest::testSetWhereMethodChaining.INFO: PASSED [] []
[2013-06-19 18:31:12] TestActivateTest::testBuildWhereClauseMethod.INFO: PASSED [] []
[2013-06-19 18:31:12] TestActivateTest::testCleanTableMethod.INFO: PASSED [] []
[2013-06-19 18:31:12] TestActivateTest::testFullTableMethod.INFO: PASSED [] []
[2013-06-19 18:31:12] TestActivateTest::testTableMethod.INFO: PASSED [] []
[2013-06-19 18:31:12] TestActivateTest::testSetUpCourseColumns.INFO: PASSED [] []
[2013-06-19 18:31:12] TestActivateTest::testFindMethodSimple.INFO: PASSED [] []
[2013-06-19 18:31:12] TestActivateTest::testHasManyAssociation.INFO: PASSED [] []
[2013-06-19 18:31:12] TestActivateTest::testHasOneAssociation.INFO: PASSED [] []
[2013-06-19 18:31:12] TestActivateTest::testAllMethod.INFO: PASSED [] []
[2013-06-19 18:31:12] TestActivateTest::testAllMethodWithWhere.INFO: PASSED [] []
[2013-06-19 18:31:12] TestActivateTest::testAllMethodWithFalseWhere.INFO: PASSED [] []
[2013-06-19 18:31:12] TestActivateTest::testSaveMethodWithAttributesPassedtoMethod.INFO: PASSED [] []
[2013-06-19 18:31:12] TestActivateTest::testSaveMethodWithAttributesPassedToConstructor.INFO: PASSED [] []
[2013-06-19 18:31:12] TestActivateTest::testDynamicFind.INFO: PASSED [] []
[2013-06-19 18:31:12] TestActivateTest::testDynamicFindLike.INFO: PASSED [] []
[2013-06-19 18:31:12] TestActivateTest::testDynamicFindById.INFO: PASSED [] []
[2013-06-19 18:31:12] TestActivateTest::testDeleteMethod.INFO: PASSED [] []
[2013-06-19 18:31:12] TestHasManyRelationshipTest::testInstantianWithOptions.INFO: PASSED [] []
[2013-06-19 18:31:12] TestHasManyRelationshipTest::testGetMethodWithImageAssoc.INFO: PASSED [] []
[2013-06-19 18:31:12] TestHasManyRelationshipTest::testGetMethodYieldsResults.INFO: PASSED [] []
[2013-06-19 18:31:12] TestHasOneRelationshipTest::testHasOneInstantiates.INFO: PASSED [] []
[2013-06-19 18:31:12] TestHasOneRelationshipTest::testBuildUpJoins.INFO: PASSED [] []
[2013-06-19 18:31:12] TestHasOneRelationshipTest::testGetHasOneColumns.INFO: PASSED [] []
[2013-06-19 18:31:12] TestHasOneRelationshipTest::testGet.INFO: PASSED [] []
[2013-06-19 18:31:21] TestActivateTest::testSettingAttributes.INFO: PASSED [] []
[2013-06-19 18:31:21] TestActivateTest::testMagicSetMethod.INFO: PASSED [] []
[2013-06-19 18:31:21] TestActivateTest::testMagicGetMethod.INFO: PASSED [] []
[2013-06-19 18:31:21] TestActivateTest::testSetWhereMethod.INFO: PASSED [] []
[2013-06-19 18:31:21] TestActivateTest::testSetWhereMethodChaining.INFO: PASSED [] []
[2013-06-19 18:31:21] TestActivateTest::testBuildWhereClauseMethod.INFO: PASSED [] []
[2013-06-19 18:31:21] TestActivateTest::testCleanTableMethod.INFO: PASSED [] []
[2013-06-19 18:31:21] TestActivateTest::testFullTableMethod.INFO: PASSED [] []
[2013-06-19 18:31:21] TestActivateTest::testTableMethod.INFO: PASSED [] []
[2013-06-19 18:31:21] TestActivateTest::testSetUpCourseColumns.INFO: PASSED [] []
[2013-06-19 18:31:21] TestActivateTest::testFindMethodSimple.INFO: PASSED [] []
[2013-06-19 18:31:21] TestActivateTest::testHasManyAssociation.INFO: PASSED [] []
[2013-06-19 18:31:21] TestActivateTest::testHasOneAssociation.INFO: PASSED [] []
[2013-06-19 18:31:21] TestActivateTest::testAllMethod.INFO: PASSED [] []
[2013-06-19 18:31:21] TestActivateTest::testAllMethodWithWhere.INFO: PASSED [] []
[2013-06-19 18:31:21] TestActivateTest::testAllMethodWithFalseWhere.INFO: PASSED [] []
[2013-06-19 18:31:21] TestActivateTest::testSaveMethodWithAttributesPassedtoMethod.INFO: PASSED [] []
[2013-06-19 18:31:21] TestActivateTest::testSaveMethodWithAttributesPassedToConstructor.INFO: PASSED [] []
[2013-06-19 18:31:21] TestActivateTest::testDynamicFind.INFO: PASSED [] []
[2013-06-19 18:31:21] TestActivateTest::testDynamicFindLike.INFO: PASSED [] []
[2013-06-19 18:31:21] TestActivateTest::testDynamicFindById.INFO: PASSED [] []
[2013-06-19 18:31:21] TestActivateTest::testDeleteMethod.INFO: PASSED [] []
[2013-06-19 18:31:21] TestHasManyRelationshipTest::testInstantianWithOptions.INFO: PASSED [] []
[2013-06-19 18:31:21] TestHasManyRelationshipTest::testGetMethodWithImageAssoc.INFO: PASSED [] []
[2013-06-19 18:31:21] TestHasManyRelationshipTest::testGetMethodYieldsResults.INFO: PASSED [] []
[2013-06-19 18:31:21] TestHasOneRelationshipTest::testHasOneInstantiates.INFO: PASSED [] []
[2013-06-19 18:31:21] TestHasOneRelationshipTest::testBuildUpJoins.INFO: PASSED [] []
[2013-06-19 18:31:21] TestHasOneRelationshipTest::testGetHasOneColumns.INFO: PASSED [] []
[2013-06-19 18:31:21] TestHasOneRelationshipTest::testGet.INFO: PASSED [] []
[2013-06-19 18:35:31] TestActivateTest::testSettingAttributes.INFO: PASSED [] []
[2013-06-19 18:35:31] TestActivateTest::testMagicSetMethod.INFO: PASSED [] []
[2013-06-19 18:35:31] TestActivateTest::testMagicGetMethod.INFO: PASSED [] []
[2013-06-19 18:35:31] TestActivateTest::testSetWhereMethod.INFO: PASSED [] []
[2013-06-19 18:35:32] TestActivateTest::testSetWhereMethodChaining.INFO: PASSED [] []
[2013-06-19 18:35:32] TestActivateTest::testBuildWhereClauseMethod.INFO: PASSED [] []
[2013-06-19 18:35:32] TestActivateTest::testCleanTableMethod.INFO: PASSED [] []
[2013-06-19 18:35:32] TestActivateTest::testFullTableMethod.INFO: PASSED [] []
[2013-06-19 18:35:32] TestActivateTest::testTableMethod.INFO: PASSED [] []
[2013-06-19 18:35:32] TestActivateTest::testSetUpCourseColumns.INFO: PASSED [] []
[2013-06-19 18:35:32] TestActivateTest::testFindMethodSimple.INFO: PASSED [] []
[2013-06-19 18:35:32] TestActivateTest::testHasManyAssociation.INFO: PASSED [] []
[2013-06-19 18:35:32] TestActivateTest::testHasOneAssociation.INFO: PASSED [] []
[2013-06-19 18:35:32] TestActivateTest::testAllMethod.INFO: PASSED [] []
[2013-06-19 18:35:32] TestActivateTest::testAllMethodWithWhere.INFO: PASSED [] []
[2013-06-19 18:35:32] TestActivateTest::testAllMethodWithFalseWhere.INFO: PASSED [] []
[2013-06-19 18:35:32] TestActivateTest::testSaveMethodWithAttributesPassedtoMethod.INFO: PASSED [] []
[2013-06-19 18:35:32] TestActivateTest::testSaveMethodWithAttributesPassedToConstructor.INFO: PASSED [] []
[2013-06-19 18:35:32] TestActivateTest::testDynamicFind.INFO: PASSED [] []
[2013-06-19 18:35:32] TestActivateTest::testDynamicFindLike.INFO: PASSED [] []
[2013-06-19 18:35:32] TestActivateTest::testDynamicFindById.INFO: PASSED [] []
[2013-06-19 18:35:32] TestActivateTest::testDeleteMethod.INFO: PASSED [] []
[2013-06-19 18:35:32] TestHasManyRelationshipTest::testInstantianWithOptions.INFO: PASSED [] []
[2013-06-19 18:35:32] TestHasManyRelationshipTest::testGetMethodWithImageAssoc.INFO: PASSED [] []
[2013-06-19 18:35:32] TestHasManyRelationshipTest::testGetMethodYieldsResults.INFO: PASSED [] []
[2013-06-19 18:35:32] TestHasOneRelationshipTest::testHasOneInstantiates.INFO: PASSED [] []
[2013-06-19 18:35:32] TestHasOneRelationshipTest::testBuildUpJoins.INFO: PASSED [] []
[2013-06-19 18:35:32] TestHasOneRelationshipTest::testGetHasOneColumns.INFO: PASSED [] []
[2013-06-19 18:35:32] TestHasOneRelationshipTest::testGet.INFO: PASSED [] []
