[2013-06-18 09:58:31] TestActivateTest::testInstantianThroughModel.ALERT: Failed asserting that test_model Object (
    'attributes' => Array ()
    '_has_image' => true
    '_has_upload' => true
    'has_one' => ''
    'has_many' => Array ()
) is true. [] []
[2013-06-18 09:58:31] TestActivateTest::testInstantianThroughModel.INFO: # FAILED # [] []
[2013-06-18 09:58:31] TestActivateTest::testInstantianThroughModel.INFO: PASSED [] []
[2013-06-18 09:58:52] TestActivateTest::testInstantianThroughModel.INFO: PASSED [] []
[2013-06-18 10:11:01] TestActivateTest::testInstantianThroughModel.INFO: PASSED [] []
[2013-06-18 10:13:42] TestActivateTest::testInstantianThroughModel.INFO: PASSED [] []
[2013-06-18 10:13:42] TestActivateTest::testSettingAttributes.ALERT: Failed asserting that an array is not empty. [] []
[2013-06-18 10:13:42] TestActivateTest::testSettingAttributes.INFO: # FAILED # [] []
[2013-06-18 10:13:42] TestActivateTest::testSettingAttributes.INFO: PASSED [] []
[2013-06-18 10:14:05] TestActivateTest::testInstantianThroughModel.INFO: PASSED [] []
[2013-06-18 10:14:05] TestActivateTest::testSettingAttributes.ALERT: Failed asserting that false is true. [] []
[2013-06-18 10:14:05] TestActivateTest::testSettingAttributes.INFO: # FAILED # [] []
[2013-06-18 10:14:05] TestActivateTest::testSettingAttributes.INFO: PASSED [] []
[2013-06-18 10:14:16] TestActivateTest::testInstantianThroughModel.INFO: PASSED [] []
[2013-06-18 10:14:50] TestActivateTest::testInstantianThroughModel.INFO: PASSED [] []
[2013-06-18 10:14:50] TestActivateTest::testSettingAttributes.ALERT: Failed asserting that false is true. [] []
[2013-06-18 10:14:50] TestActivateTest::testSettingAttributes.INFO: # FAILED # [] []
[2013-06-18 10:14:50] TestActivateTest::testSettingAttributes.INFO: PASSED [] []
[2013-06-18 10:15:07] TestActivateTest::testInstantianThroughModel.INFO: PASSED [] []
[2013-06-18 10:15:07] TestActivateTest::testSettingAttributes.ALERT: Failed asserting that false is true. [] []
[2013-06-18 10:15:07] TestActivateTest::testSettingAttributes.INFO: # FAILED # [] []
[2013-06-18 10:15:07] TestActivateTest::testSettingAttributes.INFO: PASSED [] []
[2013-06-18 10:17:01] TestActivateTest::testInstantianThroughModel.INFO: PASSED [] []
[2013-06-18 10:17:01] TestActivateTest::testSettingAttributes.ALERT: Failed asserting that false is true. [] []
[2013-06-18 10:17:01] TestActivateTest::testSettingAttributes.INFO: # FAILED # [] []
[2013-06-18 10:17:01] TestActivateTest::testSettingAttributes.INFO: PASSED [] []
[2013-06-18 10:17:22] TestActivateTest::testInstantianThroughModel.INFO: PASSED [] []
[2013-06-18 10:19:50] TestActivateTest::testInstantianThroughModel.INFO: PASSED [] []
[2013-06-18 10:19:56] TestActivateTest::testInstantianThroughModel.INFO: PASSED [] []
[2013-06-18 10:19:56] TestActivateTest::testSettingAttributes.INFO: PASSED [] []
[2013-06-18 10:20:00] TestActivateTest::testInstantianThroughModel.INFO: PASSED [] []
[2013-06-18 10:20:00] TestActivateTest::testSettingAttributes.INFO: PASSED [] []
[2013-06-18 10:30:12] TestActivateTest::testInstantianThroughModel.INFO: PASSED [] []
[2013-06-18 10:30:12] TestActivateTest::testSettingAttributes.INFO: PASSED [] []
[2013-06-18 10:30:12] TestActivateTest::testMagicSetMethod.ALERT: Failed asserting that a NULL is not empty. [] []
[2013-06-18 10:30:12] TestActivateTest::testMagicSetMethod.INFO: # FAILED # [] []
[2013-06-18 10:30:12] TestActivateTest::testMagicSetMethod.INFO: PASSED [] []
[2013-06-18 10:31:53] TestActivateTest::testInstantianThroughModel.INFO: PASSED [] []
[2013-06-18 10:31:53] TestActivateTest::testSettingAttributes.INFO: PASSED [] []
[2013-06-18 10:31:53] TestActivateTest::testMagicSetMethod.ALERT: Failed asserting that a NULL is not empty. [] []
[2013-06-18 10:31:53] TestActivateTest::testMagicSetMethod.INFO: # FAILED # [] []
[2013-06-18 10:31:53] TestActivateTest::testMagicSetMethod.INFO: PASSED [] []
[2013-06-18 10:32:11] TestActivateTest::testInstantianThroughModel.INFO: PASSED [] []
[2013-06-18 10:32:11] TestActivateTest::testSettingAttributes.INFO: PASSED [] []
[2013-06-18 10:32:11] TestActivateTest::testMagicSetMethod.INFO: PASSED [] []
[2013-06-18 10:33:38] TestActivateTest::testInstantianThroughModel.INFO: PASSED [] []
[2013-06-18 10:33:38] TestActivateTest::testSettingAttributes.INFO: PASSED [] []
[2013-06-18 10:33:38] TestActivateTest::testMagicSetMethod.INFO: PASSED [] []
[2013-06-18 10:33:38] TestActivateTest::testMagicGetMethod.ALERT: Failed asserting that a NULL is not empty. [] []
[2013-06-18 10:33:38] TestActivateTest::testMagicGetMethod.INFO: # FAILED # [] []
[2013-06-18 10:33:38] TestActivateTest::testMagicGetMethod.INFO: PASSED [] []
[2013-06-18 10:33:50] TestActivateTest::testInstantianThroughModel.INFO: PASSED [] []
[2013-06-18 10:33:50] TestActivateTest::testSettingAttributes.INFO: PASSED [] []
[2013-06-18 10:33:50] TestActivateTest::testMagicSetMethod.INFO: PASSED [] []
[2013-06-18 10:33:50] TestActivateTest::testMagicGetMethod.INFO: PASSED [] []
[2013-06-18 10:39:35] TestActivateTest::testInstantianThroughModel.INFO: PASSED [] []
[2013-06-18 10:39:35] TestActivateTest::testSettingAttributes.INFO: PASSED [] []
[2013-06-18 10:39:35] TestActivateTest::testMagicSetMethod.INFO: PASSED [] []
[2013-06-18 10:39:35] TestActivateTest::testMagicGetMethod.INFO: PASSED [] []
[2013-06-18 10:47:07] TestActivateTest::testInstantianThroughModel.INFO: PASSED [] []
[2013-06-18 10:47:07] TestActivateTest::testSettingAttributes.INFO: PASSED [] []
[2013-06-18 10:47:07] TestActivateTest::testMagicSetMethod.INFO: PASSED [] []
[2013-06-18 10:47:07] TestActivateTest::testMagicGetMethod.INFO: PASSED [] []
[2013-06-18 10:51:06] TestActivateTest::testInstantianThroughModel.INFO: PASSED [] []
[2013-06-18 10:51:06] TestActivateTest::testSettingAttributes.INFO: PASSED [] []
[2013-06-18 10:51:06] TestActivateTest::testMagicSetMethod.INFO: PASSED [] []
[2013-06-18 10:51:06] TestActivateTest::testMagicGetMethod.INFO: PASSED [] []
[2013-06-18 10:51:06] TestActivateTest::testSetWhereMethod.INFO: PASSED [] []
[2013-06-18 10:52:06] TestActivateTest::testInstantianThroughModel.INFO: PASSED [] []
[2013-06-18 10:52:06] TestActivateTest::testSettingAttributes.INFO: PASSED [] []
[2013-06-18 10:52:06] TestActivateTest::testMagicSetMethod.INFO: PASSED [] []
[2013-06-18 10:52:06] TestActivateTest::testMagicGetMethod.INFO: PASSED [] []
[2013-06-18 10:52:06] TestActivateTest::testSetWhereMethod.ALERT: Failed asserting that false is true. [] []
[2013-06-18 10:52:06] TestActivateTest::testSetWhereMethod.INFO: # FAILED # [] []
[2013-06-18 10:52:06] TestActivateTest::testSetWhereMethod.INFO: PASSED [] []
[2013-06-18 10:52:20] TestActivateTest::testInstantianThroughModel.INFO: PASSED [] []
[2013-06-18 10:52:20] TestActivateTest::testSettingAttributes.INFO: PASSED [] []
[2013-06-18 10:52:20] TestActivateTest::testMagicSetMethod.INFO: PASSED [] []
[2013-06-18 10:52:20] TestActivateTest::testMagicGetMethod.INFO: PASSED [] []
[2013-06-18 10:52:20] TestActivateTest::testSetWhereMethod.INFO: PASSED [] []
[2013-06-18 10:54:41] TestActivateTest::testInstantianThroughModel.INFO: PASSED [] []
[2013-06-18 10:54:41] TestActivateTest::testSettingAttributes.INFO: PASSED [] []
[2013-06-18 10:54:41] TestActivateTest::testMagicSetMethod.INFO: PASSED [] []
[2013-06-18 10:54:41] TestActivateTest::testMagicGetMethod.INFO: PASSED [] []
[2013-06-18 10:54:41] TestActivateTest::testSetWhereMethod.INFO: PASSED [] []
[2013-06-18 10:54:41] TestActivateTest::testSetWhereMethodChaining.INFO: PASSED [] []
[2013-06-18 10:58:43] TestActivateTest::testInstantianThroughModel.INFO: PASSED [] []
[2013-06-18 10:58:43] TestActivateTest::testSettingAttributes.INFO: PASSED [] []
[2013-06-18 10:58:43] TestActivateTest::testMagicSetMethod.INFO: PASSED [] []
[2013-06-18 10:58:43] TestActivateTest::testMagicGetMethod.INFO: PASSED [] []
[2013-06-18 10:58:43] TestActivateTest::testSetWhereMethod.INFO: PASSED [] []
[2013-06-18 10:58:43] TestActivateTest::testSetWhereMethodChaining.INFO: PASSED [] []
[2013-06-18 10:58:43] TestActivateTest::testBuildWhereClauseMethod.INFO: PASSED [] []
[2013-06-18 10:58:58] TestActivateTest::testInstantianThroughModel.INFO: PASSED [] []
[2013-06-18 10:58:58] TestActivateTest::testSettingAttributes.INFO: PASSED [] []
[2013-06-18 10:58:58] TestActivateTest::testMagicSetMethod.INFO: PASSED [] []
[2013-06-18 10:58:58] TestActivateTest::testMagicGetMethod.INFO: PASSED [] []
[2013-06-18 10:58:58] TestActivateTest::testSetWhereMethod.INFO: PASSED [] []
[2013-06-18 10:58:58] TestActivateTest::testSetWhereMethodChaining.INFO: PASSED [] []
[2013-06-18 10:58:58] TestActivateTest::testBuildWhereClauseMethod.INFO: PASSED [] []
[2013-06-18 11:18:28] TestActivateTest::testInstantianThroughModel.INFO: PASSED [] []
[2013-06-18 11:18:28] TestActivateTest::testSettingAttributes.INFO: PASSED [] []
[2013-06-18 11:18:28] TestActivateTest::testMagicSetMethod.INFO: PASSED [] []
[2013-06-18 11:18:28] TestActivateTest::testMagicGetMethod.INFO: PASSED [] []
[2013-06-18 11:18:28] TestActivateTest::testSetWhereMethod.INFO: PASSED [] []
[2013-06-18 11:18:28] TestActivateTest::testSetWhereMethodChaining.INFO: PASSED [] []
[2013-06-18 11:18:28] TestActivateTest::testBuildWhereClauseMethod.INFO: PASSED [] []
[2013-06-18 11:18:36] TestActivateTest::testInstantianThroughModel.INFO: PASSED [] []
[2013-06-18 11:18:36] TestActivateTest::testSettingAttributes.INFO: PASSED [] []
[2013-06-18 11:18:36] TestActivateTest::testMagicSetMethod.INFO: PASSED [] []
[2013-06-18 11:18:36] TestActivateTest::testMagicGetMethod.INFO: PASSED [] []
[2013-06-18 11:18:36] TestActivateTest::testSetWhereMethod.INFO: PASSED [] []
[2013-06-18 11:18:36] TestActivateTest::testSetWhereMethodChaining.INFO: PASSED [] []
[2013-06-18 11:18:37] TestActivateTest::testBuildWhereClauseMethod.INFO: PASSED [] []
[2013-06-18 11:18:37] TestActivateTest::testFindMethodSimple.ALERT: Failed asserting that null is not null. [] []
[2013-06-18 11:18:37] TestActivateTest::testFindMethodSimple.INFO: # FAILED # [] []
[2013-06-18 11:18:37] TestActivateTest::testFindMethodSimple.INFO: PASSED [] []
[2013-06-18 11:19:00] TestActivateTest::testInstantianThroughModel.INFO: PASSED [] []
[2013-06-18 11:19:00] TestActivateTest::testSettingAttributes.INFO: PASSED [] []
[2013-06-18 11:19:00] TestActivateTest::testMagicSetMethod.INFO: PASSED [] []
[2013-06-18 11:19:00] TestActivateTest::testMagicGetMethod.INFO: PASSED [] []
[2013-06-18 11:19:00] TestActivateTest::testSetWhereMethod.INFO: PASSED [] []
[2013-06-18 11:19:00] TestActivateTest::testSetWhereMethodChaining.INFO: PASSED [] []
[2013-06-18 11:19:00] TestActivateTest::testBuildWhereClauseMethod.INFO: PASSED [] []
[2013-06-18 11:19:00] TestActivateTest::testFindMethodSimple.INFO: PASSED [] []
[2013-06-18 11:28:28] TestActivateTest::testInstantianThroughModel.INFO: PASSED [] []
[2013-06-18 11:28:28] TestActivateTest::testSettingAttributes.INFO: PASSED [] []
[2013-06-18 11:28:28] TestActivateTest::testMagicSetMethod.INFO: PASSED [] []
[2013-06-18 11:28:28] TestActivateTest::testMagicGetMethod.INFO: PASSED [] []
[2013-06-18 11:28:28] TestActivateTest::testSetWhereMethod.INFO: PASSED [] []
[2013-06-18 11:28:28] TestActivateTest::testSetWhereMethodChaining.INFO: PASSED [] []
[2013-06-18 11:28:28] TestActivateTest::testBuildWhereClauseMethod.INFO: PASSED [] []
[2013-06-18 11:28:28] TestActivateTest::testCleanTableMethod.INFO: PASSED [] []
[2013-06-18 11:28:28] TestActivateTest::testFindMethodSimple.ALERT: Failed asserting that null is not null. [] []
[2013-06-18 11:28:28] TestActivateTest::testFindMethodSimple.INFO: # FAILED # [] []
[2013-06-18 11:28:28] TestActivateTest::testFindMethodSimple.INFO: PASSED [] []
[2013-06-18 11:28:39] TestActivateTest::testInstantianThroughModel.INFO: PASSED [] []
[2013-06-18 11:28:39] TestActivateTest::testSettingAttributes.INFO: PASSED [] []
[2013-06-18 11:28:39] TestActivateTest::testMagicSetMethod.INFO: PASSED [] []
[2013-06-18 11:28:39] TestActivateTest::testMagicGetMethod.INFO: PASSED [] []
[2013-06-18 11:28:39] TestActivateTest::testSetWhereMethod.INFO: PASSED [] []
[2013-06-18 11:28:39] TestActivateTest::testSetWhereMethodChaining.INFO: PASSED [] []
[2013-06-18 11:28:39] TestActivateTest::testBuildWhereClauseMethod.INFO: PASSED [] []
[2013-06-18 11:28:39] TestActivateTest::testCleanTableMethod.INFO: PASSED [] []
[2013-06-18 11:28:39] TestActivateTest::testFindMethodSimple.INFO: PASSED [] []
[2013-06-18 11:30:18] TestActivateTest::testInstantianThroughModel.INFO: PASSED [] []
[2013-06-18 11:30:18] TestActivateTest::testSettingAttributes.INFO: PASSED [] []
[2013-06-18 11:30:18] TestActivateTest::testMagicSetMethod.INFO: PASSED [] []
[2013-06-18 11:30:18] TestActivateTest::testMagicGetMethod.INFO: PASSED [] []
[2013-06-18 11:30:18] TestActivateTest::testSetWhereMethod.INFO: PASSED [] []
[2013-06-18 11:30:18] TestActivateTest::testSetWhereMethodChaining.INFO: PASSED [] []
[2013-06-18 11:30:18] TestActivateTest::testBuildWhereClauseMethod.INFO: PASSED [] []
[2013-06-18 11:30:18] TestActivateTest::testCleanTableMethod.INFO: PASSED [] []
[2013-06-18 11:30:18] TestActivateTest::testFullTableMethod.INFO: PASSED [] []
[2013-06-18 11:30:18] TestActivateTest::testFindMethodSimple.INFO: PASSED [] []
[2013-06-18 11:35:40] TestActivateTest::testInstantianThroughModel.INFO: PASSED [] []
[2013-06-18 11:35:40] TestActivateTest::testSettingAttributes.INFO: PASSED [] []
[2013-06-18 11:35:40] TestActivateTest::testMagicSetMethod.INFO: PASSED [] []
[2013-06-18 11:35:40] TestActivateTest::testMagicGetMethod.INFO: PASSED [] []
[2013-06-18 11:35:40] TestActivateTest::testSetWhereMethod.INFO: PASSED [] []
[2013-06-18 11:35:40] TestActivateTest::testSetWhereMethodChaining.INFO: PASSED [] []
[2013-06-18 11:35:40] TestActivateTest::testBuildWhereClauseMethod.INFO: PASSED [] []
[2013-06-18 11:35:40] TestActivateTest::testCleanTableMethod.INFO: PASSED [] []
[2013-06-18 11:35:40] TestActivateTest::testFullTableMethod.INFO: PASSED [] []
[2013-06-18 12:35:47] TestActivateTest::testInstantianThroughModel.INFO: PASSED [] []
[2013-06-18 12:35:47] TestActivateTest::testSettingAttributes.INFO: PASSED [] []
[2013-06-18 12:35:47] TestActivateTest::testMagicSetMethod.INFO: PASSED [] []
[2013-06-18 12:35:47] TestActivateTest::testMagicGetMethod.INFO: PASSED [] []
[2013-06-18 12:35:47] TestActivateTest::testSetWhereMethod.INFO: PASSED [] []
[2013-06-18 12:35:47] TestActivateTest::testSetWhereMethodChaining.INFO: PASSED [] []
[2013-06-18 12:35:47] TestActivateTest::testBuildWhereClauseMethod.INFO: PASSED [] []
[2013-06-18 12:35:47] TestActivateTest::testCleanTableMethod.INFO: PASSED [] []
[2013-06-18 12:35:47] TestActivateTest::testFullTableMethod.INFO: PASSED [] []
[2013-06-18 12:35:47] TestActivateTest::testTableMethod.INFO: PASSED [] []
[2013-06-18 12:35:47] TestActivateTest::testFindMethodSimple.INFO: PASSED [] []
[2013-06-18 12:46:27] TestActivateTest::testInstantianThroughModel.INFO: PASSED [] []
[2013-06-18 12:46:27] TestActivateTest::testSettingAttributes.INFO: PASSED [] []
[2013-06-18 12:46:27] TestActivateTest::testMagicSetMethod.INFO: PASSED [] []
[2013-06-18 12:46:27] TestActivateTest::testMagicGetMethod.INFO: PASSED [] []
[2013-06-18 12:46:27] TestActivateTest::testSetWhereMethod.INFO: PASSED [] []
[2013-06-18 12:46:27] TestActivateTest::testSetWhereMethodChaining.INFO: PASSED [] []
[2013-06-18 12:46:27] TestActivateTest::testBuildWhereClauseMethod.INFO: PASSED [] []
[2013-06-18 12:46:27] TestActivateTest::testCleanTableMethod.INFO: PASSED [] []
[2013-06-18 12:46:27] TestActivateTest::testFullTableMethod.INFO: PASSED [] []
[2013-06-18 12:46:27] TestActivateTest::testTableMethod.INFO: PASSED [] []
[2013-06-18 12:46:27] TestActivateTest::testFindMethodSimple.INFO: PASSED [] []
[2013-06-18 13:10:44] TestActivateTest::testInstantianThroughModel.INFO: PASSED [] []
[2013-06-18 13:10:44] TestActivateTest::testSettingAttributes.INFO: PASSED [] []
[2013-06-18 13:10:44] TestActivateTest::testMagicSetMethod.INFO: PASSED [] []
[2013-06-18 13:10:44] TestActivateTest::testMagicGetMethod.INFO: PASSED [] []
[2013-06-18 13:10:44] TestActivateTest::testSetWhereMethod.INFO: PASSED [] []
[2013-06-18 13:10:44] TestActivateTest::testSetWhereMethodChaining.INFO: PASSED [] []
[2013-06-18 13:10:44] TestActivateTest::testBuildWhereClauseMethod.INFO: PASSED [] []
[2013-06-18 13:10:44] TestActivateTest::testCleanTableMethod.INFO: PASSED [] []
[2013-06-18 13:10:44] TestActivateTest::testFullTableMethod.INFO: PASSED [] []
[2013-06-18 13:10:44] TestActivateTest::testTableMethod.INFO: PASSED [] []
[2013-06-18 13:10:44] TestActivateTest::testSetUpCourseColumns.INFO: PASSED [] []
[2013-06-18 13:10:44] TestActivateTest::testFindMethodSimple.INFO: PASSED [] []
[2013-06-18 13:13:30] TestActivateTest::testInstantianThroughModel.INFO: PASSED [] []
[2013-06-18 13:13:30] TestActivateTest::testSettingAttributes.INFO: PASSED [] []
[2013-06-18 13:13:30] TestActivateTest::testMagicSetMethod.INFO: PASSED [] []
[2013-06-18 13:13:30] TestActivateTest::testMagicGetMethod.INFO: PASSED [] []
[2013-06-18 13:13:30] TestActivateTest::testSetWhereMethod.INFO: PASSED [] []
[2013-06-18 13:13:30] TestActivateTest::testSetWhereMethodChaining.INFO: PASSED [] []
[2013-06-18 13:13:30] TestActivateTest::testBuildWhereClauseMethod.INFO: PASSED [] []
[2013-06-18 13:13:30] TestActivateTest::testCleanTableMethod.INFO: PASSED [] []
[2013-06-18 13:13:30] TestActivateTest::testFullTableMethod.INFO: PASSED [] []
[2013-06-18 13:13:30] TestActivateTest::testTableMethod.INFO: PASSED [] []
[2013-06-18 13:13:30] TestActivateTest::testSetUpCourseColumns.INFO: PASSED [] []
[2013-06-18 13:13:30] TestActivateTest::testFindMethodSimple.INFO: PASSED [] []
[2013-06-18 13:16:49] TestActivateTest::testInstantianThroughModel.INFO: PASSED [] []
[2013-06-18 13:16:49] TestActivateTest::testSettingAttributes.INFO: PASSED [] []
[2013-06-18 13:16:49] TestActivateTest::testMagicSetMethod.INFO: PASSED [] []
[2013-06-18 13:16:49] TestActivateTest::testMagicGetMethod.INFO: PASSED [] []
[2013-06-18 13:16:49] TestActivateTest::testSetWhereMethod.INFO: PASSED [] []
[2013-06-18 13:16:49] TestActivateTest::testSetWhereMethodChaining.INFO: PASSED [] []
[2013-06-18 13:16:49] TestActivateTest::testBuildWhereClauseMethod.INFO: PASSED [] []
[2013-06-18 13:16:49] TestActivateTest::testCleanTableMethod.INFO: PASSED [] []
[2013-06-18 13:16:49] TestActivateTest::testFullTableMethod.INFO: PASSED [] []
[2013-06-18 13:16:49] TestActivateTest::testTableMethod.INFO: PASSED [] []
[2013-06-18 13:16:49] TestActivateTest::testSetUpCourseColumns.INFO: PASSED [] []
[2013-06-18 13:16:49] TestActivateTest::testFindMethodSimple.INFO: PASSED [] []
[2013-06-18 13:16:55] TestActivateTest::testInstantianThroughModel.INFO: PASSED [] []
[2013-06-18 13:16:55] TestActivateTest::testSettingAttributes.INFO: PASSED [] []
[2013-06-18 13:16:55] TestActivateTest::testMagicSetMethod.INFO: PASSED [] []
[2013-06-18 13:16:55] TestActivateTest::testMagicGetMethod.INFO: PASSED [] []
[2013-06-18 13:16:55] TestActivateTest::testSetWhereMethod.INFO: PASSED [] []
[2013-06-18 13:16:55] TestActivateTest::testSetWhereMethodChaining.INFO: PASSED [] []
[2013-06-18 13:16:55] TestActivateTest::testBuildWhereClauseMethod.INFO: PASSED [] []
[2013-06-18 13:16:55] TestActivateTest::testCleanTableMethod.INFO: PASSED [] []
[2013-06-18 13:16:55] TestActivateTest::testFullTableMethod.INFO: PASSED [] []
[2013-06-18 13:16:55] TestActivateTest::testTableMethod.INFO: PASSED [] []
[2013-06-18 13:16:55] TestActivateTest::testSetUpCourseColumns.INFO: PASSED [] []
[2013-06-18 13:16:55] TestActivateTest::testFindMethodSimple.ALERT: Failed asserting that null is not null. [] []
[2013-06-18 13:16:55] TestActivateTest::testFindMethodSimple.INFO: # FAILED # [] []
[2013-06-18 13:16:55] TestActivateTest::testFindMethodSimple.INFO: PASSED [] []
[2013-06-18 13:17:01] TestActivateTest::testInstantianThroughModel.INFO: PASSED [] []
[2013-06-18 13:17:01] TestActivateTest::testSettingAttributes.INFO: PASSED [] []
[2013-06-18 13:17:01] TestActivateTest::testMagicSetMethod.INFO: PASSED [] []
[2013-06-18 13:17:01] TestActivateTest::testMagicGetMethod.INFO: PASSED [] []
[2013-06-18 13:17:01] TestActivateTest::testSetWhereMethod.INFO: PASSED [] []
[2013-06-18 13:17:01] TestActivateTest::testSetWhereMethodChaining.INFO: PASSED [] []
[2013-06-18 13:17:01] TestActivateTest::testBuildWhereClauseMethod.INFO: PASSED [] []
[2013-06-18 13:17:01] TestActivateTest::testCleanTableMethod.INFO: PASSED [] []
[2013-06-18 13:17:01] TestActivateTest::testFullTableMethod.INFO: PASSED [] []
[2013-06-18 13:17:01] TestActivateTest::testTableMethod.INFO: PASSED [] []
[2013-06-18 13:17:01] TestActivateTest::testSetUpCourseColumns.INFO: PASSED [] []
[2013-06-18 13:17:01] TestActivateTest::testFindMethodSimple.ALERT: Failed asserting that null is true. [] []
[2013-06-18 13:17:01] TestActivateTest::testFindMethodSimple.INFO: # FAILED # [] []
[2013-06-18 13:17:01] TestActivateTest::testFindMethodSimple.INFO: PASSED [] []
[2013-06-18 13:17:22] TestActivateTest::testInstantianThroughModel.INFO: PASSED [] []
[2013-06-18 13:17:22] TestActivateTest::testSettingAttributes.INFO: PASSED [] []
[2013-06-18 13:17:22] TestActivateTest::testMagicSetMethod.INFO: PASSED [] []
[2013-06-18 13:17:22] TestActivateTest::testMagicGetMethod.INFO: PASSED [] []
[2013-06-18 13:17:22] TestActivateTest::testSetWhereMethod.INFO: PASSED [] []
[2013-06-18 13:17:22] TestActivateTest::testSetWhereMethodChaining.INFO: PASSED [] []
[2013-06-18 13:17:22] TestActivateTest::testBuildWhereClauseMethod.INFO: PASSED [] []
[2013-06-18 13:17:22] TestActivateTest::testCleanTableMethod.INFO: PASSED [] []
[2013-06-18 13:17:22] TestActivateTest::testFullTableMethod.INFO: PASSED [] []
[2013-06-18 13:17:22] TestActivateTest::testTableMethod.INFO: PASSED [] []
[2013-06-18 13:17:22] TestActivateTest::testSetUpCourseColumns.INFO: PASSED [] []
[2013-06-18 13:17:45] TestActivateTest::testInstantianThroughModel.INFO: PASSED [] []
[2013-06-18 13:17:45] TestActivateTest::testSettingAttributes.INFO: PASSED [] []
[2013-06-18 13:17:45] TestActivateTest::testMagicSetMethod.INFO: PASSED [] []
[2013-06-18 13:17:45] TestActivateTest::testMagicGetMethod.INFO: PASSED [] []
[2013-06-18 13:17:45] TestActivateTest::testSetWhereMethod.INFO: PASSED [] []
[2013-06-18 13:17:45] TestActivateTest::testSetWhereMethodChaining.INFO: PASSED [] []
[2013-06-18 13:17:45] TestActivateTest::testBuildWhereClauseMethod.INFO: PASSED [] []
[2013-06-18 13:17:45] TestActivateTest::testCleanTableMethod.INFO: PASSED [] []
[2013-06-18 13:17:45] TestActivateTest::testFullTableMethod.INFO: PASSED [] []
[2013-06-18 13:17:45] TestActivateTest::testTableMethod.INFO: PASSED [] []
[2013-06-18 13:17:45] TestActivateTest::testSetUpCourseColumns.INFO: PASSED [] []
[2013-06-18 13:17:45] TestActivateTest::testFindMethodSimple.ALERT: Failed asserting that null is true. [] []
[2013-06-18 13:17:45] TestActivateTest::testFindMethodSimple.INFO: # FAILED # [] []
[2013-06-18 13:17:45] TestActivateTest::testFindMethodSimple.INFO: PASSED [] []
[2013-06-18 13:17:51] TestActivateTest::testInstantianThroughModel.INFO: PASSED [] []
[2013-06-18 13:17:51] TestActivateTest::testSettingAttributes.INFO: PASSED [] []
[2013-06-18 13:17:51] TestActivateTest::testMagicSetMethod.INFO: PASSED [] []
[2013-06-18 13:17:51] TestActivateTest::testMagicGetMethod.INFO: PASSED [] []
[2013-06-18 13:17:51] TestActivateTest::testSetWhereMethod.INFO: PASSED [] []
[2013-06-18 13:17:51] TestActivateTest::testSetWhereMethodChaining.INFO: PASSED [] []
[2013-06-18 13:17:51] TestActivateTest::testBuildWhereClauseMethod.INFO: PASSED [] []
[2013-06-18 13:17:51] TestActivateTest::testCleanTableMethod.INFO: PASSED [] []
[2013-06-18 13:17:51] TestActivateTest::testFullTableMethod.INFO: PASSED [] []
[2013-06-18 13:17:51] TestActivateTest::testTableMethod.INFO: PASSED [] []
[2013-06-18 13:17:51] TestActivateTest::testSetUpCourseColumns.INFO: PASSED [] []
[2013-06-18 13:18:16] TestActivateTest::testInstantianThroughModel.INFO: PASSED [] []
[2013-06-18 13:18:16] TestActivateTest::testSettingAttributes.INFO: PASSED [] []
[2013-06-18 13:18:16] TestActivateTest::testMagicSetMethod.INFO: PASSED [] []
[2013-06-18 13:18:16] TestActivateTest::testMagicGetMethod.INFO: PASSED [] []
[2013-06-18 13:18:16] TestActivateTest::testSetWhereMethod.INFO: PASSED [] []
[2013-06-18 13:18:16] TestActivateTest::testSetWhereMethodChaining.INFO: PASSED [] []
[2013-06-18 13:18:16] TestActivateTest::testBuildWhereClauseMethod.INFO: PASSED [] []
[2013-06-18 13:18:16] TestActivateTest::testCleanTableMethod.INFO: PASSED [] []
[2013-06-18 13:18:16] TestActivateTest::testFullTableMethod.INFO: PASSED [] []
[2013-06-18 13:18:16] TestActivateTest::testTableMethod.INFO: PASSED [] []
[2013-06-18 13:18:16] TestActivateTest::testSetUpCourseColumns.INFO: PASSED [] []
[2013-06-18 13:18:38] TestActivateTest::testInstantianThroughModel.INFO: PASSED [] []
[2013-06-18 13:18:38] TestActivateTest::testSettingAttributes.INFO: PASSED [] []
[2013-06-18 13:18:38] TestActivateTest::testMagicSetMethod.INFO: PASSED [] []
[2013-06-18 13:18:38] TestActivateTest::testMagicGetMethod.INFO: PASSED [] []
[2013-06-18 13:18:38] TestActivateTest::testSetWhereMethod.INFO: PASSED [] []
[2013-06-18 13:18:38] TestActivateTest::testSetWhereMethodChaining.INFO: PASSED [] []
[2013-06-18 13:18:38] TestActivateTest::testBuildWhereClauseMethod.INFO: PASSED [] []
[2013-06-18 13:18:38] TestActivateTest::testCleanTableMethod.INFO: PASSED [] []
[2013-06-18 13:18:38] TestActivateTest::testFullTableMethod.INFO: PASSED [] []
[2013-06-18 13:18:38] TestActivateTest::testTableMethod.INFO: PASSED [] []
[2013-06-18 13:18:38] TestActivateTest::testSetUpCourseColumns.INFO: PASSED [] []
[2013-06-18 13:18:54] TestActivateTest::testInstantianThroughModel.INFO: PASSED [] []
[2013-06-18 13:18:54] TestActivateTest::testSettingAttributes.INFO: PASSED [] []
[2013-06-18 13:18:54] TestActivateTest::testMagicSetMethod.INFO: PASSED [] []
[2013-06-18 13:18:54] TestActivateTest::testMagicGetMethod.INFO: PASSED [] []
[2013-06-18 13:18:54] TestActivateTest::testSetWhereMethod.INFO: PASSED [] []
[2013-06-18 13:18:54] TestActivateTest::testSetWhereMethodChaining.INFO: PASSED [] []
[2013-06-18 13:18:54] TestActivateTest::testBuildWhereClauseMethod.INFO: PASSED [] []
[2013-06-18 13:18:54] TestActivateTest::testCleanTableMethod.INFO: PASSED [] []
[2013-06-18 13:18:54] TestActivateTest::testFullTableMethod.INFO: PASSED [] []
[2013-06-18 13:18:55] TestActivateTest::testTableMethod.INFO: PASSED [] []
[2013-06-18 13:18:55] TestActivateTest::testSetUpCourseColumns.INFO: PASSED [] []
[2013-06-18 13:18:55] TestActivateTest::testFindMethodSimple.ALERT: Failed asserting that stdClass Object (
    'id' => '1'
    'title' => 'Hello'
    'create_date' => '2013-04-29 10:18:08'
) is true. [] []
[2013-06-18 13:18:55] TestActivateTest::testFindMethodSimple.INFO: # FAILED # [] []
[2013-06-18 13:18:55] TestActivateTest::testFindMethodSimple.INFO: PASSED [] []
[2013-06-18 13:19:08] TestActivateTest::testInstantianThroughModel.INFO: PASSED [] []
[2013-06-18 13:19:08] TestActivateTest::testSettingAttributes.INFO: PASSED [] []
[2013-06-18 13:19:08] TestActivateTest::testMagicSetMethod.INFO: PASSED [] []
[2013-06-18 13:19:09] TestActivateTest::testMagicGetMethod.INFO: PASSED [] []
[2013-06-18 13:19:09] TestActivateTest::testSetWhereMethod.INFO: PASSED [] []
[2013-06-18 13:19:09] TestActivateTest::testSetWhereMethodChaining.INFO: PASSED [] []
[2013-06-18 13:19:09] TestActivateTest::testBuildWhereClauseMethod.INFO: PASSED [] []
[2013-06-18 13:19:09] TestActivateTest::testCleanTableMethod.INFO: PASSED [] []
[2013-06-18 13:19:09] TestActivateTest::testFullTableMethod.INFO: PASSED [] []
[2013-06-18 13:19:09] TestActivateTest::testTableMethod.INFO: PASSED [] []
[2013-06-18 13:19:09] TestActivateTest::testSetUpCourseColumns.INFO: PASSED [] []
[2013-06-18 13:19:14] TestActivateTest::testInstantianThroughModel.INFO: PASSED [] []
[2013-06-18 13:19:14] TestActivateTest::testSettingAttributes.INFO: PASSED [] []
[2013-06-18 13:19:14] TestActivateTest::testMagicSetMethod.INFO: PASSED [] []
[2013-06-18 13:19:14] TestActivateTest::testMagicGetMethod.INFO: PASSED [] []
[2013-06-18 13:19:14] TestActivateTest::testSetWhereMethod.INFO: PASSED [] []
[2013-06-18 13:19:14] TestActivateTest::testSetWhereMethodChaining.INFO: PASSED [] []
[2013-06-18 13:19:14] TestActivateTest::testBuildWhereClauseMethod.INFO: PASSED [] []
[2013-06-18 13:19:14] TestActivateTest::testCleanTableMethod.INFO: PASSED [] []
[2013-06-18 13:19:14] TestActivateTest::testFullTableMethod.INFO: PASSED [] []
[2013-06-18 13:19:14] TestActivateTest::testTableMethod.INFO: PASSED [] []
[2013-06-18 13:19:14] TestActivateTest::testSetUpCourseColumns.INFO: PASSED [] []
[2013-06-18 13:19:14] TestActivateTest::testFindMethodSimple.INFO: PASSED [] []
[2013-06-18 13:19:34] TestActivateTest::testInstantianThroughModel.INFO: PASSED [] []
[2013-06-18 13:19:34] TestActivateTest::testSettingAttributes.INFO: PASSED [] []
[2013-06-18 13:19:34] TestActivateTest::testMagicSetMethod.INFO: PASSED [] []
[2013-06-18 13:19:34] TestActivateTest::testMagicGetMethod.INFO: PASSED [] []
[2013-06-18 13:19:34] TestActivateTest::testSetWhereMethod.INFO: PASSED [] []
[2013-06-18 13:19:34] TestActivateTest::testSetWhereMethodChaining.INFO: PASSED [] []
[2013-06-18 13:19:34] TestActivateTest::testBuildWhereClauseMethod.INFO: PASSED [] []
[2013-06-18 13:19:34] TestActivateTest::testCleanTableMethod.INFO: PASSED [] []
[2013-06-18 13:19:34] TestActivateTest::testFullTableMethod.INFO: PASSED [] []
[2013-06-18 13:19:34] TestActivateTest::testTableMethod.INFO: PASSED [] []
[2013-06-18 13:19:34] TestActivateTest::testSetUpCourseColumns.INFO: PASSED [] []
[2013-06-18 13:19:34] TestActivateTest::testFindMethodSimple.INFO: PASSED [] []
[2013-06-18 13:19:48] TestActivateTest::testInstantianThroughModel.INFO: PASSED [] []
[2013-06-18 13:19:48] TestActivateTest::testSettingAttributes.INFO: PASSED [] []
[2013-06-18 13:19:48] TestActivateTest::testMagicSetMethod.INFO: PASSED [] []
[2013-06-18 13:19:48] TestActivateTest::testMagicGetMethod.INFO: PASSED [] []
[2013-06-18 13:19:48] TestActivateTest::testSetWhereMethod.INFO: PASSED [] []
[2013-06-18 13:19:48] TestActivateTest::testSetWhereMethodChaining.INFO: PASSED [] []
[2013-06-18 13:19:48] TestActivateTest::testBuildWhereClauseMethod.INFO: PASSED [] []
[2013-06-18 13:19:48] TestActivateTest::testCleanTableMethod.INFO: PASSED [] []
[2013-06-18 13:19:48] TestActivateTest::testFullTableMethod.INFO: PASSED [] []
[2013-06-18 13:19:48] TestActivateTest::testTableMethod.INFO: PASSED [] []
[2013-06-18 13:19:48] TestActivateTest::testSetUpCourseColumns.INFO: PASSED [] []
[2013-06-18 13:19:48] TestActivateTest::testFindMethodSimple.ALERT: Failed asserting that false is true. [] []
[2013-06-18 13:19:48] TestActivateTest::testFindMethodSimple.INFO: # FAILED # [] []
[2013-06-18 13:19:48] TestActivateTest::testFindMethodSimple.INFO: PASSED [] []
[2013-06-18 13:19:59] TestActivateTest::testInstantianThroughModel.INFO: PASSED [] []
[2013-06-18 13:19:59] TestActivateTest::testSettingAttributes.INFO: PASSED [] []
[2013-06-18 13:19:59] TestActivateTest::testMagicSetMethod.INFO: PASSED [] []
[2013-06-18 13:19:59] TestActivateTest::testMagicGetMethod.INFO: PASSED [] []
[2013-06-18 13:19:59] TestActivateTest::testSetWhereMethod.INFO: PASSED [] []
[2013-06-18 13:19:59] TestActivateTest::testSetWhereMethodChaining.INFO: PASSED [] []
[2013-06-18 13:19:59] TestActivateTest::testBuildWhereClauseMethod.INFO: PASSED [] []
[2013-06-18 13:19:59] TestActivateTest::testCleanTableMethod.INFO: PASSED [] []
[2013-06-18 13:19:59] TestActivateTest::testFullTableMethod.INFO: PASSED [] []
[2013-06-18 13:19:59] TestActivateTest::testTableMethod.INFO: PASSED [] []
[2013-06-18 13:19:59] TestActivateTest::testSetUpCourseColumns.INFO: PASSED [] []
[2013-06-18 13:19:59] TestActivateTest::testFindMethodSimple.ALERT: Failed asserting that a boolean is not empty. [] []
[2013-06-18 13:19:59] TestActivateTest::testFindMethodSimple.INFO: # FAILED # [] []
[2013-06-18 13:19:59] TestActivateTest::testFindMethodSimple.INFO: PASSED [] []
[2013-06-18 15:05:16] TestActivateTest::testInstantianThroughModel.INFO: PASSED [] []
[2013-06-18 15:05:16] TestActivateTest::testSettingAttributes.INFO: PASSED [] []
[2013-06-18 15:05:17] TestActivateTest::testMagicSetMethod.INFO: PASSED [] []
[2013-06-18 15:05:17] TestActivateTest::testMagicGetMethod.INFO: PASSED [] []
[2013-06-18 15:05:17] TestActivateTest::testSetWhereMethod.INFO: PASSED [] []
[2013-06-18 15:05:17] TestActivateTest::testSetWhereMethodChaining.INFO: PASSED [] []
[2013-06-18 15:05:17] TestActivateTest::testBuildWhereClauseMethod.INFO: PASSED [] []
[2013-06-18 15:05:17] TestActivateTest::testCleanTableMethod.INFO: PASSED [] []
[2013-06-18 15:05:17] TestActivateTest::testFullTableMethod.INFO: PASSED [] []
[2013-06-18 15:05:17] TestActivateTest::testTableMethod.INFO: PASSED [] []
[2013-06-18 15:05:17] TestActivateTest::testSetUpCourseColumns.INFO: PASSED [] []
[2013-06-18 15:05:17] TestActivateTest::testFindMethodSimple.INFO: PASSED [] []
[2013-06-18 16:06:59] TestActivateTest::testInstantianThroughModel.INFO: PASSED [] []
[2013-06-18 16:06:59] TestActivateTest::testSettingAttributes.INFO: PASSED [] []
[2013-06-18 16:06:59] TestActivateTest::testMagicSetMethod.INFO: PASSED [] []
[2013-06-18 16:06:59] TestActivateTest::testMagicGetMethod.INFO: PASSED [] []
[2013-06-18 16:06:59] TestActivateTest::testSetWhereMethod.INFO: PASSED [] []
[2013-06-18 16:06:59] TestActivateTest::testSetWhereMethodChaining.INFO: PASSED [] []
[2013-06-18 16:06:59] TestActivateTest::testBuildWhereClauseMethod.INFO: PASSED [] []
[2013-06-18 16:06:59] TestActivateTest::testCleanTableMethod.INFO: PASSED [] []
[2013-06-18 16:06:59] TestActivateTest::testFullTableMethod.INFO: PASSED [] []
[2013-06-18 16:06:59] TestActivateTest::testTableMethod.INFO: PASSED [] []
[2013-06-18 16:06:59] TestActivateTest::testSetUpCourseColumns.INFO: PASSED [] []
[2013-06-18 16:06:59] TestActivateTest::testFindMethodSimple.INFO: PASSED [] []
[2013-06-18 16:07:09] TestActivateTest::testInstantianThroughModel.INFO: PASSED [] []
[2013-06-18 16:07:09] TestActivateTest::testSettingAttributes.INFO: PASSED [] []
[2013-06-18 16:07:09] TestActivateTest::testMagicSetMethod.INFO: PASSED [] []
[2013-06-18 16:07:09] TestActivateTest::testMagicGetMethod.INFO: PASSED [] []
[2013-06-18 16:07:09] TestActivateTest::testSetWhereMethod.INFO: PASSED [] []
[2013-06-18 16:07:09] TestActivateTest::testSetWhereMethodChaining.INFO: PASSED [] []
[2013-06-18 16:07:09] TestActivateTest::testBuildWhereClauseMethod.INFO: PASSED [] []
[2013-06-18 16:07:09] TestActivateTest::testCleanTableMethod.INFO: PASSED [] []
[2013-06-18 16:07:09] TestActivateTest::testFullTableMethod.INFO: PASSED [] []
[2013-06-18 16:07:09] TestActivateTest::testTableMethod.INFO: PASSED [] []
[2013-06-18 16:07:09] TestActivateTest::testSetUpCourseColumns.INFO: PASSED [] []
[2013-06-18 16:07:09] TestActivateTest::testFindMethodSimple.INFO: PASSED [] []
[2013-06-18 16:07:23] TestActivateTest::testInstantianThroughModel.INFO: PASSED [] []
[2013-06-18 16:07:23] TestActivateTest::testSettingAttributes.INFO: PASSED [] []
[2013-06-18 16:07:23] TestActivateTest::testMagicSetMethod.INFO: PASSED [] []
[2013-06-18 16:07:23] TestActivateTest::testMagicGetMethod.INFO: PASSED [] []
[2013-06-18 16:07:23] TestActivateTest::testSetWhereMethod.INFO: PASSED [] []
[2013-06-18 16:07:23] TestActivateTest::testSetWhereMethodChaining.INFO: PASSED [] []
[2013-06-18 16:07:23] TestActivateTest::testBuildWhereClauseMethod.INFO: PASSED [] []
[2013-06-18 16:07:23] TestActivateTest::testCleanTableMethod.INFO: PASSED [] []
[2013-06-18 16:07:23] TestActivateTest::testFullTableMethod.INFO: PASSED [] []
[2013-06-18 16:07:23] TestActivateTest::testTableMethod.INFO: PASSED [] []
[2013-06-18 16:07:23] TestActivateTest::testSetUpCourseColumns.INFO: PASSED [] []
[2013-06-18 16:07:31] TestActivateTest::testInstantianThroughModel.INFO: PASSED [] []
[2013-06-18 16:07:31] TestActivateTest::testSettingAttributes.INFO: PASSED [] []
[2013-06-18 16:07:31] TestActivateTest::testMagicSetMethod.INFO: PASSED [] []
[2013-06-18 16:07:31] TestActivateTest::testMagicGetMethod.INFO: PASSED [] []
[2013-06-18 16:07:31] TestActivateTest::testSetWhereMethod.INFO: PASSED [] []
[2013-06-18 16:07:31] TestActivateTest::testSetWhereMethodChaining.INFO: PASSED [] []
[2013-06-18 16:07:31] TestActivateTest::testBuildWhereClauseMethod.INFO: PASSED [] []
[2013-06-18 16:07:31] TestActivateTest::testCleanTableMethod.INFO: PASSED [] []
[2013-06-18 16:07:31] TestActivateTest::testFullTableMethod.INFO: PASSED [] []
[2013-06-18 16:07:31] TestActivateTest::testTableMethod.INFO: PASSED [] []
[2013-06-18 16:07:31] TestActivateTest::testSetUpCourseColumns.INFO: PASSED [] []
[2013-06-18 16:07:31] TestActivateTest::testFindMethodSimple.INFO: PASSED [] []
[2013-06-18 17:56:49] TestActivateTest::testInstantianThroughModel.INFO: PASSED [] []
[2013-06-18 17:56:49] TestActivateTest::testSettingAttributes.INFO: PASSED [] []
[2013-06-18 17:56:49] TestActivateTest::testMagicSetMethod.INFO: PASSED [] []
[2013-06-18 17:56:49] TestActivateTest::testMagicGetMethod.INFO: PASSED [] []
[2013-06-18 17:56:49] TestActivateTest::testSetWhereMethod.INFO: PASSED [] []
[2013-06-18 17:56:49] TestActivateTest::testSetWhereMethodChaining.INFO: PASSED [] []
[2013-06-18 17:56:49] TestActivateTest::testBuildWhereClauseMethod.INFO: PASSED [] []
[2013-06-18 17:56:49] TestActivateTest::testCleanTableMethod.INFO: PASSED [] []
[2013-06-18 17:56:50] TestActivateTest::testFullTableMethod.INFO: PASSED [] []
[2013-06-18 17:56:50] TestActivateTest::testTableMethod.INFO: PASSED [] []
[2013-06-18 17:56:50] TestActivateTest::testSetUpCourseColumns.INFO: PASSED [] []
[2013-06-18 17:56:50] TestActivateTest::testFindMethodSimple.INFO: PASSED [] []
[2013-06-18 17:56:50] TestHasManyRelationshipTest::testInstantianWithOptions.ALERT: Failed asserting that null is not null. [] []
[2013-06-18 17:56:50] TestHasManyRelationshipTest::testInstantianWithOptions.INFO: # FAILED # [] []
[2013-06-18 17:56:50] TestHasManyRelationshipTest::testInstantianWithOptions.INFO: PASSED [] []
[2013-06-18 17:57:08] TestActivateTest::testInstantianThroughModel.INFO: PASSED [] []
[2013-06-18 17:57:08] TestActivateTest::testSettingAttributes.INFO: PASSED [] []
[2013-06-18 17:57:08] TestActivateTest::testMagicSetMethod.INFO: PASSED [] []
[2013-06-18 17:57:08] TestActivateTest::testMagicGetMethod.INFO: PASSED [] []
[2013-06-18 17:57:08] TestActivateTest::testSetWhereMethod.INFO: PASSED [] []
[2013-06-18 17:57:08] TestActivateTest::testSetWhereMethodChaining.INFO: PASSED [] []
[2013-06-18 17:57:08] TestActivateTest::testBuildWhereClauseMethod.INFO: PASSED [] []
[2013-06-18 17:57:08] TestActivateTest::testCleanTableMethod.INFO: PASSED [] []
[2013-06-18 17:57:08] TestActivateTest::testFullTableMethod.INFO: PASSED [] []
[2013-06-18 17:57:08] TestActivateTest::testTableMethod.INFO: PASSED [] []
[2013-06-18 17:57:08] TestActivateTest::testSetUpCourseColumns.INFO: PASSED [] []
[2013-06-18 17:57:08] TestActivateTest::testFindMethodSimple.INFO: PASSED [] []
[2013-06-18 17:57:36] TestActivateTest::testInstantianThroughModel.INFO: PASSED [] []
[2013-06-18 17:57:36] TestActivateTest::testSettingAttributes.INFO: PASSED [] []
[2013-06-18 17:57:36] TestActivateTest::testMagicSetMethod.INFO: PASSED [] []
[2013-06-18 17:57:36] TestActivateTest::testMagicGetMethod.INFO: PASSED [] []
[2013-06-18 17:57:36] TestActivateTest::testSetWhereMethod.INFO: PASSED [] []
[2013-06-18 17:57:36] TestActivateTest::testSetWhereMethodChaining.INFO: PASSED [] []
[2013-06-18 17:57:36] TestActivateTest::testBuildWhereClauseMethod.INFO: PASSED [] []
[2013-06-18 17:57:36] TestActivateTest::testCleanTableMethod.INFO: PASSED [] []
[2013-06-18 17:57:36] TestActivateTest::testFullTableMethod.INFO: PASSED [] []
[2013-06-18 17:57:36] TestActivateTest::testTableMethod.INFO: PASSED [] []
[2013-06-18 17:57:36] TestActivateTest::testSetUpCourseColumns.INFO: PASSED [] []
[2013-06-18 17:57:36] TestActivateTest::testFindMethodSimple.INFO: PASSED [] []
[2013-06-18 17:57:36] TestHasManyRelationshipTest::testInstantianWithOptions.INFO: PASSED [] []
[2013-06-18 17:57:46] TestActivateTest::testInstantianThroughModel.INFO: PASSED [] []
[2013-06-18 17:57:46] TestActivateTest::testSettingAttributes.INFO: PASSED [] []
[2013-06-18 17:57:46] TestActivateTest::testMagicSetMethod.INFO: PASSED [] []
[2013-06-18 17:57:46] TestActivateTest::testMagicGetMethod.INFO: PASSED [] []
[2013-06-18 17:57:46] TestActivateTest::testSetWhereMethod.INFO: PASSED [] []
[2013-06-18 17:57:46] TestActivateTest::testSetWhereMethodChaining.INFO: PASSED [] []
[2013-06-18 17:57:46] TestActivateTest::testBuildWhereClauseMethod.INFO: PASSED [] []
[2013-06-18 17:57:46] TestActivateTest::testCleanTableMethod.INFO: PASSED [] []
[2013-06-18 17:57:46] TestActivateTest::testFullTableMethod.INFO: PASSED [] []
[2013-06-18 17:57:46] TestActivateTest::testTableMethod.INFO: PASSED [] []
[2013-06-18 17:57:46] TestActivateTest::testSetUpCourseColumns.INFO: PASSED [] []
[2013-06-18 17:57:46] TestActivateTest::testFindMethodSimple.INFO: PASSED [] []
[2013-06-18 17:57:57] TestActivateTest::testInstantianThroughModel.INFO: PASSED [] []
[2013-06-18 17:57:57] TestActivateTest::testSettingAttributes.INFO: PASSED [] []
[2013-06-18 17:57:57] TestActivateTest::testMagicSetMethod.INFO: PASSED [] []
[2013-06-18 17:57:57] TestActivateTest::testMagicGetMethod.INFO: PASSED [] []
[2013-06-18 17:57:57] TestActivateTest::testSetWhereMethod.INFO: PASSED [] []
[2013-06-18 17:57:57] TestActivateTest::testSetWhereMethodChaining.INFO: PASSED [] []
[2013-06-18 17:57:57] TestActivateTest::testBuildWhereClauseMethod.INFO: PASSED [] []
[2013-06-18 17:57:57] TestActivateTest::testCleanTableMethod.INFO: PASSED [] []
[2013-06-18 17:57:57] TestActivateTest::testFullTableMethod.INFO: PASSED [] []
[2013-06-18 17:57:57] TestActivateTest::testTableMethod.INFO: PASSED [] []
[2013-06-18 17:57:57] TestActivateTest::testSetUpCourseColumns.INFO: PASSED [] []
[2013-06-18 17:57:57] TestActivateTest::testFindMethodSimple.INFO: PASSED [] []
[2013-06-18 17:57:57] TestHasManyRelationshipTest::testInstantianWithOptions.INFO: PASSED [] []
[2013-06-18 18:04:40] TestActivateTest::testInstantianThroughModel.INFO: PASSED [] []
[2013-06-18 18:04:40] TestActivateTest::testSettingAttributes.INFO: PASSED [] []
[2013-06-18 18:04:40] TestActivateTest::testMagicSetMethod.INFO: PASSED [] []
[2013-06-18 18:04:40] TestActivateTest::testMagicGetMethod.INFO: PASSED [] []
[2013-06-18 18:04:40] TestActivateTest::testSetWhereMethod.INFO: PASSED [] []
[2013-06-18 18:04:40] TestActivateTest::testSetWhereMethodChaining.INFO: PASSED [] []
[2013-06-18 18:04:40] TestActivateTest::testBuildWhereClauseMethod.INFO: PASSED [] []
[2013-06-18 18:04:40] TestActivateTest::testCleanTableMethod.INFO: PASSED [] []
[2013-06-18 18:04:40] TestActivateTest::testFullTableMethod.INFO: PASSED [] []
[2013-06-18 18:04:40] TestActivateTest::testTableMethod.INFO: PASSED [] []
[2013-06-18 18:04:40] TestActivateTest::testSetUpCourseColumns.INFO: PASSED [] []
[2013-06-18 18:04:40] TestActivateTest::testFindMethodSimple.INFO: PASSED [] []
[2013-06-18 18:04:40] TestHasManyRelationshipTest::testInstantianWithOptions.INFO: PASSED [] []
[2013-06-18 18:07:09] TestActivateTest::testInstantianThroughModel.INFO: PASSED [] []
[2013-06-18 18:07:09] TestActivateTest::testSettingAttributes.INFO: PASSED [] []
[2013-06-18 18:07:09] TestActivateTest::testMagicSetMethod.INFO: PASSED [] []
[2013-06-18 18:07:09] TestActivateTest::testMagicGetMethod.INFO: PASSED [] []
[2013-06-18 18:07:09] TestActivateTest::testSetWhereMethod.INFO: PASSED [] []
[2013-06-18 18:07:09] TestActivateTest::testSetWhereMethodChaining.INFO: PASSED [] []
[2013-06-18 18:07:09] TestActivateTest::testBuildWhereClauseMethod.INFO: PASSED [] []
[2013-06-18 18:07:09] TestActivateTest::testCleanTableMethod.INFO: PASSED [] []
[2013-06-18 18:07:09] TestActivateTest::testFullTableMethod.INFO: PASSED [] []
[2013-06-18 18:07:09] TestActivateTest::testTableMethod.INFO: PASSED [] []
[2013-06-18 18:07:09] TestActivateTest::testSetUpCourseColumns.INFO: PASSED [] []
[2013-06-18 18:07:09] TestActivateTest::testFindMethodSimple.INFO: PASSED [] []
[2013-06-18 18:07:09] TestHasManyRelationshipTest::testInstantianWithOptions.INFO: PASSED [] []
[2013-06-18 18:07:16] TestActivateTest::testInstantianThroughModel.INFO: PASSED [] []
[2013-06-18 18:07:16] TestActivateTest::testSettingAttributes.INFO: PASSED [] []
[2013-06-18 18:07:16] TestActivateTest::testMagicSetMethod.INFO: PASSED [] []
[2013-06-18 18:07:16] TestActivateTest::testMagicGetMethod.INFO: PASSED [] []
[2013-06-18 18:07:16] TestActivateTest::testSetWhereMethod.INFO: PASSED [] []
[2013-06-18 18:07:16] TestActivateTest::testSetWhereMethodChaining.INFO: PASSED [] []
[2013-06-18 18:07:16] TestActivateTest::testBuildWhereClauseMethod.INFO: PASSED [] []
[2013-06-18 18:07:16] TestActivateTest::testCleanTableMethod.INFO: PASSED [] []
[2013-06-18 18:07:16] TestActivateTest::testFullTableMethod.INFO: PASSED [] []
[2013-06-18 18:07:16] TestActivateTest::testTableMethod.INFO: PASSED [] []
[2013-06-18 18:07:16] TestActivateTest::testSetUpCourseColumns.INFO: PASSED [] []
[2013-06-18 18:07:16] TestActivateTest::testFindMethodSimple.INFO: PASSED [] []
[2013-06-18 18:07:16] TestHasManyRelationshipTest::testInstantianWithOptions.INFO: PASSED [] []
[2013-06-18 18:07:16] TestHasManyRelationshipTest::testGetMethodYieldsResults.INFO: PASSED [] []
[2013-06-18 18:07:41] TestActivateTest::testInstantianThroughModel.INFO: PASSED [] []
[2013-06-18 18:07:41] TestActivateTest::testSettingAttributes.INFO: PASSED [] []
[2013-06-18 18:07:41] TestActivateTest::testMagicSetMethod.INFO: PASSED [] []
[2013-06-18 18:07:41] TestActivateTest::testMagicGetMethod.INFO: PASSED [] []
[2013-06-18 18:07:41] TestActivateTest::testSetWhereMethod.INFO: PASSED [] []
[2013-06-18 18:07:41] TestActivateTest::testSetWhereMethodChaining.INFO: PASSED [] []
[2013-06-18 18:07:41] TestActivateTest::testBuildWhereClauseMethod.INFO: PASSED [] []
[2013-06-18 18:07:41] TestActivateTest::testCleanTableMethod.INFO: PASSED [] []
[2013-06-18 18:07:41] TestActivateTest::testFullTableMethod.INFO: PASSED [] []
[2013-06-18 18:07:41] TestActivateTest::testTableMethod.INFO: PASSED [] []
[2013-06-18 18:07:41] TestActivateTest::testSetUpCourseColumns.INFO: PASSED [] []
[2013-06-18 18:07:41] TestActivateTest::testFindMethodSimple.INFO: PASSED [] []
[2013-06-18 18:07:41] TestHasManyRelationshipTest::testInstantianWithOptions.INFO: PASSED [] []
[2013-06-18 18:07:41] TestHasManyRelationshipTest::testGetMethodYieldsResults.ALERT: Failed asserting that false is true. [] []
[2013-06-18 18:07:41] TestHasManyRelationshipTest::testGetMethodYieldsResults.INFO: # FAILED # [] []
[2013-06-18 18:07:41] TestHasManyRelationshipTest::testGetMethodYieldsResults.INFO: PASSED [] []
[2013-06-18 18:07:49] TestActivateTest::testInstantianThroughModel.INFO: PASSED [] []
[2013-06-18 18:07:49] TestActivateTest::testSettingAttributes.INFO: PASSED [] []
[2013-06-18 18:07:49] TestActivateTest::testMagicSetMethod.INFO: PASSED [] []
[2013-06-18 18:07:49] TestActivateTest::testMagicGetMethod.INFO: PASSED [] []
[2013-06-18 18:07:49] TestActivateTest::testSetWhereMethod.INFO: PASSED [] []
[2013-06-18 18:07:49] TestActivateTest::testSetWhereMethodChaining.INFO: PASSED [] []
[2013-06-18 18:07:49] TestActivateTest::testBuildWhereClauseMethod.INFO: PASSED [] []
[2013-06-18 18:07:49] TestActivateTest::testCleanTableMethod.INFO: PASSED [] []
[2013-06-18 18:07:49] TestActivateTest::testFullTableMethod.INFO: PASSED [] []
[2013-06-18 18:07:49] TestActivateTest::testTableMethod.INFO: PASSED [] []
[2013-06-18 18:07:49] TestActivateTest::testSetUpCourseColumns.INFO: PASSED [] []
[2013-06-18 18:07:49] TestActivateTest::testFindMethodSimple.INFO: PASSED [] []
[2013-06-18 18:07:49] TestHasManyRelationshipTest::testInstantianWithOptions.INFO: PASSED [] []
[2013-06-18 18:08:21] TestActivateTest::testInstantianThroughModel.INFO: PASSED [] []
[2013-06-18 18:08:21] TestActivateTest::testSettingAttributes.INFO: PASSED [] []
[2013-06-18 18:08:21] TestActivateTest::testMagicSetMethod.INFO: PASSED [] []
[2013-06-18 18:08:21] TestActivateTest::testMagicGetMethod.INFO: PASSED [] []
[2013-06-18 18:08:21] TestActivateTest::testSetWhereMethod.INFO: PASSED [] []
[2013-06-18 18:08:21] TestActivateTest::testSetWhereMethodChaining.INFO: PASSED [] []
[2013-06-18 18:08:21] TestActivateTest::testBuildWhereClauseMethod.INFO: PASSED [] []
[2013-06-18 18:08:21] TestActivateTest::testCleanTableMethod.INFO: PASSED [] []
[2013-06-18 18:08:21] TestActivateTest::testFullTableMethod.INFO: PASSED [] []
[2013-06-18 18:08:21] TestActivateTest::testTableMethod.INFO: PASSED [] []
[2013-06-18 18:08:21] TestActivateTest::testSetUpCourseColumns.INFO: PASSED [] []
[2013-06-18 18:08:21] TestActivateTest::testFindMethodSimple.INFO: PASSED [] []
[2013-06-18 18:08:21] TestHasManyRelationshipTest::testInstantianWithOptions.INFO: PASSED [] []
[2013-06-18 18:08:37] TestActivateTest::testInstantianThroughModel.INFO: PASSED [] []
[2013-06-18 18:08:37] TestActivateTest::testSettingAttributes.INFO: PASSED [] []
[2013-06-18 18:08:37] TestActivateTest::testMagicSetMethod.INFO: PASSED [] []
[2013-06-18 18:08:37] TestActivateTest::testMagicGetMethod.INFO: PASSED [] []
[2013-06-18 18:08:37] TestActivateTest::testSetWhereMethod.INFO: PASSED [] []
[2013-06-18 18:08:37] TestActivateTest::testSetWhereMethodChaining.INFO: PASSED [] []
[2013-06-18 18:08:37] TestActivateTest::testBuildWhereClauseMethod.INFO: PASSED [] []
[2013-06-18 18:08:37] TestActivateTest::testCleanTableMethod.INFO: PASSED [] []
[2013-06-18 18:08:37] TestActivateTest::testFullTableMethod.INFO: PASSED [] []
[2013-06-18 18:08:37] TestActivateTest::testTableMethod.INFO: PASSED [] []
[2013-06-18 18:08:37] TestActivateTest::testSetUpCourseColumns.INFO: PASSED [] []
[2013-06-18 18:08:37] TestActivateTest::testFindMethodSimple.INFO: PASSED [] []
[2013-06-18 18:08:37] TestHasManyRelationshipTest::testInstantianWithOptions.INFO: PASSED [] []
[2013-06-18 18:08:37] TestHasManyRelationshipTest::testGetMethodYieldsResults.ALERT: Failed asserting that false is true. [] []
[2013-06-18 18:08:37] TestHasManyRelationshipTest::testGetMethodYieldsResults.INFO: # FAILED # [] []
[2013-06-18 18:08:37] TestHasManyRelationshipTest::testGetMethodYieldsResults.INFO: PASSED [] []
[2013-06-18 18:10:23] TestActivateTest::testInstantianThroughModel.INFO: PASSED [] []
[2013-06-18 18:10:23] TestActivateTest::testSettingAttributes.INFO: PASSED [] []
[2013-06-18 18:10:23] TestActivateTest::testMagicSetMethod.INFO: PASSED [] []
[2013-06-18 18:10:23] TestActivateTest::testMagicGetMethod.INFO: PASSED [] []
[2013-06-18 18:10:23] TestActivateTest::testSetWhereMethod.INFO: PASSED [] []
[2013-06-18 18:10:23] TestActivateTest::testSetWhereMethodChaining.INFO: PASSED [] []
[2013-06-18 18:10:23] TestActivateTest::testBuildWhereClauseMethod.INFO: PASSED [] []
[2013-06-18 18:10:23] TestActivateTest::testCleanTableMethod.INFO: PASSED [] []
[2013-06-18 18:10:23] TestActivateTest::testFullTableMethod.INFO: PASSED [] []
[2013-06-18 18:10:23] TestActivateTest::testTableMethod.INFO: PASSED [] []
[2013-06-18 18:10:23] TestActivateTest::testSetUpCourseColumns.INFO: PASSED [] []
[2013-06-18 18:10:23] TestActivateTest::testFindMethodSimple.INFO: PASSED [] []
[2013-06-18 18:10:23] TestHasManyRelationshipTest::testInstantianWithOptions.INFO: PASSED [] []
[2013-06-18 18:10:23] TestHasManyRelationshipTest::testGetMethodYieldsResults.ALERT: Failed asserting that false is true. [] []
[2013-06-18 18:10:23] TestHasManyRelationshipTest::testGetMethodYieldsResults.INFO: # FAILED # [] []
[2013-06-18 18:10:23] TestHasManyRelationshipTest::testGetMethodYieldsResults.INFO: PASSED [] []
[2013-06-18 18:10:29] TestActivateTest::testInstantianThroughModel.INFO: PASSED [] []
[2013-06-18 18:10:29] TestActivateTest::testSettingAttributes.INFO: PASSED [] []
[2013-06-18 18:10:29] TestActivateTest::testMagicSetMethod.INFO: PASSED [] []
[2013-06-18 18:10:29] TestActivateTest::testMagicGetMethod.INFO: PASSED [] []
[2013-06-18 18:10:29] TestActivateTest::testSetWhereMethod.INFO: PASSED [] []
[2013-06-18 18:10:29] TestActivateTest::testSetWhereMethodChaining.INFO: PASSED [] []
[2013-06-18 18:10:29] TestActivateTest::testBuildWhereClauseMethod.INFO: PASSED [] []
[2013-06-18 18:10:29] TestActivateTest::testCleanTableMethod.INFO: PASSED [] []
[2013-06-18 18:10:29] TestActivateTest::testFullTableMethod.INFO: PASSED [] []
[2013-06-18 18:10:29] TestActivateTest::testTableMethod.INFO: PASSED [] []
[2013-06-18 18:10:29] TestActivateTest::testSetUpCourseColumns.INFO: PASSED [] []
[2013-06-18 18:10:29] TestActivateTest::testFindMethodSimple.INFO: PASSED [] []
[2013-06-18 18:10:29] TestHasManyRelationshipTest::testInstantianWithOptions.INFO: PASSED [] []
[2013-06-18 18:11:32] TestActivateTest::testInstantianThroughModel.INFO: PASSED [] []
[2013-06-18 18:11:32] TestActivateTest::testSettingAttributes.INFO: PASSED [] []
[2013-06-18 18:11:32] TestActivateTest::testMagicSetMethod.INFO: PASSED [] []
[2013-06-18 18:11:32] TestActivateTest::testMagicGetMethod.INFO: PASSED [] []
[2013-06-18 18:11:32] TestActivateTest::testSetWhereMethod.INFO: PASSED [] []
[2013-06-18 18:11:32] TestActivateTest::testSetWhereMethodChaining.INFO: PASSED [] []
[2013-06-18 18:11:32] TestActivateTest::testBuildWhereClauseMethod.INFO: PASSED [] []
[2013-06-18 18:11:32] TestActivateTest::testCleanTableMethod.INFO: PASSED [] []
[2013-06-18 18:11:32] TestActivateTest::testFullTableMethod.INFO: PASSED [] []
[2013-06-18 18:11:32] TestActivateTest::testTableMethod.INFO: PASSED [] []
[2013-06-18 18:11:32] TestActivateTest::testSetUpCourseColumns.INFO: PASSED [] []
[2013-06-18 18:11:32] TestActivateTest::testFindMethodSimple.INFO: PASSED [] []
[2013-06-18 18:11:32] TestHasManyRelationshipTest::testInstantianWithOptions.INFO: PASSED [] []
[2013-06-18 18:11:32] TestHasManyRelationshipTest::testGetMethodYieldsResults.INFO: PASSED [] []
[2013-06-18 18:17:19] TestActivateTest::testInstantianThroughModel.INFO: PASSED [] []
[2013-06-18 18:17:19] TestActivateTest::testSettingAttributes.INFO: PASSED [] []
[2013-06-18 18:17:19] TestActivateTest::testMagicSetMethod.INFO: PASSED [] []
[2013-06-18 18:17:19] TestActivateTest::testMagicGetMethod.INFO: PASSED [] []
[2013-06-18 18:17:19] TestActivateTest::testSetWhereMethod.INFO: PASSED [] []
[2013-06-18 18:17:19] TestActivateTest::testSetWhereMethodChaining.INFO: PASSED [] []
[2013-06-18 18:17:19] TestActivateTest::testBuildWhereClauseMethod.INFO: PASSED [] []
[2013-06-18 18:17:19] TestActivateTest::testCleanTableMethod.INFO: PASSED [] []
[2013-06-18 18:17:19] TestActivateTest::testFullTableMethod.INFO: PASSED [] []
[2013-06-18 18:17:19] TestActivateTest::testTableMethod.INFO: PASSED [] []
[2013-06-18 18:17:19] TestActivateTest::testSetUpCourseColumns.INFO: PASSED [] []
[2013-06-18 18:17:19] TestActivateTest::testFindMethodSimple.INFO: PASSED [] []
[2013-06-18 18:17:19] TestHasManyRelationshipTest::testInstantianWithOptions.INFO: PASSED [] []
[2013-06-18 18:17:19] TestHasManyRelationshipTest::testGetMethodYieldsResults.INFO: PASSED [] []
[2013-06-18 18:24:42] TestActivateTest::testInstantianThroughModel.INFO: PASSED [] []
[2013-06-18 18:24:42] TestActivateTest::testSettingAttributes.INFO: PASSED [] []
[2013-06-18 18:24:42] TestActivateTest::testMagicSetMethod.INFO: PASSED [] []
[2013-06-18 18:24:42] TestActivateTest::testMagicGetMethod.INFO: PASSED [] []
[2013-06-18 18:24:42] TestActivateTest::testSetWhereMethod.INFO: PASSED [] []
[2013-06-18 18:24:42] TestActivateTest::testSetWhereMethodChaining.INFO: PASSED [] []
[2013-06-18 18:24:42] TestActivateTest::testBuildWhereClauseMethod.INFO: PASSED [] []
[2013-06-18 18:24:42] TestActivateTest::testCleanTableMethod.INFO: PASSED [] []
[2013-06-18 18:24:42] TestActivateTest::testFullTableMethod.INFO: PASSED [] []
[2013-06-18 18:24:42] TestActivateTest::testTableMethod.INFO: PASSED [] []
[2013-06-18 18:24:42] TestActivateTest::testSetUpCourseColumns.INFO: PASSED [] []
[2013-06-18 18:24:42] TestActivateTest::testFindMethodSimple.INFO: PASSED [] []
[2013-06-18 18:24:42] TestHasManyRelationshipTest::testInstantianWithOptions.INFO: PASSED [] []
[2013-06-18 18:24:42] TestHasManyRelationshipTest::testGetMethodYieldsResults.INFO: PASSED [] []
[2013-06-18 18:24:42] TestHasManyRelationshipTest::testGetMethodWithImageAssoc.INFO: PASSED [] []
[2013-06-18 18:24:49] TestActivateTest::testInstantianThroughModel.INFO: PASSED [] []
[2013-06-18 18:24:49] TestActivateTest::testSettingAttributes.INFO: PASSED [] []
[2013-06-18 18:24:49] TestActivateTest::testMagicSetMethod.INFO: PASSED [] []
[2013-06-18 18:24:49] TestActivateTest::testMagicGetMethod.INFO: PASSED [] []
[2013-06-18 18:24:49] TestActivateTest::testSetWhereMethod.INFO: PASSED [] []
[2013-06-18 18:24:49] TestActivateTest::testSetWhereMethodChaining.INFO: PASSED [] []
[2013-06-18 18:24:49] TestActivateTest::testBuildWhereClauseMethod.INFO: PASSED [] []
[2013-06-18 18:24:49] TestActivateTest::testCleanTableMethod.INFO: PASSED [] []
[2013-06-18 18:24:49] TestActivateTest::testFullTableMethod.INFO: PASSED [] []
[2013-06-18 18:24:49] TestActivateTest::testTableMethod.INFO: PASSED [] []
[2013-06-18 18:24:49] TestActivateTest::testSetUpCourseColumns.INFO: PASSED [] []
[2013-06-18 18:24:49] TestActivateTest::testFindMethodSimple.INFO: PASSED [] []
[2013-06-18 18:24:49] TestHasManyRelationshipTest::testInstantianWithOptions.INFO: PASSED [] []
[2013-06-18 18:24:49] TestHasManyRelationshipTest::testGetMethodYieldsResults.INFO: PASSED [] []
[2013-06-18 18:25:07] TestActivateTest::testInstantianThroughModel.INFO: PASSED [] []
[2013-06-18 18:25:07] TestActivateTest::testSettingAttributes.INFO: PASSED [] []
[2013-06-18 18:25:07] TestActivateTest::testMagicSetMethod.INFO: PASSED [] []
[2013-06-18 18:25:07] TestActivateTest::testMagicGetMethod.INFO: PASSED [] []
[2013-06-18 18:25:07] TestActivateTest::testSetWhereMethod.INFO: PASSED [] []
[2013-06-18 18:25:07] TestActivateTest::testSetWhereMethodChaining.INFO: PASSED [] []
[2013-06-18 18:25:07] TestActivateTest::testBuildWhereClauseMethod.INFO: PASSED [] []
[2013-06-18 18:25:07] TestActivateTest::testCleanTableMethod.INFO: PASSED [] []
[2013-06-18 18:25:07] TestActivateTest::testFullTableMethod.INFO: PASSED [] []
[2013-06-18 18:25:07] TestActivateTest::testTableMethod.INFO: PASSED [] []
[2013-06-18 18:25:07] TestActivateTest::testSetUpCourseColumns.INFO: PASSED [] []
[2013-06-18 18:25:07] TestActivateTest::testFindMethodSimple.INFO: PASSED [] []
[2013-06-18 18:25:07] TestHasManyRelationshipTest::testInstantianWithOptions.INFO: PASSED [] []
[2013-06-18 18:25:24] TestActivateTest::testInstantianThroughModel.INFO: PASSED [] []
[2013-06-18 18:25:24] TestActivateTest::testSettingAttributes.INFO: PASSED [] []
[2013-06-18 18:25:24] TestActivateTest::testMagicSetMethod.INFO: PASSED [] []
[2013-06-18 18:25:24] TestActivateTest::testMagicGetMethod.INFO: PASSED [] []
[2013-06-18 18:25:24] TestActivateTest::testSetWhereMethod.INFO: PASSED [] []
[2013-06-18 18:25:24] TestActivateTest::testSetWhereMethodChaining.INFO: PASSED [] []
[2013-06-18 18:25:24] TestActivateTest::testBuildWhereClauseMethod.INFO: PASSED [] []
[2013-06-18 18:25:24] TestActivateTest::testCleanTableMethod.INFO: PASSED [] []
[2013-06-18 18:25:24] TestActivateTest::testFullTableMethod.INFO: PASSED [] []
[2013-06-18 18:25:24] TestActivateTest::testTableMethod.INFO: PASSED [] []
[2013-06-18 18:25:24] TestActivateTest::testSetUpCourseColumns.INFO: PASSED [] []
[2013-06-18 18:25:24] TestActivateTest::testFindMethodSimple.INFO: PASSED [] []
[2013-06-18 18:25:24] TestHasManyRelationshipTest::testInstantianWithOptions.INFO: PASSED [] []
[2013-06-18 18:25:33] TestActivateTest::testInstantianThroughModel.INFO: PASSED [] []
[2013-06-18 18:25:33] TestActivateTest::testSettingAttributes.INFO: PASSED [] []
[2013-06-18 18:25:33] TestActivateTest::testMagicSetMethod.INFO: PASSED [] []
[2013-06-18 18:25:33] TestActivateTest::testMagicGetMethod.INFO: PASSED [] []
[2013-06-18 18:25:33] TestActivateTest::testSetWhereMethod.INFO: PASSED [] []
[2013-06-18 18:25:33] TestActivateTest::testSetWhereMethodChaining.INFO: PASSED [] []
[2013-06-18 18:25:33] TestActivateTest::testBuildWhereClauseMethod.INFO: PASSED [] []
[2013-06-18 18:25:33] TestActivateTest::testCleanTableMethod.INFO: PASSED [] []
[2013-06-18 18:25:33] TestActivateTest::testFullTableMethod.INFO: PASSED [] []
[2013-06-18 18:25:33] TestActivateTest::testTableMethod.INFO: PASSED [] []
[2013-06-18 18:25:33] TestActivateTest::testSetUpCourseColumns.INFO: PASSED [] []
[2013-06-18 18:25:33] TestActivateTest::testFindMethodSimple.INFO: PASSED [] []
[2013-06-18 18:25:33] TestHasManyRelationshipTest::testInstantianWithOptions.INFO: PASSED [] []
[2013-06-18 18:25:33] TestHasManyRelationshipTest::testGetMethodYieldsResults.INFO: PASSED [] []
[2013-06-18 18:25:33] TestHasManyRelationshipTest::testGetMethodWithImageAssoc.INFO: PASSED [] []
[2013-06-18 18:25:53] TestActivateTest::testInstantianThroughModel.INFO: PASSED [] []
[2013-06-18 18:25:53] TestActivateTest::testSettingAttributes.INFO: PASSED [] []
[2013-06-18 18:25:53] TestActivateTest::testMagicSetMethod.INFO: PASSED [] []
[2013-06-18 18:25:53] TestActivateTest::testMagicGetMethod.INFO: PASSED [] []
[2013-06-18 18:25:53] TestActivateTest::testSetWhereMethod.INFO: PASSED [] []
[2013-06-18 18:25:53] TestActivateTest::testSetWhereMethodChaining.INFO: PASSED [] []
[2013-06-18 18:25:53] TestActivateTest::testBuildWhereClauseMethod.INFO: PASSED [] []
[2013-06-18 18:25:53] TestActivateTest::testCleanTableMethod.INFO: PASSED [] []
[2013-06-18 18:25:53] TestActivateTest::testFullTableMethod.INFO: PASSED [] []
[2013-06-18 18:25:53] TestActivateTest::testTableMethod.INFO: PASSED [] []
[2013-06-18 18:25:53] TestActivateTest::testSetUpCourseColumns.INFO: PASSED [] []
[2013-06-18 18:25:53] TestActivateTest::testFindMethodSimple.INFO: PASSED [] []
[2013-06-18 18:25:53] TestHasManyRelationshipTest::testInstantianWithOptions.INFO: PASSED [] []
[2013-06-18 18:25:57] TestActivateTest::testInstantianThroughModel.INFO: PASSED [] []
[2013-06-18 18:25:57] TestActivateTest::testSettingAttributes.INFO: PASSED [] []
[2013-06-18 18:25:57] TestActivateTest::testMagicSetMethod.INFO: PASSED [] []
[2013-06-18 18:25:57] TestActivateTest::testMagicGetMethod.INFO: PASSED [] []
[2013-06-18 18:25:57] TestActivateTest::testSetWhereMethod.INFO: PASSED [] []
[2013-06-18 18:25:57] TestActivateTest::testSetWhereMethodChaining.INFO: PASSED [] []
[2013-06-18 18:25:57] TestActivateTest::testBuildWhereClauseMethod.INFO: PASSED [] []
[2013-06-18 18:25:57] TestActivateTest::testCleanTableMethod.INFO: PASSED [] []
[2013-06-18 18:25:57] TestActivateTest::testFullTableMethod.INFO: PASSED [] []
[2013-06-18 18:25:57] TestActivateTest::testTableMethod.INFO: PASSED [] []
[2013-06-18 18:25:57] TestActivateTest::testSetUpCourseColumns.INFO: PASSED [] []
[2013-06-18 18:25:57] TestActivateTest::testFindMethodSimple.INFO: PASSED [] []
[2013-06-18 18:25:57] TestHasManyRelationshipTest::testInstantianWithOptions.INFO: PASSED [] []
[2013-06-18 18:25:57] TestHasManyRelationshipTest::testGetMethodYieldsResults.INFO: PASSED [] []
[2013-06-18 18:25:57] TestHasManyRelationshipTest::testGetMethodWithImageAssoc.INFO: PASSED [] []
[2013-06-18 18:26:03] TestActivateTest::testInstantianThroughModel.INFO: PASSED [] []
[2013-06-18 18:26:03] TestActivateTest::testSettingAttributes.INFO: PASSED [] []
[2013-06-18 18:26:03] TestActivateTest::testMagicSetMethod.INFO: PASSED [] []
[2013-06-18 18:26:03] TestActivateTest::testMagicGetMethod.INFO: PASSED [] []
[2013-06-18 18:26:03] TestActivateTest::testSetWhereMethod.INFO: PASSED [] []
[2013-06-18 18:26:03] TestActivateTest::testSetWhereMethodChaining.INFO: PASSED [] []
[2013-06-18 18:26:03] TestActivateTest::testBuildWhereClauseMethod.INFO: PASSED [] []
[2013-06-18 18:26:03] TestActivateTest::testCleanTableMethod.INFO: PASSED [] []
[2013-06-18 18:26:03] TestActivateTest::testFullTableMethod.INFO: PASSED [] []
[2013-06-18 18:26:03] TestActivateTest::testTableMethod.INFO: PASSED [] []
[2013-06-18 18:26:03] TestActivateTest::testSetUpCourseColumns.INFO: PASSED [] []
[2013-06-18 18:26:03] TestActivateTest::testFindMethodSimple.INFO: PASSED [] []
[2013-06-18 18:26:03] TestHasManyRelationshipTest::testInstantianWithOptions.INFO: PASSED [] []
[2013-06-18 18:26:03] TestHasManyRelationshipTest::testGetMethodYieldsResults.INFO: PASSED [] []
[2013-06-18 18:26:28] TestActivateTest::testInstantianThroughModel.INFO: PASSED [] []
[2013-06-18 18:26:28] TestActivateTest::testSettingAttributes.INFO: PASSED [] []
[2013-06-18 18:26:28] TestActivateTest::testMagicSetMethod.INFO: PASSED [] []
[2013-06-18 18:26:28] TestActivateTest::testMagicGetMethod.INFO: PASSED [] []
[2013-06-18 18:26:28] TestActivateTest::testSetWhereMethod.INFO: PASSED [] []
[2013-06-18 18:26:28] TestActivateTest::testSetWhereMethodChaining.INFO: PASSED [] []
[2013-06-18 18:26:28] TestActivateTest::testBuildWhereClauseMethod.INFO: PASSED [] []
[2013-06-18 18:26:28] TestActivateTest::testCleanTableMethod.INFO: PASSED [] []
[2013-06-18 18:26:28] TestActivateTest::testFullTableMethod.INFO: PASSED [] []
[2013-06-18 18:26:28] TestActivateTest::testTableMethod.INFO: PASSED [] []
[2013-06-18 18:26:28] TestActivateTest::testSetUpCourseColumns.INFO: PASSED [] []
[2013-06-18 18:26:28] TestActivateTest::testFindMethodSimple.INFO: PASSED [] []
[2013-06-18 18:26:28] TestHasManyRelationshipTest::testInstantianWithOptions.INFO: PASSED [] []
[2013-06-18 18:28:21] TestActivateTest::testInstantianThroughModel.INFO: PASSED [] []
[2013-06-18 18:28:21] TestActivateTest::testSettingAttributes.INFO: PASSED [] []
[2013-06-18 18:28:21] TestActivateTest::testMagicSetMethod.INFO: PASSED [] []
[2013-06-18 18:28:21] TestActivateTest::testMagicGetMethod.INFO: PASSED [] []
[2013-06-18 18:28:21] TestActivateTest::testSetWhereMethod.INFO: PASSED [] []
[2013-06-18 18:28:21] TestActivateTest::testSetWhereMethodChaining.INFO: PASSED [] []
[2013-06-18 18:28:21] TestActivateTest::testBuildWhereClauseMethod.INFO: PASSED [] []
[2013-06-18 18:28:21] TestActivateTest::testCleanTableMethod.INFO: PASSED [] []
[2013-06-18 18:28:21] TestActivateTest::testFullTableMethod.INFO: PASSED [] []
[2013-06-18 18:28:21] TestActivateTest::testTableMethod.INFO: PASSED [] []
[2013-06-18 18:28:21] TestActivateTest::testSetUpCourseColumns.INFO: PASSED [] []
[2013-06-18 18:28:21] TestActivateTest::testFindMethodSimple.INFO: PASSED [] []
[2013-06-18 18:28:21] TestHasManyRelationshipTest::testInstantianWithOptions.INFO: PASSED [] []
[2013-06-18 18:29:10] TestActivateTest::testInstantianThroughModel.INFO: PASSED [] []
[2013-06-18 18:29:10] TestActivateTest::testSettingAttributes.INFO: PASSED [] []
[2013-06-18 18:29:10] TestActivateTest::testMagicSetMethod.INFO: PASSED [] []
[2013-06-18 18:29:10] TestActivateTest::testMagicGetMethod.INFO: PASSED [] []
[2013-06-18 18:29:10] TestActivateTest::testSetWhereMethod.INFO: PASSED [] []
[2013-06-18 18:29:10] TestActivateTest::testSetWhereMethodChaining.INFO: PASSED [] []
[2013-06-18 18:29:10] TestActivateTest::testBuildWhereClauseMethod.INFO: PASSED [] []
[2013-06-18 18:29:10] TestActivateTest::testCleanTableMethod.INFO: PASSED [] []
[2013-06-18 18:29:10] TestActivateTest::testFullTableMethod.INFO: PASSED [] []
[2013-06-18 18:29:10] TestActivateTest::testTableMethod.INFO: PASSED [] []
[2013-06-18 18:29:10] TestActivateTest::testSetUpCourseColumns.INFO: PASSED [] []
[2013-06-18 18:29:10] TestActivateTest::testFindMethodSimple.INFO: PASSED [] []
[2013-06-18 18:29:10] TestHasManyRelationshipTest::testInstantianWithOptions.INFO: PASSED [] []
[2013-06-18 18:29:21] TestActivateTest::testInstantianThroughModel.INFO: PASSED [] []
[2013-06-18 18:29:21] TestActivateTest::testSettingAttributes.INFO: PASSED [] []
[2013-06-18 18:29:21] TestActivateTest::testMagicSetMethod.INFO: PASSED [] []
[2013-06-18 18:29:21] TestActivateTest::testMagicGetMethod.INFO: PASSED [] []
[2013-06-18 18:29:21] TestActivateTest::testSetWhereMethod.INFO: PASSED [] []
[2013-06-18 18:29:21] TestActivateTest::testSetWhereMethodChaining.INFO: PASSED [] []
[2013-06-18 18:29:21] TestActivateTest::testBuildWhereClauseMethod.INFO: PASSED [] []
[2013-06-18 18:29:21] TestActivateTest::testCleanTableMethod.INFO: PASSED [] []
[2013-06-18 18:29:21] TestActivateTest::testFullTableMethod.INFO: PASSED [] []
[2013-06-18 18:29:21] TestActivateTest::testTableMethod.INFO: PASSED [] []
[2013-06-18 18:29:21] TestActivateTest::testSetUpCourseColumns.INFO: PASSED [] []
[2013-06-18 18:29:21] TestActivateTest::testFindMethodSimple.INFO: PASSED [] []
[2013-06-18 18:29:21] TestHasManyRelationshipTest::testInstantianWithOptions.INFO: PASSED [] []
[2013-06-18 18:29:37] TestActivateTest::testInstantianThroughModel.INFO: PASSED [] []
[2013-06-18 18:29:37] TestActivateTest::testSettingAttributes.INFO: PASSED [] []
[2013-06-18 18:29:37] TestActivateTest::testMagicSetMethod.INFO: PASSED [] []
[2013-06-18 18:29:37] TestActivateTest::testMagicGetMethod.INFO: PASSED [] []
[2013-06-18 18:29:37] TestActivateTest::testSetWhereMethod.INFO: PASSED [] []
[2013-06-18 18:29:37] TestActivateTest::testSetWhereMethodChaining.INFO: PASSED [] []
[2013-06-18 18:29:37] TestActivateTest::testBuildWhereClauseMethod.INFO: PASSED [] []
[2013-06-18 18:29:37] TestActivateTest::testCleanTableMethod.INFO: PASSED [] []
[2013-06-18 18:29:37] TestActivateTest::testFullTableMethod.INFO: PASSED [] []
[2013-06-18 18:29:37] TestActivateTest::testTableMethod.INFO: PASSED [] []
[2013-06-18 18:29:37] TestActivateTest::testSetUpCourseColumns.INFO: PASSED [] []
[2013-06-18 18:29:37] TestActivateTest::testFindMethodSimple.INFO: PASSED [] []
[2013-06-18 18:29:37] TestHasManyRelationshipTest::testInstantianWithOptions.INFO: PASSED [] []
[2013-06-18 18:30:02] TestActivateTest::testInstantianThroughModel.INFO: PASSED [] []
[2013-06-18 18:30:02] TestActivateTest::testSettingAttributes.INFO: PASSED [] []
[2013-06-18 18:30:02] TestActivateTest::testMagicSetMethod.INFO: PASSED [] []
[2013-06-18 18:30:02] TestActivateTest::testMagicGetMethod.INFO: PASSED [] []
[2013-06-18 18:30:02] TestActivateTest::testSetWhereMethod.INFO: PASSED [] []
[2013-06-18 18:30:02] TestActivateTest::testSetWhereMethodChaining.INFO: PASSED [] []
[2013-06-18 18:30:02] TestActivateTest::testBuildWhereClauseMethod.INFO: PASSED [] []
[2013-06-18 18:30:02] TestActivateTest::testCleanTableMethod.INFO: PASSED [] []
[2013-06-18 18:30:02] TestActivateTest::testFullTableMethod.INFO: PASSED [] []
[2013-06-18 18:30:02] TestActivateTest::testTableMethod.INFO: PASSED [] []
[2013-06-18 18:30:02] TestActivateTest::testSetUpCourseColumns.INFO: PASSED [] []
[2013-06-18 18:30:02] TestActivateTest::testFindMethodSimple.INFO: PASSED [] []
[2013-06-18 18:30:02] TestHasManyRelationshipTest::testInstantianWithOptions.INFO: PASSED [] []
[2013-06-18 18:31:24] TestActivateTest::testInstantianThroughModel.INFO: PASSED [] []
[2013-06-18 18:31:24] TestActivateTest::testSettingAttributes.INFO: PASSED [] []
[2013-06-18 18:31:24] TestActivateTest::testMagicSetMethod.INFO: PASSED [] []
[2013-06-18 18:31:24] TestActivateTest::testMagicGetMethod.INFO: PASSED [] []
[2013-06-18 18:31:24] TestActivateTest::testSetWhereMethod.INFO: PASSED [] []
[2013-06-18 18:31:24] TestActivateTest::testSetWhereMethodChaining.INFO: PASSED [] []
[2013-06-18 18:31:24] TestActivateTest::testBuildWhereClauseMethod.INFO: PASSED [] []
[2013-06-18 18:31:24] TestActivateTest::testCleanTableMethod.INFO: PASSED [] []
[2013-06-18 18:31:24] TestActivateTest::testFullTableMethod.INFO: PASSED [] []
[2013-06-18 18:31:24] TestActivateTest::testTableMethod.INFO: PASSED [] []
[2013-06-18 18:31:24] TestActivateTest::testSetUpCourseColumns.INFO: PASSED [] []
[2013-06-18 18:31:24] TestActivateTest::testFindMethodSimple.INFO: PASSED [] []
[2013-06-18 18:31:24] TestHasManyRelationshipTest::testInstantianWithOptions.INFO: PASSED [] []
[2013-06-18 18:32:54] TestActivateTest::testInstantianThroughModel.INFO: PASSED [] []
[2013-06-18 18:32:54] TestActivateTest::testSettingAttributes.INFO: PASSED [] []
[2013-06-18 18:32:54] TestActivateTest::testMagicSetMethod.INFO: PASSED [] []
[2013-06-18 18:32:54] TestActivateTest::testMagicGetMethod.INFO: PASSED [] []
[2013-06-18 18:32:54] TestActivateTest::testSetWhereMethod.INFO: PASSED [] []
[2013-06-18 18:32:54] TestActivateTest::testSetWhereMethodChaining.INFO: PASSED [] []
[2013-06-18 18:32:54] TestActivateTest::testBuildWhereClauseMethod.INFO: PASSED [] []
[2013-06-18 18:32:54] TestActivateTest::testCleanTableMethod.INFO: PASSED [] []
[2013-06-18 18:32:54] TestActivateTest::testFullTableMethod.INFO: PASSED [] []
[2013-06-18 18:32:54] TestActivateTest::testTableMethod.INFO: PASSED [] []
[2013-06-18 18:32:54] TestActivateTest::testSetUpCourseColumns.INFO: PASSED [] []
[2013-06-18 18:32:54] TestActivateTest::testFindMethodSimple.INFO: PASSED [] []
[2013-06-18 18:32:54] TestHasManyRelationshipTest::testInstantianWithOptions.INFO: PASSED [] []
[2013-06-18 18:34:50] TestActivateTest::testInstantianThroughModel.INFO: PASSED [] []
[2013-06-18 18:34:50] TestActivateTest::testSettingAttributes.INFO: PASSED [] []
[2013-06-18 18:34:50] TestActivateTest::testMagicSetMethod.INFO: PASSED [] []
[2013-06-18 18:34:50] TestActivateTest::testMagicGetMethod.INFO: PASSED [] []
[2013-06-18 18:34:51] TestActivateTest::testSetWhereMethod.INFO: PASSED [] []
[2013-06-18 18:34:51] TestActivateTest::testSetWhereMethodChaining.INFO: PASSED [] []
[2013-06-18 18:34:51] TestActivateTest::testBuildWhereClauseMethod.INFO: PASSED [] []
[2013-06-18 18:34:51] TestActivateTest::testCleanTableMethod.INFO: PASSED [] []
[2013-06-18 18:34:51] TestActivateTest::testFullTableMethod.INFO: PASSED [] []
[2013-06-18 18:34:51] TestActivateTest::testTableMethod.INFO: PASSED [] []
[2013-06-18 18:34:51] TestActivateTest::testSetUpCourseColumns.INFO: PASSED [] []
[2013-06-18 18:34:51] TestActivateTest::testFindMethodSimple.INFO: PASSED [] []
[2013-06-18 18:34:51] TestHasManyRelationshipTest::testInstantianWithOptions.INFO: PASSED [] []
[2013-06-18 18:34:51] TestHasManyRelationshipTest::testGetMethodWithImageAssoc.INFO: PASSED [] []
[2013-06-18 18:34:51] TestHasManyRelationshipTest::testGetMethodYieldsResults.INFO: PASSED [] []
[2013-06-18 18:35:01] TestActivateTest::testInstantianThroughModel.INFO: PASSED [] []
[2013-06-18 18:35:01] TestActivateTest::testSettingAttributes.INFO: PASSED [] []
[2013-06-18 18:35:01] TestActivateTest::testMagicSetMethod.INFO: PASSED [] []
[2013-06-18 18:35:01] TestActivateTest::testMagicGetMethod.INFO: PASSED [] []
[2013-06-18 18:35:01] TestActivateTest::testSetWhereMethod.INFO: PASSED [] []
[2013-06-18 18:35:01] TestActivateTest::testSetWhereMethodChaining.INFO: PASSED [] []
[2013-06-18 18:35:01] TestActivateTest::testBuildWhereClauseMethod.INFO: PASSED [] []
[2013-06-18 18:35:01] TestActivateTest::testCleanTableMethod.INFO: PASSED [] []
[2013-06-18 18:35:01] TestActivateTest::testFullTableMethod.INFO: PASSED [] []
[2013-06-18 18:35:01] TestActivateTest::testTableMethod.INFO: PASSED [] []
[2013-06-18 18:35:01] TestActivateTest::testSetUpCourseColumns.INFO: PASSED [] []
[2013-06-18 18:35:01] TestActivateTest::testFindMethodSimple.INFO: PASSED [] []
[2013-06-18 18:35:01] TestHasManyRelationshipTest::testInstantianWithOptions.INFO: PASSED [] []
[2013-06-18 18:35:33] TestActivateTest::testInstantianThroughModel.INFO: PASSED [] []
[2013-06-18 18:35:33] TestActivateTest::testSettingAttributes.INFO: PASSED [] []
[2013-06-18 18:35:33] TestActivateTest::testMagicSetMethod.INFO: PASSED [] []
[2013-06-18 18:35:33] TestActivateTest::testMagicGetMethod.INFO: PASSED [] []
[2013-06-18 18:35:33] TestActivateTest::testSetWhereMethod.INFO: PASSED [] []
[2013-06-18 18:35:33] TestActivateTest::testSetWhereMethodChaining.INFO: PASSED [] []
[2013-06-18 18:35:33] TestActivateTest::testBuildWhereClauseMethod.INFO: PASSED [] []
[2013-06-18 18:35:33] TestActivateTest::testCleanTableMethod.INFO: PASSED [] []
[2013-06-18 18:35:33] TestActivateTest::testFullTableMethod.INFO: PASSED [] []
[2013-06-18 18:35:33] TestActivateTest::testTableMethod.INFO: PASSED [] []
[2013-06-18 18:35:33] TestActivateTest::testSetUpCourseColumns.INFO: PASSED [] []
[2013-06-18 18:35:33] TestActivateTest::testFindMethodSimple.INFO: PASSED [] []
[2013-06-18 18:35:33] TestHasManyRelationshipTest::testInstantianWithOptions.INFO: PASSED [] []
[2013-06-18 18:35:33] TestHasManyRelationshipTest::testGetMethodWithImageAssoc.INFO: PASSED [] []
[2013-06-18 18:35:33] TestHasManyRelationshipTest::testGetMethodYieldsResults.INFO: PASSED [] []
[2013-06-18 18:45:36] TestActivateTest::testInstantianThroughModel.INFO: PASSED [] []
[2013-06-18 18:45:36] TestActivateTest::testSettingAttributes.INFO: PASSED [] []
[2013-06-18 18:45:36] TestActivateTest::testMagicSetMethod.INFO: PASSED [] []
[2013-06-18 18:45:36] TestActivateTest::testMagicGetMethod.INFO: PASSED [] []
[2013-06-18 18:45:36] TestActivateTest::testSetWhereMethod.INFO: PASSED [] []
[2013-06-18 18:45:36] TestActivateTest::testSetWhereMethodChaining.INFO: PASSED [] []
[2013-06-18 18:45:36] TestActivateTest::testBuildWhereClauseMethod.INFO: PASSED [] []
[2013-06-18 18:45:36] TestActivateTest::testCleanTableMethod.INFO: PASSED [] []
[2013-06-18 18:45:36] TestActivateTest::testFullTableMethod.INFO: PASSED [] []
[2013-06-18 18:45:36] TestActivateTest::testTableMethod.INFO: PASSED [] []
[2013-06-18 18:45:36] TestActivateTest::testSetUpCourseColumns.INFO: PASSED [] []
[2013-06-18 18:45:36] TestActivateTest::testFindMethodSimple.INFO: PASSED [] []
[2013-06-18 18:45:36] TestHasManyRelationshipTest::testInstantianWithOptions.INFO: PASSED [] []
[2013-06-18 18:45:36] TestHasManyRelationshipTest::testGetMethodWithImageAssoc.INFO: PASSED [] []
[2013-06-18 18:45:36] TestHasManyRelationshipTest::testGetMethodYieldsResults.INFO: PASSED [] []
[2013-06-18 18:48:28] TestActivateTest::testInstantianThroughModel.INFO: PASSED [] []
[2013-06-18 18:48:28] TestActivateTest::testSettingAttributes.INFO: PASSED [] []
[2013-06-18 18:48:28] TestActivateTest::testMagicSetMethod.INFO: PASSED [] []
[2013-06-18 18:48:28] TestActivateTest::testMagicGetMethod.INFO: PASSED [] []
[2013-06-18 18:48:28] TestActivateTest::testSetWhereMethod.INFO: PASSED [] []
[2013-06-18 18:48:28] TestActivateTest::testSetWhereMethodChaining.INFO: PASSED [] []
[2013-06-18 18:48:28] TestActivateTest::testBuildWhereClauseMethod.INFO: PASSED [] []
[2013-06-18 18:48:28] TestActivateTest::testCleanTableMethod.INFO: PASSED [] []
[2013-06-18 18:48:28] TestActivateTest::testFullTableMethod.INFO: PASSED [] []
[2013-06-18 18:48:28] TestActivateTest::testTableMethod.INFO: PASSED [] []
[2013-06-18 18:48:28] TestActivateTest::testSetUpCourseColumns.INFO: PASSED [] []
[2013-06-18 18:48:28] TestActivateTest::testFindMethodSimple.INFO: PASSED [] []
[2013-06-18 18:48:28] TestHasManyRelationshipTest::testInstantianWithOptions.INFO: PASSED [] []
[2013-06-18 18:48:28] TestHasManyRelationshipTest::testGetMethodWithImageAssoc.INFO: PASSED [] []
[2013-06-18 18:48:28] TestHasManyRelationshipTest::testGetMethodYieldsResults.INFO: PASSED [] []
[2013-06-18 18:54:18] TestActivateTest::testInstantianThroughModel.INFO: PASSED [] []
[2013-06-18 18:54:18] TestActivateTest::testSettingAttributes.INFO: PASSED [] []
[2013-06-18 18:54:18] TestActivateTest::testMagicSetMethod.INFO: PASSED [] []
[2013-06-18 18:54:18] TestActivateTest::testMagicGetMethod.INFO: PASSED [] []
[2013-06-18 18:54:18] TestActivateTest::testSetWhereMethod.INFO: PASSED [] []
[2013-06-18 18:54:18] TestActivateTest::testSetWhereMethodChaining.INFO: PASSED [] []
[2013-06-18 18:54:18] TestActivateTest::testBuildWhereClauseMethod.INFO: PASSED [] []
[2013-06-18 18:54:18] TestActivateTest::testCleanTableMethod.INFO: PASSED [] []
[2013-06-18 18:54:19] TestActivateTest::testFullTableMethod.INFO: PASSED [] []
[2013-06-18 18:54:19] TestActivateTest::testTableMethod.INFO: PASSED [] []
[2013-06-18 18:54:19] TestActivateTest::testSetUpCourseColumns.INFO: PASSED [] []
[2013-06-18 18:54:19] TestActivateTest::testFindMethodSimple.INFO: PASSED [] []
[2013-06-18 18:54:19] TestHasManyRelationshipTest::testInstantianWithOptions.INFO: PASSED [] []
[2013-06-18 18:54:19] TestHasManyRelationshipTest::testGetMethodWithImageAssoc.INFO: PASSED [] []
[2013-06-18 18:54:19] TestHasManyRelationshipTest::testGetMethodYieldsResults.INFO: PASSED [] []
[2013-06-18 18:58:12] TestActivateTest::testInstantianThroughModel.INFO: PASSED [] []
[2013-06-18 18:58:12] TestActivateTest::testSettingAttributes.INFO: PASSED [] []
[2013-06-18 18:58:12] TestActivateTest::testMagicSetMethod.INFO: PASSED [] []
[2013-06-18 18:58:12] TestActivateTest::testMagicGetMethod.INFO: PASSED [] []
[2013-06-18 18:58:12] TestActivateTest::testSetWhereMethod.INFO: PASSED [] []
[2013-06-18 18:58:12] TestActivateTest::testSetWhereMethodChaining.INFO: PASSED [] []
[2013-06-18 18:58:12] TestActivateTest::testBuildWhereClauseMethod.INFO: PASSED [] []
[2013-06-18 18:58:12] TestActivateTest::testCleanTableMethod.INFO: PASSED [] []
[2013-06-18 18:58:12] TestActivateTest::testFullTableMethod.INFO: PASSED [] []
[2013-06-18 18:58:12] TestActivateTest::testTableMethod.INFO: PASSED [] []
[2013-06-18 18:58:12] TestActivateTest::testSetUpCourseColumns.INFO: PASSED [] []
[2013-06-18 18:58:12] TestActivateTest::testFindMethodSimple.INFO: PASSED [] []
[2013-06-18 18:58:12] TestHasManyRelationshipTest::testInstantianWithOptions.INFO: PASSED [] []
[2013-06-18 18:58:12] TestHasManyRelationshipTest::testGetMethodWithImageAssoc.INFO: PASSED [] []
[2013-06-18 18:58:12] TestHasManyRelationshipTest::testGetMethodYieldsResults.INFO: PASSED [] []
